<?xml version='1.0' encoding='UTF-8'?>
<result plugin="junit@1.20">
  <suites>
    <suite>
      <file>/var/lib/jenkins/workspace/itrust/iTrust/target/surefire-reports/TEST-edu.ncsu.csc.itrust.logger.TransactionLoggerTest.xml</file>
      <name>edu.ncsu.csc.itrust.logger.TransactionLoggerTest</name>
      <duration>0.487</duration>
      <time>0.487</time>
      <cases>
        <case>
          <duration>0.459</duration>
          <className>edu.ncsu.csc.itrust.logger.TransactionLoggerTest</className>
          <testName>testLogTransaction</testName>
          <skipped>false</skipped>
          <failedSince>0</failedSince>
        </case>
        <case>
          <duration>0.001</duration>
          <className>edu.ncsu.csc.itrust.logger.TransactionLoggerTest</className>
          <testName>testGetInstance</testName>
          <skipped>false</skipped>
          <failedSince>0</failedSince>
        </case>
      </cases>
    </suite>
    <suite>
      <file>/var/lib/jenkins/workspace/itrust/iTrust/target/surefire-reports/TEST-edu.ncsu.csc.itrust.model.labtechnician.LabTechnicianControllerTest.xml</file>
      <name>edu.ncsu.csc.itrust.model.labtechnician.LabTechnicianControllerTest</name>
      <duration>0.164</duration>
      <time>0.164</time>
      <cases>
        <case>
          <duration>0.164</duration>
          <className>edu.ncsu.csc.itrust.model.labtechnician.LabTechnicianControllerTest</className>
          <testName>testGetLabTechnicianStatusMID</testName>
          <skipped>false</skipped>
          <failedSince>0</failedSince>
        </case>
      </cases>
    </suite>
    <suite>
      <file>/var/lib/jenkins/workspace/itrust/iTrust/target/surefire-reports/TEST-edu.ncsu.csc.itrust.unit.BeanBuilderTest.xml</file>
      <name>edu.ncsu.csc.itrust.unit.BeanBuilderTest</name>
      <duration>0.042</duration>
      <time>0.042</time>
      <cases>
        <case>
          <duration>0.026</duration>
          <className>edu.ncsu.csc.itrust.unit.BeanBuilderTest</className>
          <testName>testEmptyPatientDateOfBirth</testName>
          <skipped>false</skipped>
          <failedSince>0</failedSince>
        </case>
        <case>
          <duration>0.0</duration>
          <className>edu.ncsu.csc.itrust.unit.BeanBuilderTest</className>
          <testName>testOkayBean1</testName>
          <skipped>false</skipped>
          <failedSince>0</failedSince>
        </case>
        <case>
          <duration>0.001</duration>
          <className>edu.ncsu.csc.itrust.unit.BeanBuilderTest</className>
          <testName>testNotOverloaded</testName>
          <skipped>false</skipped>
          <failedSince>0</failedSince>
        </case>
        <case>
          <duration>0.001</duration>
          <className>edu.ncsu.csc.itrust.unit.BeanBuilderTest</className>
          <testName>testEqualsOkayToBeOverloaded</testName>
          <skipped>false</skipped>
          <failedSince>0</failedSince>
        </case>
        <case>
          <duration>0.005</duration>
          <className>edu.ncsu.csc.itrust.unit.BeanBuilderTest</className>
          <testName>testOverloadedConstructor</testName>
          <skipped>false</skipped>
          <failedSince>0</failedSince>
        </case>
        <case>
          <duration>0.001</duration>
          <className>edu.ncsu.csc.itrust.unit.BeanBuilderTest</className>
          <testName>testPartialPatient</testName>
          <skipped>false</skipped>
          <failedSince>0</failedSince>
        </case>
      </cases>
    </suite>
    <suite>
      <file>/var/lib/jenkins/workspace/itrust/iTrust/target/surefire-reports/TEST-edu.ncsu.csc.itrust.unit.CSVParserTest.xml</file>
      <name>edu.ncsu.csc.itrust.unit.CSVParserTest</name>
      <duration>0.003</duration>
      <time>0.003</time>
      <cases>
        <case>
          <duration>0.0</duration>
          <className>edu.ncsu.csc.itrust.unit.CSVParserTest</className>
          <testName>testWrongNumberFields</testName>
          <skipped>false</skipped>
          <failedSince>0</failedSince>
        </case>
        <case>
          <duration>0.0</duration>
          <className>edu.ncsu.csc.itrust.unit.CSVParserTest</className>
          <testName>testCSVParseData</testName>
          <skipped>false</skipped>
          <failedSince>0</failedSince>
        </case>
        <case>
          <duration>0.0</duration>
          <className>edu.ncsu.csc.itrust.unit.CSVParserTest</className>
          <testName>testCSVCommaInField</testName>
          <skipped>false</skipped>
          <failedSince>0</failedSince>
        </case>
        <case>
          <duration>0.0</duration>
          <className>edu.ncsu.csc.itrust.unit.CSVParserTest</className>
          <testName>testCSVParseHeader</testName>
          <skipped>false</skipped>
          <failedSince>0</failedSince>
        </case>
        <case>
          <duration>0.001</duration>
          <className>edu.ncsu.csc.itrust.unit.CSVParserTest</className>
          <testName>testCSVEndsWhileInQuote</testName>
          <skipped>false</skipped>
          <failedSince>0</failedSince>
        </case>
        <case>
          <duration>0.0</duration>
          <className>edu.ncsu.csc.itrust.unit.CSVParserTest</className>
          <testName>testEmptyCSV</testName>
          <skipped>false</skipped>
          <failedSince>0</failedSince>
        </case>
      </cases>
    </suite>
    <suite>
      <file>/var/lib/jenkins/workspace/itrust/iTrust/target/surefire-reports/TEST-edu.ncsu.csc.itrust.unit.DateUtilTest.xml</file>
      <name>edu.ncsu.csc.itrust.unit.DateUtilTest</name>
      <duration>0.004</duration>
      <time>0.004</time>
      <cases>
        <case>
          <duration>0.0</duration>
          <className>edu.ncsu.csc.itrust.unit.DateUtilTest</className>
          <testName>testYearsAgo</testName>
          <skipped>false</skipped>
          <failedSince>0</failedSince>
        </case>
        <case>
          <duration>0.0</duration>
          <className>edu.ncsu.csc.itrust.unit.DateUtilTest</className>
          <testName>testSetSQLMonthRange0</testName>
          <skipped>false</skipped>
          <failedSince>0</failedSince>
        </case>
        <case>
          <duration>0.001</duration>
          <className>edu.ncsu.csc.itrust.unit.DateUtilTest</className>
          <testName>testSetSQLMonthRange1</testName>
          <skipped>false</skipped>
          <failedSince>0</failedSince>
        </case>
        <case>
          <duration>0.001</duration>
          <className>edu.ncsu.csc.itrust.unit.DateUtilTest</className>
          <testName>testYearsFromNow</testName>
          <skipped>false</skipped>
          <failedSince>0</failedSince>
        </case>
      </cases>
    </suite>
    <suite>
      <file>/var/lib/jenkins/workspace/itrust/iTrust/target/surefire-reports/TEST-edu.ncsu.csc.itrust.unit.EmailUtilTest.xml</file>
      <name>edu.ncsu.csc.itrust.unit.EmailUtilTest</name>
      <duration>0.001</duration>
      <time>0.001</time>
      <cases>
        <case>
          <duration>0.0</duration>
          <className>edu.ncsu.csc.itrust.unit.EmailUtilTest</className>
          <testName>testSendEmail</testName>
          <skipped>false</skipped>
          <failedSince>0</failedSince>
        </case>
      </cases>
    </suite>
    <suite>
      <file>/var/lib/jenkins/workspace/itrust/iTrust/target/surefire-reports/TEST-edu.ncsu.csc.itrust.unit.ErrorListTest.xml</file>
      <name>edu.ncsu.csc.itrust.unit.ErrorListTest</name>
      <duration>0.0</duration>
      <time>0</time>
      <cases>
        <case>
          <duration>0.0</duration>
          <className>edu.ncsu.csc.itrust.unit.ErrorListTest</className>
          <testName>testToString</testName>
          <skipped>false</skipped>
          <failedSince>0</failedSince>
        </case>
      </cases>
    </suite>
    <suite>
      <file>/var/lib/jenkins/workspace/itrust/iTrust/target/surefire-reports/TEST-edu.ncsu.csc.itrust.unit.HtmlEncoderTest.xml</file>
      <name>edu.ncsu.csc.itrust.unit.HtmlEncoderTest</name>
      <duration>0.001</duration>
      <time>0.001</time>
      <cases>
        <case>
          <duration>0.0</duration>
          <className>edu.ncsu.csc.itrust.unit.HtmlEncoderTest</className>
          <testName>testOffSite</testName>
          <skipped>false</skipped>
          <failedSince>0</failedSince>
        </case>
        <case>
          <duration>0.001</duration>
          <className>edu.ncsu.csc.itrust.unit.HtmlEncoderTest</className>
          <testName>testEscapeCharacters</testName>
          <skipped>false</skipped>
          <failedSince>0</failedSince>
        </case>
      </cases>
    </suite>
    <suite>
      <file>/var/lib/jenkins/workspace/itrust/iTrust/target/surefire-reports/TEST-edu.ncsu.csc.itrust.unit.LocalizationTest.xml</file>
      <name>edu.ncsu.csc.itrust.unit.LocalizationTest</name>
      <duration>0.0</duration>
      <time>0</time>
      <cases>
        <case>
          <duration>0.0</duration>
          <className>edu.ncsu.csc.itrust.unit.LocalizationTest</className>
          <testName>testLocalization</testName>
          <skipped>false</skipped>
          <failedSince>0</failedSince>
        </case>
      </cases>
    </suite>
    <suite>
      <file>/var/lib/jenkins/workspace/itrust/iTrust/target/surefire-reports/TEST-edu.ncsu.csc.itrust.unit.MessagesTest.xml</file>
      <name>edu.ncsu.csc.itrust.unit.MessagesTest</name>
      <duration>0.013</duration>
      <time>0.013</time>
      <cases>
        <case>
          <duration>0.003</duration>
          <className>edu.ncsu.csc.itrust.unit.MessagesTest</className>
          <testName>testGetString</testName>
          <skipped>false</skipped>
          <failedSince>0</failedSince>
        </case>
      </cases>
    </suite>
    <suite>
      <file>/var/lib/jenkins/workspace/itrust/iTrust/target/surefire-reports/TEST-edu.ncsu.csc.itrust.unit.ParameterUtilTest.xml</file>
      <name>edu.ncsu.csc.itrust.unit.ParameterUtilTest</name>
      <duration>0.007</duration>
      <time>0.007</time>
      <cases>
        <case>
          <duration>0.002</duration>
          <className>edu.ncsu.csc.itrust.unit.ParameterUtilTest</className>
          <testName>testConvertMap</testName>
          <skipped>false</skipped>
          <failedSince>0</failedSince>
        </case>
      </cases>
    </suite>
    <suite>
      <file>/var/lib/jenkins/workspace/itrust/iTrust/target/surefire-reports/TEST-edu.ncsu.csc.itrust.unit.XmlGeneratorTest.xml</file>
      <name>edu.ncsu.csc.itrust.unit.XmlGeneratorTest</name>
      <duration>0.003</duration>
      <time>0.003</time>
      <cases>
        <case>
          <duration>0.001</duration>
          <className>edu.ncsu.csc.itrust.unit.XmlGeneratorTest</className>
          <testName>testXmlEmpty</testName>
          <skipped>false</skipped>
          <failedSince>0</failedSince>
        </case>
        <case>
          <duration>0.001</duration>
          <className>edu.ncsu.csc.itrust.unit.XmlGeneratorTest</className>
          <testName>testtwoPatient</testName>
          <skipped>false</skipped>
          <failedSince>0</failedSince>
        </case>
      </cases>
    </suite>
    <suite>
      <file>/var/lib/jenkins/workspace/itrust/iTrust/target/surefire-reports/TEST-edu.ncsu.csc.itrust.unit.action.ActivityFeedActionTest.xml</file>
      <name>edu.ncsu.csc.itrust.unit.action.ActivityFeedActionTest</name>
      <duration>0.295</duration>
      <time>0.295</time>
      <cases>
        <case>
          <duration>0.071</duration>
          <className>edu.ncsu.csc.itrust.unit.action.ActivityFeedActionTest</className>
          <testName>testGetTransactions</testName>
          <skipped>false</skipped>
          <failedSince>0</failedSince>
        </case>
        <case>
          <duration>0.146</duration>
          <className>edu.ncsu.csc.itrust.unit.action.ActivityFeedActionTest</className>
          <testName>testHiddenActivityFromDLHCP</testName>
          <skipped>false</skipped>
          <failedSince>0</failedSince>
        </case>
        <case>
          <duration>0.077</duration>
          <className>edu.ncsu.csc.itrust.unit.action.ActivityFeedActionTest</className>
          <testName>testGetMessageAsSentence</testName>
          <skipped>false</skipped>
          <failedSince>0</failedSince>
        </case>
      </cases>
    </suite>
    <suite>
      <file>/var/lib/jenkins/workspace/itrust/iTrust/target/surefire-reports/TEST-edu.ncsu.csc.itrust.unit.action.AddApptActionTest.xml</file>
      <name>edu.ncsu.csc.itrust.unit.action.AddApptActionTest</name>
      <duration>0.793</duration>
      <time>0.793</time>
      <cases>
        <case>
          <duration>0.281</duration>
          <className>edu.ncsu.csc.itrust.unit.action.AddApptActionTest</className>
          <testName>testGetName2</testName>
          <skipped>false</skipped>
          <errorStackTrace>edu.ncsu.csc.itrust.exception.ITrustException: User does not exist
	at edu.ncsu.csc.itrust.unit.action.AddApptActionTest.testGetName2(AddApptActionTest.java:65)
</errorStackTrace>
          <errorDetails>User does not exist</errorDetails>
          <failedSince>7</failedSince>
        </case>
        <case>
          <duration>0.17</duration>
          <className>edu.ncsu.csc.itrust.unit.action.AddApptActionTest</className>
          <testName>testAddAppt</testName>
          <skipped>false</skipped>
          <failedSince>0</failedSince>
        </case>
        <case>
          <duration>0.073</duration>
          <className>edu.ncsu.csc.itrust.unit.action.AddApptActionTest</className>
          <testName>testAddAppt2</testName>
          <skipped>false</skipped>
          <failedSince>0</failedSince>
        </case>
        <case>
          <duration>0.07</duration>
          <className>edu.ncsu.csc.itrust.unit.action.AddApptActionTest</className>
          <testName>testGetName</testName>
          <skipped>false</skipped>
          <errorStackTrace>edu.ncsu.csc.itrust.exception.ITrustException: User does not exist
	at edu.ncsu.csc.itrust.unit.action.AddApptActionTest.testGetName(AddApptActionTest.java:61)
</errorStackTrace>
          <errorDetails>User does not exist</errorDetails>
          <failedSince>7</failedSince>
        </case>
        <case>
          <duration>0.094</duration>
          <className>edu.ncsu.csc.itrust.unit.action.AddApptActionTest</className>
          <testName>testAddConflicts</testName>
          <skipped>false</skipped>
          <failedSince>0</failedSince>
        </case>
        <case>
          <duration>0.102</duration>
          <className>edu.ncsu.csc.itrust.unit.action.AddApptActionTest</className>
          <testName>testGetConflicts</testName>
          <skipped>false</skipped>
          <errorStackTrace>junit.framework.AssertionFailedError: expected:&lt;2&gt; but was:&lt;0&gt;
	at edu.ncsu.csc.itrust.unit.action.AddApptActionTest.testGetConflicts(AddApptActionTest.java:119)
</errorStackTrace>
          <errorDetails>expected:&lt;2&gt; but was:&lt;0&gt;</errorDetails>
          <stderr>edu.ncsu.csc.itrust.exception.DBException: A database exception has occurred. Please see the log in the console for stacktrace
	at edu.ncsu.csc.itrust.model.old.dao.mysql.TransactionDAO.logTransaction(TransactionDAO.java:99)
	at edu.ncsu.csc.itrust.logger.TransactionLogger.logTransaction(TransactionLogger.java:40)
	at edu.ncsu.csc.itrust.action.AddApptAction.addAppt(AddApptAction.java:37)
	at edu.ncsu.csc.itrust.unit.action.AddApptActionTest.testGetConflicts(AddApptActionTest.java:115)
	at sun.reflect.NativeMethodAccessorImpl.invoke0(Native Method)
	at sun.reflect.NativeMethodAccessorImpl.invoke(NativeMethodAccessorImpl.java:62)
	at sun.reflect.DelegatingMethodAccessorImpl.invoke(DelegatingMethodAccessorImpl.java:43)
	at java.lang.reflect.Method.invoke(Method.java:498)
	at junit.framework.TestCase.runTest(TestCase.java:176)
	at junit.framework.TestCase.runBare(TestCase.java:141)
	at junit.framework.TestResult$1.protect(TestResult.java:122)
	at junit.framework.TestResult.runProtected(TestResult.java:142)
	at junit.framework.TestResult.run(TestResult.java:125)
	at junit.framework.TestCase.run(TestCase.java:129)
	at junit.framework.TestSuite.runTest(TestSuite.java:252)
	at junit.framework.TestSuite.run(TestSuite.java:247)
	at org.junit.internal.runners.JUnit38ClassRunner.run(JUnit38ClassRunner.java:86)
	at org.apache.maven.surefire.junit4.JUnit4Provider.execute(JUnit4Provider.java:344)
	at org.apache.maven.surefire.junit4.JUnit4Provider.executeWithRerun(JUnit4Provider.java:269)
	at org.apache.maven.surefire.junit4.JUnit4Provider.executeTestSet(JUnit4Provider.java:240)
	at org.apache.maven.surefire.junit4.JUnit4Provider.invoke(JUnit4Provider.java:184)
	at org.apache.maven.surefire.booter.ForkedBooter.invokeProviderInSameClassLoader(ForkedBooter.java:286)
	at org.apache.maven.surefire.booter.ForkedBooter.runSuitesInProcess(ForkedBooter.java:240)
	at org.apache.maven.surefire.booter.ForkedBooter.main(ForkedBooter.java:121)
edu.ncsu.csc.itrust.exception.DBException: A database exception has occurred. Please see the log in the console for stacktrace
	at edu.ncsu.csc.itrust.model.old.dao.mysql.TransactionDAO.logTransaction(TransactionDAO.java:99)
	at edu.ncsu.csc.itrust.logger.TransactionLogger.logTransaction(TransactionLogger.java:40)
	at edu.ncsu.csc.itrust.action.AddApptAction.addAppt(AddApptAction.java:39)
	at edu.ncsu.csc.itrust.unit.action.AddApptActionTest.testGetConflicts(AddApptActionTest.java:115)
	at sun.reflect.NativeMethodAccessorImpl.invoke0(Native Method)
	at sun.reflect.NativeMethodAccessorImpl.invoke(NativeMethodAccessorImpl.java:62)
	at sun.reflect.DelegatingMethodAccessorImpl.invoke(DelegatingMethodAccessorImpl.java:43)
	at java.lang.reflect.Method.invoke(Method.java:498)
	at junit.framework.TestCase.runTest(TestCase.java:176)
	at junit.framework.TestCase.runBare(TestCase.java:141)
	at junit.framework.TestResult$1.protect(TestResult.java:122)
	at junit.framework.TestResult.runProtected(TestResult.java:142)
	at junit.framework.TestResult.run(TestResult.java:125)
	at junit.framework.TestCase.run(TestCase.java:129)
	at junit.framework.TestSuite.runTest(TestSuite.java:252)
	at junit.framework.TestSuite.run(TestSuite.java:247)
	at org.junit.internal.runners.JUnit38ClassRunner.run(JUnit38ClassRunner.java:86)
	at org.apache.maven.surefire.junit4.JUnit4Provider.execute(JUnit4Provider.java:344)
	at org.apache.maven.surefire.junit4.JUnit4Provider.executeWithRerun(JUnit4Provider.java:269)
	at org.apache.maven.surefire.junit4.JUnit4Provider.executeTestSet(JUnit4Provider.java:240)
	at org.apache.maven.surefire.junit4.JUnit4Provider.invoke(JUnit4Provider.java:184)
	at org.apache.maven.surefire.booter.ForkedBooter.invokeProviderInSameClassLoader(ForkedBooter.java:286)
	at org.apache.maven.surefire.booter.ForkedBooter.runSuitesInProcess(ForkedBooter.java:240)
	at org.apache.maven.surefire.booter.ForkedBooter.main(ForkedBooter.java:121)
edu.ncsu.csc.itrust.exception.DBException: A database exception has occurred. Please see the log in the console for stacktrace
	at edu.ncsu.csc.itrust.model.old.dao.mysql.TransactionDAO.logTransaction(TransactionDAO.java:99)
	at edu.ncsu.csc.itrust.logger.TransactionLogger.logTransaction(TransactionLogger.java:40)
	at edu.ncsu.csc.itrust.action.AddApptAction.addAppt(AddApptAction.java:37)
	at edu.ncsu.csc.itrust.unit.action.AddApptActionTest.testGetConflicts(AddApptActionTest.java:116)
	at sun.reflect.NativeMethodAccessorImpl.invoke0(Native Method)
	at sun.reflect.NativeMethodAccessorImpl.invoke(NativeMethodAccessorImpl.java:62)
	at sun.reflect.DelegatingMethodAccessorImpl.invoke(DelegatingMethodAccessorImpl.java:43)
	at java.lang.reflect.Method.invoke(Method.java:498)
	at junit.framework.TestCase.runTest(TestCase.java:176)
	at junit.framework.TestCase.runBare(TestCase.java:141)
	at junit.framework.TestResult$1.protect(TestResult.java:122)
	at junit.framework.TestResult.runProtected(TestResult.java:142)
	at junit.framework.TestResult.run(TestResult.java:125)
	at junit.framework.TestCase.run(TestCase.java:129)
	at junit.framework.TestSuite.runTest(TestSuite.java:252)
	at junit.framework.TestSuite.run(TestSuite.java:247)
	at org.junit.internal.runners.JUnit38ClassRunner.run(JUnit38ClassRunner.java:86)
	at org.apache.maven.surefire.junit4.JUnit4Provider.execute(JUnit4Provider.java:344)
	at org.apache.maven.surefire.junit4.JUnit4Provider.executeWithRerun(JUnit4Provider.java:269)
	at org.apache.maven.surefire.junit4.JUnit4Provider.executeTestSet(JUnit4Provider.java:240)
	at org.apache.maven.surefire.junit4.JUnit4Provider.invoke(JUnit4Provider.java:184)
	at org.apache.maven.surefire.booter.ForkedBooter.invokeProviderInSameClassLoader(ForkedBooter.java:286)
	at org.apache.maven.surefire.booter.ForkedBooter.runSuitesInProcess(ForkedBooter.java:240)
	at org.apache.maven.surefire.booter.ForkedBooter.main(ForkedBooter.java:121)
edu.ncsu.csc.itrust.exception.DBException: A database exception has occurred. Please see the log in the console for stacktrace
	at edu.ncsu.csc.itrust.model.old.dao.mysql.TransactionDAO.logTransaction(TransactionDAO.java:99)
	at edu.ncsu.csc.itrust.logger.TransactionLogger.logTransaction(TransactionLogger.java:40)
	at edu.ncsu.csc.itrust.action.AddApptAction.addAppt(AddApptAction.java:39)
	at edu.ncsu.csc.itrust.unit.action.AddApptActionTest.testGetConflicts(AddApptActionTest.java:116)
	at sun.reflect.NativeMethodAccessorImpl.invoke0(Native Method)
	at sun.reflect.NativeMethodAccessorImpl.invoke(NativeMethodAccessorImpl.java:62)
	at sun.reflect.DelegatingMethodAccessorImpl.invoke(DelegatingMethodAccessorImpl.java:43)
	at java.lang.reflect.Method.invoke(Method.java:498)
	at junit.framework.TestCase.runTest(TestCase.java:176)
	at junit.framework.TestCase.runBare(TestCase.java:141)
	at junit.framework.TestResult$1.protect(TestResult.java:122)
	at junit.framework.TestResult.runProtected(TestResult.java:142)
	at junit.framework.TestResult.run(TestResult.java:125)
	at junit.framework.TestCase.run(TestCase.java:129)
	at junit.framework.TestSuite.runTest(TestSuite.java:252)
	at junit.framework.TestSuite.run(TestSuite.java:247)
	at org.junit.internal.runners.JUnit38ClassRunner.run(JUnit38ClassRunner.java:86)
	at org.apache.maven.surefire.junit4.JUnit4Provider.execute(JUnit4Provider.java:344)
	at org.apache.maven.surefire.junit4.JUnit4Provider.executeWithRerun(JUnit4Provider.java:269)
	at org.apache.maven.surefire.junit4.JUnit4Provider.executeTestSet(JUnit4Provider.java:240)
	at org.apache.maven.surefire.junit4.JUnit4Provider.invoke(JUnit4Provider.java:184)
	at org.apache.maven.surefire.booter.ForkedBooter.invokeProviderInSameClassLoader(ForkedBooter.java:286)
	at org.apache.maven.surefire.booter.ForkedBooter.runSuitesInProcess(ForkedBooter.java:240)
	at org.apache.maven.surefire.booter.ForkedBooter.main(ForkedBooter.java:121)
</stderr>
          <failedSince>7</failedSince>
        </case>
      </cases>
    </suite>
    <suite>
      <file>/var/lib/jenkins/workspace/itrust/iTrust/target/surefire-reports/TEST-edu.ncsu.csc.itrust.unit.action.AddApptRequestActionTest.xml</file>
      <name>edu.ncsu.csc.itrust.unit.action.AddApptRequestActionTest</name>
      <duration>0.34</duration>
      <time>0.34</time>
      <cases>
        <case>
          <duration>0.175</duration>
          <className>edu.ncsu.csc.itrust.unit.action.AddApptRequestActionTest</className>
          <testName>testAddApptRequest</testName>
          <skipped>false</skipped>
          <failedSince>0</failedSince>
        </case>
        <case>
          <duration>0.163</duration>
          <className>edu.ncsu.csc.itrust.unit.action.AddApptRequestActionTest</className>
          <testName>testGetNextAvailableAppts</testName>
          <skipped>false</skipped>
          <failedSince>0</failedSince>
        </case>
      </cases>
    </suite>
    <suite>
      <file>/var/lib/jenkins/workspace/itrust/iTrust/target/surefire-reports/TEST-edu.ncsu.csc.itrust.unit.action.AddDrugListActionTest.xml</file>
      <name>edu.ncsu.csc.itrust.unit.action.AddDrugListActionTest</name>
      <duration>0.123</duration>
      <time>0.123</time>
      <cases>
        <case>
          <duration>0.058</duration>
          <className>edu.ncsu.csc.itrust.unit.action.AddDrugListActionTest</className>
          <testName>testLoadFile</testName>
          <skipped>false</skipped>
          <failedSince>0</failedSince>
        </case>
        <case>
          <duration>0.064</duration>
          <className>edu.ncsu.csc.itrust.unit.action.AddDrugListActionTest</className>
          <testName>testRenameDrugs</testName>
          <skipped>false</skipped>
          <failedSince>0</failedSince>
        </case>
      </cases>
    </suite>
    <suite>
      <file>/var/lib/jenkins/workspace/itrust/iTrust/target/surefire-reports/TEST-edu.ncsu.csc.itrust.unit.action.AddERespActionTest.xml</file>
      <name>edu.ncsu.csc.itrust.unit.action.AddERespActionTest</name>
      <duration>0.224</duration>
      <time>0.224</time>
      <cases>
        <case>
          <duration>0.223</duration>
          <className>edu.ncsu.csc.itrust.unit.action.AddERespActionTest</className>
          <testName>testAddER</testName>
          <skipped>false</skipped>
          <failedSince>0</failedSince>
        </case>
      </cases>
    </suite>
    <suite>
      <file>/var/lib/jenkins/workspace/itrust/iTrust/target/surefire-reports/TEST-edu.ncsu.csc.itrust.unit.action.AddHCPActionTest.xml</file>
      <name>edu.ncsu.csc.itrust.unit.action.AddHCPActionTest</name>
      <duration>0.031</duration>
      <time>0.031</time>
      <cases>
        <case>
          <duration>0.026</duration>
          <className>edu.ncsu.csc.itrust.unit.action.AddHCPActionTest</className>
          <testName>testAddHCP</testName>
          <skipped>false</skipped>
          <failedSince>0</failedSince>
        </case>
      </cases>
    </suite>
    <suite>
      <file>/var/lib/jenkins/workspace/itrust/iTrust/target/surefire-reports/TEST-edu.ncsu.csc.itrust.unit.action.AddLTActionTest.xml</file>
      <name>edu.ncsu.csc.itrust.unit.action.AddLTActionTest</name>
      <duration>0.16</duration>
      <time>0.16</time>
      <cases>
        <case>
          <duration>0.159</duration>
          <className>edu.ncsu.csc.itrust.unit.action.AddLTActionTest</className>
          <testName>testAddLT</testName>
          <skipped>false</skipped>
          <failedSince>0</failedSince>
        </case>
      </cases>
    </suite>
    <suite>
      <file>/var/lib/jenkins/workspace/itrust/iTrust/target/surefire-reports/TEST-edu.ncsu.csc.itrust.unit.action.AddPHAActionTest.xml</file>
      <name>edu.ncsu.csc.itrust.unit.action.AddPHAActionTest</name>
      <duration>0.066</duration>
      <time>0.066</time>
      <cases>
        <case>
          <duration>0.064</duration>
          <className>edu.ncsu.csc.itrust.unit.action.AddPHAActionTest</className>
          <testName>testAddPHA</testName>
          <skipped>false</skipped>
          <failedSince>0</failedSince>
        </case>
      </cases>
    </suite>
    <suite>
      <file>/var/lib/jenkins/workspace/itrust/iTrust/target/surefire-reports/TEST-edu.ncsu.csc.itrust.unit.action.AddPatientActionTest.xml</file>
      <name>edu.ncsu.csc.itrust.unit.action.AddPatientActionTest</name>
      <duration>0.017</duration>
      <time>0.017</time>
      <cases>
        <case>
          <duration>0.017</duration>
          <className>edu.ncsu.csc.itrust.unit.action.AddPatientActionTest</className>
          <testName>testAddPatient</testName>
          <skipped>false</skipped>
          <failedSince>0</failedSince>
        </case>
      </cases>
    </suite>
    <suite>
      <file>/var/lib/jenkins/workspace/itrust/iTrust/target/surefire-reports/TEST-edu.ncsu.csc.itrust.unit.action.AddPatientFileActionTest.xml</file>
      <name>edu.ncsu.csc.itrust.unit.action.AddPatientFileActionTest</name>
      <duration>0.036</duration>
      <time>0.036</time>
      <cases>
        <case>
          <duration>0.008</duration>
          <className>edu.ncsu.csc.itrust.unit.action.AddPatientFileActionTest</className>
          <testName>testInvalidData</testName>
          <skipped>false</skipped>
          <failedSince>0</failedSince>
        </case>
        <case>
          <duration>0.001</duration>
          <className>edu.ncsu.csc.itrust.unit.action.AddPatientFileActionTest</className>
          <testName>testDuplicateField</testName>
          <skipped>false</skipped>
          <failedSince>0</failedSince>
        </case>
        <case>
          <duration>0.0</duration>
          <className>edu.ncsu.csc.itrust.unit.action.AddPatientFileActionTest</className>
          <testName>testRequiredFieldMissing</testName>
          <skipped>false</skipped>
          <failedSince>0</failedSince>
        </case>
        <case>
          <duration>0.003</duration>
          <className>edu.ncsu.csc.itrust.unit.action.AddPatientFileActionTest</className>
          <testName>testValidData</testName>
          <skipped>false</skipped>
          <failedSince>0</failedSince>
        </case>
        <case>
          <duration>0.001</duration>
          <className>edu.ncsu.csc.itrust.unit.action.AddPatientFileActionTest</className>
          <testName>testInvalidHeader</testName>
          <skipped>false</skipped>
          <failedSince>0</failedSince>
        </case>
      </cases>
    </suite>
    <suite>
      <file>/var/lib/jenkins/workspace/itrust/iTrust/target/surefire-reports/TEST-edu.ncsu.csc.itrust.unit.action.AddRemoteMonitoringDataActionTest.xml</file>
      <name>edu.ncsu.csc.itrust.unit.action.AddRemoteMonitoringDataActionTest</name>
      <duration>0.533</duration>
      <time>0.533</time>
      <cases>
        <case>
          <duration>0.074</duration>
          <className>edu.ncsu.csc.itrust.unit.action.AddRemoteMonitoringDataActionTest</className>
          <testName>testAddBadRemoteMonitoringGlucoseLevelData</testName>
          <skipped>false</skipped>
          <failedSince>0</failedSince>
        </case>
        <case>
          <duration>0.029</duration>
          <className>edu.ncsu.csc.itrust.unit.action.AddRemoteMonitoringDataActionTest</className>
          <testName>testAddRemoteMonitoringDataGlucoseOnly</testName>
          <skipped>false</skipped>
          <failedSince>0</failedSince>
        </case>
        <case>
          <duration>0.025</duration>
          <className>edu.ncsu.csc.itrust.unit.action.AddRemoteMonitoringDataActionTest</className>
          <testName>testAddRemoteMonitoringData</testName>
          <skipped>false</skipped>
          <failedSince>0</failedSince>
        </case>
        <case>
          <duration>0.03</duration>
          <className>edu.ncsu.csc.itrust.unit.action.AddRemoteMonitoringDataActionTest</className>
          <testName>testAddRemoteMonitoringExternalDataOnly</testName>
          <skipped>false</skipped>
          <failedSince>0</failedSince>
        </case>
        <case>
          <duration>0.031</duration>
          <className>edu.ncsu.csc.itrust.unit.action.AddRemoteMonitoringDataActionTest</className>
          <testName>testAddBadRemoteMonitoringPedometerReadingData</testName>
          <skipped>false</skipped>
          <failedSince>0</failedSince>
        </case>
        <case>
          <duration>0.029</duration>
          <className>edu.ncsu.csc.itrust.unit.action.AddRemoteMonitoringDataActionTest</className>
          <testName>testAddRemoteMonitoringHeightWeightDataOnly</testName>
          <skipped>false</skipped>
          <failedSince>0</failedSince>
        </case>
        <case>
          <duration>0.036</duration>
          <className>edu.ncsu.csc.itrust.unit.action.AddRemoteMonitoringDataActionTest</className>
          <testName>testAddRemoteMonitoringDataBloodPressureOnly</testName>
          <skipped>false</skipped>
          <failedSince>0</failedSince>
        </case>
        <case>
          <duration>0.025</duration>
          <className>edu.ncsu.csc.itrust.unit.action.AddRemoteMonitoringDataActionTest</className>
          <testName>testAddRemoteMonitoringDataGlucoseOnlyUAP</testName>
          <skipped>false</skipped>
          <failedSince>0</failedSince>
        </case>
        <case>
          <duration>0.025</duration>
          <className>edu.ncsu.csc.itrust.unit.action.AddRemoteMonitoringDataActionTest</className>
          <testName>testAddRemoteMonitoringDataBloodPressureOnlyUAP</testName>
          <skipped>false</skipped>
          <failedSince>0</failedSince>
        </case>
        <case>
          <duration>0.024</duration>
          <className>edu.ncsu.csc.itrust.unit.action.AddRemoteMonitoringDataActionTest</className>
          <testName>testAddRemoteMonitoringDataUAP</testName>
          <skipped>false</skipped>
          <failedSince>0</failedSince>
        </case>
        <case>
          <duration>0.031</duration>
          <className>edu.ncsu.csc.itrust.unit.action.AddRemoteMonitoringDataActionTest</className>
          <testName>testAddRemoteMonitoringPedometerReadingDataOnly</testName>
          <skipped>false</skipped>
          <failedSince>0</failedSince>
        </case>
        <case>
          <duration>0.027</duration>
          <className>edu.ncsu.csc.itrust.unit.action.AddRemoteMonitoringDataActionTest</className>
          <testName>testRepresentativeReportStatus</testName>
          <skipped>false</skipped>
          <failedSince>0</failedSince>
        </case>
        <case>
          <duration>0.084</duration>
          <className>edu.ncsu.csc.itrust.unit.action.AddRemoteMonitoringDataActionTest</className>
          <testName>testAddBadRemoteMonitoringData</testName>
          <skipped>false</skipped>
          <failedSince>0</failedSince>
        </case>
        <case>
          <duration>0.027</duration>
          <className>edu.ncsu.csc.itrust.unit.action.AddRemoteMonitoringDataActionTest</className>
          <testName>testAddRemoteMonitoringWeightDataOnly</testName>
          <skipped>false</skipped>
          <failedSince>0</failedSince>
        </case>
        <case>
          <duration>0.026</duration>
          <className>edu.ncsu.csc.itrust.unit.action.AddRemoteMonitoringDataActionTest</className>
          <testName>testAddBadRemoteMonitoringWeightData</testName>
          <skipped>false</skipped>
          <failedSince>0</failedSince>
        </case>
      </cases>
    </suite>
    <suite>
      <file>/var/lib/jenkins/workspace/itrust/iTrust/target/surefire-reports/TEST-edu.ncsu.csc.itrust.unit.action.AddUAPActionTest.xml</file>
      <name>edu.ncsu.csc.itrust.unit.action.AddUAPActionTest</name>
      <duration>0.026</duration>
      <time>0.026</time>
      <cases>
        <case>
          <duration>0.026</duration>
          <className>edu.ncsu.csc.itrust.unit.action.AddUAPActionTest</className>
          <testName>testAddUAP</testName>
          <skipped>false</skipped>
          <failedSince>0</failedSince>
        </case>
      </cases>
    </suite>
    <suite>
      <file>/var/lib/jenkins/workspace/itrust/iTrust/target/surefire-reports/TEST-edu.ncsu.csc.itrust.unit.action.ApptBeanTest.xml</file>
      <name>edu.ncsu.csc.itrust.unit.action.ApptBeanTest</name>
      <duration>0.002</duration>
      <time>0.002</time>
      <cases>
        <case>
          <duration>0.0</duration>
          <className>edu.ncsu.csc.itrust.unit.action.ApptBeanTest</className>
          <testName>testApptEquals</testName>
          <skipped>false</skipped>
          <failedSince>0</failedSince>
        </case>
      </cases>
    </suite>
    <suite>
      <file>/var/lib/jenkins/workspace/itrust/iTrust/target/surefire-reports/TEST-edu.ncsu.csc.itrust.unit.action.ChangePasswordActionTest.xml</file>
      <name>edu.ncsu.csc.itrust.unit.action.ChangePasswordActionTest</name>
      <duration>0.18</duration>
      <time>0.18</time>
      <cases>
        <case>
          <duration>0.18</duration>
          <className>edu.ncsu.csc.itrust.unit.action.ChangePasswordActionTest</className>
          <testName>testChangePassword</testName>
          <skipped>false</skipped>
          <failedSince>0</failedSince>
        </case>
      </cases>
    </suite>
    <suite>
      <file>/var/lib/jenkins/workspace/itrust/iTrust/target/surefire-reports/TEST-edu.ncsu.csc.itrust.unit.action.ChangeSessionTimeoutActionTest.xml</file>
      <name>edu.ncsu.csc.itrust.unit.action.ChangeSessionTimeoutActionTest</name>
      <duration>0.037</duration>
      <time>0.037</time>
      <cases>
        <case>
          <duration>0.002</duration>
          <className>edu.ncsu.csc.itrust.unit.action.ChangeSessionTimeoutActionTest</className>
          <testName>testFullChange</testName>
          <skipped>false</skipped>
          <errorStackTrace>edu.ncsu.csc.itrust.exception.FormValidationException: This form has not been validated correctly. The following field are not properly filled in: [Must be a number greater than 0]
	at edu.ncsu.csc.itrust.unit.action.ChangeSessionTimeoutActionTest.testFullChange(ChangeSessionTimeoutActionTest.java:36)
</errorStackTrace>
          <errorDetails>This form has not been validated correctly. The following field are not properly filled in: [Must be a number greater than 0]</errorDetails>
          <failedSince>7</failedSince>
        </case>
        <case>
          <duration>0.001</duration>
          <className>edu.ncsu.csc.itrust.unit.action.ChangeSessionTimeoutActionTest</className>
          <testName>testNotANumber</testName>
          <skipped>false</skipped>
          <failedSince>0</failedSince>
        </case>
        <case>
          <duration>0.014</duration>
          <className>edu.ncsu.csc.itrust.unit.action.ChangeSessionTimeoutActionTest</className>
          <testName>testBadNumber</testName>
          <skipped>false</skipped>
          <errorStackTrace>junit.framework.AssertionFailedError: exception should have been thrown
	at edu.ncsu.csc.itrust.unit.action.ChangeSessionTimeoutActionTest.testBadNumber(ChangeSessionTimeoutActionTest.java:25)
</errorStackTrace>
          <errorDetails>exception should have been thrown</errorDetails>
          <failedSince>8</failedSince>
        </case>
      </cases>
    </suite>
    <suite>
      <file>/var/lib/jenkins/workspace/itrust/iTrust/target/surefire-reports/TEST-edu.ncsu.csc.itrust.unit.action.DeclareHCPActionExceptionTest.xml</file>
      <name>edu.ncsu.csc.itrust.unit.action.DeclareHCPActionExceptionTest</name>
      <duration>0.001</duration>
      <time>0.001</time>
      <cases>
        <case>
          <duration>0.0</duration>
          <className>edu.ncsu.csc.itrust.unit.action.DeclareHCPActionExceptionTest</className>
          <testName>testDeclareMalformed</testName>
          <skipped>false</skipped>
          <failedSince>0</failedSince>
        </case>
        <case>
          <duration>0.001</duration>
          <className>edu.ncsu.csc.itrust.unit.action.DeclareHCPActionExceptionTest</className>
          <testName>testUnDeclareMalformed</testName>
          <skipped>false</skipped>
          <failedSince>0</failedSince>
        </case>
      </cases>
    </suite>
    <suite>
      <file>/var/lib/jenkins/workspace/itrust/iTrust/target/surefire-reports/TEST-edu.ncsu.csc.itrust.unit.action.DeclareHCPActionTest.xml</file>
      <name>edu.ncsu.csc.itrust.unit.action.DeclareHCPActionTest</name>
      <duration>0.156</duration>
      <time>0.156</time>
      <cases>
        <case>
          <duration>0.026</duration>
          <className>edu.ncsu.csc.itrust.unit.action.DeclareHCPActionTest</className>
          <testName>testUnDeclareNotDeclared</testName>
          <skipped>false</skipped>
          <failedSince>0</failedSince>
        </case>
        <case>
          <duration>0.03</duration>
          <className>edu.ncsu.csc.itrust.unit.action.DeclareHCPActionTest</className>
          <testName>testDeclareAdmin</testName>
          <skipped>false</skipped>
          <failedSince>0</failedSince>
        </case>
        <case>
          <duration>0.024</duration>
          <className>edu.ncsu.csc.itrust.unit.action.DeclareHCPActionTest</className>
          <testName>testDeclareAlreadyDeclared</testName>
          <skipped>false</skipped>
          <failedSince>0</failedSince>
        </case>
        <case>
          <duration>0.028</duration>
          <className>edu.ncsu.csc.itrust.unit.action.DeclareHCPActionTest</className>
          <testName>testUnDeclareNormal</testName>
          <skipped>false</skipped>
          <failedSince>0</failedSince>
        </case>
        <case>
          <duration>0.025</duration>
          <className>edu.ncsu.csc.itrust.unit.action.DeclareHCPActionTest</className>
          <testName>testDeclareNormal</testName>
          <skipped>false</skipped>
          <failedSince>0</failedSince>
        </case>
        <case>
          <duration>0.022</duration>
          <className>edu.ncsu.csc.itrust.unit.action.DeclareHCPActionTest</className>
          <testName>testGetDeclared</testName>
          <skipped>false</skipped>
          <failedSince>0</failedSince>
        </case>
      </cases>
    </suite>
    <suite>
      <file>/var/lib/jenkins/workspace/itrust/iTrust/target/surefire-reports/TEST-edu.ncsu.csc.itrust.unit.action.DrugInteractionActionTest.xml</file>
      <name>edu.ncsu.csc.itrust.unit.action.DrugInteractionActionTest</name>
      <duration>0.403</duration>
      <time>0.403</time>
      <cases>
        <case>
          <duration>0.039</duration>
          <className>edu.ncsu.csc.itrust.unit.action.DrugInteractionActionTest</className>
          <testName>testGetInteractions</testName>
          <skipped>false</skipped>
          <failedSince>0</failedSince>
        </case>
        <case>
          <duration>0.02</duration>
          <className>edu.ncsu.csc.itrust.unit.action.DrugInteractionActionTest</className>
          <testName>testDeleteInteraction</testName>
          <skipped>false</skipped>
          <failedSince>0</failedSince>
        </case>
        <case>
          <duration>0.092</duration>
          <className>edu.ncsu.csc.itrust.unit.action.DrugInteractionActionTest</className>
          <testName>testGetInteractions2</testName>
          <skipped>false</skipped>
          <failedSince>0</failedSince>
        </case>
        <case>
          <duration>0.039</duration>
          <className>edu.ncsu.csc.itrust.unit.action.DrugInteractionActionTest</className>
          <testName>testReportInteraction</testName>
          <skipped>false</skipped>
          <failedSince>0</failedSince>
        </case>
        <case>
          <duration>0.071</duration>
          <className>edu.ncsu.csc.itrust.unit.action.DrugInteractionActionTest</className>
          <testName>testReportAlreadyAdded</testName>
          <skipped>false</skipped>
          <failedSince>0</failedSince>
        </case>
        <case>
          <duration>0.068</duration>
          <className>edu.ncsu.csc.itrust.unit.action.DrugInteractionActionTest</className>
          <testName>testEvilDAOFactory</testName>
          <skipped>false</skipped>
          <failedSince>0</failedSince>
        </case>
        <case>
          <duration>0.07</duration>
          <className>edu.ncsu.csc.itrust.unit.action.DrugInteractionActionTest</className>
          <testName>testReportSameDrugsInteraction</testName>
          <skipped>false</skipped>
          <failedSince>0</failedSince>
        </case>
      </cases>
    </suite>
    <suite>
      <file>/var/lib/jenkins/workspace/itrust/iTrust/target/surefire-reports/TEST-edu.ncsu.csc.itrust.unit.action.EditApptActionTest.xml</file>
      <name>edu.ncsu.csc.itrust.unit.action.EditApptActionTest</name>
      <duration>0.348</duration>
      <time>0.348</time>
      <cases>
        <case>
          <duration>0.052</duration>
          <className>edu.ncsu.csc.itrust.unit.action.EditApptActionTest</className>
          <testName>testEditAppt</testName>
          <skipped>false</skipped>
          <failedSince>0</failedSince>
        </case>
        <case>
          <duration>0.099</duration>
          <className>edu.ncsu.csc.itrust.unit.action.EditApptActionTest</className>
          <testName>testEditApptConflict</testName>
          <skipped>false</skipped>
          <failedSince>0</failedSince>
        </case>
        <case>
          <duration>0.089</duration>
          <className>edu.ncsu.csc.itrust.unit.action.EditApptActionTest</className>
          <testName>testGetAppt</testName>
          <skipped>false</skipped>
          <failedSince>0</failedSince>
        </case>
        <case>
          <duration>0.035</duration>
          <className>edu.ncsu.csc.itrust.unit.action.EditApptActionTest</className>
          <testName>testGetName</testName>
          <skipped>false</skipped>
          <errorStackTrace>edu.ncsu.csc.itrust.exception.ITrustException: User does not exist
	at edu.ncsu.csc.itrust.unit.action.EditApptActionTest.testGetName(EditApptActionTest.java:93)
</errorStackTrace>
          <errorDetails>User does not exist</errorDetails>
          <stderr>edu.ncsu.csc.itrust.exception.DBException: A database exception has occurred. Please see the log in the console for stacktrace
	at edu.ncsu.csc.itrust.model.old.dao.mysql.TransactionDAO.logTransaction(TransactionDAO.java:99)
	at edu.ncsu.csc.itrust.logger.TransactionLogger.logTransaction(TransactionLogger.java:40)
	at edu.ncsu.csc.itrust.action.ViewMyApptsAction.&lt;init&gt;(ViewMyApptsAction.java:18)
	at edu.ncsu.csc.itrust.unit.action.EditApptActionTest.setUp(EditApptActionTest.java:43)
	at junit.framework.TestCase.runBare(TestCase.java:139)
	at junit.framework.TestResult$1.protect(TestResult.java:122)
	at junit.framework.TestResult.runProtected(TestResult.java:142)
	at junit.framework.TestResult.run(TestResult.java:125)
	at junit.framework.TestCase.run(TestCase.java:129)
	at junit.framework.TestSuite.runTest(TestSuite.java:252)
	at junit.framework.TestSuite.run(TestSuite.java:247)
	at org.junit.internal.runners.JUnit38ClassRunner.run(JUnit38ClassRunner.java:86)
	at org.apache.maven.surefire.junit4.JUnit4Provider.execute(JUnit4Provider.java:344)
	at org.apache.maven.surefire.junit4.JUnit4Provider.executeWithRerun(JUnit4Provider.java:269)
	at org.apache.maven.surefire.junit4.JUnit4Provider.executeTestSet(JUnit4Provider.java:240)
	at org.apache.maven.surefire.junit4.JUnit4Provider.invoke(JUnit4Provider.java:184)
	at org.apache.maven.surefire.booter.ForkedBooter.invokeProviderInSameClassLoader(ForkedBooter.java:286)
	at org.apache.maven.surefire.booter.ForkedBooter.runSuitesInProcess(ForkedBooter.java:240)
	at org.apache.maven.surefire.booter.ForkedBooter.main(ForkedBooter.java:121)
edu.ncsu.csc.itrust.exception.DBException: A database exception has occurred. Please see the log in the console for stacktrace
	at edu.ncsu.csc.itrust.model.old.dao.mysql.TransactionDAO.logTransaction(TransactionDAO.java:99)
	at edu.ncsu.csc.itrust.logger.TransactionLogger.logTransaction(TransactionLogger.java:40)
	at edu.ncsu.csc.itrust.action.ViewMyApptsAction.&lt;init&gt;(ViewMyApptsAction.java:19)
	at edu.ncsu.csc.itrust.unit.action.EditApptActionTest.setUp(EditApptActionTest.java:43)
	at junit.framework.TestCase.runBare(TestCase.java:139)
	at junit.framework.TestResult$1.protect(TestResult.java:122)
	at junit.framework.TestResult.runProtected(TestResult.java:142)
	at junit.framework.TestResult.run(TestResult.java:125)
	at junit.framework.TestCase.run(TestCase.java:129)
	at junit.framework.TestSuite.runTest(TestSuite.java:252)
	at junit.framework.TestSuite.run(TestSuite.java:247)
	at org.junit.internal.runners.JUnit38ClassRunner.run(JUnit38ClassRunner.java:86)
	at org.apache.maven.surefire.junit4.JUnit4Provider.execute(JUnit4Provider.java:344)
	at org.apache.maven.surefire.junit4.JUnit4Provider.executeWithRerun(JUnit4Provider.java:269)
	at org.apache.maven.surefire.junit4.JUnit4Provider.executeTestSet(JUnit4Provider.java:240)
	at org.apache.maven.surefire.junit4.JUnit4Provider.invoke(JUnit4Provider.java:184)
	at org.apache.maven.surefire.booter.ForkedBooter.invokeProviderInSameClassLoader(ForkedBooter.java:286)
	at org.apache.maven.surefire.booter.ForkedBooter.runSuitesInProcess(ForkedBooter.java:240)
	at org.apache.maven.surefire.booter.ForkedBooter.main(ForkedBooter.java:121)
</stderr>
          <failedSince>7</failedSince>
        </case>
        <case>
          <duration>0.036</duration>
          <className>edu.ncsu.csc.itrust.unit.action.EditApptActionTest</className>
          <testName>testEvilFactory</testName>
          <skipped>false</skipped>
          <failedSince>0</failedSince>
        </case>
        <case>
          <duration>0.036</duration>
          <className>edu.ncsu.csc.itrust.unit.action.EditApptActionTest</className>
          <testName>testRemoveAppt</testName>
          <skipped>false</skipped>
          <failedSince>0</failedSince>
        </case>
      </cases>
    </suite>
    <suite>
      <file>/var/lib/jenkins/workspace/itrust/iTrust/target/surefire-reports/TEST-edu.ncsu.csc.itrust.unit.action.EditApptTypeTest.xml</file>
      <name>edu.ncsu.csc.itrust.unit.action.EditApptTypeTest</name>
      <duration>1.098</duration>
      <time>1.098</time>
      <cases>
        <case>
          <duration>0.217</duration>
          <className>edu.ncsu.csc.itrust.unit.action.EditApptTypeTest</className>
          <testName>testAddApptType2</testName>
          <skipped>false</skipped>
          <failedSince>0</failedSince>
        </case>
        <case>
          <duration>0.179</duration>
          <className>edu.ncsu.csc.itrust.unit.action.EditApptTypeTest</className>
          <testName>testGetApptTypes</testName>
          <skipped>false</skipped>
          <failedSince>0</failedSince>
        </case>
        <case>
          <duration>0.157</duration>
          <className>edu.ncsu.csc.itrust.unit.action.EditApptTypeTest</className>
          <testName>testEditNonExistentApptType</testName>
          <skipped>false</skipped>
          <failedSince>0</failedSince>
        </case>
        <case>
          <duration>0.172</duration>
          <className>edu.ncsu.csc.itrust.unit.action.EditApptTypeTest</className>
          <testName>testAddApptType</testName>
          <skipped>false</skipped>
          <failedSince>0</failedSince>
        </case>
        <case>
          <duration>0.164</duration>
          <className>edu.ncsu.csc.itrust.unit.action.EditApptTypeTest</className>
          <testName>testAddApptTypeLengthZero</testName>
          <skipped>false</skipped>
          <failedSince>0</failedSince>
        </case>
        <case>
          <duration>0.137</duration>
          <className>edu.ncsu.csc.itrust.unit.action.EditApptTypeTest</className>
          <testName>testEditApptType</testName>
          <skipped>false</skipped>
          <failedSince>0</failedSince>
        </case>
        <case>
          <duration>0.071</duration>
          <className>edu.ncsu.csc.itrust.unit.action.EditApptTypeTest</className>
          <testName>testEditApptType2</testName>
          <skipped>false</skipped>
          <failedSince>0</failedSince>
        </case>
      </cases>
    </suite>
    <suite>
      <file>/var/lib/jenkins/workspace/itrust/iTrust/target/surefire-reports/TEST-edu.ncsu.csc.itrust.unit.action.EditMonitoringListActionTest.xml</file>
      <name>edu.ncsu.csc.itrust.unit.action.EditMonitoringListActionTest</name>
      <duration>0.07</duration>
      <time>0.07</time>
      <cases>
        <case>
          <duration>0.039</duration>
          <className>edu.ncsu.csc.itrust.unit.action.EditMonitoringListActionTest</className>
          <testName>testAddToRemoveFromList</testName>
          <skipped>false</skipped>
          <failedSince>0</failedSince>
        </case>
        <case>
          <duration>0.03</duration>
          <className>edu.ncsu.csc.itrust.unit.action.EditMonitoringListActionTest</className>
          <testName>testIsPatientInList</testName>
          <skipped>false</skipped>
          <failedSince>0</failedSince>
        </case>
      </cases>
    </suite>
    <suite>
      <file>/var/lib/jenkins/workspace/itrust/iTrust/target/surefire-reports/TEST-edu.ncsu.csc.itrust.unit.action.EditPatientActionTest.xml</file>
      <name>edu.ncsu.csc.itrust.unit.action.EditPatientActionTest</name>
      <duration>0.698</duration>
      <time>0.698</time>
      <cases>
        <case>
          <duration>0.075</duration>
          <className>edu.ncsu.csc.itrust.unit.action.EditPatientActionTest</className>
          <testName>testWrongFormat</testName>
          <skipped>false</skipped>
          <failedSince>0</failedSince>
        </case>
        <case>
          <duration>0.1</duration>
          <className>edu.ncsu.csc.itrust.unit.action.EditPatientActionTest</className>
          <testName>testNull</testName>
          <skipped>false</skipped>
          <failedSince>0</failedSince>
        </case>
        <case>
          <duration>0.082</duration>
          <className>edu.ncsu.csc.itrust.unit.action.EditPatientActionTest</className>
          <testName>testEditRepresentatives</testName>
          <skipped>false</skipped>
          <failedSince>0</failedSince>
        </case>
        <case>
          <duration>0.039</duration>
          <className>edu.ncsu.csc.itrust.unit.action.EditPatientActionTest</className>
          <testName>testIsDependent</testName>
          <skipped>false</skipped>
          <failedSince>0</failedSince>
        </case>
        <case>
          <duration>0.054</duration>
          <className>edu.ncsu.csc.itrust.unit.action.EditPatientActionTest</className>
          <testName>testNonExistent</testName>
          <skipped>false</skipped>
          <failedSince>0</failedSince>
        </case>
        <case>
          <duration>0.056</duration>
          <className>edu.ncsu.csc.itrust.unit.action.EditPatientActionTest</className>
          <testName>testGetPatientLogged</testName>
          <skipped>false</skipped>
          <failedSince>0</failedSince>
        </case>
        <case>
          <duration>0.037</duration>
          <className>edu.ncsu.csc.itrust.unit.action.EditPatientActionTest</className>
          <testName>testConstructNormal</testName>
          <skipped>false</skipped>
          <failedSince>0</failedSince>
        </case>
        <case>
          <duration>0.078</duration>
          <className>edu.ncsu.csc.itrust.unit.action.EditPatientActionTest</className>
          <testName>testSetDependent</testName>
          <skipped>false</skipped>
          <failedSince>0</failedSince>
        </case>
        <case>
          <duration>0.05</duration>
          <className>edu.ncsu.csc.itrust.unit.action.EditPatientActionTest</className>
          <testName>testInvalidDates</testName>
          <skipped>false</skipped>
          <failedSince>0</failedSince>
        </case>
        <case>
          <duration>0.05</duration>
          <className>edu.ncsu.csc.itrust.unit.action.EditPatientActionTest</className>
          <testName>testDeactivateActivate</testName>
          <skipped>false</skipped>
          <failedSince>0</failedSince>
        </case>
        <case>
          <duration>0.062</duration>
          <className>edu.ncsu.csc.itrust.unit.action.EditPatientActionTest</className>
          <testName>testEditCOD</testName>
          <skipped>false</skipped>
          <failedSince>0</failedSince>
        </case>
      </cases>
    </suite>
    <suite>
      <file>/var/lib/jenkins/workspace/itrust/iTrust/target/surefire-reports/TEST-edu.ncsu.csc.itrust.unit.action.EditPersonnelActionTest.xml</file>
      <name>edu.ncsu.csc.itrust.unit.action.EditPersonnelActionTest</name>
      <duration>0.41</duration>
      <time>0.41</time>
      <cases>
        <case>
          <duration>0.029</duration>
          <className>edu.ncsu.csc.itrust.unit.action.EditPersonnelActionTest</className>
          <testName>testWrongFormat</testName>
          <skipped>false</skipped>
          <failedSince>0</failedSince>
        </case>
        <case>
          <duration>0.029</duration>
          <className>edu.ncsu.csc.itrust.unit.action.EditPersonnelActionTest</className>
          <testName>testUpdateInformation</testName>
          <skipped>false</skipped>
          <errorStackTrace>edu.ncsu.csc.itrust.exception.ITrustException: You can only edit your own demographics!
	at edu.ncsu.csc.itrust.unit.action.EditPersonnelActionTest.testUpdateInformation(EditPersonnelActionTest.java:73)
</errorStackTrace>
          <errorDetails>You can only edit your own demographics!</errorDetails>
          <failedSince>7</failedSince>
        </case>
        <case>
          <duration>0.042</duration>
          <className>edu.ncsu.csc.itrust.unit.action.EditPersonnelActionTest</className>
          <testName>testNull</testName>
          <skipped>false</skipped>
          <failedSince>0</failedSince>
        </case>
        <case>
          <duration>0.14</duration>
          <className>edu.ncsu.csc.itrust.unit.action.EditPersonnelActionTest</className>
          <testName>testNotAuthorized</testName>
          <skipped>false</skipped>
          <errorStackTrace>junit.framework.ComparisonFailure: expected:&lt;You [can only edit your own demographics]!&gt; but was:&lt;You [are not authorized to edit this record]!&gt;
	at edu.ncsu.csc.itrust.unit.action.EditPersonnelActionTest.testNotAuthorized(EditPersonnelActionTest.java:28)
</errorStackTrace>
          <errorDetails>expected:&lt;You [can only edit your own demographics]!&gt; but was:&lt;You [are not authorized to edit this record]!&gt;</errorDetails>
          <failedSince>7</failedSince>
        </case>
        <case>
          <duration>0.038</duration>
          <className>edu.ncsu.csc.itrust.unit.action.EditPersonnelActionTest</className>
          <testName>testNonExistent</testName>
          <skipped>false</skipped>
          <failedSince>0</failedSince>
        </case>
        <case>
          <duration>0.127</duration>
          <className>edu.ncsu.csc.itrust.unit.action.EditPersonnelActionTest</className>
          <testName>testNotAuthorized2</testName>
          <skipped>false</skipped>
          <failedSince>0</failedSince>
        </case>
      </cases>
    </suite>
    <suite>
      <file>/var/lib/jenkins/workspace/itrust/iTrust/target/surefire-reports/TEST-edu.ncsu.csc.itrust.unit.action.EditRepresentativesActionTest.xml</file>
      <name>edu.ncsu.csc.itrust.unit.action.EditRepresentativesActionTest</name>
      <duration>0.288</duration>
      <time>0.288</time>
      <cases>
        <case>
          <duration>0.043</duration>
          <className>edu.ncsu.csc.itrust.unit.action.EditRepresentativesActionTest</className>
          <testName>testNotAPatient</testName>
          <skipped>false</skipped>
          <failedSince>0</failedSince>
        </case>
        <case>
          <duration>0.03</duration>
          <className>edu.ncsu.csc.itrust.unit.action.EditRepresentativesActionTest</className>
          <testName>testNonPatientAddRepresentative</testName>
          <skipped>false</skipped>
          <failedSince>0</failedSince>
        </case>
        <case>
          <duration>0.032</duration>
          <className>edu.ncsu.csc.itrust.unit.action.EditRepresentativesActionTest</className>
          <testName>testGetRepresentatives</testName>
          <skipped>false</skipped>
          <failedSince>0</failedSince>
        </case>
        <case>
          <duration>0.029</duration>
          <className>edu.ncsu.csc.itrust.unit.action.EditRepresentativesActionTest</className>
          <testName>testCannotRepresentSelf</testName>
          <skipped>false</skipped>
          <failedSince>0</failedSince>
        </case>
        <case>
          <duration>0.025</duration>
          <className>edu.ncsu.csc.itrust.unit.action.EditRepresentativesActionTest</className>
          <testName>testCheckIfPatientIsActive</testName>
          <skipped>false</skipped>
          <failedSince>0</failedSince>
        </case>
        <case>
          <duration>0.025</duration>
          <className>edu.ncsu.csc.itrust.unit.action.EditRepresentativesActionTest</className>
          <testName>testGetRepresentativeName</testName>
          <skipped>false</skipped>
          <failedSince>0</failedSince>
        </case>
        <case>
          <duration>0.024</duration>
          <className>edu.ncsu.csc.itrust.unit.action.EditRepresentativesActionTest</className>
          <testName>testRemoveNothing</testName>
          <skipped>false</skipped>
          <failedSince>0</failedSince>
        </case>
        <case>
          <duration>0.025</duration>
          <className>edu.ncsu.csc.itrust.unit.action.EditRepresentativesActionTest</className>
          <testName>testAddRepresentee</testName>
          <skipped>false</skipped>
          <failedSince>0</failedSince>
        </case>
        <case>
          <duration>0.032</duration>
          <className>edu.ncsu.csc.itrust.unit.action.EditRepresentativesActionTest</className>
          <testName>testRemoveRepresentee</testName>
          <skipped>false</skipped>
          <failedSince>0</failedSince>
        </case>
        <case>
          <duration>0.022</duration>
          <className>edu.ncsu.csc.itrust.unit.action.EditRepresentativesActionTest</className>
          <testName>testAddNotNumber</testName>
          <skipped>false</skipped>
          <failedSince>0</failedSince>
        </case>
      </cases>
    </suite>
    <suite>
      <file>/var/lib/jenkins/workspace/itrust/iTrust/target/surefire-reports/TEST-edu.ncsu.csc.itrust.unit.action.EventLoggingActionTest.xml</file>
      <name>edu.ncsu.csc.itrust.unit.action.EventLoggingActionTest</name>
      <duration>0.03</duration>
      <time>0.03</time>
      <cases>
        <case>
          <duration>0.03</duration>
          <className>edu.ncsu.csc.itrust.unit.action.EventLoggingActionTest</className>
          <testName>testGetTransactions</testName>
          <skipped>false</skipped>
          <failedSince>0</failedSince>
        </case>
      </cases>
    </suite>
    <suite>
      <file>/var/lib/jenkins/workspace/itrust/iTrust/target/surefire-reports/TEST-edu.ncsu.csc.itrust.unit.action.FindExpertActionTest.xml</file>
      <name>edu.ncsu.csc.itrust.unit.action.FindExpertActionTest</name>
      <duration>0.11</duration>
      <time>0.11</time>
      <cases>
        <case>
          <duration>0.025</duration>
          <className>edu.ncsu.csc.itrust.unit.action.FindExpertActionTest</className>
          <testName>testFindExperts</testName>
          <skipped>false</skipped>
          <failedSince>0</failedSince>
        </case>
        <case>
          <duration>0.046</duration>
          <className>edu.ncsu.csc.itrust.unit.action.FindExpertActionTest</className>
          <testName>testFindHospitalsBySpecialty</testName>
          <skipped>false</skipped>
          <failedSince>0</failedSince>
        </case>
        <case>
          <duration>0.035</duration>
          <className>edu.ncsu.csc.itrust.unit.action.FindExpertActionTest</className>
          <testName>testFilterHospitals</testName>
          <skipped>false</skipped>
          <failedSince>0</failedSince>
        </case>
      </cases>
    </suite>
    <suite>
      <file>/var/lib/jenkins/workspace/itrust/iTrust/target/surefire-reports/TEST-edu.ncsu.csc.itrust.unit.action.GenerateCalendarActionTest.xml</file>
      <name>edu.ncsu.csc.itrust.unit.action.GenerateCalendarActionTest</name>
      <duration>0.482</duration>
      <time>0.482</time>
      <cases>
        <case>
          <duration>0.133</duration>
          <className>edu.ncsu.csc.itrust.unit.action.GenerateCalendarActionTest</className>
          <testName>testGetSend</testName>
          <skipped>false</skipped>
          <failedSince>0</failedSince>
        </case>
        <case>
          <duration>0.163</duration>
          <className>edu.ncsu.csc.itrust.unit.action.GenerateCalendarActionTest</className>
          <testName>testGetApptsTable</testName>
          <skipped>false</skipped>
          <failedSince>0</failedSince>
        </case>
        <case>
          <duration>0.185</duration>
          <className>edu.ncsu.csc.itrust.unit.action.GenerateCalendarActionTest</className>
          <testName>testGetConflicts</testName>
          <skipped>false</skipped>
          <failedSince>0</failedSince>
        </case>
      </cases>
    </suite>
    <suite>
      <file>/var/lib/jenkins/workspace/itrust/iTrust/target/surefire-reports/TEST-edu.ncsu.csc.itrust.unit.action.GetUserNameActionTest.xml</file>
      <name>edu.ncsu.csc.itrust.unit.action.GetUserNameActionTest</name>
      <duration>0.009</duration>
      <time>0.009</time>
      <cases>
        <case>
          <duration>0.0</duration>
          <className>edu.ncsu.csc.itrust.unit.action.GetUserNameActionTest</className>
          <testName>testWrongFormat</testName>
          <skipped>false</skipped>
          <failedSince>0</failedSince>
        </case>
        <case>
          <duration>0.0</duration>
          <className>edu.ncsu.csc.itrust.unit.action.GetUserNameActionTest</className>
          <testName>testCorrectFormat</testName>
          <skipped>false</skipped>
          <failedSince>0</failedSince>
        </case>
      </cases>
    </suite>
    <suite>
      <file>/var/lib/jenkins/workspace/itrust/iTrust/target/surefire-reports/TEST-edu.ncsu.csc.itrust.unit.action.GroupReportActionTest.xml</file>
      <name>edu.ncsu.csc.itrust.unit.action.GroupReportActionTest</name>
      <duration>0.395</duration>
      <time>0.395</time>
      <cases>
        <case>
          <duration>0.1</duration>
          <className>edu.ncsu.csc.itrust.unit.action.GroupReportActionTest</className>
          <testName>testGetComprehensiveMedicalInfo</testName>
          <skipped>false</skipped>
          <failedSince>0</failedSince>
        </case>
        <case>
          <duration>0.155</duration>
          <className>edu.ncsu.csc.itrust.unit.action.GroupReportActionTest</className>
          <testName>testGenerateReport</testName>
          <skipped>false</skipped>
          <failedSince>0</failedSince>
        </case>
        <case>
          <duration>0.128</duration>
          <className>edu.ncsu.csc.itrust.unit.action.GroupReportActionTest</className>
          <testName>testGetComprehensiveDemographicInfo</testName>
          <skipped>false</skipped>
          <failedSince>0</failedSince>
        </case>
      </cases>
    </suite>
    <suite>
      <file>/var/lib/jenkins/workspace/itrust/iTrust/target/surefire-reports/TEST-edu.ncsu.csc.itrust.unit.action.GroupReportGeneratorActionTest.xml</file>
      <name>edu.ncsu.csc.itrust.unit.action.GroupReportGeneratorActionTest</name>
      <duration>0.249</duration>
      <time>0.249</time>
      <cases>
        <case>
          <duration>0.098</duration>
          <className>edu.ncsu.csc.itrust.unit.action.GroupReportGeneratorActionTest</className>
          <testName>testParseFilters</testName>
          <skipped>false</skipped>
          <failedSince>0</failedSince>
        </case>
        <case>
          <duration>0.151</duration>
          <className>edu.ncsu.csc.itrust.unit.action.GroupReportGeneratorActionTest</className>
          <testName>testGenerateReport</testName>
          <skipped>false</skipped>
          <failedSince>0</failedSince>
        </case>
      </cases>
    </suite>
    <suite>
      <file>/var/lib/jenkins/workspace/itrust/iTrust/target/surefire-reports/TEST-edu.ncsu.csc.itrust.unit.action.LoginFailureActionTest.xml</file>
      <name>edu.ncsu.csc.itrust.unit.action.LoginFailureActionTest</name>
      <duration>0.263</duration>
      <time>0.263</time>
      <cases>
        <case>
          <duration>0.055</duration>
          <className>edu.ncsu.csc.itrust.unit.action.LoginFailureActionTest</className>
          <testName>testSetCaptcha</testName>
          <skipped>false</skipped>
          <failedSince>0</failedSince>
        </case>
        <case>
          <duration>0.076</duration>
          <className>edu.ncsu.csc.itrust.unit.action.LoginFailureActionTest</className>
          <testName>testNormalLoginFailureSequence</testName>
          <skipped>false</skipped>
          <failedSince>0</failedSince>
        </case>
        <case>
          <duration>0.044</duration>
          <className>edu.ncsu.csc.itrust.unit.action.LoginFailureActionTest</className>
          <testName>testNeedsCaptcha</testName>
          <skipped>false</skipped>
          <failedSince>0</failedSince>
        </case>
        <case>
          <duration>0.025</duration>
          <className>edu.ncsu.csc.itrust.unit.action.LoginFailureActionTest</className>
          <testName>testEvilFactory</testName>
          <skipped>false</skipped>
          <failedSince>0</failedSince>
        </case>
        <case>
          <duration>0.034</duration>
          <className>edu.ncsu.csc.itrust.unit.action.LoginFailureActionTest</className>
          <testName>testIsValidForLoginEvil</testName>
          <skipped>false</skipped>
          <failedSince>0</failedSince>
        </case>
        <case>
          <duration>0.028</duration>
          <className>edu.ncsu.csc.itrust.unit.action.LoginFailureActionTest</className>
          <testName>testRecordLoginFailureEvil</testName>
          <skipped>false</skipped>
          <failedSince>0</failedSince>
        </case>
      </cases>
    </suite>
    <suite>
      <file>/var/lib/jenkins/workspace/itrust/iTrust/target/surefire-reports/TEST-edu.ncsu.csc.itrust.unit.action.ManageHospitalAssignmentsActionTest.xml</file>
      <name>edu.ncsu.csc.itrust.unit.action.ManageHospitalAssignmentsActionTest</name>
      <duration>0.671</duration>
      <time>0.671</time>
      <cases>
        <case>
          <duration>0.04</duration>
          <className>edu.ncsu.csc.itrust.unit.action.ManageHospitalAssignmentsActionTest</className>
          <testName>testRemoveAllEvil</testName>
          <skipped>false</skipped>
          <failedSince>0</failedSince>
        </case>
        <case>
          <duration>0.039</duration>
          <className>edu.ncsu.csc.itrust.unit.action.ManageHospitalAssignmentsActionTest</className>
          <testName>testRemoveHCPAssignmentsBadID</testName>
          <skipped>false</skipped>
          <failedSince>0</failedSince>
        </case>
        <case>
          <duration>0.028</duration>
          <className>edu.ncsu.csc.itrust.unit.action.ManageHospitalAssignmentsActionTest</className>
          <testName>testCheckHCPIDEvil</testName>
          <skipped>false</skipped>
          <failedSince>0</failedSince>
        </case>
        <case>
          <duration>0.032</duration>
          <className>edu.ncsu.csc.itrust.unit.action.ManageHospitalAssignmentsActionTest</className>
          <testName>testCheckLTIDStringMID</testName>
          <skipped>false</skipped>
          <failedSince>0</failedSince>
        </case>
        <case>
          <duration>0.035</duration>
          <className>edu.ncsu.csc.itrust.unit.action.ManageHospitalAssignmentsActionTest</className>
          <testName>testCheckHCPID</testName>
          <skipped>false</skipped>
          <failedSince>0</failedSince>
        </case>
        <case>
          <duration>0.028</duration>
          <className>edu.ncsu.csc.itrust.unit.action.ManageHospitalAssignmentsActionTest</className>
          <testName>testCheckHCPIDStringMID</testName>
          <skipped>false</skipped>
          <failedSince>0</failedSince>
        </case>
        <case>
          <duration>0.036</duration>
          <className>edu.ncsu.csc.itrust.unit.action.ManageHospitalAssignmentsActionTest</className>
          <testName>testAssignHCPToHospital</testName>
          <skipped>false</skipped>
          <failedSince>0</failedSince>
        </case>
        <case>
          <duration>0.033</duration>
          <className>edu.ncsu.csc.itrust.unit.action.ManageHospitalAssignmentsActionTest</className>
          <testName>testCheckLTHospital</testName>
          <skipped>false</skipped>
          <failedSince>0</failedSince>
        </case>
        <case>
          <duration>0.033</duration>
          <className>edu.ncsu.csc.itrust.unit.action.ManageHospitalAssignmentsActionTest</className>
          <testName>testGetAvailableHospitalsBadMID</testName>
          <skipped>false</skipped>
          <failedSince>0</failedSince>
        </case>
        <case>
          <duration>0.04</duration>
          <className>edu.ncsu.csc.itrust.unit.action.ManageHospitalAssignmentsActionTest</className>
          <testName>testAssignHCPToHospitalBadID</testName>
          <skipped>false</skipped>
          <failedSince>0</failedSince>
        </case>
        <case>
          <duration>0.036</duration>
          <className>edu.ncsu.csc.itrust.unit.action.ManageHospitalAssignmentsActionTest</className>
          <testName>testRemovePersonnelAssignmentToHospital</testName>
          <skipped>false</skipped>
          <failedSince>0</failedSince>
        </case>
        <case>
          <duration>0.026</duration>
          <className>edu.ncsu.csc.itrust.unit.action.ManageHospitalAssignmentsActionTest</className>
          <testName>testGetAvailableHospitals</testName>
          <skipped>false</skipped>
          <failedSince>0</failedSince>
        </case>
        <case>
          <duration>0.03</duration>
          <className>edu.ncsu.csc.itrust.unit.action.ManageHospitalAssignmentsActionTest</className>
          <testName>testRemovaAllUnassigned</testName>
          <skipped>false</skipped>
          <failedSince>0</failedSince>
        </case>
        <case>
          <duration>0.033</duration>
          <className>edu.ncsu.csc.itrust.unit.action.ManageHospitalAssignmentsActionTest</className>
          <testName>testAssignHCPToHospitalEvil</testName>
          <skipped>false</skipped>
          <failedSince>0</failedSince>
        </case>
        <case>
          <duration>0.043</duration>
          <className>edu.ncsu.csc.itrust.unit.action.ManageHospitalAssignmentsActionTest</className>
          <testName>testCheckHCPIDBadMID</testName>
          <skipped>false</skipped>
          <failedSince>0</failedSince>
        </case>
        <case>
          <duration>0.042</duration>
          <className>edu.ncsu.csc.itrust.unit.action.ManageHospitalAssignmentsActionTest</className>
          <testName>testAssignDuplicate</testName>
          <skipped>false</skipped>
          <failedSince>0</failedSince>
        </case>
        <case>
          <duration>0.025</duration>
          <className>edu.ncsu.csc.itrust.unit.action.ManageHospitalAssignmentsActionTest</className>
          <testName>testGetAssignedHospitalsBadMID</testName>
          <skipped>false</skipped>
          <failedSince>0</failedSince>
        </case>
        <case>
          <duration>0.036</duration>
          <className>edu.ncsu.csc.itrust.unit.action.ManageHospitalAssignmentsActionTest</className>
          <testName>testRemoveAll</testName>
          <skipped>false</skipped>
          <failedSince>0</failedSince>
        </case>
        <case>
          <duration>0.027</duration>
          <className>edu.ncsu.csc.itrust.unit.action.ManageHospitalAssignmentsActionTest</className>
          <testName>testRemoveNonAssigned</testName>
          <skipped>false</skipped>
          <failedSince>0</failedSince>
        </case>
        <case>
          <duration>0.028</duration>
          <className>edu.ncsu.csc.itrust.unit.action.ManageHospitalAssignmentsActionTest</className>
          <testName>testRemoveHCPtoHospitalBadID</testName>
          <skipped>false</skipped>
          <failedSince>0</failedSince>
        </case>
      </cases>
    </suite>
    <suite>
      <file>/var/lib/jenkins/workspace/itrust/iTrust/target/surefire-reports/TEST-edu.ncsu.csc.itrust.unit.action.PatientBaseActionTest.xml</file>
      <name>edu.ncsu.csc.itrust.unit.action.PatientBaseActionTest</name>
      <duration>0.002</duration>
      <time>0.002</time>
      <cases>
        <case>
          <duration>0.0</duration>
          <className>edu.ncsu.csc.itrust.unit.action.PatientBaseActionTest</className>
          <testName>testEvilDatabase</testName>
          <skipped>false</skipped>
          <failedSince>0</failedSince>
        </case>
      </cases>
    </suite>
    <suite>
      <file>/var/lib/jenkins/workspace/itrust/iTrust/target/surefire-reports/TEST-edu.ncsu.csc.itrust.unit.action.PatientRoomAssignmentActionTest.xml</file>
      <name>edu.ncsu.csc.itrust.unit.action.PatientRoomAssignmentActionTest</name>
      <duration>0.071</duration>
      <time>0.071</time>
      <cases>
        <case>
          <duration>0.071</duration>
          <className>edu.ncsu.csc.itrust.unit.action.PatientRoomAssignmentActionTest</className>
          <testName>testassignPatient</testName>
          <skipped>false</skipped>
          <failedSince>0</failedSince>
        </case>
      </cases>
    </suite>
    <suite>
      <file>/var/lib/jenkins/workspace/itrust/iTrust/target/surefire-reports/TEST-edu.ncsu.csc.itrust.unit.action.PayBillActionTest.xml</file>
      <name>edu.ncsu.csc.itrust.unit.action.PayBillActionTest</name>
      <duration>0.168</duration>
      <time>0.168</time>
      <cases>
        <case>
          <duration>0.088</duration>
          <className>edu.ncsu.csc.itrust.unit.action.PayBillActionTest</className>
          <testName>testPayBillWithCC</testName>
          <skipped>false</skipped>
          <failedSince>0</failedSince>
        </case>
        <case>
          <duration>0.08</duration>
          <className>edu.ncsu.csc.itrust.unit.action.PayBillActionTest</className>
          <testName>testPayBillWithIns</testName>
          <skipped>false</skipped>
          <failedSince>0</failedSince>
        </case>
      </cases>
    </suite>
    <suite>
      <file>/var/lib/jenkins/workspace/itrust/iTrust/target/surefire-reports/TEST-edu.ncsu.csc.itrust.unit.action.ResetPasswordActionTest.xml</file>
      <name>edu.ncsu.csc.itrust.unit.action.ResetPasswordActionTest</name>
      <duration>0.447</duration>
      <time>0.447</time>
      <cases>
        <case>
          <duration>0.002</duration>
          <className>edu.ncsu.csc.itrust.unit.action.ResetPasswordActionTest</className>
          <testName>testCheckMID</testName>
          <skipped>false</skipped>
          <failedSince>0</failedSince>
        </case>
        <case>
          <duration>0.052</duration>
          <className>edu.ncsu.csc.itrust.unit.action.ResetPasswordActionTest</className>
          <testName>testResetForHCP</testName>
          <skipped>false</skipped>
          <failedSince>0</failedSince>
        </case>
        <case>
          <duration>0.028</duration>
          <className>edu.ncsu.csc.itrust.unit.action.ResetPasswordActionTest</className>
          <testName>testCheckMIDEvil2</testName>
          <skipped>false</skipped>
          <failedSince>0</failedSince>
        </case>
        <case>
          <duration>0.034</duration>
          <className>edu.ncsu.csc.itrust.unit.action.ResetPasswordActionTest</className>
          <testName>testCheckWrongRole</testName>
          <skipped>false</skipped>
          <failedSince>0</failedSince>
        </case>
        <case>
          <duration>0.037</duration>
          <className>edu.ncsu.csc.itrust.unit.action.ResetPasswordActionTest</className>
          <testName>testValidatePasswordEmpty</testName>
          <skipped>false</skipped>
          <failedSince>0</failedSince>
        </case>
        <case>
          <duration>0.032</duration>
          <className>edu.ncsu.csc.itrust.unit.action.ResetPasswordActionTest</className>
          <testName>testValidatePasswordWrong</testName>
          <skipped>false</skipped>
          <failedSince>0</failedSince>
        </case>
        <case>
          <duration>0.032</duration>
          <className>edu.ncsu.csc.itrust.unit.action.ResetPasswordActionTest</className>
          <testName>testValidatePasswordNull</testName>
          <skipped>false</skipped>
          <failedSince>0</failedSince>
        </case>
        <case>
          <duration>0.035</duration>
          <className>edu.ncsu.csc.itrust.unit.action.ResetPasswordActionTest</className>
          <testName>testGetSecurityQuestionEvil</testName>
          <skipped>false</skipped>
          <failedSince>0</failedSince>
        </case>
        <case>
          <duration>0.034</duration>
          <className>edu.ncsu.csc.itrust.unit.action.ResetPasswordActionTest</className>
          <testName>testCheckRole</testName>
          <skipped>false</skipped>
          <failedSince>0</failedSince>
        </case>
        <case>
          <duration>0.039</duration>
          <className>edu.ncsu.csc.itrust.unit.action.ResetPasswordActionTest</className>
          <testName>testCheckMIDEvil</testName>
          <skipped>false</skipped>
          <failedSince>0</failedSince>
        </case>
        <case>
          <duration>0.036</duration>
          <className>edu.ncsu.csc.itrust.unit.action.ResetPasswordActionTest</className>
          <testName>testGetSecurityQuestion</testName>
          <skipped>false</skipped>
          <failedSince>0</failedSince>
        </case>
        <case>
          <duration>0.052</duration>
          <className>edu.ncsu.csc.itrust.unit.action.ResetPasswordActionTest</className>
          <testName>testResetPassword</testName>
          <skipped>false</skipped>
          <failedSince>0</failedSince>
        </case>
        <case>
          <duration>0.034</duration>
          <className>edu.ncsu.csc.itrust.unit.action.ResetPasswordActionTest</className>
          <testName>testCheckAnswerNull</testName>
          <skipped>false</skipped>
          <failedSince>0</failedSince>
        </case>
      </cases>
    </suite>
    <suite>
      <file>/var/lib/jenkins/workspace/itrust/iTrust/target/surefire-reports/TEST-edu.ncsu.csc.itrust.unit.action.ReviewsActionTest.xml</file>
      <name>edu.ncsu.csc.itrust.unit.action.ReviewsActionTest</name>
      <duration>0.498</duration>
      <time>0.498</time>
      <cases>
        <case>
          <duration>0.133</duration>
          <className>edu.ncsu.csc.itrust.unit.action.ReviewsActionTest</className>
          <testName>testGetPhysician</testName>
          <skipped>false</skipped>
          <failedSince>0</failedSince>
        </case>
        <case>
          <duration>0.088</duration>
          <className>edu.ncsu.csc.itrust.unit.action.ReviewsActionTest</className>
          <testName>testAddReviewValid</testName>
          <skipped>false</skipped>
          <failedSince>0</failedSince>
        </case>
        <case>
          <duration>0.068</duration>
          <className>edu.ncsu.csc.itrust.unit.action.ReviewsActionTest</className>
          <testName>testGetReviews</testName>
          <skipped>false</skipped>
          <failedSince>0</failedSince>
        </case>
        <case>
          <duration>0.074</duration>
          <className>edu.ncsu.csc.itrust.unit.action.ReviewsActionTest</className>
          <testName>testIsAbleToRate</testName>
          <skipped>false</skipped>
          <failedSince>0</failedSince>
        </case>
        <case>
          <duration>0.133</duration>
          <className>edu.ncsu.csc.itrust.unit.action.ReviewsActionTest</className>
          <testName>testGetAverageRating</testName>
          <skipped>false</skipped>
          <failedSince>0</failedSince>
        </case>
      </cases>
    </suite>
    <suite>
      <file>/var/lib/jenkins/workspace/itrust/iTrust/target/surefire-reports/TEST-edu.ncsu.csc.itrust.unit.action.SearchUsersActionTest.xml</file>
      <name>edu.ncsu.csc.itrust.unit.action.SearchUsersActionTest</name>
      <duration>1.687</duration>
      <time>1.687</time>
      <cases>
        <case>
          <duration>0.131</duration>
          <className>edu.ncsu.csc.itrust.unit.action.SearchUsersActionTest</className>
          <testName>testSearchForPatientsWithName2</testName>
          <skipped>false</skipped>
          <failedSince>0</failedSince>
        </case>
        <case>
          <duration>0.093</duration>
          <className>edu.ncsu.csc.itrust.unit.action.SearchUsersActionTest</className>
          <testName>testSearchForPatientsWithName3</testName>
          <skipped>false</skipped>
          <failedSince>0</failedSince>
        </case>
        <case>
          <duration>0.084</duration>
          <className>edu.ncsu.csc.itrust.unit.action.SearchUsersActionTest</className>
          <testName>testFuzzySearchForPatient1</testName>
          <skipped>false</skipped>
          <failedSince>0</failedSince>
        </case>
        <case>
          <duration>0.097</duration>
          <className>edu.ncsu.csc.itrust.unit.action.SearchUsersActionTest</className>
          <testName>testFuzzySearchForPatient2</testName>
          <skipped>false</skipped>
          <failedSince>0</failedSince>
        </case>
        <case>
          <duration>0.12</duration>
          <className>edu.ncsu.csc.itrust.unit.action.SearchUsersActionTest</className>
          <testName>testFuzzySearchForPatient3</testName>
          <skipped>false</skipped>
          <failedSince>0</failedSince>
        </case>
        <case>
          <duration>0.11</duration>
          <className>edu.ncsu.csc.itrust.unit.action.SearchUsersActionTest</className>
          <testName>testSearchForPatientsWithName</testName>
          <skipped>false</skipped>
          <failedSince>0</failedSince>
        </case>
        <case>
          <duration>0.102</duration>
          <className>edu.ncsu.csc.itrust.unit.action.SearchUsersActionTest</className>
          <testName>testFuzzySearchForPatientDeactivated</testName>
          <skipped>false</skipped>
          <failedSince>0</failedSince>
        </case>
        <case>
          <duration>0.081</duration>
          <className>edu.ncsu.csc.itrust.unit.action.SearchUsersActionTest</className>
          <testName>testZeroPatients</testName>
          <skipped>false</skipped>
          <failedSince>0</failedSince>
        </case>
        <case>
          <duration>0.077</duration>
          <className>edu.ncsu.csc.itrust.unit.action.SearchUsersActionTest</className>
          <testName>testSearchForPersonnelWithName2</testName>
          <skipped>false</skipped>
          <failedSince>0</failedSince>
        </case>
        <case>
          <duration>0.067</duration>
          <className>edu.ncsu.csc.itrust.unit.action.SearchUsersActionTest</className>
          <testName>testSearchForPersonnelWithName3</testName>
          <skipped>false</skipped>
          <failedSince>0</failedSince>
        </case>
        <case>
          <duration>0.084</duration>
          <className>edu.ncsu.csc.itrust.unit.action.SearchUsersActionTest</className>
          <testName>testFuzzySearchForExpert</testName>
          <skipped>false</skipped>
          <errorStackTrace>junit.framework.AssertionFailedError: expected:&lt;1&gt; but was:&lt;0&gt;
	at edu.ncsu.csc.itrust.unit.action.SearchUsersActionTest.testFuzzySearchForExpert(SearchUsersActionTest.java:159)
</errorStackTrace>
          <errorDetails>expected:&lt;1&gt; but was:&lt;0&gt;</errorDetails>
          <failedSince>7</failedSince>
        </case>
        <case>
          <duration>0.099</duration>
          <className>edu.ncsu.csc.itrust.unit.action.SearchUsersActionTest</className>
          <testName>testSearchForPersonnelWithName</testName>
          <skipped>false</skipped>
          <failedSince>0</failedSince>
        </case>
        <case>
          <duration>0.261</duration>
          <className>edu.ncsu.csc.itrust.unit.action.SearchUsersActionTest</className>
          <testName>testFuzzySearchForPatientDeactivatedOverride</testName>
          <skipped>false</skipped>
          <failedSince>0</failedSince>
        </case>
        <case>
          <duration>0.255</duration>
          <className>edu.ncsu.csc.itrust.unit.action.SearchUsersActionTest</className>
          <testName>testDeactivated</testName>
          <skipped>false</skipped>
          <failedSince>0</failedSince>
        </case>
      </cases>
    </suite>
    <suite>
      <file>/var/lib/jenkins/workspace/itrust/iTrust/target/surefire-reports/TEST-edu.ncsu.csc.itrust.unit.action.SendMessageActionTest.xml</file>
      <name>edu.ncsu.csc.itrust.unit.action.SendMessageActionTest</name>
      <duration>0.792</duration>
      <time>0.792</time>
      <cases>
        <case>
          <duration>0.151</duration>
          <className>edu.ncsu.csc.itrust.unit.action.SendMessageActionTest</className>
          <testName>testGetPatientName</testName>
          <skipped>false</skipped>
          <failedSince>0</failedSince>
        </case>
        <case>
          <duration>0.148</duration>
          <className>edu.ncsu.csc.itrust.unit.action.SendMessageActionTest</className>
          <testName>testGetMyRepresentees</testName>
          <skipped>false</skipped>
          <failedSince>0</failedSince>
        </case>
        <case>
          <duration>0.073</duration>
          <className>edu.ncsu.csc.itrust.unit.action.SendMessageActionTest</className>
          <testName>testSendMessage</testName>
          <skipped>false</skipped>
          <errorStackTrace>java.lang.NullPointerException
	at edu.ncsu.csc.itrust.unit.action.SendMessageActionTest.testSendMessage(SendMessageActionTest.java:57)
</errorStackTrace>
          <failedSince>6</failedSince>
        </case>
        <case>
          <duration>0.078</duration>
          <className>edu.ncsu.csc.itrust.unit.action.SendMessageActionTest</className>
          <testName>testGetMyDLHCPs</testName>
          <skipped>false</skipped>
          <failedSince>0</failedSince>
        </case>
        <case>
          <duration>0.069</duration>
          <className>edu.ncsu.csc.itrust.unit.action.SendMessageActionTest</className>
          <testName>testGetMyDLHCPs2</testName>
          <skipped>false</skipped>
          <failedSince>0</failedSince>
        </case>
        <case>
          <duration>0.072</duration>
          <className>edu.ncsu.csc.itrust.unit.action.SendMessageActionTest</className>
          <testName>testGetPersonnelName</testName>
          <skipped>false</skipped>
          <failedSince>0</failedSince>
        </case>
        <case>
          <duration>0.201</duration>
          <className>edu.ncsu.csc.itrust.unit.action.SendMessageActionTest</className>
          <testName>testGetDLCHPsFor</testName>
          <skipped>false</skipped>
          <failedSince>0</failedSince>
        </case>
      </cases>
    </suite>
    <suite>
      <file>/var/lib/jenkins/workspace/itrust/iTrust/target/surefire-reports/TEST-edu.ncsu.csc.itrust.unit.action.SetSecurityQuestionTest.xml</file>
      <name>edu.ncsu.csc.itrust.unit.action.SetSecurityQuestionTest</name>
      <duration>0.092</duration>
      <time>0.092</time>
      <cases>
        <case>
          <duration>0.023</duration>
          <className>edu.ncsu.csc.itrust.unit.action.SetSecurityQuestionTest</className>
          <testName>testUpdateInformationCorrectly</testName>
          <skipped>false</skipped>
          <failedSince>0</failedSince>
        </case>
        <case>
          <duration>0.023</duration>
          <className>edu.ncsu.csc.itrust.unit.action.SetSecurityQuestionTest</className>
          <testName>testRetriveInformation</testName>
          <skipped>false</skipped>
          <failedSince>0</failedSince>
        </case>
        <case>
          <duration>0.023</duration>
          <className>edu.ncsu.csc.itrust.unit.action.SetSecurityQuestionTest</className>
          <testName>testBadConnection</testName>
          <skipped>false</skipped>
          <failedSince>0</failedSince>
        </case>
        <case>
          <duration>0.02</duration>
          <className>edu.ncsu.csc.itrust.unit.action.SetSecurityQuestionTest</className>
          <testName>testNotUserID</testName>
          <skipped>false</skipped>
          <failedSince>0</failedSince>
        </case>
      </cases>
    </suite>
    <suite>
      <file>/var/lib/jenkins/workspace/itrust/iTrust/target/surefire-reports/TEST-edu.ncsu.csc.itrust.unit.action.UpdateHospitalListActionTest.xml</file>
      <name>edu.ncsu.csc.itrust.unit.action.UpdateHospitalListActionTest</name>
      <duration>0.286</duration>
      <time>0.286</time>
      <cases>
        <case>
          <duration>0.041</duration>
          <className>edu.ncsu.csc.itrust.unit.action.UpdateHospitalListActionTest</className>
          <testName>testAddHospital</testName>
          <skipped>false</skipped>
          <failedSince>0</failedSince>
        </case>
        <case>
          <duration>0.02</duration>
          <className>edu.ncsu.csc.itrust.unit.action.UpdateHospitalListActionTest</className>
          <testName>testEvilFactory2</testName>
          <skipped>false</skipped>
          <failedSince>0</failedSince>
        </case>
        <case>
          <duration>0.027</duration>
          <className>edu.ncsu.csc.itrust.unit.action.UpdateHospitalListActionTest</className>
          <testName>testUpdateAddress</testName>
          <skipped>false</skipped>
          <failedSince>0</failedSince>
        </case>
        <case>
          <duration>0.041</duration>
          <className>edu.ncsu.csc.itrust.unit.action.UpdateHospitalListActionTest</className>
          <testName>testUpdateICDInformation0</testName>
          <skipped>false</skipped>
          <failedSince>0</failedSince>
        </case>
        <case>
          <duration>0.026</duration>
          <className>edu.ncsu.csc.itrust.unit.action.UpdateHospitalListActionTest</className>
          <testName>testEvilFactory</testName>
          <skipped>false</skipped>
          <failedSince>0</failedSince>
        </case>
        <case>
          <duration>0.023</duration>
          <className>edu.ncsu.csc.itrust.unit.action.UpdateHospitalListActionTest</className>
          <testName>testAddAddress</testName>
          <skipped>false</skipped>
          <failedSince>0</failedSince>
        </case>
        <case>
          <duration>0.025</duration>
          <className>edu.ncsu.csc.itrust.unit.action.UpdateHospitalListActionTest</className>
          <testName>testAddHospital2</testName>
          <skipped>false</skipped>
          <failedSince>0</failedSince>
        </case>
        <case>
          <duration>0.033</duration>
          <className>edu.ncsu.csc.itrust.unit.action.UpdateHospitalListActionTest</className>
          <testName>testUpdateNonExistent</testName>
          <skipped>false</skipped>
          <failedSince>0</failedSince>
        </case>
        <case>
          <duration>0.04</duration>
          <className>edu.ncsu.csc.itrust.unit.action.UpdateHospitalListActionTest</className>
          <testName>testAddDuplicate</testName>
          <skipped>false</skipped>
          <failedSince>0</failedSince>
        </case>
      </cases>
    </suite>
    <suite>
      <file>/var/lib/jenkins/workspace/itrust/iTrust/target/surefire-reports/TEST-edu.ncsu.csc.itrust.unit.action.UpdateNDCodeListActionTest.xml</file>
      <name>edu.ncsu.csc.itrust.unit.action.UpdateNDCodeListActionTest</name>
      <duration>0.263</duration>
      <time>0.263</time>
      <cases>
        <case>
          <duration>0.04</duration>
          <className>edu.ncsu.csc.itrust.unit.action.UpdateNDCodeListActionTest</className>
          <testName>testUpdateNDInformation0</testName>
          <skipped>false</skipped>
          <errorStackTrace>junit.framework.ComparisonFailure: expected:&lt;[Success: 1 row(s) updated]&gt; but was:&lt;[Error: Code not found.]&gt;
	at edu.ncsu.csc.itrust.unit.action.UpdateNDCodeListActionTest.testUpdateNDInformation0(UpdateNDCodeListActionTest.java:113)
</errorStackTrace>
          <errorDetails>expected:&lt;[Success: 1 row(s) updated]&gt; but was:&lt;[Error: Code not found.]&gt;</errorDetails>
          <failedSince>7</failedSince>
        </case>
        <case>
          <duration>0.046</duration>
          <className>edu.ncsu.csc.itrust.unit.action.UpdateNDCodeListActionTest</className>
          <testName>testEvilFactory</testName>
          <skipped>false</skipped>
          <failedSince>0</failedSince>
        </case>
        <case>
          <duration>0.032</duration>
          <className>edu.ncsu.csc.itrust.unit.action.UpdateNDCodeListActionTest</className>
          <testName>testRemoveNDCode</testName>
          <skipped>false</skipped>
          <failedSince>0</failedSince>
        </case>
        <case>
          <duration>0.042</duration>
          <className>edu.ncsu.csc.itrust.unit.action.UpdateNDCodeListActionTest</className>
          <testName>testRemoveNonExistent</testName>
          <skipped>false</skipped>
          <failedSince>0</failedSince>
        </case>
        <case>
          <duration>0.038</duration>
          <className>edu.ncsu.csc.itrust.unit.action.UpdateNDCodeListActionTest</className>
          <testName>testAddNDCode</testName>
          <skipped>false</skipped>
          <failedSince>0</failedSince>
        </case>
        <case>
          <duration>0.026</duration>
          <className>edu.ncsu.csc.itrust.unit.action.UpdateNDCodeListActionTest</className>
          <testName>testUpdateNonExistent</testName>
          <skipped>false</skipped>
          <errorStackTrace>junit.framework.ComparisonFailure: expected:&lt;[Error: Code not found.]&gt; but was:&lt;[Success: 0 row(s) updated]&gt;
	at edu.ncsu.csc.itrust.unit.action.UpdateNDCodeListActionTest.testUpdateNonExistent(UpdateNDCodeListActionTest.java:126)
</errorStackTrace>
          <errorDetails>expected:&lt;[Error: Code not found.]&gt; but was:&lt;[Success: 0 row(s) updated]&gt;</errorDetails>
          <failedSince>7</failedSince>
        </case>
        <case>
          <duration>0.035</duration>
          <className>edu.ncsu.csc.itrust.unit.action.UpdateNDCodeListActionTest</className>
          <testName>testAddDuplicate</testName>
          <skipped>false</skipped>
          <failedSince>0</failedSince>
        </case>
      </cases>
    </suite>
    <suite>
      <file>/var/lib/jenkins/workspace/itrust/iTrust/target/surefire-reports/TEST-edu.ncsu.csc.itrust.unit.action.UpdateORCListActionTest.xml</file>
      <name>edu.ncsu.csc.itrust.unit.action.UpdateORCListActionTest</name>
      <duration>0.169</duration>
      <time>0.169</time>
      <cases>
        <case>
          <duration>0.048</duration>
          <className>edu.ncsu.csc.itrust.unit.action.UpdateORCListActionTest</className>
          <testName>testUpdateNDInformation0</testName>
          <skipped>false</skipped>
          <failedSince>0</failedSince>
        </case>
        <case>
          <duration>0.032</duration>
          <className>edu.ncsu.csc.itrust.unit.action.UpdateORCListActionTest</className>
          <testName>testEvilFactory</testName>
          <skipped>false</skipped>
          <failedSince>0</failedSince>
        </case>
        <case>
          <duration>0.039</duration>
          <className>edu.ncsu.csc.itrust.unit.action.UpdateORCListActionTest</className>
          <testName>testAddORCode</testName>
          <skipped>false</skipped>
          <failedSince>0</failedSince>
        </case>
        <case>
          <duration>0.031</duration>
          <className>edu.ncsu.csc.itrust.unit.action.UpdateORCListActionTest</className>
          <testName>testUpdateNonExistent</testName>
          <skipped>false</skipped>
          <failedSince>0</failedSince>
        </case>
        <case>
          <duration>0.019</duration>
          <className>edu.ncsu.csc.itrust.unit.action.UpdateORCListActionTest</className>
          <testName>testAddDuplicate</testName>
          <skipped>false</skipped>
          <failedSince>0</failedSince>
        </case>
      </cases>
    </suite>
    <suite>
      <file>/var/lib/jenkins/workspace/itrust/iTrust/target/surefire-reports/TEST-edu.ncsu.csc.itrust.unit.action.UpdateReasonCodeListActionTest.xml</file>
      <name>edu.ncsu.csc.itrust.unit.action.UpdateReasonCodeListActionTest</name>
      <duration>0.158</duration>
      <time>0.158</time>
      <cases>
        <case>
          <duration>0.021</duration>
          <className>edu.ncsu.csc.itrust.unit.action.UpdateReasonCodeListActionTest</className>
          <testName>testUpdateNDInformation0</testName>
          <skipped>false</skipped>
          <errorStackTrace>junit.framework.ComparisonFailure: expected:&lt;[Success: 1 row(s) updated]&gt; but was:&lt;[Error: Code not found.]&gt;
	at edu.ncsu.csc.itrust.unit.action.UpdateReasonCodeListActionTest.testUpdateNDInformation0(UpdateReasonCodeListActionTest.java:106)
</errorStackTrace>
          <errorDetails>expected:&lt;[Success: 1 row(s) updated]&gt; but was:&lt;[Error: Code not found.]&gt;</errorDetails>
          <failedSince>7</failedSince>
        </case>
        <case>
          <duration>0.019</duration>
          <className>edu.ncsu.csc.itrust.unit.action.UpdateReasonCodeListActionTest</className>
          <testName>testEvilFactory</testName>
          <skipped>false</skipped>
          <failedSince>0</failedSince>
        </case>
        <case>
          <duration>0.022</duration>
          <className>edu.ncsu.csc.itrust.unit.action.UpdateReasonCodeListActionTest</className>
          <testName>testAddNDCode</testName>
          <skipped>false</skipped>
          <failedSince>0</failedSince>
        </case>
        <case>
          <duration>0.036</duration>
          <className>edu.ncsu.csc.itrust.unit.action.UpdateReasonCodeListActionTest</className>
          <testName>testUpdateNonExistent</testName>
          <skipped>false</skipped>
          <errorStackTrace>junit.framework.ComparisonFailure: expected:&lt;[Error: Code not found.]&gt; but was:&lt;[Success: 0 row(s) updated]&gt;
	at edu.ncsu.csc.itrust.unit.action.UpdateReasonCodeListActionTest.testUpdateNonExistent(UpdateReasonCodeListActionTest.java:119)
</errorStackTrace>
          <errorDetails>expected:&lt;[Error: Code not found.]&gt; but was:&lt;[Success: 0 row(s) updated]&gt;</errorDetails>
          <failedSince>7</failedSince>
        </case>
        <case>
          <duration>0.049</duration>
          <className>edu.ncsu.csc.itrust.unit.action.UpdateReasonCodeListActionTest</className>
          <testName>testAddDuplicate</testName>
          <skipped>false</skipped>
          <failedSince>0</failedSince>
        </case>
      </cases>
    </suite>
    <suite>
      <file>/var/lib/jenkins/workspace/itrust/iTrust/target/surefire-reports/TEST-edu.ncsu.csc.itrust.unit.action.VerifyClaimActionTest.xml</file>
      <name>edu.ncsu.csc.itrust.unit.action.VerifyClaimActionTest</name>
      <duration>0.217</duration>
      <time>0.217</time>
      <cases>
        <case>
          <duration>0.059</duration>
          <className>edu.ncsu.csc.itrust.unit.action.VerifyClaimActionTest</className>
          <testName>testDenyClaim</testName>
          <skipped>false</skipped>
          <failedSince>0</failedSince>
        </case>
        <case>
          <duration>0.045</duration>
          <className>edu.ncsu.csc.itrust.unit.action.VerifyClaimActionTest</className>
          <testName>testGetBill</testName>
          <skipped>false</skipped>
          <failedSince>0</failedSince>
        </case>
        <case>
          <duration>0.054</duration>
          <className>edu.ncsu.csc.itrust.unit.action.VerifyClaimActionTest</className>
          <testName>testEvilAction</testName>
          <skipped>false</skipped>
          <failedSince>0</failedSince>
        </case>
        <case>
          <duration>0.053</duration>
          <className>edu.ncsu.csc.itrust.unit.action.VerifyClaimActionTest</className>
          <testName>testApproveClaim</testName>
          <skipped>false</skipped>
          <failedSince>0</failedSince>
        </case>
      </cases>
    </suite>
    <suite>
      <file>/var/lib/jenkins/workspace/itrust/iTrust/target/surefire-reports/TEST-edu.ncsu.csc.itrust.unit.action.ViewApptRequestsActionTest.xml</file>
      <name>edu.ncsu.csc.itrust.unit.action.ViewApptRequestsActionTest</name>
      <duration>0.333</duration>
      <time>0.333</time>
      <cases>
        <case>
          <duration>0.142</duration>
          <className>edu.ncsu.csc.itrust.unit.action.ViewApptRequestsActionTest</className>
          <testName>testRejectApptRequest</testName>
          <skipped>false</skipped>
          <failedSince>0</failedSince>
        </case>
        <case>
          <duration>0.112</duration>
          <className>edu.ncsu.csc.itrust.unit.action.ViewApptRequestsActionTest</className>
          <testName>testAcceptApptRequest</testName>
          <skipped>false</skipped>
          <failedSince>0</failedSince>
        </case>
        <case>
          <duration>0.075</duration>
          <className>edu.ncsu.csc.itrust.unit.action.ViewApptRequestsActionTest</className>
          <testName>testGetApptRequests</testName>
          <skipped>false</skipped>
          <failedSince>0</failedSince>
        </case>
      </cases>
    </suite>
    <suite>
      <file>/var/lib/jenkins/workspace/itrust/iTrust/target/surefire-reports/TEST-edu.ncsu.csc.itrust.unit.action.ViewClaimsActionTest.xml</file>
      <name>edu.ncsu.csc.itrust.unit.action.ViewClaimsActionTest</name>
      <duration>0.319</duration>
      <time>0.319</time>
      <cases>
        <case>
          <duration>0.086</duration>
          <className>edu.ncsu.csc.itrust.unit.action.ViewClaimsActionTest</className>
          <testName>testGetDate</testName>
          <skipped>false</skipped>
          <failedSince>0</failedSince>
        </case>
        <case>
          <duration>0.087</duration>
          <className>edu.ncsu.csc.itrust.unit.action.ViewClaimsActionTest</className>
          <testName>testEvilAction</testName>
          <skipped>false</skipped>
          <failedSince>0</failedSince>
        </case>
        <case>
          <duration>0.072</duration>
          <className>edu.ncsu.csc.itrust.unit.action.ViewClaimsActionTest</className>
          <testName>testGetClaims</testName>
          <skipped>false</skipped>
          <failedSince>0</failedSince>
        </case>
        <case>
          <duration>0.069</duration>
          <className>edu.ncsu.csc.itrust.unit.action.ViewClaimsActionTest</className>
          <testName>testGetSubmitter</testName>
          <skipped>false</skipped>
          <failedSince>0</failedSince>
        </case>
      </cases>
    </suite>
    <suite>
      <file>/var/lib/jenkins/workspace/itrust/iTrust/target/surefire-reports/TEST-edu.ncsu.csc.itrust.unit.action.ViewHelperActionTest.xml</file>
      <name>edu.ncsu.csc.itrust.unit.action.ViewHelperActionTest</name>
      <duration>0.004</duration>
      <time>0.004</time>
      <cases>
        <case>
          <duration>0.003</duration>
          <className>edu.ncsu.csc.itrust.unit.action.ViewHelperActionTest</className>
          <testName>testUpdateUserPrefs</testName>
          <skipped>false</skipped>
          <errorStackTrace>junit.framework.AssertionFailedError
	at edu.ncsu.csc.itrust.unit.action.ViewHelperActionTest.testUpdateUserPrefs(ViewHelperActionTest.java:17)
</errorStackTrace>
          <failedSince>8</failedSince>
        </case>
      </cases>
    </suite>
    <suite>
      <file>/var/lib/jenkins/workspace/itrust/iTrust/target/surefire-reports/TEST-edu.ncsu.csc.itrust.unit.action.ViewMyAccessLogActionTest.xml</file>
      <name>edu.ncsu.csc.itrust.unit.action.ViewMyAccessLogActionTest</name>
      <duration>0.357</duration>
      <time>0.357</time>
      <cases>
        <case>
          <duration>0.04</duration>
          <className>edu.ncsu.csc.itrust.unit.action.ViewMyAccessLogActionTest</className>
          <testName>testDefaultNoList</testName>
          <skipped>false</skipped>
          <failedSince>0</failedSince>
        </case>
        <case>
          <duration>0.043</duration>
          <className>edu.ncsu.csc.itrust.unit.action.ViewMyAccessLogActionTest</className>
          <testName>testGetAccessesIllegalUser</testName>
          <skipped>false</skipped>
          <failedSince>0</failedSince>
        </case>
        <case>
          <duration>0.047</duration>
          <className>edu.ncsu.csc.itrust.unit.action.ViewMyAccessLogActionTest</className>
          <testName>testNoProblems</testName>
          <skipped>false</skipped>
          <failedSince>0</failedSince>
        </case>
        <case>
          <duration>0.047</duration>
          <className>edu.ncsu.csc.itrust.unit.action.ViewMyAccessLogActionTest</className>
          <testName>testDLHCPAccessesHidden</testName>
          <skipped>false</skipped>
          <failedSince>0</failedSince>
        </case>
        <case>
          <duration>0.037</duration>
          <className>edu.ncsu.csc.itrust.unit.action.ViewMyAccessLogActionTest</className>
          <testName>testDefaultWithList</testName>
          <skipped>false</skipped>
          <failedSince>0</failedSince>
        </case>
        <case>
          <duration>0.041</duration>
          <className>edu.ncsu.csc.itrust.unit.action.ViewMyAccessLogActionTest</className>
          <testName>testGetAccessesBadData</testName>
          <skipped>false</skipped>
          <failedSince>0</failedSince>
        </case>
        <case>
          <duration>0.047</duration>
          <className>edu.ncsu.csc.itrust.unit.action.ViewMyAccessLogActionTest</className>
          <testName>testNoProblemsDependentLog</testName>
          <skipped>false</skipped>
          <failedSince>0</failedSince>
        </case>
        <case>
          <duration>0.045</duration>
          <className>edu.ncsu.csc.itrust.unit.action.ViewMyAccessLogActionTest</className>
          <testName>testGetAccessesByRole</testName>
          <skipped>false</skipped>
          <failedSince>0</failedSince>
        </case>
      </cases>
    </suite>
    <suite>
      <file>/var/lib/jenkins/workspace/itrust/iTrust/target/surefire-reports/TEST-edu.ncsu.csc.itrust.unit.action.ViewMyApptsActionTest.xml</file>
      <name>edu.ncsu.csc.itrust.unit.action.ViewMyApptsActionTest</name>
      <duration>0.49</duration>
      <time>0.49</time>
      <cases>
        <case>
          <duration>0.178</duration>
          <className>edu.ncsu.csc.itrust.unit.action.ViewMyApptsActionTest</className>
          <testName>testGetName2</testName>
          <skipped>false</skipped>
          <errorStackTrace>edu.ncsu.csc.itrust.exception.ITrustException: User does not exist
	at edu.ncsu.csc.itrust.unit.action.ViewMyApptsActionTest.testGetName2(ViewMyApptsActionTest.java:38)
</errorStackTrace>
          <errorDetails>User does not exist</errorDetails>
          <stderr>edu.ncsu.csc.itrust.exception.DBException: A database exception has occurred. Please see the log in the console for stacktrace
	at edu.ncsu.csc.itrust.model.old.dao.mysql.TransactionDAO.logTransaction(TransactionDAO.java:99)
	at edu.ncsu.csc.itrust.logger.TransactionLogger.logTransaction(TransactionLogger.java:40)
	at edu.ncsu.csc.itrust.action.ViewMyApptsAction.&lt;init&gt;(ViewMyApptsAction.java:18)
	at edu.ncsu.csc.itrust.unit.action.ViewMyApptsActionTest.setUp(ViewMyApptsActionTest.java:26)
	at junit.framework.TestCase.runBare(TestCase.java:139)
	at junit.framework.TestResult$1.protect(TestResult.java:122)
	at junit.framework.TestResult.runProtected(TestResult.java:142)
	at junit.framework.TestResult.run(TestResult.java:125)
	at junit.framework.TestCase.run(TestCase.java:129)
	at junit.framework.TestSuite.runTest(TestSuite.java:252)
	at junit.framework.TestSuite.run(TestSuite.java:247)
	at org.junit.internal.runners.JUnit38ClassRunner.run(JUnit38ClassRunner.java:86)
	at org.apache.maven.surefire.junit4.JUnit4Provider.execute(JUnit4Provider.java:344)
	at org.apache.maven.surefire.junit4.JUnit4Provider.executeWithRerun(JUnit4Provider.java:269)
	at org.apache.maven.surefire.junit4.JUnit4Provider.executeTestSet(JUnit4Provider.java:240)
	at org.apache.maven.surefire.junit4.JUnit4Provider.invoke(JUnit4Provider.java:184)
	at org.apache.maven.surefire.booter.ForkedBooter.invokeProviderInSameClassLoader(ForkedBooter.java:286)
	at org.apache.maven.surefire.booter.ForkedBooter.runSuitesInProcess(ForkedBooter.java:240)
	at org.apache.maven.surefire.booter.ForkedBooter.main(ForkedBooter.java:121)
edu.ncsu.csc.itrust.exception.DBException: A database exception has occurred. Please see the log in the console for stacktrace
	at edu.ncsu.csc.itrust.model.old.dao.mysql.TransactionDAO.logTransaction(TransactionDAO.java:99)
	at edu.ncsu.csc.itrust.logger.TransactionLogger.logTransaction(TransactionLogger.java:40)
	at edu.ncsu.csc.itrust.action.ViewMyApptsAction.&lt;init&gt;(ViewMyApptsAction.java:19)
	at edu.ncsu.csc.itrust.unit.action.ViewMyApptsActionTest.setUp(ViewMyApptsActionTest.java:26)
	at junit.framework.TestCase.runBare(TestCase.java:139)
	at junit.framework.TestResult$1.protect(TestResult.java:122)
	at junit.framework.TestResult.runProtected(TestResult.java:142)
	at junit.framework.TestResult.run(TestResult.java:125)
	at junit.framework.TestCase.run(TestCase.java:129)
	at junit.framework.TestSuite.runTest(TestSuite.java:252)
	at junit.framework.TestSuite.run(TestSuite.java:247)
	at org.junit.internal.runners.JUnit38ClassRunner.run(JUnit38ClassRunner.java:86)
	at org.apache.maven.surefire.junit4.JUnit4Provider.execute(JUnit4Provider.java:344)
	at org.apache.maven.surefire.junit4.JUnit4Provider.executeWithRerun(JUnit4Provider.java:269)
	at org.apache.maven.surefire.junit4.JUnit4Provider.executeTestSet(JUnit4Provider.java:240)
	at org.apache.maven.surefire.junit4.JUnit4Provider.invoke(JUnit4Provider.java:184)
	at org.apache.maven.surefire.booter.ForkedBooter.invokeProviderInSameClassLoader(ForkedBooter.java:286)
	at org.apache.maven.surefire.booter.ForkedBooter.runSuitesInProcess(ForkedBooter.java:240)
	at org.apache.maven.surefire.booter.ForkedBooter.main(ForkedBooter.java:121)
</stderr>
          <failedSince>7</failedSince>
        </case>
        <case>
          <duration>0.156</duration>
          <className>edu.ncsu.csc.itrust.unit.action.ViewMyApptsActionTest</className>
          <testName>testGetMyAppointments</testName>
          <skipped>false</skipped>
          <failedSince>0</failedSince>
        </case>
        <case>
          <duration>0.147</duration>
          <className>edu.ncsu.csc.itrust.unit.action.ViewMyApptsActionTest</className>
          <testName>testGetName</testName>
          <skipped>false</skipped>
          <errorStackTrace>edu.ncsu.csc.itrust.exception.ITrustException: User does not exist
	at edu.ncsu.csc.itrust.unit.action.ViewMyApptsActionTest.testGetName(ViewMyApptsActionTest.java:34)
</errorStackTrace>
          <errorDetails>User does not exist</errorDetails>
          <stderr>edu.ncsu.csc.itrust.exception.DBException: A database exception has occurred. Please see the log in the console for stacktrace
	at edu.ncsu.csc.itrust.model.old.dao.mysql.TransactionDAO.logTransaction(TransactionDAO.java:99)
	at edu.ncsu.csc.itrust.logger.TransactionLogger.logTransaction(TransactionLogger.java:40)
	at edu.ncsu.csc.itrust.action.ViewMyApptsAction.&lt;init&gt;(ViewMyApptsAction.java:18)
	at edu.ncsu.csc.itrust.unit.action.ViewMyApptsActionTest.setUp(ViewMyApptsActionTest.java:26)
	at junit.framework.TestCase.runBare(TestCase.java:139)
	at junit.framework.TestResult$1.protect(TestResult.java:122)
	at junit.framework.TestResult.runProtected(TestResult.java:142)
	at junit.framework.TestResult.run(TestResult.java:125)
	at junit.framework.TestCase.run(TestCase.java:129)
	at junit.framework.TestSuite.runTest(TestSuite.java:252)
	at junit.framework.TestSuite.run(TestSuite.java:247)
	at org.junit.internal.runners.JUnit38ClassRunner.run(JUnit38ClassRunner.java:86)
	at org.apache.maven.surefire.junit4.JUnit4Provider.execute(JUnit4Provider.java:344)
	at org.apache.maven.surefire.junit4.JUnit4Provider.executeWithRerun(JUnit4Provider.java:269)
	at org.apache.maven.surefire.junit4.JUnit4Provider.executeTestSet(JUnit4Provider.java:240)
	at org.apache.maven.surefire.junit4.JUnit4Provider.invoke(JUnit4Provider.java:184)
	at org.apache.maven.surefire.booter.ForkedBooter.invokeProviderInSameClassLoader(ForkedBooter.java:286)
	at org.apache.maven.surefire.booter.ForkedBooter.runSuitesInProcess(ForkedBooter.java:240)
	at org.apache.maven.surefire.booter.ForkedBooter.main(ForkedBooter.java:121)
edu.ncsu.csc.itrust.exception.DBException: A database exception has occurred. Please see the log in the console for stacktrace
	at edu.ncsu.csc.itrust.model.old.dao.mysql.TransactionDAO.logTransaction(TransactionDAO.java:99)
	at edu.ncsu.csc.itrust.logger.TransactionLogger.logTransaction(TransactionLogger.java:40)
	at edu.ncsu.csc.itrust.action.ViewMyApptsAction.&lt;init&gt;(ViewMyApptsAction.java:19)
	at edu.ncsu.csc.itrust.unit.action.ViewMyApptsActionTest.setUp(ViewMyApptsActionTest.java:26)
	at junit.framework.TestCase.runBare(TestCase.java:139)
	at junit.framework.TestResult$1.protect(TestResult.java:122)
	at junit.framework.TestResult.runProtected(TestResult.java:142)
	at junit.framework.TestResult.run(TestResult.java:125)
	at junit.framework.TestCase.run(TestCase.java:129)
	at junit.framework.TestSuite.runTest(TestSuite.java:252)
	at junit.framework.TestSuite.run(TestSuite.java:247)
	at org.junit.internal.runners.JUnit38ClassRunner.run(JUnit38ClassRunner.java:86)
	at org.apache.maven.surefire.junit4.JUnit4Provider.execute(JUnit4Provider.java:344)
	at org.apache.maven.surefire.junit4.JUnit4Provider.executeWithRerun(JUnit4Provider.java:269)
	at org.apache.maven.surefire.junit4.JUnit4Provider.executeTestSet(JUnit4Provider.java:240)
	at org.apache.maven.surefire.junit4.JUnit4Provider.invoke(JUnit4Provider.java:184)
	at org.apache.maven.surefire.booter.ForkedBooter.invokeProviderInSameClassLoader(ForkedBooter.java:286)
	at org.apache.maven.surefire.booter.ForkedBooter.runSuitesInProcess(ForkedBooter.java:240)
	at org.apache.maven.surefire.booter.ForkedBooter.main(ForkedBooter.java:121)
</stderr>
          <failedSince>7</failedSince>
        </case>
      </cases>
    </suite>
    <suite>
      <file>/var/lib/jenkins/workspace/itrust/iTrust/target/surefire-reports/TEST-edu.ncsu.csc.itrust.unit.action.ViewMyBillingActionTest.xml</file>
      <name>edu.ncsu.csc.itrust.unit.action.ViewMyBillingActionTest</name>
      <duration>0.364</duration>
      <time>0.364</time>
      <cases>
        <case>
          <duration>0.164</duration>
          <className>edu.ncsu.csc.itrust.unit.action.ViewMyBillingActionTest</className>
          <testName>testGetMyUnpaidBills</testName>
          <skipped>false</skipped>
          <failedSince>0</failedSince>
        </case>
        <case>
          <duration>0.199</duration>
          <className>edu.ncsu.csc.itrust.unit.action.ViewMyBillingActionTest</className>
          <testName>testGetAllMyBills</testName>
          <skipped>false</skipped>
          <failedSince>0</failedSince>
        </case>
      </cases>
    </suite>
    <suite>
      <file>/var/lib/jenkins/workspace/itrust/iTrust/target/surefire-reports/TEST-edu.ncsu.csc.itrust.unit.action.ViewMyMessagesActionTest.xml</file>
      <name>edu.ncsu.csc.itrust.unit.action.ViewMyMessagesActionTest</name>
      <duration>2.559</duration>
      <time>2.559</time>
      <cases>
        <case>
          <duration>0.226</duration>
          <className>edu.ncsu.csc.itrust.unit.action.ViewMyMessagesActionTest</className>
          <testName>testAddMessage</testName>
          <skipped>false</skipped>
          <failedSince>0</failedSince>
        </case>
        <case>
          <duration>0.173</duration>
          <className>edu.ncsu.csc.itrust.unit.action.ViewMyMessagesActionTest</className>
          <testName>testFilterMessages</testName>
          <skipped>false</skipped>
          <failedSince>0</failedSince>
        </case>
        <case>
          <duration>0.182</duration>
          <className>edu.ncsu.csc.itrust.unit.action.ViewMyMessagesActionTest</className>
          <testName>testGetAllMySentMessages</testName>
          <skipped>false</skipped>
          <failedSince>0</failedSince>
        </case>
        <case>
          <duration>0.187</duration>
          <className>edu.ncsu.csc.itrust.unit.action.ViewMyMessagesActionTest</className>
          <testName>testGetPatientName</testName>
          <skipped>false</skipped>
          <failedSince>0</failedSince>
        </case>
        <case>
          <duration>0.259</duration>
          <className>edu.ncsu.csc.itrust.unit.action.ViewMyMessagesActionTest</className>
          <testName>testGetAllMyMessagesFromTimeAscending</testName>
          <skipped>false</skipped>
          <failedSince>0</failedSince>
        </case>
        <case>
          <duration>0.166</duration>
          <className>edu.ncsu.csc.itrust.unit.action.ViewMyMessagesActionTest</className>
          <testName>testGetAllMyMessagesFromNameDescending</testName>
          <skipped>false</skipped>
          <failedSince>0</failedSince>
        </case>
        <case>
          <duration>0.14</duration>
          <className>edu.ncsu.csc.itrust.unit.action.ViewMyMessagesActionTest</className>
          <testName>testUpdateRead</testName>
          <skipped>false</skipped>
          <failedSince>0</failedSince>
        </case>
        <case>
          <duration>0.142</duration>
          <className>edu.ncsu.csc.itrust.unit.action.ViewMyMessagesActionTest</className>
          <testName>testGetCCdMessages</testName>
          <skipped>false</skipped>
          <failedSince>0</failedSince>
        </case>
        <case>
          <duration>0.163</duration>
          <className>edu.ncsu.csc.itrust.unit.action.ViewMyMessagesActionTest</className>
          <testName>testGetAllMyMessagesFromNameAscending</testName>
          <skipped>false</skipped>
          <failedSince>0</failedSince>
        </case>
        <case>
          <duration>0.113</duration>
          <className>edu.ncsu.csc.itrust.unit.action.ViewMyMessagesActionTest</className>
          <testName>testThrowsExceptions</testName>
          <skipped>false</skipped>
          <failedSince>0</failedSince>
        </case>
        <case>
          <duration>0.113</duration>
          <className>edu.ncsu.csc.itrust.unit.action.ViewMyMessagesActionTest</className>
          <testName>testGetAllMyMessagesTimeAscending</testName>
          <skipped>false</skipped>
          <failedSince>0</failedSince>
        </case>
        <case>
          <duration>0.129</duration>
          <className>edu.ncsu.csc.itrust.unit.action.ViewMyMessagesActionTest</className>
          <testName>testGetAllMyMessagesNameDescending</testName>
          <skipped>false</skipped>
          <failedSince>0</failedSince>
        </case>
        <case>
          <duration>0.129</duration>
          <className>edu.ncsu.csc.itrust.unit.action.ViewMyMessagesActionTest</className>
          <testName>testGetAllMyMessagesNameAscending</testName>
          <skipped>false</skipped>
          <failedSince>0</failedSince>
        </case>
        <case>
          <duration>0.099</duration>
          <className>edu.ncsu.csc.itrust.unit.action.ViewMyMessagesActionTest</className>
          <testName>testGetPersonnelName</testName>
          <skipped>false</skipped>
          <failedSince>0</failedSince>
        </case>
        <case>
          <duration>0.122</duration>
          <className>edu.ncsu.csc.itrust.unit.action.ViewMyMessagesActionTest</className>
          <testName>testGetUnreadCount</testName>
          <skipped>false</skipped>
          <failedSince>0</failedSince>
        </case>
        <case>
          <duration>0.204</duration>
          <className>edu.ncsu.csc.itrust.unit.action.ViewMyMessagesActionTest</className>
          <testName>testGetAllMyMessages</testName>
          <skipped>false</skipped>
          <failedSince>0</failedSince>
        </case>
      </cases>
    </suite>
    <suite>
      <file>/var/lib/jenkins/workspace/itrust/iTrust/target/surefire-reports/TEST-edu.ncsu.csc.itrust.unit.action.ViewMyRemoteMonitoringListActionTest.xml</file>
      <name>edu.ncsu.csc.itrust.unit.action.ViewMyRemoteMonitoringListActionTest</name>
      <duration>0.195</duration>
      <time>0.195</time>
      <cases>
        <case>
          <duration>0.054</duration>
          <className>edu.ncsu.csc.itrust.unit.action.ViewMyRemoteMonitoringListActionTest</className>
          <testName>testGetPatientDataByDate</testName>
          <skipped>false</skipped>
          <failedSince>0</failedSince>
        </case>
        <case>
          <duration>0.029</duration>
          <className>edu.ncsu.csc.itrust.unit.action.ViewMyRemoteMonitoringListActionTest</className>
          <testName>testGetPatientDataByType</testName>
          <skipped>false</skipped>
          <failedSince>0</failedSince>
        </case>
        <case>
          <duration>0.041</duration>
          <className>edu.ncsu.csc.itrust.unit.action.ViewMyRemoteMonitoringListActionTest</className>
          <testName>testGetPatientData</testName>
          <skipped>false</skipped>
          <failedSince>0</failedSince>
        </case>
        <case>
          <duration>0.036</duration>
          <className>edu.ncsu.csc.itrust.unit.action.ViewMyRemoteMonitoringListActionTest</className>
          <testName>testGetPatientName</testName>
          <skipped>false</skipped>
          <failedSince>0</failedSince>
        </case>
        <case>
          <duration>0.029</duration>
          <className>edu.ncsu.csc.itrust.unit.action.ViewMyRemoteMonitoringListActionTest</className>
          <testName>testIllegalGetPatientDataByDate1</testName>
          <skipped>false</skipped>
          <failedSince>0</failedSince>
        </case>
      </cases>
    </suite>
    <suite>
      <file>/var/lib/jenkins/workspace/itrust/iTrust/target/surefire-reports/TEST-edu.ncsu.csc.itrust.unit.action.ViewMyReportRequestsActionTest.xml</file>
      <name>edu.ncsu.csc.itrust.unit.action.ViewMyReportRequestsActionTest</name>
      <duration>0.292</duration>
      <time>0.292</time>
      <cases>
        <case>
          <duration>0.04</duration>
          <className>edu.ncsu.csc.itrust.unit.action.ViewMyReportRequestsActionTest</className>
          <testName>testInsertReport1</testName>
          <skipped>false</skipped>
          <failedSince>0</failedSince>
        </case>
        <case>
          <duration>0.029</duration>
          <className>edu.ncsu.csc.itrust.unit.action.ViewMyReportRequestsActionTest</className>
          <testName>testInsertReport2</testName>
          <skipped>false</skipped>
          <failedSince>0</failedSince>
        </case>
        <case>
          <duration>0.032</duration>
          <className>edu.ncsu.csc.itrust.unit.action.ViewMyReportRequestsActionTest</className>
          <testName>testSetViewedToZero</testName>
          <skipped>false</skipped>
          <failedSince>0</failedSince>
        </case>
        <case>
          <duration>0.05</duration>
          <className>edu.ncsu.csc.itrust.unit.action.ViewMyReportRequestsActionTest</className>
          <testName>testGetReportRequests3</testName>
          <skipped>false</skipped>
          <failedSince>0</failedSince>
        </case>
        <case>
          <duration>0.028</duration>
          <className>edu.ncsu.csc.itrust.unit.action.ViewMyReportRequestsActionTest</className>
          <testName>testGetEvilReportRequest</testName>
          <skipped>false</skipped>
          <failedSince>0</failedSince>
        </case>
        <case>
          <duration>0.04</duration>
          <className>edu.ncsu.csc.itrust.unit.action.ViewMyReportRequestsActionTest</className>
          <testName>testGetLongStatus</testName>
          <skipped>false</skipped>
          <failedSince>0</failedSince>
        </case>
        <case>
          <duration>0.032</duration>
          <className>edu.ncsu.csc.itrust.unit.action.ViewMyReportRequestsActionTest</className>
          <testName>testGetReportRequestForID3</testName>
          <skipped>false</skipped>
          <failedSince>0</failedSince>
        </case>
        <case>
          <duration>0.03</duration>
          <className>edu.ncsu.csc.itrust.unit.action.ViewMyReportRequestsActionTest</className>
          <testName>testGetReportRequestForID4</testName>
          <skipped>false</skipped>
          <failedSince>0</failedSince>
        </case>
      </cases>
    </suite>
    <suite>
      <file>/var/lib/jenkins/workspace/itrust/iTrust/target/surefire-reports/TEST-edu.ncsu.csc.itrust.unit.action.ViewNumberOfPendingAppointmentsActionTest.xml</file>
      <name>edu.ncsu.csc.itrust.unit.action.ViewNumberOfPendingAppointmentsActionTest</name>
      <duration>0.134</duration>
      <time>0.134</time>
      <cases>
        <case>
          <duration>0.13</duration>
          <className>edu.ncsu.csc.itrust.unit.action.ViewNumberOfPendingAppointmentsActionTest</className>
          <testName>testGetNumRequest</testName>
          <skipped>false</skipped>
          <failedSince>0</failedSince>
        </case>
      </cases>
    </suite>
    <suite>
      <file>/var/lib/jenkins/workspace/itrust/iTrust/target/surefire-reports/TEST-edu.ncsu.csc.itrust.unit.action.ViewPatientActionTest.xml</file>
      <name>edu.ncsu.csc.itrust.unit.action.ViewPatientActionTest</name>
      <duration>0.102</duration>
      <time>0.102</time>
      <cases>
        <case>
          <duration>0.035</duration>
          <className>edu.ncsu.csc.itrust.unit.action.ViewPatientActionTest</className>
          <testName>testGetViewablePatients</testName>
          <skipped>false</skipped>
          <failedSince>0</failedSince>
        </case>
        <case>
          <duration>0.064</duration>
          <className>edu.ncsu.csc.itrust.unit.action.ViewPatientActionTest</className>
          <testName>testGetPatient</testName>
          <skipped>false</skipped>
          <failedSince>0</failedSince>
        </case>
      </cases>
    </suite>
    <suite>
      <file>/var/lib/jenkins/workspace/itrust/iTrust/target/surefire-reports/TEST-edu.ncsu.csc.itrust.unit.action.ViewPersonnelActionTest.xml</file>
      <name>edu.ncsu.csc.itrust.unit.action.ViewPersonnelActionTest</name>
      <duration>0.085</duration>
      <time>0.085</time>
      <cases>
        <case>
          <duration>0.027</duration>
          <className>edu.ncsu.csc.itrust.unit.action.ViewPersonnelActionTest</className>
          <testName>testViewPersonnel</testName>
          <skipped>false</skipped>
          <failedSince>0</failedSince>
        </case>
        <case>
          <duration>0.033</duration>
          <className>edu.ncsu.csc.itrust.unit.action.ViewPersonnelActionTest</className>
          <testName>testNotANumber</testName>
          <skipped>false</skipped>
          <failedSince>0</failedSince>
        </case>
        <case>
          <duration>0.024</duration>
          <className>edu.ncsu.csc.itrust.unit.action.ViewPersonnelActionTest</className>
          <testName>testNoPersonnel</testName>
          <skipped>false</skipped>
          <failedSince>0</failedSince>
        </case>
      </cases>
    </suite>
    <suite>
      <file>/var/lib/jenkins/workspace/itrust/iTrust/target/surefire-reports/TEST-edu.ncsu.csc.itrust.unit.action.ViewReportActionTest.xml</file>
      <name>edu.ncsu.csc.itrust.unit.action.ViewReportActionTest</name>
      <duration>0.122</duration>
      <time>0.122</time>
      <cases>
        <case>
          <duration>0.036</duration>
          <className>edu.ncsu.csc.itrust.unit.action.ViewReportActionTest</className>
          <testName>testGetPatientl</testName>
          <skipped>false</skipped>
          <failedSince>0</failedSince>
        </case>
        <case>
          <duration>0.036</duration>
          <className>edu.ncsu.csc.itrust.unit.action.ViewReportActionTest</className>
          <testName>testGetDeclaredHCPs</testName>
          <skipped>false</skipped>
          <failedSince>0</failedSince>
        </case>
        <case>
          <duration>0.025</duration>
          <className>edu.ncsu.csc.itrust.unit.action.ViewReportActionTest</className>
          <testName>testGetPersonnel</testName>
          <skipped>false</skipped>
          <failedSince>0</failedSince>
        </case>
      </cases>
    </suite>
    <suite>
      <file>/var/lib/jenkins/workspace/itrust/iTrust/target/surefire-reports/TEST-edu.ncsu.csc.itrust.unit.action.ZipCodeActionTest.xml</file>
      <name>edu.ncsu.csc.itrust.unit.action.ZipCodeActionTest</name>
      <duration>0.109</duration>
      <time>0.109</time>
      <cases>
        <case>
          <duration>0.107</duration>
          <className>edu.ncsu.csc.itrust.unit.action.ZipCodeActionTest</className>
          <testName>testGetExperts</testName>
          <skipped>false</skipped>
          <failedSince>0</failedSince>
        </case>
      </cases>
    </suite>
    <suite>
      <file>/var/lib/jenkins/workspace/itrust/iTrust/target/surefire-reports/TEST-edu.ncsu.csc.itrust.unit.bean.AllergyBeanTest.xml</file>
      <name>edu.ncsu.csc.itrust.unit.bean.AllergyBeanTest</name>
      <duration>0.011</duration>
      <time>0.011</time>
      <cases>
        <case>
          <duration>0.01</duration>
          <className>edu.ncsu.csc.itrust.unit.bean.AllergyBeanTest</className>
          <testName>testGetID</testName>
          <skipped>false</skipped>
          <failedSince>0</failedSince>
        </case>
        <case>
          <duration>0.001</duration>
          <className>edu.ncsu.csc.itrust.unit.bean.AllergyBeanTest</className>
          <testName>testFirstFound</testName>
          <skipped>false</skipped>
          <failedSince>0</failedSince>
        </case>
        <case>
          <duration>0.0</duration>
          <className>edu.ncsu.csc.itrust.unit.bean.AllergyBeanTest</className>
          <testName>testInvalidFirstFound</testName>
          <skipped>false</skipped>
          <failedSince>0</failedSince>
        </case>
      </cases>
    </suite>
    <suite>
      <file>/var/lib/jenkins/workspace/itrust/iTrust/target/surefire-reports/TEST-edu.ncsu.csc.itrust.unit.bean.ApptRequestBeanTest.xml</file>
      <name>edu.ncsu.csc.itrust.unit.bean.ApptRequestBeanTest</name>
      <duration>0.021</duration>
      <time>0.021</time>
      <cases>
        <case>
          <duration>0.019</duration>
          <className>edu.ncsu.csc.itrust.unit.bean.ApptRequestBeanTest</className>
          <testName>testAccepted</testName>
          <skipped>false</skipped>
          <failedSince>0</failedSince>
        </case>
        <case>
          <duration>0.0</duration>
          <className>edu.ncsu.csc.itrust.unit.bean.ApptRequestBeanTest</className>
          <testName>testPending</testName>
          <skipped>false</skipped>
          <failedSince>0</failedSince>
        </case>
        <case>
          <duration>0.001</duration>
          <className>edu.ncsu.csc.itrust.unit.bean.ApptRequestBeanTest</className>
          <testName>testGetRequestedAppt</testName>
          <skipped>false</skipped>
          <failedSince>0</failedSince>
        </case>
      </cases>
    </suite>
    <suite>
      <file>/var/lib/jenkins/workspace/itrust/iTrust/target/surefire-reports/TEST-edu.ncsu.csc.itrust.unit.bean.BeanLoaderTest.xml</file>
      <name>edu.ncsu.csc.itrust.unit.bean.BeanLoaderTest</name>
      <duration>0.013</duration>
      <time>0.013</time>
      <cases>
        <case>
          <duration>0.012</duration>
          <className>edu.ncsu.csc.itrust.unit.bean.BeanLoaderTest</className>
          <testName>testLoadParameters</testName>
          <skipped>false</skipped>
          <failedSince>0</failedSince>
        </case>
      </cases>
    </suite>
    <suite>
      <file>/var/lib/jenkins/workspace/itrust/iTrust/target/surefire-reports/TEST-edu.ncsu.csc.itrust.unit.bean.BillingBeanLoaderTest.xml</file>
      <name>edu.ncsu.csc.itrust.unit.bean.BillingBeanLoaderTest</name>
      <duration>0.014</duration>
      <time>0.014</time>
      <cases>
        <case>
          <duration>0.006</duration>
          <className>edu.ncsu.csc.itrust.unit.bean.BillingBeanLoaderTest</className>
          <testName>testLoadList</testName>
          <skipped>false</skipped>
          <failedSince>0</failedSince>
        </case>
        <case>
          <duration>0.007</duration>
          <className>edu.ncsu.csc.itrust.unit.bean.BillingBeanLoaderTest</className>
          <testName>testLoadSingle</testName>
          <skipped>false</skipped>
          <failedSince>0</failedSince>
        </case>
        <case>
          <duration>0.0</duration>
          <className>edu.ncsu.csc.itrust.unit.bean.BillingBeanLoaderTest</className>
          <testName>testLoadParameters</testName>
          <skipped>false</skipped>
          <failedSince>0</failedSince>
        </case>
      </cases>
    </suite>
    <suite>
      <file>/var/lib/jenkins/workspace/itrust/iTrust/target/surefire-reports/TEST-edu.ncsu.csc.itrust.unit.bean.DistanceComparatorTest.xml</file>
      <name>edu.ncsu.csc.itrust.unit.bean.DistanceComparatorTest</name>
      <duration>0.68</duration>
      <time>0.68</time>
      <cases>
        <case>
          <duration>0.188</duration>
          <className>edu.ncsu.csc.itrust.unit.bean.DistanceComparatorTest</className>
          <testName>testComparatorEvil</testName>
          <skipped>false</skipped>
          <failedSince>0</failedSince>
        </case>
        <case>
          <duration>0.258</duration>
          <className>edu.ncsu.csc.itrust.unit.bean.DistanceComparatorTest</className>
          <testName>testComparator</testName>
          <skipped>false</skipped>
          <failedSince>0</failedSince>
        </case>
        <case>
          <duration>0.233</duration>
          <className>edu.ncsu.csc.itrust.unit.bean.DistanceComparatorTest</className>
          <testName>testError</testName>
          <skipped>false</skipped>
          <failedSince>0</failedSince>
        </case>
      </cases>
    </suite>
    <suite>
      <file>/var/lib/jenkins/workspace/itrust/iTrust/target/surefire-reports/TEST-edu.ncsu.csc.itrust.unit.bean.EmailBeanTest.xml</file>
      <name>edu.ncsu.csc.itrust.unit.bean.EmailBeanTest</name>
      <duration>0.013</duration>
      <time>0.013</time>
      <cases>
        <case>
          <duration>0.0</duration>
          <className>edu.ncsu.csc.itrust.unit.bean.EmailBeanTest</className>
          <testName>testAttributes</testName>
          <skipped>false</skipped>
          <failedSince>0</failedSince>
        </case>
        <case>
          <duration>0.001</duration>
          <className>edu.ncsu.csc.itrust.unit.bean.EmailBeanTest</className>
          <testName>testMakeStr</testName>
          <skipped>false</skipped>
          <failedSince>0</failedSince>
        </case>
        <case>
          <duration>0.0</duration>
          <className>edu.ncsu.csc.itrust.unit.bean.EmailBeanTest</className>
          <testName>testEquals</testName>
          <skipped>false</skipped>
          <failedSince>0</failedSince>
        </case>
        <case>
          <duration>0.0</duration>
          <className>edu.ncsu.csc.itrust.unit.bean.EmailBeanTest</className>
          <testName>testGetHashCode</testName>
          <skipped>false</skipped>
          <failedSince>0</failedSince>
        </case>
        <case>
          <duration>0.0</duration>
          <className>edu.ncsu.csc.itrust.unit.bean.EmailBeanTest</className>
          <testName>testToList</testName>
          <skipped>false</skipped>
          <failedSince>0</failedSince>
        </case>
      </cases>
    </suite>
    <suite>
      <file>/var/lib/jenkins/workspace/itrust/iTrust/target/surefire-reports/TEST-edu.ncsu.csc.itrust.unit.bean.GroupReportBeanTest.xml</file>
      <name>edu.ncsu.csc.itrust.unit.bean.GroupReportBeanTest</name>
      <duration>14.783</duration>
      <time>14.783</time>
      <cases>
        <case>
          <duration>14.212</duration>
          <className>edu.ncsu.csc.itrust.unit.bean.GroupReportBeanTest</className>
          <testName>testGetPatients</testName>
          <skipped>false</skipped>
          <failedSince>0</failedSince>
        </case>
        <case>
          <duration>0.192</duration>
          <className>edu.ncsu.csc.itrust.unit.bean.GroupReportBeanTest</className>
          <testName>testGetFilters</testName>
          <skipped>false</skipped>
          <failedSince>0</failedSince>
        </case>
        <case>
          <duration>0.188</duration>
          <className>edu.ncsu.csc.itrust.unit.bean.GroupReportBeanTest</className>
          <testName>testGetFilterStrings</testName>
          <skipped>false</skipped>
          <failedSince>0</failedSince>
        </case>
        <case>
          <duration>0.174</duration>
          <className>edu.ncsu.csc.itrust.unit.bean.GroupReportBeanTest</className>
          <testName>testGetPatientNames</testName>
          <skipped>false</skipped>
          <failedSince>0</failedSince>
        </case>
      </cases>
    </suite>
    <suite>
      <file>/var/lib/jenkins/workspace/itrust/iTrust/target/surefire-reports/TEST-edu.ncsu.csc.itrust.unit.bean.HCPLinkBeanTest.xml</file>
      <name>edu.ncsu.csc.itrust.unit.bean.HCPLinkBeanTest</name>
      <duration>0.014</duration>
      <time>0.014</time>
      <cases>
        <case>
          <duration>0.001</duration>
          <className>edu.ncsu.csc.itrust.unit.bean.HCPLinkBeanTest</className>
          <testName>testGetPresciberMID</testName>
          <skipped>false</skipped>
          <failedSince>0</failedSince>
        </case>
        <case>
          <duration>0.004</duration>
          <className>edu.ncsu.csc.itrust.unit.bean.HCPLinkBeanTest</className>
          <testName>testGetDrug</testName>
          <skipped>false</skipped>
          <failedSince>0</failedSince>
        </case>
        <case>
          <duration>0.0</duration>
          <className>edu.ncsu.csc.itrust.unit.bean.HCPLinkBeanTest</className>
          <testName>testChecked</testName>
          <skipped>false</skipped>
          <failedSince>0</failedSince>
        </case>
      </cases>
    </suite>
    <suite>
      <file>/var/lib/jenkins/workspace/itrust/iTrust/target/surefire-reports/TEST-edu.ncsu.csc.itrust.unit.bean.HospitalBeanTest.xml</file>
      <name>edu.ncsu.csc.itrust.unit.bean.HospitalBeanTest</name>
      <duration>0.0</duration>
      <time>0</time>
      <cases>
        <case>
          <duration>0.0</duration>
          <className>edu.ncsu.csc.itrust.unit.bean.HospitalBeanTest</className>
          <testName>testHospitalBean</testName>
          <skipped>false</skipped>
          <failedSince>0</failedSince>
        </case>
        <case>
          <duration>0.0</duration>
          <className>edu.ncsu.csc.itrust.unit.bean.HospitalBeanTest</className>
          <testName>testFullConstructor</testName>
          <skipped>false</skipped>
          <failedSince>0</failedSince>
        </case>
      </cases>
    </suite>
    <suite>
      <file>/var/lib/jenkins/workspace/itrust/iTrust/target/surefire-reports/TEST-edu.ncsu.csc.itrust.unit.bean.MedicationBeanTest.xml</file>
      <name>edu.ncsu.csc.itrust.unit.bean.MedicationBeanTest</name>
      <duration>0.002</duration>
      <time>0.002</time>
      <cases>
        <case>
          <duration>0.0</duration>
          <className>edu.ncsu.csc.itrust.unit.bean.MedicationBeanTest</className>
          <testName>testGetFormatted</testName>
          <skipped>false</skipped>
          <failedSince>0</failedSince>
        </case>
        <case>
          <duration>0.0</duration>
          <className>edu.ncsu.csc.itrust.unit.bean.MedicationBeanTest</className>
          <testName>testShortCode</testName>
          <skipped>false</skipped>
          <failedSince>0</failedSince>
        </case>
        <case>
          <duration>0.0</duration>
          <className>edu.ncsu.csc.itrust.unit.bean.MedicationBeanTest</className>
          <testName>testPrescriptionEquals</testName>
          <skipped>false</skipped>
          <failedSince>0</failedSince>
        </case>
      </cases>
    </suite>
    <suite>
      <file>/var/lib/jenkins/workspace/itrust/iTrust/target/surefire-reports/TEST-edu.ncsu.csc.itrust.unit.bean.OverrideReasonBeanTest.xml</file>
      <name>edu.ncsu.csc.itrust.unit.bean.OverrideReasonBeanTest</name>
      <duration>0.007</duration>
      <time>0.007</time>
      <cases>
        <case>
          <duration>0.005</duration>
          <className>edu.ncsu.csc.itrust.unit.bean.OverrideReasonBeanTest</className>
          <testName>testPrescriptionEquals</testName>
          <skipped>false</skipped>
          <failedSince>0</failedSince>
        </case>
      </cases>
    </suite>
    <suite>
      <file>/var/lib/jenkins/workspace/itrust/iTrust/target/surefire-reports/TEST-edu.ncsu.csc.itrust.unit.bean.PatientBeanTest.xml</file>
      <name>edu.ncsu.csc.itrust.unit.bean.PatientBeanTest</name>
      <duration>0.014</duration>
      <time>0.014</time>
      <cases>
        <case>
          <duration>0.0</duration>
          <className>edu.ncsu.csc.itrust.unit.bean.PatientBeanTest</className>
          <testName>testAgeZero</testName>
          <skipped>false</skipped>
          <failedSince>0</failedSince>
        </case>
        <case>
          <duration>0.003</duration>
          <className>edu.ncsu.csc.itrust.unit.bean.PatientBeanTest</className>
          <testName>testAge10</testName>
          <skipped>false</skipped>
          <failedSince>0</failedSince>
        </case>
        <case>
          <duration>0.005</duration>
          <className>edu.ncsu.csc.itrust.unit.bean.PatientBeanTest</className>
          <testName>testBean</testName>
          <skipped>false</skipped>
          <failedSince>0</failedSince>
        </case>
      </cases>
    </suite>
    <suite>
      <file>/var/lib/jenkins/workspace/itrust/iTrust/target/surefire-reports/TEST-edu.ncsu.csc.itrust.unit.bean.PersonnelBeanTest.xml</file>
      <name>edu.ncsu.csc.itrust.unit.bean.PersonnelBeanTest</name>
      <duration>0.003</duration>
      <time>0.003</time>
      <cases>
        <case>
          <duration>0.001</duration>
          <className>edu.ncsu.csc.itrust.unit.bean.PersonnelBeanTest</className>
          <testName>testPersonnelBeanSecurity</testName>
          <skipped>false</skipped>
          <failedSince>0</failedSince>
        </case>
      </cases>
    </suite>
    <suite>
      <file>/var/lib/jenkins/workspace/itrust/iTrust/target/surefire-reports/TEST-edu.ncsu.csc.itrust.unit.bean.RatingComparatorTest.xml</file>
      <name>edu.ncsu.csc.itrust.unit.bean.RatingComparatorTest</name>
      <duration>0.224</duration>
      <time>0.224</time>
      <cases>
        <case>
          <duration>0.221</duration>
          <className>edu.ncsu.csc.itrust.unit.bean.RatingComparatorTest</className>
          <testName>testComparator</testName>
          <skipped>false</skipped>
          <failedSince>0</failedSince>
        </case>
      </cases>
    </suite>
    <suite>
      <file>/var/lib/jenkins/workspace/itrust/iTrust/target/surefire-reports/TEST-edu.ncsu.csc.itrust.unit.bean.RecordsReleaseBeanTest.xml</file>
      <name>edu.ncsu.csc.itrust.unit.bean.RecordsReleaseBeanTest</name>
      <duration>0.016</duration>
      <time>0.016</time>
      <cases>
        <case>
          <duration>0.001</duration>
          <className>edu.ncsu.csc.itrust.unit.bean.RecordsReleaseBeanTest</className>
          <testName>testReleaseHospitalID</testName>
          <skipped>false</skipped>
          <failedSince>0</failedSince>
        </case>
        <case>
          <duration>0.0</duration>
          <className>edu.ncsu.csc.itrust.unit.bean.RecordsReleaseBeanTest</className>
          <testName>testPid</testName>
          <skipped>false</skipped>
          <failedSince>0</failedSince>
        </case>
        <case>
          <duration>0.001</duration>
          <className>edu.ncsu.csc.itrust.unit.bean.RecordsReleaseBeanTest</className>
          <testName>testDocFirstName</testName>
          <skipped>false</skipped>
          <failedSince>0</failedSince>
        </case>
        <case>
          <duration>0.0</duration>
          <className>edu.ncsu.csc.itrust.unit.bean.RecordsReleaseBeanTest</className>
          <testName>testRecHospitalAddress</testName>
          <skipped>false</skipped>
          <failedSince>0</failedSince>
        </case>
        <case>
          <duration>0.0</duration>
          <className>edu.ncsu.csc.itrust.unit.bean.RecordsReleaseBeanTest</className>
          <testName>testJustification</testName>
          <skipped>false</skipped>
          <failedSince>0</failedSince>
        </case>
        <case>
          <duration>0.001</duration>
          <className>edu.ncsu.csc.itrust.unit.bean.RecordsReleaseBeanTest</className>
          <testName>testRecHospitalName</testName>
          <skipped>false</skipped>
          <failedSince>0</failedSince>
        </case>
        <case>
          <duration>0.001</duration>
          <className>edu.ncsu.csc.itrust.unit.bean.RecordsReleaseBeanTest</className>
          <testName>testDocLastName</testName>
          <skipped>false</skipped>
          <failedSince>0</failedSince>
        </case>
        <case>
          <duration>0.001</duration>
          <className>edu.ncsu.csc.itrust.unit.bean.RecordsReleaseBeanTest</className>
          <testName>testDateRequested</testName>
          <skipped>false</skipped>
          <failedSince>0</failedSince>
        </case>
        <case>
          <duration>0.001</duration>
          <className>edu.ncsu.csc.itrust.unit.bean.RecordsReleaseBeanTest</className>
          <testName>testReleaseID</testName>
          <skipped>false</skipped>
          <failedSince>0</failedSince>
        </case>
        <case>
          <duration>0.001</duration>
          <className>edu.ncsu.csc.itrust.unit.bean.RecordsReleaseBeanTest</className>
          <testName>testDocEmail</testName>
          <skipped>false</skipped>
          <failedSince>0</failedSince>
        </case>
        <case>
          <duration>0.0</duration>
          <className>edu.ncsu.csc.itrust.unit.bean.RecordsReleaseBeanTest</className>
          <testName>testDocPhone</testName>
          <skipped>false</skipped>
          <failedSince>0</failedSince>
        </case>
        <case>
          <duration>0.002</duration>
          <className>edu.ncsu.csc.itrust.unit.bean.RecordsReleaseBeanTest</className>
          <testName>testStatus</testName>
          <skipped>false</skipped>
          <failedSince>0</failedSince>
        </case>
      </cases>
    </suite>
    <suite>
      <file>/var/lib/jenkins/workspace/itrust/iTrust/target/surefire-reports/TEST-edu.ncsu.csc.itrust.unit.bean.ReportRequestBeanTest.xml</file>
      <name>edu.ncsu.csc.itrust.unit.bean.ReportRequestBeanTest</name>
      <duration>0.007</duration>
      <time>0.007</time>
      <cases>
        <case>
          <duration>0.003</duration>
          <className>edu.ncsu.csc.itrust.unit.bean.ReportRequestBeanTest</className>
          <testName>testReportRequestBean</testName>
          <skipped>false</skipped>
          <failedSince>0</failedSince>
        </case>
        <case>
          <duration>0.001</duration>
          <className>edu.ncsu.csc.itrust.unit.bean.ReportRequestBeanTest</className>
          <testName>testBadRequestedDate</testName>
          <skipped>false</skipped>
          <failedSince>0</failedSince>
        </case>
      </cases>
    </suite>
    <suite>
      <file>/var/lib/jenkins/workspace/itrust/iTrust/target/surefire-reports/TEST-edu.ncsu.csc.itrust.unit.bean.ReviewsBeanLoaderTest.xml</file>
      <name>edu.ncsu.csc.itrust.unit.bean.ReviewsBeanLoaderTest</name>
      <duration>0.0</duration>
      <time>0</time>
      <cases>
        <case>
          <duration>0.0</duration>
          <className>edu.ncsu.csc.itrust.unit.bean.ReviewsBeanLoaderTest</className>
          <testName>testLoadList</testName>
          <skipped>false</skipped>
          <failedSince>0</failedSince>
        </case>
        <case>
          <duration>0.0</duration>
          <className>edu.ncsu.csc.itrust.unit.bean.ReviewsBeanLoaderTest</className>
          <testName>testLoadSingle</testName>
          <skipped>false</skipped>
          <failedSince>0</failedSince>
        </case>
        <case>
          <duration>0.0</duration>
          <className>edu.ncsu.csc.itrust.unit.bean.ReviewsBeanLoaderTest</className>
          <testName>testLoadParameters</testName>
          <skipped>false</skipped>
          <failedSince>0</failedSince>
        </case>
      </cases>
    </suite>
    <suite>
      <file>/var/lib/jenkins/workspace/itrust/iTrust/target/surefire-reports/TEST-edu.ncsu.csc.itrust.unit.bean.SurveyBeanTest.xml</file>
      <name>edu.ncsu.csc.itrust.unit.bean.SurveyBeanTest</name>
      <duration>0.006</duration>
      <time>0.006</time>
      <cases>
        <case>
          <duration>0.003</duration>
          <className>edu.ncsu.csc.itrust.unit.bean.SurveyBeanTest</className>
          <testName>testSurveyBean</testName>
          <skipped>false</skipped>
          <failedSince>0</failedSince>
        </case>
      </cases>
    </suite>
    <suite>
      <file>/var/lib/jenkins/workspace/itrust/iTrust/target/surefire-reports/TEST-edu.ncsu.csc.itrust.unit.bean.SurveyResultBeanTest.xml</file>
      <name>edu.ncsu.csc.itrust.unit.bean.SurveyResultBeanTest</name>
      <duration>0.004</duration>
      <time>0.004</time>
      <cases>
        <case>
          <duration>0.002</duration>
          <className>edu.ncsu.csc.itrust.unit.bean.SurveyResultBeanTest</className>
          <testName>testSurveyResultBean</testName>
          <skipped>false</skipped>
          <failedSince>0</failedSince>
        </case>
      </cases>
    </suite>
    <suite>
      <file>/var/lib/jenkins/workspace/itrust/iTrust/target/surefire-reports/TEST-edu.ncsu.csc.itrust.unit.bean.TelemedicineBeanTest.xml</file>
      <name>edu.ncsu.csc.itrust.unit.bean.TelemedicineBeanTest</name>
      <duration>0.003</duration>
      <time>0.003</time>
      <cases>
        <case>
          <duration>0.0</duration>
          <className>edu.ncsu.csc.itrust.unit.bean.TelemedicineBeanTest</className>
          <testName>testGlucoseLevel</testName>
          <skipped>false</skipped>
          <failedSince>0</failedSince>
        </case>
        <case>
          <duration>0.0</duration>
          <className>edu.ncsu.csc.itrust.unit.bean.TelemedicineBeanTest</className>
          <testName>testHeight</testName>
          <skipped>false</skipped>
          <failedSince>0</failedSince>
        </case>
        <case>
          <duration>0.001</duration>
          <className>edu.ncsu.csc.itrust.unit.bean.TelemedicineBeanTest</className>
          <testName>testWeight</testName>
          <skipped>false</skipped>
          <failedSince>0</failedSince>
        </case>
      </cases>
    </suite>
    <suite>
      <file>/var/lib/jenkins/workspace/itrust/iTrust/target/surefire-reports/TEST-edu.ncsu.csc.itrust.unit.bean.VisitFlagBeanTest.xml</file>
      <name>edu.ncsu.csc.itrust.unit.bean.VisitFlagBeanTest</name>
      <duration>0.002</duration>
      <time>0.002</time>
      <cases>
        <case>
          <duration>0.001</duration>
          <className>edu.ncsu.csc.itrust.unit.bean.VisitFlagBeanTest</className>
          <testName>testSetTypeAndValue</testName>
          <skipped>false</skipped>
          <failedSince>0</failedSince>
        </case>
      </cases>
    </suite>
    <suite>
      <file>/var/lib/jenkins/workspace/itrust/iTrust/target/surefire-reports/TEST-edu.ncsu.csc.itrust.unit.bean.WardBeanLoaderTest.xml</file>
      <name>edu.ncsu.csc.itrust.unit.bean.WardBeanLoaderTest</name>
      <duration>0.003</duration>
      <time>0.003</time>
      <cases>
        <case>
          <duration>0.001</duration>
          <className>edu.ncsu.csc.itrust.unit.bean.WardBeanLoaderTest</className>
          <testName>testLoadList</testName>
          <skipped>false</skipped>
          <failedSince>0</failedSince>
        </case>
        <case>
          <duration>0.0</duration>
          <className>edu.ncsu.csc.itrust.unit.bean.WardBeanLoaderTest</className>
          <testName>testLoadParameters</testName>
          <skipped>false</skipped>
          <failedSince>0</failedSince>
        </case>
        <case>
          <duration>0.0</duration>
          <className>edu.ncsu.csc.itrust.unit.bean.WardBeanLoaderTest</className>
          <testName>testloadSingle</testName>
          <skipped>false</skipped>
          <failedSince>0</failedSince>
        </case>
      </cases>
    </suite>
    <suite>
      <file>/var/lib/jenkins/workspace/itrust/iTrust/target/surefire-reports/TEST-edu.ncsu.csc.itrust.unit.bean.WardBeanTest.xml</file>
      <name>edu.ncsu.csc.itrust.unit.bean.WardBeanTest</name>
      <duration>0.012</duration>
      <time>0.012</time>
      <cases>
        <case>
          <duration>0.01</duration>
          <className>edu.ncsu.csc.itrust.unit.bean.WardBeanTest</className>
          <testName>testInHospital</testName>
          <skipped>false</skipped>
          <failedSince>0</failedSince>
        </case>
        <case>
          <duration>0.0</duration>
          <className>edu.ncsu.csc.itrust.unit.bean.WardBeanTest</className>
          <testName>testSpecialty</testName>
          <skipped>false</skipped>
          <failedSince>0</failedSince>
        </case>
        <case>
          <duration>0.0</duration>
          <className>edu.ncsu.csc.itrust.unit.bean.WardBeanTest</className>
          <testName>testEquals</testName>
          <skipped>false</skipped>
          <failedSince>0</failedSince>
        </case>
        <case>
          <duration>0.0</duration>
          <className>edu.ncsu.csc.itrust.unit.bean.WardBeanTest</className>
          <testName>testWardID</testName>
          <skipped>false</skipped>
          <failedSince>0</failedSince>
        </case>
      </cases>
    </suite>
    <suite>
      <file>/var/lib/jenkins/workspace/itrust/iTrust/target/surefire-reports/TEST-edu.ncsu.csc.itrust.unit.bean.WardRoomBeanLoaderTest.xml</file>
      <name>edu.ncsu.csc.itrust.unit.bean.WardRoomBeanLoaderTest</name>
      <duration>0.002</duration>
      <time>0.002</time>
      <cases>
        <case>
          <duration>0.0</duration>
          <className>edu.ncsu.csc.itrust.unit.bean.WardRoomBeanLoaderTest</className>
          <testName>testLoadList</testName>
          <skipped>false</skipped>
          <failedSince>0</failedSince>
        </case>
        <case>
          <duration>0.0</duration>
          <className>edu.ncsu.csc.itrust.unit.bean.WardRoomBeanLoaderTest</className>
          <testName>testLoadParameters</testName>
          <skipped>false</skipped>
          <failedSince>0</failedSince>
        </case>
        <case>
          <duration>0.0</duration>
          <className>edu.ncsu.csc.itrust.unit.bean.WardRoomBeanLoaderTest</className>
          <testName>testloadSingle</testName>
          <skipped>false</skipped>
          <failedSince>0</failedSince>
        </case>
      </cases>
    </suite>
    <suite>
      <file>/var/lib/jenkins/workspace/itrust/iTrust/target/surefire-reports/TEST-edu.ncsu.csc.itrust.unit.bean.WardRoomBeanTest.xml</file>
      <name>edu.ncsu.csc.itrust.unit.bean.WardRoomBeanTest</name>
      <duration>0.002</duration>
      <time>0.002</time>
      <cases>
        <case>
          <duration>0.0</duration>
          <className>edu.ncsu.csc.itrust.unit.bean.WardRoomBeanTest</className>
          <testName>testRoomStatus</testName>
          <skipped>false</skipped>
          <failedSince>0</failedSince>
        </case>
        <case>
          <duration>0.0</duration>
          <className>edu.ncsu.csc.itrust.unit.bean.WardRoomBeanTest</className>
          <testName>testRoomName</testName>
          <skipped>false</skipped>
          <failedSince>0</failedSince>
        </case>
        <case>
          <duration>0.0</duration>
          <className>edu.ncsu.csc.itrust.unit.bean.WardRoomBeanTest</className>
          <testName>testOccupiedBy</testName>
          <skipped>false</skipped>
          <failedSince>0</failedSince>
        </case>
        <case>
          <duration>0.0</duration>
          <className>edu.ncsu.csc.itrust.unit.bean.WardRoomBeanTest</className>
          <testName>testEquals</testName>
          <skipped>false</skipped>
          <failedSince>0</failedSince>
        </case>
        <case>
          <duration>0.0</duration>
          <className>edu.ncsu.csc.itrust.unit.bean.WardRoomBeanTest</className>
          <testName>testInWard</testName>
          <skipped>false</skipped>
          <failedSince>0</failedSince>
        </case>
        <case>
          <duration>0.0</duration>
          <className>edu.ncsu.csc.itrust.unit.bean.WardRoomBeanTest</className>
          <testName>testRoomID</testName>
          <skipped>false</skipped>
          <failedSince>0</failedSince>
        </case>
      </cases>
    </suite>
    <suite>
      <file>/var/lib/jenkins/workspace/itrust/iTrust/target/surefire-reports/TEST-edu.ncsu.csc.itrust.unit.bean.ZipCodeBeanTest.xml</file>
      <name>edu.ncsu.csc.itrust.unit.bean.ZipCodeBeanTest</name>
      <duration>0.001</duration>
      <time>0.001</time>
      <cases>
        <case>
          <duration>0.001</duration>
          <className>edu.ncsu.csc.itrust.unit.bean.ZipCodeBeanTest</className>
          <testName>testBean</testName>
          <skipped>false</skipped>
          <failedSince>0</failedSince>
        </case>
      </cases>
    </suite>
    <suite>
      <file>/var/lib/jenkins/workspace/itrust/iTrust/target/surefire-reports/TEST-edu.ncsu.csc.itrust.unit.bean.ZipCodeLoaderTest.xml</file>
      <name>edu.ncsu.csc.itrust.unit.bean.ZipCodeLoaderTest</name>
      <duration>0.128</duration>
      <time>0.128</time>
      <cases>
        <case>
          <duration>0.108</duration>
          <className>edu.ncsu.csc.itrust.unit.bean.ZipCodeLoaderTest</className>
          <testName>testLoadList</testName>
          <skipped>false</skipped>
          <failedSince>0</failedSince>
        </case>
        <case>
          <duration>0.018</duration>
          <className>edu.ncsu.csc.itrust.unit.bean.ZipCodeLoaderTest</className>
          <testName>testLoadSingle</testName>
          <skipped>false</skipped>
          <failedSince>0</failedSince>
        </case>
      </cases>
    </suite>
    <suite>
      <file>/var/lib/jenkins/workspace/itrust/iTrust/target/surefire-reports/TEST-edu.ncsu.csc.itrust.unit.controller.cptcode.CPTCodeControllerTest.xml</file>
      <name>edu.ncsu.csc.itrust.unit.controller.cptcode.CPTCodeControllerTest</name>
      <duration>0.368</duration>
      <time>0.368</time>
      <cases>
        <case>
          <duration>0.075</duration>
          <className>edu.ncsu.csc.itrust.unit.controller.cptcode.CPTCodeControllerTest</className>
          <testName>testAdd</testName>
          <skipped>false</skipped>
          <failedSince>0</failedSince>
        </case>
        <case>
          <duration>0.048</duration>
          <className>edu.ncsu.csc.itrust.unit.controller.cptcode.CPTCodeControllerTest</className>
          <testName>testEdit</testName>
          <skipped>false</skipped>
          <failedSince>0</failedSince>
        </case>
        <case>
          <duration>0.071</duration>
          <className>edu.ncsu.csc.itrust.unit.controller.cptcode.CPTCodeControllerTest</className>
          <testName>testSQLErrors</testName>
          <skipped>false</skipped>
          <failedSince>0</failedSince>
        </case>
        <case>
          <duration>0.069</duration>
          <className>edu.ncsu.csc.itrust.unit.controller.cptcode.CPTCodeControllerTest</className>
          <testName>testGetters</testName>
          <skipped>false</skipped>
          <failedSince>0</failedSince>
        </case>
        <case>
          <duration>0.056</duration>
          <className>edu.ncsu.csc.itrust.unit.controller.cptcode.CPTCodeControllerTest</className>
          <testName>testRemove</testName>
          <skipped>false</skipped>
          <failedSince>0</failedSince>
        </case>
        <case>
          <duration>0.046</duration>
          <className>edu.ncsu.csc.itrust.unit.controller.cptcode.CPTCodeControllerTest</className>
          <testName>testConstructor</testName>
          <skipped>false</skipped>
          <failedSince>0</failedSince>
        </case>
      </cases>
    </suite>
    <suite>
      <file>/var/lib/jenkins/workspace/itrust/iTrust/target/surefire-reports/TEST-edu.ncsu.csc.itrust.unit.controller.cptcode.CPTCodeFormTest.xml</file>
      <name>edu.ncsu.csc.itrust.unit.controller.cptcode.CPTCodeFormTest</name>
      <duration>0.066</duration>
      <time>0.066</time>
      <cases>
        <case>
          <duration>0.066</duration>
          <className>edu.ncsu.csc.itrust.unit.controller.cptcode.CPTCodeFormTest</className>
          <testName>testCPTCodeForm</testName>
          <skipped>false</skipped>
          <failedSince>0</failedSince>
        </case>
      </cases>
    </suite>
    <suite>
      <file>/var/lib/jenkins/workspace/itrust/iTrust/target/surefire-reports/TEST-edu.ncsu.csc.itrust.unit.controller.emergencyRecord.EmergencyRecordControllerTest.xml</file>
      <name>edu.ncsu.csc.itrust.unit.controller.emergencyRecord.EmergencyRecordControllerTest</name>
      <duration>0.428</duration>
      <time>0.428</time>
      <cases>
        <case>
          <duration>0.262</duration>
          <className>edu.ncsu.csc.itrust.unit.controller.emergencyRecord.EmergencyRecordControllerTest</className>
          <testName>testLoadRecord</testName>
          <skipped>false</skipped>
          <failedSince>0</failedSince>
        </case>
        <case>
          <duration>0.051</duration>
          <className>edu.ncsu.csc.itrust.unit.controller.emergencyRecord.EmergencyRecordControllerTest</className>
          <testName>testNoDataSource</testName>
          <skipped>false</skipped>
          <failedSince>0</failedSince>
        </case>
        <case>
          <duration>0.061</duration>
          <className>edu.ncsu.csc.itrust.unit.controller.emergencyRecord.EmergencyRecordControllerTest</className>
          <testName>testInvalidPatient</testName>
          <skipped>false</skipped>
          <failedSince>0</failedSince>
        </case>
        <case>
          <duration>0.053</duration>
          <className>edu.ncsu.csc.itrust.unit.controller.emergencyRecord.EmergencyRecordControllerTest</className>
          <testName>testLogViewEmergencyRecord</testName>
          <skipped>false</skipped>
          <failedSince>0</failedSince>
        </case>
      </cases>
    </suite>
    <suite>
      <file>/var/lib/jenkins/workspace/itrust/iTrust/target/surefire-reports/TEST-edu.ncsu.csc.itrust.unit.controller.hospital.HospitalControllerTest.xml</file>
      <name>edu.ncsu.csc.itrust.unit.controller.hospital.HospitalControllerTest</name>
      <duration>0.042</duration>
      <time>0.042</time>
      <cases>
        <case>
          <duration>0.041</duration>
          <className>edu.ncsu.csc.itrust.unit.controller.hospital.HospitalControllerTest</className>
          <testName>testHospitalInList</testName>
          <skipped>false</skipped>
          <failedSince>0</failedSince>
        </case>
      </cases>
    </suite>
    <suite>
      <file>/var/lib/jenkins/workspace/itrust/iTrust/target/surefire-reports/TEST-edu.ncsu.csc.itrust.unit.controller.icdCode.ICDCodeControllerTest.xml</file>
      <name>edu.ncsu.csc.itrust.unit.controller.icdCode.ICDCodeControllerTest</name>
      <duration>0.489</duration>
      <time>0.489</time>
      <cases>
        <case>
          <duration>0.166</duration>
          <className>edu.ncsu.csc.itrust.unit.controller.icdCode.ICDCodeControllerTest</className>
          <testName>testAdd</testName>
          <skipped>false</skipped>
          <failedSince>0</failedSince>
        </case>
        <case>
          <duration>0.084</duration>
          <className>edu.ncsu.csc.itrust.unit.controller.icdCode.ICDCodeControllerTest</className>
          <testName>testEdit</testName>
          <skipped>false</skipped>
          <failedSince>0</failedSince>
        </case>
        <case>
          <duration>0.11</duration>
          <className>edu.ncsu.csc.itrust.unit.controller.icdCode.ICDCodeControllerTest</className>
          <testName>testSQLErrors</testName>
          <skipped>false</skipped>
          <failedSince>0</failedSince>
        </case>
        <case>
          <duration>0.069</duration>
          <className>edu.ncsu.csc.itrust.unit.controller.icdCode.ICDCodeControllerTest</className>
          <testName>testRemove</testName>
          <skipped>false</skipped>
          <failedSince>0</failedSince>
        </case>
        <case>
          <duration>0.052</duration>
          <className>edu.ncsu.csc.itrust.unit.controller.icdCode.ICDCodeControllerTest</className>
          <testName>testConstructor</testName>
          <skipped>false</skipped>
          <failedSince>0</failedSince>
        </case>
      </cases>
    </suite>
    <suite>
      <file>/var/lib/jenkins/workspace/itrust/iTrust/target/surefire-reports/TEST-edu.ncsu.csc.itrust.unit.controller.icdCode.ICDCodeFormTest.xml</file>
      <name>edu.ncsu.csc.itrust.unit.controller.icdCode.ICDCodeFormTest</name>
      <duration>0.438</duration>
      <time>0.438</time>
      <cases>
        <case>
          <duration>0.434</duration>
          <className>edu.ncsu.csc.itrust.unit.controller.icdCode.ICDCodeFormTest</className>
          <testName>testICDCodeForm</testName>
          <skipped>false</skipped>
          <failedSince>0</failedSince>
        </case>
      </cases>
    </suite>
    <suite>
      <file>/var/lib/jenkins/workspace/itrust/iTrust/target/surefire-reports/TEST-edu.ncsu.csc.itrust.unit.controller.immunization.ImmunizationControllerTest.xml</file>
      <name>edu.ncsu.csc.itrust.unit.controller.immunization.ImmunizationControllerTest</name>
      <duration>0.077</duration>
      <time>0.077</time>
      <cases>
        <case>
          <duration>0.077</duration>
          <className>edu.ncsu.csc.itrust.unit.controller.immunization.ImmunizationControllerTest</className>
          <testName>testDiabolicals</testName>
          <skipped>false</skipped>
          <failedSince>0</failedSince>
        </case>
      </cases>
    </suite>
    <suite>
      <file>/var/lib/jenkins/workspace/itrust/iTrust/target/surefire-reports/TEST-edu.ncsu.csc.itrust.unit.controller.immunization.ImmunizationFormTest.xml</file>
      <name>edu.ncsu.csc.itrust.unit.controller.immunization.ImmunizationFormTest</name>
      <duration>0.191</duration>
      <time>0.191</time>
      <cases>
        <case>
          <duration>0.189</duration>
          <className>edu.ncsu.csc.itrust.unit.controller.immunization.ImmunizationFormTest</className>
          <testName>testForm</testName>
          <skipped>false</skipped>
          <failedSince>0</failedSince>
        </case>
      </cases>
    </suite>
    <suite>
      <file>/var/lib/jenkins/workspace/itrust/iTrust/target/surefire-reports/TEST-edu.ncsu.csc.itrust.unit.controller.labProcedure.LabProcedureControllerTest.xml</file>
      <name>edu.ncsu.csc.itrust.unit.controller.labProcedure.LabProcedureControllerTest</name>
      <duration>2.267</duration>
      <time>2.267</time>
      <cases>
        <case>
          <duration>0.122</duration>
          <className>edu.ncsu.csc.itrust.unit.controller.labProcedure.LabProcedureControllerTest</className>
          <testName>testGetLabProceduresByOfficeVisit</testName>
          <skipped>false</skipped>
          <failedSince>0</failedSince>
        </case>
        <case>
          <duration>0.102</duration>
          <className>edu.ncsu.csc.itrust.unit.controller.labProcedure.LabProcedureControllerTest</className>
          <testName>testGetPendingLabProceduresByTechnician</testName>
          <skipped>false</skipped>
          <failedSince>0</failedSince>
        </case>
        <case>
          <duration>0.066</duration>
          <className>edu.ncsu.csc.itrust.unit.controller.labProcedure.LabProcedureControllerTest</className>
          <testName>testLabProcedure</testName>
          <skipped>false</skipped>
          <failedSince>0</failedSince>
        </case>
        <case>
          <duration>0.131</duration>
          <className>edu.ncsu.csc.itrust.unit.controller.labProcedure.LabProcedureControllerTest</className>
          <testName>testAdd</testName>
          <skipped>false</skipped>
          <failedSince>0</failedSince>
        </case>
        <case>
          <duration>0.085</duration>
          <className>edu.ncsu.csc.itrust.unit.controller.labProcedure.LabProcedureControllerTest</className>
          <testName>testGet</testName>
          <skipped>false</skipped>
          <failedSince>0</failedSince>
        </case>
        <case>
          <duration>0.074</duration>
          <className>edu.ncsu.csc.itrust.unit.controller.labProcedure.LabProcedureControllerTest</className>
          <testName>getCompletedLabProceduresByTechnician</testName>
          <skipped>false</skipped>
          <failedSince>0</failedSince>
        </case>
        <case>
          <duration>0.065</duration>
          <className>edu.ncsu.csc.itrust.unit.controller.labProcedure.LabProcedureControllerTest</className>
          <testName>testEdit</testName>
          <skipped>false</skipped>
          <failedSince>0</failedSince>
        </case>
        <case>
          <duration>0.101</duration>
          <className>edu.ncsu.csc.itrust.unit.controller.labProcedure.LabProcedureControllerTest</className>
          <testName>testGetCompletedLabProceduresByOfficeVisit</testName>
          <skipped>false</skipped>
          <failedSince>0</failedSince>
        </case>
        <case>
          <duration>0.14</duration>
          <className>edu.ncsu.csc.itrust.unit.controller.labProcedure.LabProcedureControllerTest</className>
          <testName>testRemoveInvalidID</testName>
          <skipped>false</skipped>
          <failedSince>0</failedSince>
        </case>
        <case>
          <duration>0.228</duration>
          <className>edu.ncsu.csc.itrust.unit.controller.labProcedure.LabProcedureControllerTest</className>
          <testName>testGetLabProceduresByLabTechnicianMultipleResults</testName>
          <skipped>false</skipped>
          <failedSince>0</failedSince>
        </case>
        <case>
          <duration>0.182</duration>
          <className>edu.ncsu.csc.itrust.unit.controller.labProcedure.LabProcedureControllerTest</className>
          <testName>testGetInTransitLabProceduresByTechnician</testName>
          <skipped>false</skipped>
          <failedSince>0</failedSince>
        </case>
        <case>
          <duration>0.123</duration>
          <className>edu.ncsu.csc.itrust.unit.controller.labProcedure.LabProcedureControllerTest</className>
          <testName>testSetLabProcedureToReceivedStatus</testName>
          <skipped>false</skipped>
          <failedSince>0</failedSince>
        </case>
        <case>
          <duration>0.072</duration>
          <className>edu.ncsu.csc.itrust.unit.controller.labProcedure.LabProcedureControllerTest</className>
          <testName>testLogLabTechnicianViewLabProcedureQueue</testName>
          <skipped>false</skipped>
          <failedSince>0</failedSince>
        </case>
        <case>
          <duration>0.073</duration>
          <className>edu.ncsu.csc.itrust.unit.controller.labProcedure.LabProcedureControllerTest</className>
          <testName>testLogViewLabProcedure</testName>
          <skipped>false</skipped>
          <failedSince>0</failedSince>
        </case>
        <case>
          <duration>0.094</duration>
          <className>edu.ncsu.csc.itrust.unit.controller.labProcedure.LabProcedureControllerTest</className>
          <testName>testGetLabProceduresByLabTechnicianSingleResult</testName>
          <skipped>false</skipped>
          <failedSince>0</failedSince>
        </case>
        <case>
          <duration>0.088</duration>
          <className>edu.ncsu.csc.itrust.unit.controller.labProcedure.LabProcedureControllerTest</className>
          <testName>testGetReceivedLabProceduresByTechnician</testName>
          <skipped>false</skipped>
          <failedSince>0</failedSince>
        </case>
        <case>
          <duration>0.051</duration>
          <className>edu.ncsu.csc.itrust.unit.controller.labProcedure.LabProcedureControllerTest</className>
          <testName>testSetLabProcedureToReceivedStatusException</testName>
          <skipped>false</skipped>
          <failedSince>0</failedSince>
        </case>
        <case>
          <duration>0.079</duration>
          <className>edu.ncsu.csc.itrust.unit.controller.labProcedure.LabProcedureControllerTest</className>
          <testName>testGetNonCompletedLabProceduresByOfficeVisit</testName>
          <skipped>false</skipped>
          <failedSince>0</failedSince>
        </case>
        <case>
          <duration>0.075</duration>
          <className>edu.ncsu.csc.itrust.unit.controller.labProcedure.LabProcedureControllerTest</className>
          <testName>testGetTestingLabProceduresByTechnician</testName>
          <skipped>false</skipped>
          <failedSince>0</failedSince>
        </case>
        <case>
          <duration>0.059</duration>
          <className>edu.ncsu.csc.itrust.unit.controller.labProcedure.LabProcedureControllerTest</className>
          <testName>testSetLabProcedureToReceivedStatusDBException</testName>
          <skipped>false</skipped>
          <failedSince>0</failedSince>
        </case>
        <case>
          <duration>0.076</duration>
          <className>edu.ncsu.csc.itrust.unit.controller.labProcedure.LabProcedureControllerTest</className>
          <testName>testRemove</testName>
          <skipped>false</skipped>
          <failedSince>0</failedSince>
        </case>
        <case>
          <duration>0.07</duration>
          <className>edu.ncsu.csc.itrust.unit.controller.labProcedure.LabProcedureControllerTest</className>
          <testName>testAddWithDBException</testName>
          <skipped>false</skipped>
          <failedSince>0</failedSince>
        </case>
        <case>
          <duration>0.06</duration>
          <className>edu.ncsu.csc.itrust.unit.controller.labProcedure.LabProcedureControllerTest</className>
          <testName>testRecordResults</testName>
          <skipped>false</skipped>
          <failedSince>0</failedSince>
        </case>
        <case>
          <duration>0.046</duration>
          <className>edu.ncsu.csc.itrust.unit.controller.labProcedure.LabProcedureControllerTest</className>
          <testName>testLogViewLabProcedureNoOfficeVisitSelected</testName>
          <skipped>false</skipped>
          <failedSince>0</failedSince>
        </case>
      </cases>
    </suite>
    <suite>
      <file>/var/lib/jenkins/workspace/itrust/iTrust/target/surefire-reports/TEST-edu.ncsu.csc.itrust.unit.controller.loincCode.LOINCCodeControllerTest.xml</file>
      <name>edu.ncsu.csc.itrust.unit.controller.loincCode.LOINCCodeControllerTest</name>
      <duration>0.222</duration>
      <time>0.222</time>
      <cases>
        <case>
          <duration>0.043</duration>
          <className>edu.ncsu.csc.itrust.unit.controller.loincCode.LOINCCodeControllerTest</className>
          <testName>testAdd</testName>
          <skipped>false</skipped>
          <failedSince>0</failedSince>
        </case>
        <case>
          <duration>0.045</duration>
          <className>edu.ncsu.csc.itrust.unit.controller.loincCode.LOINCCodeControllerTest</className>
          <testName>testEdit</testName>
          <skipped>false</skipped>
          <failedSince>0</failedSince>
        </case>
        <case>
          <duration>0.065</duration>
          <className>edu.ncsu.csc.itrust.unit.controller.loincCode.LOINCCodeControllerTest</className>
          <testName>testSQLErrors</testName>
          <skipped>false</skipped>
          <failedSince>0</failedSince>
        </case>
        <case>
          <duration>0.038</duration>
          <className>edu.ncsu.csc.itrust.unit.controller.loincCode.LOINCCodeControllerTest</className>
          <testName>testRemove</testName>
          <skipped>false</skipped>
          <failedSince>0</failedSince>
        </case>
        <case>
          <duration>0.03</duration>
          <className>edu.ncsu.csc.itrust.unit.controller.loincCode.LOINCCodeControllerTest</className>
          <testName>testConstructor</testName>
          <skipped>false</skipped>
          <failedSince>0</failedSince>
        </case>
      </cases>
    </suite>
    <suite>
      <file>/var/lib/jenkins/workspace/itrust/iTrust/target/surefire-reports/TEST-edu.ncsu.csc.itrust.unit.controller.loincCode.LOINCCodeFormTest.xml</file>
      <name>edu.ncsu.csc.itrust.unit.controller.loincCode.LOINCCodeFormTest</name>
      <duration>0.077</duration>
      <time>0.077</time>
      <cases>
        <case>
          <duration>0.076</duration>
          <className>edu.ncsu.csc.itrust.unit.controller.loincCode.LOINCCodeFormTest</className>
          <testName>testForm</testName>
          <skipped>false</skipped>
          <failedSince>0</failedSince>
        </case>
      </cases>
    </suite>
    <suite>
      <file>/var/lib/jenkins/workspace/itrust/iTrust/target/surefire-reports/TEST-edu.ncsu.csc.itrust.unit.controller.medicalProcedure.MedicalProcedureControllerTest.xml</file>
      <name>edu.ncsu.csc.itrust.unit.controller.medicalProcedure.MedicalProcedureControllerTest</name>
      <duration>0.059</duration>
      <time>0.059</time>
      <cases>
        <case>
          <duration>0.059</duration>
          <className>edu.ncsu.csc.itrust.unit.controller.medicalProcedure.MedicalProcedureControllerTest</className>
          <testName>testDiabolicals</testName>
          <skipped>false</skipped>
          <failedSince>0</failedSince>
        </case>
      </cases>
    </suite>
    <suite>
      <file>/var/lib/jenkins/workspace/itrust/iTrust/target/surefire-reports/TEST-edu.ncsu.csc.itrust.unit.controller.medicalProcedure.MedicalProcedureFormTest.xml</file>
      <name>edu.ncsu.csc.itrust.unit.controller.medicalProcedure.MedicalProcedureFormTest</name>
      <duration>0.104</duration>
      <time>0.104</time>
      <cases>
        <case>
          <duration>0.103</duration>
          <className>edu.ncsu.csc.itrust.unit.controller.medicalProcedure.MedicalProcedureFormTest</className>
          <testName>testForm</testName>
          <skipped>false</skipped>
          <failedSince>0</failedSince>
        </case>
      </cases>
    </suite>
    <suite>
      <file>/var/lib/jenkins/workspace/itrust/iTrust/target/surefire-reports/TEST-edu.ncsu.csc.itrust.unit.controller.ndcCode.NDCCodeControllerTest.xml</file>
      <name>edu.ncsu.csc.itrust.unit.controller.ndcCode.NDCCodeControllerTest</name>
      <duration>0.317</duration>
      <time>0.317</time>
      <cases>
        <case>
          <duration>0.061</duration>
          <className>edu.ncsu.csc.itrust.unit.controller.ndcCode.NDCCodeControllerTest</className>
          <testName>testAdd</testName>
          <skipped>false</skipped>
          <failedSince>0</failedSince>
        </case>
        <case>
          <duration>0.053</duration>
          <className>edu.ncsu.csc.itrust.unit.controller.ndcCode.NDCCodeControllerTest</className>
          <testName>testEdit</testName>
          <skipped>false</skipped>
          <failedSince>0</failedSince>
        </case>
        <case>
          <duration>0.076</duration>
          <className>edu.ncsu.csc.itrust.unit.controller.ndcCode.NDCCodeControllerTest</className>
          <testName>testSQLErrors</testName>
          <skipped>false</skipped>
          <failedSince>0</failedSince>
        </case>
        <case>
          <duration>0.054</duration>
          <className>edu.ncsu.csc.itrust.unit.controller.ndcCode.NDCCodeControllerTest</className>
          <testName>testRemove</testName>
          <skipped>false</skipped>
          <failedSince>0</failedSince>
        </case>
        <case>
          <duration>0.056</duration>
          <className>edu.ncsu.csc.itrust.unit.controller.ndcCode.NDCCodeControllerTest</className>
          <testName>testConstructor</testName>
          <skipped>false</skipped>
          <failedSince>0</failedSince>
        </case>
      </cases>
    </suite>
    <suite>
      <file>/var/lib/jenkins/workspace/itrust/iTrust/target/surefire-reports/TEST-edu.ncsu.csc.itrust.unit.controller.ndcCode.NDCCodeFormTest.xml</file>
      <name>edu.ncsu.csc.itrust.unit.controller.ndcCode.NDCCodeFormTest</name>
      <duration>0.08</duration>
      <time>0.08</time>
      <cases>
        <case>
          <duration>0.079</duration>
          <className>edu.ncsu.csc.itrust.unit.controller.ndcCode.NDCCodeFormTest</className>
          <testName>testForm</testName>
          <skipped>false</skipped>
          <failedSince>0</failedSince>
        </case>
      </cases>
    </suite>
    <suite>
      <file>/var/lib/jenkins/workspace/itrust/iTrust/target/surefire-reports/TEST-edu.ncsu.csc.itrust.unit.controller.officeVisit.OfficeVisitControllerTest.xml</file>
      <name>edu.ncsu.csc.itrust.unit.controller.officeVisit.OfficeVisitControllerTest</name>
      <duration>1.086</duration>
      <time>1.086</time>
      <cases>
        <case>
          <duration>0.048</duration>
          <className>edu.ncsu.csc.itrust.unit.controller.officeVisit.OfficeVisitControllerTest</className>
          <testName>testGetOfficeVisitsForPatientWithException</testName>
          <skipped>false</skipped>
          <failedSince>0</failedSince>
        </case>
        <case>
          <duration>0.025</duration>
          <className>edu.ncsu.csc.itrust.unit.controller.officeVisit.OfficeVisitControllerTest</className>
          <testName>testGetSelectedVisitWithNullRequest</testName>
          <skipped>false</skipped>
          <failedSince>0</failedSince>
        </case>
        <case>
          <duration>0.041</duration>
          <className>edu.ncsu.csc.itrust.unit.controller.officeVisit.OfficeVisitControllerTest</className>
          <testName>testCurrentPatientHasVisited</testName>
          <skipped>false</skipped>
          <failedSince>0</failedSince>
        </case>
        <case>
          <duration>0.046</duration>
          <className>edu.ncsu.csc.itrust.unit.controller.officeVisit.OfficeVisitControllerTest</className>
          <testName>testGetAdultOfficeVisitsForCurrentPatient</testName>
          <skipped>false</skipped>
          <failedSince>0</failedSince>
        </case>
        <case>
          <duration>0.057</duration>
          <className>edu.ncsu.csc.itrust.unit.controller.officeVisit.OfficeVisitControllerTest</className>
          <testName>testGetChildOfficeVisitsForCurrentPatient</testName>
          <skipped>false</skipped>
          <failedSince>0</failedSince>
        </case>
        <case>
          <duration>0.049</duration>
          <className>edu.ncsu.csc.itrust.unit.controller.officeVisit.OfficeVisitControllerTest</className>
          <testName>testGetVisitByIDWithInvalidID</testName>
          <skipped>false</skipped>
          <failedSince>0</failedSince>
        </case>
        <case>
          <duration>0.043</duration>
          <className>edu.ncsu.csc.itrust.unit.controller.officeVisit.OfficeVisitControllerTest</className>
          <testName>testGetOfficeVisitsForCurrentPatientWithInvalidMID</testName>
          <skipped>false</skipped>
          <failedSince>0</failedSince>
        </case>
        <case>
          <duration>0.069</duration>
          <className>edu.ncsu.csc.itrust.unit.controller.officeVisit.OfficeVisitControllerTest</className>
          <testName>testAddOfficeVisitWithInvalidDate</testName>
          <skipped>false</skipped>
          <failedSince>0</failedSince>
        </case>
        <case>
          <duration>0.076</duration>
          <className>edu.ncsu.csc.itrust.unit.controller.officeVisit.OfficeVisitControllerTest</className>
          <testName>testRetrieveOfficeVisit</testName>
          <skipped>false</skipped>
          <failedSince>0</failedSince>
        </case>
        <case>
          <duration>0.046</duration>
          <className>edu.ncsu.csc.itrust.unit.controller.officeVisit.OfficeVisitControllerTest</className>
          <testName>testCalculatePatientAge</testName>
          <skipped>false</skipped>
          <failedSince>0</failedSince>
        </case>
        <case>
          <duration>0.051</duration>
          <className>edu.ncsu.csc.itrust.unit.controller.officeVisit.OfficeVisitControllerTest</className>
          <testName>testGetSelectedVisit</testName>
          <skipped>false</skipped>
          <failedSince>0</failedSince>
        </case>
        <case>
          <duration>0.045</duration>
          <className>edu.ncsu.csc.itrust.unit.controller.officeVisit.OfficeVisitControllerTest</className>
          <testName>testHasPatientVisitedWithNulls</testName>
          <skipped>false</skipped>
          <failedSince>0</failedSince>
        </case>
        <case>
          <duration>0.051</duration>
          <className>edu.ncsu.csc.itrust.unit.controller.officeVisit.OfficeVisitControllerTest</className>
          <testName>testLogViewOfficeVisit</testName>
          <skipped>false</skipped>
          <failedSince>0</failedSince>
        </case>
        <case>
          <duration>0.035</duration>
          <className>edu.ncsu.csc.itrust.unit.controller.officeVisit.OfficeVisitControllerTest</className>
          <testName>testGetOfficeVisitsForPatient</testName>
          <skipped>false</skipped>
          <failedSince>0</failedSince>
        </case>
        <case>
          <duration>0.032</duration>
          <className>edu.ncsu.csc.itrust.unit.controller.officeVisit.OfficeVisitControllerTest</className>
          <testName>testGetOfficeVisitsForPatientWithHCPPid</testName>
          <skipped>false</skipped>
          <failedSince>0</failedSince>
        </case>
        <case>
          <duration>0.057</duration>
          <className>edu.ncsu.csc.itrust.unit.controller.officeVisit.OfficeVisitControllerTest</className>
          <testName>testAddOfficeVisitWithFacesContext</testName>
          <skipped>false</skipped>
          <failedSince>0</failedSince>
        </case>
        <case>
          <duration>0.026</duration>
          <className>edu.ncsu.csc.itrust.unit.controller.officeVisit.OfficeVisitControllerTest</className>
          <testName>testAddOfficeVisitWithInvalidDateAndFacesContext</testName>
          <skipped>false</skipped>
          <failedSince>0</failedSince>
        </case>
        <case>
          <duration>0.034</duration>
          <className>edu.ncsu.csc.itrust.unit.controller.officeVisit.OfficeVisitControllerTest</className>
          <testName>testGetOfficeVisitsForPatientWithNullPid</testName>
          <skipped>false</skipped>
          <failedSince>0</failedSince>
        </case>
        <case>
          <duration>0.04</duration>
          <className>edu.ncsu.csc.itrust.unit.controller.officeVisit.OfficeVisitControllerTest</className>
          <testName>testHasPatientVisited</testName>
          <skipped>false</skipped>
          <failedSince>0</failedSince>
        </case>
        <case>
          <duration>0.042</duration>
          <className>edu.ncsu.csc.itrust.unit.controller.officeVisit.OfficeVisitControllerTest</className>
          <testName>testGetOfficeVisitsForCurrentPatient</testName>
          <skipped>false</skipped>
          <failedSince>0</failedSince>
        </case>
        <case>
          <duration>0.037</duration>
          <className>edu.ncsu.csc.itrust.unit.controller.officeVisit.OfficeVisitControllerTest</className>
          <testName>testLogViewOfficeVisitNoneSelected</testName>
          <skipped>false</skipped>
          <failedSince>0</failedSince>
        </case>
        <case>
          <duration>0.04</duration>
          <className>edu.ncsu.csc.itrust.unit.controller.officeVisit.OfficeVisitControllerTest</className>
          <testName>testAddReturnGeneratedId</testName>
          <skipped>false</skipped>
          <failedSince>0</failedSince>
        </case>
        <case>
          <duration>0.026</duration>
          <className>edu.ncsu.csc.itrust.unit.controller.officeVisit.OfficeVisitControllerTest</className>
          <testName>testGetSelectedVisitWithNullVisitId</testName>
          <skipped>false</skipped>
          <failedSince>0</failedSince>
        </case>
        <case>
          <duration>0.044</duration>
          <className>edu.ncsu.csc.itrust.unit.controller.officeVisit.OfficeVisitControllerTest</className>
          <testName>testGetBabyOfficeVisitsForCurrentPatient</testName>
          <skipped>false</skipped>
          <failedSince>0</failedSince>
        </case>
        <case>
          <duration>0.023</duration>
          <className>edu.ncsu.csc.itrust.unit.controller.officeVisit.OfficeVisitControllerTest</className>
          <testName>testCalculatePatientAgeWithNulls</testName>
          <skipped>false</skipped>
          <failedSince>0</failedSince>
        </case>
      </cases>
    </suite>
    <suite>
      <file>/var/lib/jenkins/workspace/itrust/iTrust/target/surefire-reports/TEST-edu.ncsu.csc.itrust.unit.controller.officeVisit.OfficeVisitFormTest.xml</file>
      <name>edu.ncsu.csc.itrust.unit.controller.officeVisit.OfficeVisitFormTest</name>
      <duration>0.804</duration>
      <time>0.804</time>
      <cases>
        <case>
          <duration>0.075</duration>
          <className>edu.ncsu.csc.itrust.unit.controller.officeVisit.OfficeVisitFormTest</className>
          <testName>testGetSendBill</testName>
          <skipped>false</skipped>
          <failedSince>0</failedSince>
        </case>
        <case>
          <duration>0.032</duration>
          <className>edu.ncsu.csc.itrust.unit.controller.officeVisit.OfficeVisitFormTest</className>
          <testName>testGetNotes</testName>
          <skipped>false</skipped>
          <failedSince>0</failedSince>
        </case>
        <case>
          <duration>0.025</duration>
          <className>edu.ncsu.csc.itrust.unit.controller.officeVisit.OfficeVisitFormTest</className>
          <testName>testGetPatientSmokingStatus</testName>
          <skipped>false</skipped>
          <failedSince>0</failedSince>
        </case>
        <case>
          <duration>0.046</duration>
          <className>edu.ncsu.csc.itrust.unit.controller.officeVisit.OfficeVisitFormTest</className>
          <testName>testGetLocationID</testName>
          <skipped>false</skipped>
          <failedSince>0</failedSince>
        </case>
        <case>
          <duration>0.019</duration>
          <className>edu.ncsu.csc.itrust.unit.controller.officeVisit.OfficeVisitFormTest</className>
          <testName>testGetApptTypeID</testName>
          <skipped>false</skipped>
          <failedSince>0</failedSince>
        </case>
        <case>
          <duration>0.03</duration>
          <className>edu.ncsu.csc.itrust.unit.controller.officeVisit.OfficeVisitFormTest</className>
          <testName>testGetDate</testName>
          <skipped>false</skipped>
          <failedSince>0</failedSince>
        </case>
        <case>
          <duration>0.035</duration>
          <className>edu.ncsu.csc.itrust.unit.controller.officeVisit.OfficeVisitFormTest</className>
          <testName>testGetPatientMID</testName>
          <skipped>false</skipped>
          <failedSince>0</failedSince>
        </case>
        <case>
          <duration>0.093</duration>
          <className>edu.ncsu.csc.itrust.unit.controller.officeVisit.OfficeVisitFormTest</className>
          <testName>testIsPatientAChild</testName>
          <skipped>false</skipped>
          <failedSince>0</failedSince>
        </case>
        <case>
          <duration>0.038</duration>
          <className>edu.ncsu.csc.itrust.unit.controller.officeVisit.OfficeVisitFormTest</className>
          <testName>testGetHeadCircumference</testName>
          <skipped>false</skipped>
          <failedSince>0</failedSince>
        </case>
        <case>
          <duration>0.03</duration>
          <className>edu.ncsu.csc.itrust.unit.controller.officeVisit.OfficeVisitFormTest</className>
          <testName>testGetBloodPressure</testName>
          <skipped>false</skipped>
          <failedSince>0</failedSince>
        </case>
        <case>
          <duration>0.036</duration>
          <className>edu.ncsu.csc.itrust.unit.controller.officeVisit.OfficeVisitFormTest</className>
          <testName>testGetVisitID</testName>
          <skipped>false</skipped>
          <failedSince>0</failedSince>
        </case>
        <case>
          <duration>0.035</duration>
          <className>edu.ncsu.csc.itrust.unit.controller.officeVisit.OfficeVisitFormTest</className>
          <testName>testGetHeight</testName>
          <skipped>false</skipped>
          <failedSince>0</failedSince>
        </case>
        <case>
          <duration>0.051</duration>
          <className>edu.ncsu.csc.itrust.unit.controller.officeVisit.OfficeVisitFormTest</className>
          <testName>testGetLength</testName>
          <skipped>false</skipped>
          <failedSince>0</failedSince>
        </case>
        <case>
          <duration>0.038</duration>
          <className>edu.ncsu.csc.itrust.unit.controller.officeVisit.OfficeVisitFormTest</className>
          <testName>testGetHDL</testName>
          <skipped>false</skipped>
          <failedSince>0</failedSince>
        </case>
        <case>
          <duration>0.028</duration>
          <className>edu.ncsu.csc.itrust.unit.controller.officeVisit.OfficeVisitFormTest</className>
          <testName>testGetLDL</testName>
          <skipped>false</skipped>
          <failedSince>0</failedSince>
        </case>
        <case>
          <duration>0.034</duration>
          <className>edu.ncsu.csc.itrust.unit.controller.officeVisit.OfficeVisitFormTest</className>
          <testName>testIsPatientABaby</testName>
          <skipped>false</skipped>
          <failedSince>0</failedSince>
        </case>
        <case>
          <duration>0.038</duration>
          <className>edu.ncsu.csc.itrust.unit.controller.officeVisit.OfficeVisitFormTest</className>
          <testName>testGetWeight</testName>
          <skipped>false</skipped>
          <failedSince>0</failedSince>
        </case>
        <case>
          <duration>0.024</duration>
          <className>edu.ncsu.csc.itrust.unit.controller.officeVisit.OfficeVisitFormTest</className>
          <testName>testSubmit</testName>
          <skipped>false</skipped>
          <failedSince>0</failedSince>
        </case>
        <case>
          <duration>0.036</duration>
          <className>edu.ncsu.csc.itrust.unit.controller.officeVisit.OfficeVisitFormTest</className>
          <testName>testGetHouseholdSmokingStatus</testName>
          <skipped>false</skipped>
          <failedSince>0</failedSince>
        </case>
        <case>
          <duration>0.032</duration>
          <className>edu.ncsu.csc.itrust.unit.controller.officeVisit.OfficeVisitFormTest</className>
          <testName>testGetTriglyceride</testName>
          <skipped>false</skipped>
          <failedSince>0</failedSince>
        </case>
        <case>
          <duration>0.028</duration>
          <className>edu.ncsu.csc.itrust.unit.controller.officeVisit.OfficeVisitFormTest</className>
          <testName>testIsPatientAnAdult</testName>
          <skipped>false</skipped>
          <failedSince>0</failedSince>
        </case>
      </cases>
    </suite>
    <suite>
      <file>/var/lib/jenkins/workspace/itrust/iTrust/target/surefire-reports/TEST-edu.ncsu.csc.itrust.unit.controller.prescription.PrescriptionControllerTest.xml</file>
      <name>edu.ncsu.csc.itrust.unit.controller.prescription.PrescriptionControllerTest</name>
      <duration>0.758</duration>
      <time>0.758</time>
      <cases>
        <case>
          <duration>0.27</duration>
          <className>edu.ncsu.csc.itrust.unit.controller.prescription.PrescriptionControllerTest</className>
          <testName>testExceptions</testName>
          <skipped>false</skipped>
          <failedSince>0</failedSince>
        </case>
        <case>
          <duration>0.104</duration>
          <className>edu.ncsu.csc.itrust.unit.controller.prescription.PrescriptionControllerTest</className>
          <testName>testGetPrescriptionsForCurrentPatient</testName>
          <skipped>false</skipped>
          <failedSince>0</failedSince>
        </case>
        <case>
          <duration>0.092</duration>
          <className>edu.ncsu.csc.itrust.unit.controller.prescription.PrescriptionControllerTest</className>
          <testName>testGetPrescriptionByID</testName>
          <skipped>false</skipped>
          <failedSince>0</failedSince>
        </case>
        <case>
          <duration>0.053</duration>
          <className>edu.ncsu.csc.itrust.unit.controller.prescription.PrescriptionControllerTest</className>
          <testName>testGetCodeName</testName>
          <skipped>false</skipped>
          <failedSince>0</failedSince>
        </case>
        <case>
          <duration>0.065</duration>
          <className>edu.ncsu.csc.itrust.unit.controller.prescription.PrescriptionControllerTest</className>
          <testName>getRepParameter</testName>
          <skipped>false</skipped>
          <failedSince>0</failedSince>
        </case>
        <case>
          <duration>0.056</duration>
          <className>edu.ncsu.csc.itrust.unit.controller.prescription.PrescriptionControllerTest</className>
          <testName>testLogViewPrescriptionReport</testName>
          <skipped>false</skipped>
          <failedSince>0</failedSince>
        </case>
        <case>
          <duration>0.115</duration>
          <className>edu.ncsu.csc.itrust.unit.controller.prescription.PrescriptionControllerTest</className>
          <testName>testGetListOfRepresentees</testName>
          <skipped>false</skipped>
          <failedSince>0</failedSince>
        </case>
      </cases>
    </suite>
    <suite>
      <file>/var/lib/jenkins/workspace/itrust/iTrust/target/surefire-reports/TEST-edu.ncsu.csc.itrust.unit.controller.prescription.PrescriptionFormTest.xml</file>
      <name>edu.ncsu.csc.itrust.unit.controller.prescription.PrescriptionFormTest</name>
      <duration>0.104</duration>
      <time>0.104</time>
      <cases>
        <case>
          <duration>0.103</duration>
          <className>edu.ncsu.csc.itrust.unit.controller.prescription.PrescriptionFormTest</className>
          <testName>testEverything</testName>
          <skipped>false</skipped>
          <failedSince>0</failedSince>
        </case>
      </cases>
    </suite>
    <suite>
      <file>/var/lib/jenkins/workspace/itrust/iTrust/target/surefire-reports/TEST-edu.ncsu.csc.itrust.unit.dao.AutoIncrementTest.xml</file>
      <name>edu.ncsu.csc.itrust.unit.dao.AutoIncrementTest</name>
      <duration>0.009</duration>
      <time>0.009</time>
      <cases>
        <case>
          <duration>0.009</duration>
          <className>edu.ncsu.csc.itrust.unit.dao.AutoIncrementTest</className>
          <testName>testNoIncrementCollision</testName>
          <skipped>false</skipped>
          <failedSince>0</failedSince>
        </case>
      </cases>
    </suite>
    <suite>
      <file>/var/lib/jenkins/workspace/itrust/iTrust/target/surefire-reports/TEST-edu.ncsu.csc.itrust.unit.dao.DAOFactoryTest.xml</file>
      <name>edu.ncsu.csc.itrust.unit.dao.DAOFactoryTest</name>
      <duration>0.0</duration>
      <time>0</time>
      <cases>
        <case>
          <duration>0.0</duration>
          <className>edu.ncsu.csc.itrust.unit.dao.DAOFactoryTest</className>
          <testName>testRealProductionDriver</testName>
          <skipped>false</skipped>
          <failedSince>0</failedSince>
        </case>
      </cases>
    </suite>
    <suite>
      <file>/var/lib/jenkins/workspace/itrust/iTrust/target/surefire-reports/TEST-edu.ncsu.csc.itrust.unit.dao.DBUtilTest.xml</file>
      <name>edu.ncsu.csc.itrust.unit.dao.DBUtilTest</name>
      <duration>0.004</duration>
      <time>0.004</time>
      <cases>
        <case>
          <duration>0.002</duration>
          <className>edu.ncsu.csc.itrust.unit.dao.DBUtilTest</className>
          <testName>testClosingNullPS</testName>
          <skipped>false</skipped>
          <failedSince>0</failedSince>
        </case>
        <case>
          <duration>0.002</duration>
          <className>edu.ncsu.csc.itrust.unit.dao.DBUtilTest</className>
          <testName>testException</testName>
          <skipped>false</skipped>
          <failedSince>0</failedSince>
        </case>
        <case>
          <duration>0.0</duration>
          <className>edu.ncsu.csc.itrust.unit.dao.DBUtilTest</className>
          <testName>testCanAccessProductionDriver</testName>
          <skipped>false</skipped>
          <failedSince>0</failedSince>
        </case>
      </cases>
    </suite>
    <suite>
      <file>/var/lib/jenkins/workspace/itrust/iTrust/target/surefire-reports/TEST-edu.ncsu.csc.itrust.unit.dao.WardDAOTest.xml</file>
      <name>edu.ncsu.csc.itrust.unit.dao.WardDAOTest</name>
      <duration>0.025</duration>
      <time>0.025</time>
      <cases>
        <case>
          <duration>0.001</duration>
          <className>edu.ncsu.csc.itrust.unit.dao.WardDAOTest</className>
          <testName>testgetAllWardsByHospitalID</testName>
          <skipped>false</skipped>
          <failedSince>0</failedSince>
        </case>
        <case>
          <duration>0.001</duration>
          <className>edu.ncsu.csc.itrust.unit.dao.WardDAOTest</className>
          <testName>testAddWard</testName>
          <skipped>false</skipped>
          <failedSince>0</failedSince>
        </case>
        <case>
          <duration>0.001</duration>
          <className>edu.ncsu.csc.itrust.unit.dao.WardDAOTest</className>
          <testName>testAssignHCPToWard</testName>
          <skipped>false</skipped>
          <failedSince>0</failedSince>
        </case>
        <case>
          <duration>0.0</duration>
          <className>edu.ncsu.csc.itrust.unit.dao.WardDAOTest</className>
          <testName>testGetHospitalByWard</testName>
          <skipped>false</skipped>
          <failedSince>0</failedSince>
        </case>
        <case>
          <duration>0.001</duration>
          <className>edu.ncsu.csc.itrust.unit.dao.WardDAOTest</className>
          <testName>testAddWardRoom</testName>
          <skipped>false</skipped>
          <failedSince>0</failedSince>
        </case>
        <case>
          <duration>0.001</duration>
          <className>edu.ncsu.csc.itrust.unit.dao.WardDAOTest</className>
          <testName>testUpdateWard</testName>
          <skipped>false</skipped>
          <failedSince>0</failedSince>
        </case>
        <case>
          <duration>0.006</duration>
          <className>edu.ncsu.csc.itrust.unit.dao.WardDAOTest</className>
          <testName>testRemoveWard2</testName>
          <skipped>false</skipped>
          <failedSince>0</failedSince>
        </case>
        <case>
          <duration>0.0</duration>
          <className>edu.ncsu.csc.itrust.unit.dao.WardDAOTest</className>
          <testName>testgetAllWardRoomsByWardID</testName>
          <skipped>false</skipped>
          <failedSince>0</failedSince>
        </case>
        <case>
          <duration>0.001</duration>
          <className>edu.ncsu.csc.itrust.unit.dao.WardDAOTest</className>
          <testName>testUpdateWardRoom</testName>
          <skipped>false</skipped>
          <failedSince>0</failedSince>
        </case>
        <case>
          <duration>0.0</duration>
          <className>edu.ncsu.csc.itrust.unit.dao.WardDAOTest</className>
          <testName>testUpdateWardRoomOccupant</testName>
          <skipped>false</skipped>
          <failedSince>0</failedSince>
        </case>
        <case>
          <duration>0.002</duration>
          <className>edu.ncsu.csc.itrust.unit.dao.WardDAOTest</className>
          <testName>testgetAllWardsByHCP</testName>
          <skipped>false</skipped>
          <failedSince>0</failedSince>
        </case>
        <case>
          <duration>0.0</duration>
          <className>edu.ncsu.csc.itrust.unit.dao.WardDAOTest</className>
          <testName>testRemoveWard</testName>
          <skipped>false</skipped>
          <failedSince>0</failedSince>
        </case>
        <case>
          <duration>0.001</duration>
          <className>edu.ncsu.csc.itrust.unit.dao.WardDAOTest</className>
          <testName>testgetAllHCPsAssignedToWard</testName>
          <skipped>false</skipped>
          <failedSince>0</failedSince>
        </case>
        <case>
          <duration>0.001</duration>
          <className>edu.ncsu.csc.itrust.unit.dao.WardDAOTest</className>
          <testName>testGetWardRoom</testName>
          <skipped>false</skipped>
          <failedSince>0</failedSince>
        </case>
        <case>
          <duration>0.001</duration>
          <className>edu.ncsu.csc.itrust.unit.dao.WardDAOTest</className>
          <testName>testRemoveWardRoom</testName>
          <skipped>false</skipped>
          <failedSince>0</failedSince>
        </case>
        <case>
          <duration>0.0</duration>
          <className>edu.ncsu.csc.itrust.unit.dao.WardDAOTest</className>
          <testName>testGetWardRoomsByStatus</testName>
          <skipped>false</skipped>
          <failedSince>0</failedSince>
        </case>
      </cases>
    </suite>
    <suite>
      <file>/var/lib/jenkins/workspace/itrust/iTrust/target/surefire-reports/TEST-edu.ncsu.csc.itrust.unit.dao.access.AccessDAOExceptionTest.xml</file>
      <name>edu.ncsu.csc.itrust.unit.dao.access.AccessDAOExceptionTest</name>
      <duration>0.001</duration>
      <time>0.001</time>
      <cases>
        <case>
          <duration>0.001</duration>
          <className>edu.ncsu.csc.itrust.unit.dao.access.AccessDAOExceptionTest</className>
          <testName>testGetSessionTimeoutException</testName>
          <skipped>false</skipped>
          <failedSince>0</failedSince>
        </case>
        <case>
          <duration>0.0</duration>
          <className>edu.ncsu.csc.itrust.unit.dao.access.AccessDAOExceptionTest</className>
          <testName>testDBException</testName>
          <skipped>false</skipped>
          <failedSince>0</failedSince>
        </case>
        <case>
          <duration>0.0</duration>
          <className>edu.ncsu.csc.itrust.unit.dao.access.AccessDAOExceptionTest</className>
          <testName>testSetSessionTimeoutException</testName>
          <skipped>false</skipped>
          <failedSince>0</failedSince>
        </case>
        <case>
          <duration>0.0</duration>
          <className>edu.ncsu.csc.itrust.unit.dao.access.AccessDAOExceptionTest</className>
          <testName>testiTrustException</testName>
          <skipped>false</skipped>
          <failedSince>0</failedSince>
        </case>
      </cases>
    </suite>
    <suite>
      <file>/var/lib/jenkins/workspace/itrust/iTrust/target/surefire-reports/TEST-edu.ncsu.csc.itrust.unit.dao.access.GetSessionTimeoutTest.xml</file>
      <name>edu.ncsu.csc.itrust.unit.dao.access.GetSessionTimeoutTest</name>
      <duration>0.005</duration>
      <time>0.005</time>
      <cases>
        <case>
          <duration>0.002</duration>
          <className>edu.ncsu.csc.itrust.unit.dao.access.GetSessionTimeoutTest</className>
          <testName>testUpdateBadTimeout</testName>
          <skipped>false</skipped>
          <failedSince>0</failedSince>
        </case>
        <case>
          <duration>0.002</duration>
          <className>edu.ncsu.csc.itrust.unit.dao.access.GetSessionTimeoutTest</className>
          <testName>testChangeTimeout</testName>
          <skipped>false</skipped>
          <failedSince>0</failedSince>
        </case>
      </cases>
    </suite>
    <suite>
      <file>/var/lib/jenkins/workspace/itrust/iTrust/target/surefire-reports/TEST-edu.ncsu.csc.itrust.unit.dao.allergies.AddAllergiesTest.xml</file>
      <name>edu.ncsu.csc.itrust.unit.dao.allergies.AddAllergiesTest</name>
      <duration>0.04</duration>
      <time>0.04</time>
      <cases>
        <case>
          <duration>0.04</duration>
          <className>edu.ncsu.csc.itrust.unit.dao.allergies.AddAllergiesTest</className>
          <testName>testGetAllergiesFor2</testName>
          <skipped>false</skipped>
          <failedSince>0</failedSince>
        </case>
      </cases>
    </suite>
    <suite>
      <file>/var/lib/jenkins/workspace/itrust/iTrust/target/surefire-reports/TEST-edu.ncsu.csc.itrust.unit.dao.allergies.AllergyDAOExceptionTest.xml</file>
      <name>edu.ncsu.csc.itrust.unit.dao.allergies.AllergyDAOExceptionTest</name>
      <duration>0.0</duration>
      <time>0</time>
      <cases>
        <case>
          <duration>0.0</duration>
          <className>edu.ncsu.csc.itrust.unit.dao.allergies.AllergyDAOExceptionTest</className>
          <testName>testGetAllergyException</testName>
          <skipped>false</skipped>
          <failedSince>0</failedSince>
        </case>
        <case>
          <duration>0.0</duration>
          <className>edu.ncsu.csc.itrust.unit.dao.allergies.AllergyDAOExceptionTest</className>
          <testName>testAddAllergyException</testName>
          <skipped>false</skipped>
          <failedSince>0</failedSince>
        </case>
      </cases>
    </suite>
    <suite>
      <file>/var/lib/jenkins/workspace/itrust/iTrust/target/surefire-reports/TEST-edu.ncsu.csc.itrust.unit.dao.allergies.GetAllergiesTest.xml</file>
      <name>edu.ncsu.csc.itrust.unit.dao.allergies.GetAllergiesTest</name>
      <duration>0.059</duration>
      <time>0.059</time>
      <cases>
        <case>
          <duration>0.037</duration>
          <className>edu.ncsu.csc.itrust.unit.dao.allergies.GetAllergiesTest</className>
          <testName>testGetAllergiesFor1</testName>
          <skipped>false</skipped>
          <failedSince>0</failedSince>
        </case>
        <case>
          <duration>0.022</duration>
          <className>edu.ncsu.csc.itrust.unit.dao.allergies.GetAllergiesTest</className>
          <testName>testGetAllergiesFor2</testName>
          <skipped>false</skipped>
          <failedSince>0</failedSince>
        </case>
      </cases>
    </suite>
    <suite>
      <file>/var/lib/jenkins/workspace/itrust/iTrust/target/surefire-reports/TEST-edu.ncsu.csc.itrust.unit.dao.appointment.ApptDAOTest.xml</file>
      <name>edu.ncsu.csc.itrust.unit.dao.appointment.ApptDAOTest</name>
      <duration>0.162</duration>
      <time>0.162</time>
      <cases>
        <case>
          <duration>0.021</duration>
          <className>edu.ncsu.csc.itrust.unit.dao.appointment.ApptDAOTest</className>
          <testName>testAppointment</testName>
          <skipped>false</skipped>
          <failedSince>0</failedSince>
        </case>
        <case>
          <duration>0.026</duration>
          <className>edu.ncsu.csc.itrust.unit.dao.appointment.ApptDAOTest</className>
          <testName>testGetApptType</testName>
          <skipped>false</skipped>
          <failedSince>0</failedSince>
        </case>
        <case>
          <duration>0.024</duration>
          <className>edu.ncsu.csc.itrust.unit.dao.appointment.ApptDAOTest</className>
          <testName>testAppointmentConflict</testName>
          <skipped>false</skipped>
          <failedSince>0</failedSince>
        </case>
        <case>
          <duration>0.034</duration>
          <className>edu.ncsu.csc.itrust.unit.dao.appointment.ApptDAOTest</className>
          <testName>testAppointmentPatientConflict</testName>
          <skipped>false</skipped>
          <failedSince>0</failedSince>
        </case>
        <case>
          <duration>0.022</duration>
          <className>edu.ncsu.csc.itrust.unit.dao.appointment.ApptDAOTest</className>
          <testName>testGetPatientConflictForAppointment</testName>
          <skipped>false</skipped>
          <failedSince>0</failedSince>
        </case>
        <case>
          <duration>0.034</duration>
          <className>edu.ncsu.csc.itrust.unit.dao.appointment.ApptDAOTest</className>
          <testName>testGetConflictForAppointment</testName>
          <skipped>false</skipped>
          <failedSince>0</failedSince>
        </case>
      </cases>
    </suite>
    <suite>
      <file>/var/lib/jenkins/workspace/itrust/iTrust/target/surefire-reports/TEST-edu.ncsu.csc.itrust.unit.dao.appointment.ApptRequestDAOTest.xml</file>
      <name>edu.ncsu.csc.itrust.unit.dao.appointment.ApptRequestDAOTest</name>
      <duration>0.423</duration>
      <time>0.423</time>
      <cases>
        <case>
          <duration>0.124</duration>
          <className>edu.ncsu.csc.itrust.unit.dao.appointment.ApptRequestDAOTest</className>
          <testName>testAddApptRequest</testName>
          <skipped>false</skipped>
          <failedSince>0</failedSince>
        </case>
        <case>
          <duration>0.076</duration>
          <className>edu.ncsu.csc.itrust.unit.dao.appointment.ApptRequestDAOTest</className>
          <testName>testGetApptRequestsFor</testName>
          <skipped>false</skipped>
          <failedSince>0</failedSince>
        </case>
        <case>
          <duration>0.076</duration>
          <className>edu.ncsu.csc.itrust.unit.dao.appointment.ApptRequestDAOTest</className>
          <testName>testTypeDBExceptions</testName>
          <skipped>false</skipped>
          <failedSince>0</failedSince>
        </case>
        <case>
          <duration>0.071</duration>
          <className>edu.ncsu.csc.itrust.unit.dao.appointment.ApptRequestDAOTest</className>
          <testName>testUpdateApptRequest</testName>
          <skipped>false</skipped>
          <failedSince>0</failedSince>
        </case>
        <case>
          <duration>0.076</duration>
          <className>edu.ncsu.csc.itrust.unit.dao.appointment.ApptRequestDAOTest</className>
          <testName>testGetApptRequest</testName>
          <skipped>false</skipped>
          <failedSince>0</failedSince>
        </case>
      </cases>
    </suite>
    <suite>
      <file>/var/lib/jenkins/workspace/itrust/iTrust/target/surefire-reports/TEST-edu.ncsu.csc.itrust.unit.dao.auth.AddUserTest.xml</file>
      <name>edu.ncsu.csc.itrust.unit.dao.auth.AddUserTest</name>
      <duration>0.071</duration>
      <time>0.071</time>
      <cases>
        <case>
          <duration>0.02</duration>
          <className>edu.ncsu.csc.itrust.unit.dao.auth.AddUserTest</className>
          <testName>testAdd500WithHCP</testName>
          <skipped>false</skipped>
          <failedSince>0</failedSince>
        </case>
        <case>
          <duration>0.023</duration>
          <className>edu.ncsu.csc.itrust.unit.dao.auth.AddUserTest</className>
          <testName>test500Gone</testName>
          <skipped>false</skipped>
          <failedSince>0</failedSince>
        </case>
        <case>
          <duration>0.027</duration>
          <className>edu.ncsu.csc.itrust.unit.dao.auth.AddUserTest</className>
          <testName>testAddWithPatient</testName>
          <skipped>false</skipped>
          <failedSince>0</failedSince>
        </case>
      </cases>
    </suite>
    <suite>
      <file>/var/lib/jenkins/workspace/itrust/iTrust/target/surefire-reports/TEST-edu.ncsu.csc.itrust.unit.dao.auth.AuthDAOExceptionTest.xml</file>
      <name>edu.ncsu.csc.itrust.unit.dao.auth.AuthDAOExceptionTest</name>
      <duration>0.004</duration>
      <time>0.004</time>
      <cases>
        <case>
          <duration>0.0</duration>
          <className>edu.ncsu.csc.itrust.unit.dao.auth.AuthDAOExceptionTest</className>
          <testName>testAddUserException</testName>
          <skipped>false</skipped>
          <failedSince>0</failedSince>
        </case>
        <case>
          <duration>0.0</duration>
          <className>edu.ncsu.csc.itrust.unit.dao.auth.AuthDAOExceptionTest</className>
          <testName>testSetDependency</testName>
          <skipped>false</skipped>
          <failedSince>0</failedSince>
        </case>
        <case>
          <duration>0.0</duration>
          <className>edu.ncsu.csc.itrust.unit.dao.auth.AuthDAOExceptionTest</className>
          <testName>testCheckUserExistsException</testName>
          <skipped>false</skipped>
          <failedSince>0</failedSince>
        </case>
        <case>
          <duration>0.0</duration>
          <className>edu.ncsu.csc.itrust.unit.dao.auth.AuthDAOExceptionTest</className>
          <testName>testLoginFailuresException</testName>
          <skipped>false</skipped>
          <failedSince>0</failedSince>
        </case>
        <case>
          <duration>0.0</duration>
          <className>edu.ncsu.csc.itrust.unit.dao.auth.AuthDAOExceptionTest</className>
          <testName>testRecordLoginFailureException</testName>
          <skipped>false</skipped>
          <failedSince>0</failedSince>
        </case>
        <case>
          <duration>0.0</duration>
          <className>edu.ncsu.csc.itrust.unit.dao.auth.AuthDAOExceptionTest</className>
          <testName>testRecordResetPasswordFailure</testName>
          <skipped>false</skipped>
          <failedSince>0</failedSince>
        </case>
        <case>
          <duration>0.0</duration>
          <className>edu.ncsu.csc.itrust.unit.dao.auth.AuthDAOExceptionTest</className>
          <testName>testSetSecurityQuestionAnswer</testName>
          <skipped>false</skipped>
          <failedSince>0</failedSince>
        </case>
        <case>
          <duration>0.0</duration>
          <className>edu.ncsu.csc.itrust.unit.dao.auth.AuthDAOExceptionTest</className>
          <testName>testIsDependent</testName>
          <skipped>false</skipped>
          <failedSince>0</failedSince>
        </case>
        <case>
          <duration>0.0</duration>
          <className>edu.ncsu.csc.itrust.unit.dao.auth.AuthDAOExceptionTest</className>
          <testName>testGetUserRoleException</testName>
          <skipped>false</skipped>
          <failedSince>0</failedSince>
        </case>
        <case>
          <duration>0.0</duration>
          <className>edu.ncsu.csc.itrust.unit.dao.auth.AuthDAOExceptionTest</className>
          <testName>testGetSecurityAnswer</testName>
          <skipped>false</skipped>
          <failedSince>0</failedSince>
        </case>
        <case>
          <duration>0.0</duration>
          <className>edu.ncsu.csc.itrust.unit.dao.auth.AuthDAOExceptionTest</className>
          <testName>testGetUserNameException</testName>
          <skipped>false</skipped>
          <failedSince>0</failedSince>
        </case>
        <case>
          <duration>0.0</duration>
          <className>edu.ncsu.csc.itrust.unit.dao.auth.AuthDAOExceptionTest</className>
          <testName>testResetPasswordException</testName>
          <skipped>false</skipped>
          <failedSince>0</failedSince>
        </case>
        <case>
          <duration>0.0</duration>
          <className>edu.ncsu.csc.itrust.unit.dao.auth.AuthDAOExceptionTest</className>
          <testName>testGetSecurityQuestion</testName>
          <skipped>false</skipped>
          <failedSince>0</failedSince>
        </case>
      </cases>
    </suite>
    <suite>
      <file>/var/lib/jenkins/workspace/itrust/iTrust/target/surefire-reports/TEST-edu.ncsu.csc.itrust.unit.dao.auth.CheckUserActivatedTest.xml</file>
      <name>edu.ncsu.csc.itrust.unit.dao.auth.CheckUserActivatedTest</name>
      <duration>0.199</duration>
      <time>0.199</time>
      <cases>
        <case>
          <duration>0.122</duration>
          <className>edu.ncsu.csc.itrust.unit.dao.auth.CheckUserActivatedTest</className>
          <testName>testDeactivatedUser</testName>
          <skipped>false</skipped>
          <failedSince>0</failedSince>
        </case>
        <case>
          <duration>0.077</duration>
          <className>edu.ncsu.csc.itrust.unit.dao.auth.CheckUserActivatedTest</className>
          <testName>testActivatedUser</testName>
          <skipped>false</skipped>
          <failedSince>0</failedSince>
        </case>
      </cases>
    </suite>
    <suite>
      <file>/var/lib/jenkins/workspace/itrust/iTrust/target/surefire-reports/TEST-edu.ncsu.csc.itrust.unit.dao.auth.GetLoginFailureTest.xml</file>
      <name>edu.ncsu.csc.itrust.unit.dao.auth.GetLoginFailureTest</name>
      <duration>0.002</duration>
      <time>0.002</time>
      <cases>
        <case>
          <duration>0.001</duration>
          <className>edu.ncsu.csc.itrust.unit.dao.auth.GetLoginFailureTest</className>
          <testName>testGetLoginFailures15MinutesAgo</testName>
          <skipped>false</skipped>
          <failedSince>0</failedSince>
        </case>
        <case>
          <duration>0.001</duration>
          <className>edu.ncsu.csc.itrust.unit.dao.auth.GetLoginFailureTest</className>
          <testName>testGetLoginFailuresNoEntry</testName>
          <skipped>false</skipped>
          <failedSince>0</failedSince>
        </case>
        <case>
          <duration>0.0</duration>
          <className>edu.ncsu.csc.itrust.unit.dao.auth.GetLoginFailureTest</className>
          <testName>testGetLoginFailuresWithEntry5</testName>
          <skipped>false</skipped>
          <failedSince>0</failedSince>
        </case>
      </cases>
    </suite>
    <suite>
      <file>/var/lib/jenkins/workspace/itrust/iTrust/target/surefire-reports/TEST-edu.ncsu.csc.itrust.unit.dao.auth.GetUserNameTest.xml</file>
      <name>edu.ncsu.csc.itrust.unit.dao.auth.GetUserNameTest</name>
      <duration>0.086</duration>
      <time>0.086</time>
      <cases>
        <case>
          <duration>0.021</duration>
          <className>edu.ncsu.csc.itrust.unit.dao.auth.GetUserNameTest</className>
          <testName>testHCP0</testName>
          <skipped>false</skipped>
          <failedSince>0</failedSince>
        </case>
        <case>
          <duration>0.02</duration>
          <className>edu.ncsu.csc.itrust.unit.dao.auth.GetUserNameTest</className>
          <testName>testAdmin1</testName>
          <skipped>false</skipped>
          <failedSince>0</failedSince>
        </case>
        <case>
          <duration>0.043</duration>
          <className>edu.ncsu.csc.itrust.unit.dao.auth.GetUserNameTest</className>
          <testName>testPatient1</testName>
          <skipped>false</skipped>
          <failedSince>0</failedSince>
        </case>
      </cases>
    </suite>
    <suite>
      <file>/var/lib/jenkins/workspace/itrust/iTrust/target/surefire-reports/TEST-edu.ncsu.csc.itrust.unit.dao.auth.GetUserRoleTest.xml</file>
      <name>edu.ncsu.csc.itrust.unit.dao.auth.GetUserRoleTest</name>
      <duration>0.026</duration>
      <time>0.026</time>
      <cases>
        <case>
          <duration>0.024</duration>
          <className>edu.ncsu.csc.itrust.unit.dao.auth.GetUserRoleTest</className>
          <testName>testHCPMeganHunt</testName>
          <skipped>false</skipped>
          <failedSince>0</failedSince>
        </case>
      </cases>
    </suite>
    <suite>
      <file>/var/lib/jenkins/workspace/itrust/iTrust/target/surefire-reports/TEST-edu.ncsu.csc.itrust.unit.dao.auth.RecordLoginFailureTest.xml</file>
      <name>edu.ncsu.csc.itrust.unit.dao.auth.RecordLoginFailureTest</name>
      <duration>0.004</duration>
      <time>0.004</time>
      <cases>
        <case>
          <duration>0.002</duration>
          <className>edu.ncsu.csc.itrust.unit.dao.auth.RecordLoginFailureTest</className>
          <testName>testGetLoginFailuresWithEntry</testName>
          <skipped>false</skipped>
          <failedSince>0</failedSince>
        </case>
        <case>
          <duration>0.001</duration>
          <className>edu.ncsu.csc.itrust.unit.dao.auth.RecordLoginFailureTest</className>
          <testName>testGetLoginFailuresNoEntry</testName>
          <skipped>false</skipped>
          <failedSince>0</failedSince>
        </case>
      </cases>
    </suite>
    <suite>
      <file>/var/lib/jenkins/workspace/itrust/iTrust/target/surefire-reports/TEST-edu.ncsu.csc.itrust.unit.dao.auth.ResetPasswordTest.xml</file>
      <name>edu.ncsu.csc.itrust.unit.dao.auth.ResetPasswordTest</name>
      <duration>0.117</duration>
      <time>0.117</time>
      <cases>
        <case>
          <duration>0.021</duration>
          <className>edu.ncsu.csc.itrust.unit.dao.auth.ResetPasswordTest</className>
          <testName>testResetSecurityQuestionAnswer</testName>
          <skipped>false</skipped>
          <failedSince>0</failedSince>
        </case>
        <case>
          <duration>0.02</duration>
          <className>edu.ncsu.csc.itrust.unit.dao.auth.ResetPasswordTest</className>
          <testName>testResetPasswordNonExistent</testName>
          <skipped>false</skipped>
          <failedSince>0</failedSince>
        </case>
        <case>
          <duration>0.028</duration>
          <className>edu.ncsu.csc.itrust.unit.dao.auth.ResetPasswordTest</className>
          <testName>testGetNoSecurityAnswer</testName>
          <skipped>false</skipped>
          <failedSince>0</failedSince>
        </case>
        <case>
          <duration>0.024</duration>
          <className>edu.ncsu.csc.itrust.unit.dao.auth.ResetPasswordTest</className>
          <testName>testResetPassword</testName>
          <skipped>false</skipped>
          <failedSince>0</failedSince>
        </case>
        <case>
          <duration>0.02</duration>
          <className>edu.ncsu.csc.itrust.unit.dao.auth.ResetPasswordTest</className>
          <testName>testGetNoSecurityQuestion</testName>
          <skipped>false</skipped>
          <failedSince>0</failedSince>
        </case>
      </cases>
    </suite>
    <suite>
      <file>/var/lib/jenkins/workspace/itrust/iTrust/target/surefire-reports/TEST-edu.ncsu.csc.itrust.unit.dao.auth.UserExistsTest.xml</file>
      <name>edu.ncsu.csc.itrust.unit.dao.auth.UserExistsTest</name>
      <duration>0.021</duration>
      <time>0.021</time>
      <cases>
        <case>
          <duration>0.019</duration>
          <className>edu.ncsu.csc.itrust.unit.dao.auth.UserExistsTest</className>
          <testName>testUserExists</testName>
          <skipped>false</skipped>
          <failedSince>0</failedSince>
        </case>
      </cases>
    </suite>
    <suite>
      <file>/var/lib/jenkins/workspace/itrust/iTrust/target/surefire-reports/TEST-edu.ncsu.csc.itrust.unit.dao.billing.BillingDAOTest.xml</file>
      <name>edu.ncsu.csc.itrust.unit.dao.billing.BillingDAOTest</name>
      <duration>0.616</duration>
      <time>0.616</time>
      <cases>
        <case>
          <duration>0.063</duration>
          <className>edu.ncsu.csc.itrust.unit.dao.billing.BillingDAOTest</className>
          <testName>testEditBill</testName>
          <skipped>false</skipped>
          <failedSince>0</failedSince>
        </case>
        <case>
          <duration>0.049</duration>
          <className>edu.ncsu.csc.itrust.unit.dao.billing.BillingDAOTest</className>
          <testName>testGetDeniedNum</testName>
          <skipped>false</skipped>
          <failedSince>0</failedSince>
        </case>
        <case>
          <duration>0.058</duration>
          <className>edu.ncsu.csc.itrust.unit.dao.billing.BillingDAOTest</className>
          <testName>testGetBills</testName>
          <skipped>false</skipped>
          <failedSince>0</failedSince>
        </case>
        <case>
          <duration>0.048</duration>
          <className>edu.ncsu.csc.itrust.unit.dao.billing.BillingDAOTest</className>
          <testName>testAddBill</testName>
          <skipped>false</skipped>
          <failedSince>0</failedSince>
        </case>
        <case>
          <duration>0.056</duration>
          <className>edu.ncsu.csc.itrust.unit.dao.billing.BillingDAOTest</className>
          <testName>testGetApprovedNum</testName>
          <skipped>false</skipped>
          <failedSince>0</failedSince>
        </case>
        <case>
          <duration>0.069</duration>
          <className>edu.ncsu.csc.itrust.unit.dao.billing.BillingDAOTest</className>
          <testName>testGetBillWithOVId</testName>
          <skipped>false</skipped>
          <failedSince>0</failedSince>
        </case>
        <case>
          <duration>0.053</duration>
          <className>edu.ncsu.csc.itrust.unit.dao.billing.BillingDAOTest</className>
          <testName>testGetPendingNum</testName>
          <skipped>false</skipped>
          <failedSince>0</failedSince>
        </case>
        <case>
          <duration>0.059</duration>
          <className>edu.ncsu.csc.itrust.unit.dao.billing.BillingDAOTest</className>
          <testName>testGetInsuranceBills</testName>
          <skipped>false</skipped>
          <failedSince>0</failedSince>
        </case>
        <case>
          <duration>0.049</duration>
          <className>edu.ncsu.csc.itrust.unit.dao.billing.BillingDAOTest</className>
          <testName>testRemoveBill</testName>
          <skipped>false</skipped>
          <failedSince>0</failedSince>
        </case>
        <case>
          <duration>0.056</duration>
          <className>edu.ncsu.csc.itrust.unit.dao.billing.BillingDAOTest</className>
          <testName>testGetUnpaidBills</testName>
          <skipped>false</skipped>
          <failedSince>0</failedSince>
        </case>
        <case>
          <duration>0.048</duration>
          <className>edu.ncsu.csc.itrust.unit.dao.billing.BillingDAOTest</className>
          <testName>testGetBillID</testName>
          <skipped>false</skipped>
          <failedSince>0</failedSince>
        </case>
      </cases>
    </suite>
    <suite>
      <file>/var/lib/jenkins/workspace/itrust/iTrust/target/surefire-reports/TEST-edu.ncsu.csc.itrust.unit.dao.druginteraction.DrugInteractionDAOTest.xml</file>
      <name>edu.ncsu.csc.itrust.unit.dao.druginteraction.DrugInteractionDAOTest</name>
      <duration>0.088</duration>
      <time>0.088</time>
      <cases>
        <case>
          <duration>0.02</duration>
          <className>edu.ncsu.csc.itrust.unit.dao.druginteraction.DrugInteractionDAOTest</className>
          <testName>testDeleteInteraction</testName>
          <skipped>false</skipped>
          <failedSince>0</failedSince>
        </case>
        <case>
          <duration>0.027</duration>
          <className>edu.ncsu.csc.itrust.unit.dao.druginteraction.DrugInteractionDAOTest</className>
          <testName>testReportInteraction</testName>
          <skipped>false</skipped>
          <failedSince>0</failedSince>
        </case>
        <case>
          <duration>0.021</duration>
          <className>edu.ncsu.csc.itrust.unit.dao.druginteraction.DrugInteractionDAOTest</className>
          <testName>testReportInteractionThatExistsReverseOrder</testName>
          <skipped>false</skipped>
          <failedSince>0</failedSince>
        </case>
        <case>
          <duration>0.02</duration>
          <className>edu.ncsu.csc.itrust.unit.dao.druginteraction.DrugInteractionDAOTest</className>
          <testName>testReportInteractionThatExists</testName>
          <skipped>false</skipped>
          <failedSince>0</failedSince>
        </case>
      </cases>
    </suite>
    <suite>
      <file>/var/lib/jenkins/workspace/itrust/iTrust/target/surefire-reports/TEST-edu.ncsu.csc.itrust.unit.dao.fakeemail.EmailExceptionTest.xml</file>
      <name>edu.ncsu.csc.itrust.unit.dao.fakeemail.EmailExceptionTest</name>
      <duration>0.003</duration>
      <time>0.003</time>
      <cases>
        <case>
          <duration>0.003</duration>
          <className>edu.ncsu.csc.itrust.unit.dao.fakeemail.EmailExceptionTest</className>
          <testName>testSendException</testName>
          <skipped>false</skipped>
          <failedSince>0</failedSince>
        </case>
        <case>
          <duration>0.0</duration>
          <className>edu.ncsu.csc.itrust.unit.dao.fakeemail.EmailExceptionTest</className>
          <testName>testGetPersonException</testName>
          <skipped>false</skipped>
          <failedSince>0</failedSince>
        </case>
        <case>
          <duration>0.0</duration>
          <className>edu.ncsu.csc.itrust.unit.dao.fakeemail.EmailExceptionTest</className>
          <testName>testGetAllException</testName>
          <skipped>false</skipped>
          <failedSince>0</failedSince>
        </case>
      </cases>
    </suite>
    <suite>
      <file>/var/lib/jenkins/workspace/itrust/iTrust/target/surefire-reports/TEST-edu.ncsu.csc.itrust.unit.dao.fakeemail.EmailTest.xml</file>
      <name>edu.ncsu.csc.itrust.unit.dao.fakeemail.EmailTest</name>
      <duration>0.007</duration>
      <time>0.007</time>
      <cases>
        <case>
          <duration>0.002</duration>
          <className>edu.ncsu.csc.itrust.unit.dao.fakeemail.EmailTest</className>
          <testName>testFindWithString</testName>
          <skipped>false</skipped>
          <failedSince>0</failedSince>
        </case>
        <case>
          <duration>0.003</duration>
          <className>edu.ncsu.csc.itrust.unit.dao.fakeemail.EmailTest</className>
          <testName>testListAllEmails</testName>
          <skipped>false</skipped>
          <failedSince>0</failedSince>
        </case>
        <case>
          <duration>0.002</duration>
          <className>edu.ncsu.csc.itrust.unit.dao.fakeemail.EmailTest</className>
          <testName>testListEmailsByPerson</testName>
          <skipped>false</skipped>
          <failedSince>0</failedSince>
        </case>
      </cases>
    </suite>
    <suite>
      <file>/var/lib/jenkins/workspace/itrust/iTrust/target/surefire-reports/TEST-edu.ncsu.csc.itrust.unit.dao.family.FamilyDAOExceptionTest.xml</file>
      <name>edu.ncsu.csc.itrust.unit.dao.family.FamilyDAOExceptionTest</name>
      <duration>0.0</duration>
      <time>0</time>
      <cases>
        <case>
          <duration>0.0</duration>
          <className>edu.ncsu.csc.itrust.unit.dao.family.FamilyDAOExceptionTest</className>
          <testName>testFamilyMemberException</testName>
          <skipped>false</skipped>
          <failedSince>0</failedSince>
        </case>
      </cases>
    </suite>
    <suite>
      <file>/var/lib/jenkins/workspace/itrust/iTrust/target/surefire-reports/TEST-edu.ncsu.csc.itrust.unit.dao.family.FamilyMembersTest.xml</file>
      <name>edu.ncsu.csc.itrust.unit.dao.family.FamilyMembersTest</name>
      <duration>0.117</duration>
      <time>0.117</time>
      <cases>
        <case>
          <duration>0.022</duration>
          <className>edu.ncsu.csc.itrust.unit.dao.family.FamilyMembersTest</className>
          <testName>testGetAllSiblings</testName>
          <skipped>false</skipped>
          <failedSince>0</failedSince>
        </case>
        <case>
          <duration>0.021</duration>
          <className>edu.ncsu.csc.itrust.unit.dao.family.FamilyMembersTest</className>
          <testName>testGetChildrenWithPerson</testName>
          <skipped>false</skipped>
          <failedSince>0</failedSince>
        </case>
        <case>
          <duration>0.03</duration>
          <className>edu.ncsu.csc.itrust.unit.dao.family.FamilyMembersTest</className>
          <testName>testGetChildrenWithMom</testName>
          <skipped>false</skipped>
          <failedSince>0</failedSince>
        </case>
        <case>
          <duration>0.022</duration>
          <className>edu.ncsu.csc.itrust.unit.dao.family.FamilyMembersTest</className>
          <testName>testGetBothParents</testName>
          <skipped>false</skipped>
          <failedSince>0</failedSince>
        </case>
        <case>
          <duration>0.022</duration>
          <className>edu.ncsu.csc.itrust.unit.dao.family.FamilyMembersTest</className>
          <testName>testGetNoParents</testName>
          <skipped>false</skipped>
          <failedSince>0</failedSince>
        </case>
      </cases>
    </suite>
    <suite>
      <file>/var/lib/jenkins/workspace/itrust/iTrust/target/surefire-reports/TEST-edu.ncsu.csc.itrust.unit.dao.hospital.AddEditHospitalDAOTest.xml</file>
      <name>edu.ncsu.csc.itrust.unit.dao.hospital.AddEditHospitalDAOTest</name>
      <duration>0.177</duration>
      <time>0.177</time>
      <cases>
        <case>
          <duration>0.021</duration>
          <className>edu.ncsu.csc.itrust.unit.dao.hospital.AddEditHospitalDAOTest</className>
          <testName>testGetAllFromEmptyTable</testName>
          <skipped>false</skipped>
          <failedSince>0</failedSince>
        </case>
        <case>
          <duration>0.02</duration>
          <className>edu.ncsu.csc.itrust.unit.dao.hospital.AddEditHospitalDAOTest</className>
          <testName>testAddHospital</testName>
          <skipped>false</skipped>
          <failedSince>0</failedSince>
        </case>
        <case>
          <duration>0.027</duration>
          <className>edu.ncsu.csc.itrust.unit.dao.hospital.AddEditHospitalDAOTest</className>
          <testName>testAddDupe</testName>
          <skipped>false</skipped>
          <failedSince>0</failedSince>
        </case>
        <case>
          <duration>0.023</duration>
          <className>edu.ncsu.csc.itrust.unit.dao.hospital.AddEditHospitalDAOTest</className>
          <testName>testUpdateName</testName>
          <skipped>false</skipped>
          <failedSince>0</failedSince>
        </case>
        <case>
          <duration>0.02</duration>
          <className>edu.ncsu.csc.itrust.unit.dao.hospital.AddEditHospitalDAOTest</className>
          <testName>testGetHospitalFromEmptyTable</testName>
          <skipped>false</skipped>
          <failedSince>0</failedSince>
        </case>
        <case>
          <duration>0.018</duration>
          <className>edu.ncsu.csc.itrust.unit.dao.hospital.AddEditHospitalDAOTest</className>
          <testName>testGetHospital</testName>
          <skipped>false</skipped>
          <failedSince>0</failedSince>
        </case>
        <case>
          <duration>0.019</duration>
          <className>edu.ncsu.csc.itrust.unit.dao.hospital.AddEditHospitalDAOTest</className>
          <testName>testUpdateNonExistent</testName>
          <skipped>false</skipped>
          <failedSince>0</failedSince>
        </case>
        <case>
          <duration>0.026</duration>
          <className>edu.ncsu.csc.itrust.unit.dao.hospital.AddEditHospitalDAOTest</className>
          <testName>testGetAllHospitals</testName>
          <skipped>false</skipped>
          <failedSince>0</failedSince>
        </case>
      </cases>
    </suite>
    <suite>
      <file>/var/lib/jenkins/workspace/itrust/iTrust/target/surefire-reports/TEST-edu.ncsu.csc.itrust.unit.dao.hospital.AssignHospitalDAOTest.xml</file>
      <name>edu.ncsu.csc.itrust.unit.dao.hospital.AssignHospitalDAOTest</name>
      <duration>0.072</duration>
      <time>0.072</time>
      <cases>
        <case>
          <duration>0.023</duration>
          <className>edu.ncsu.csc.itrust.unit.dao.hospital.AssignHospitalDAOTest</className>
          <testName>testDoItTwice</testName>
          <skipped>false</skipped>
          <failedSince>0</failedSince>
        </case>
        <case>
          <duration>0.021</duration>
          <className>edu.ncsu.csc.itrust.unit.dao.hospital.AssignHospitalDAOTest</className>
          <testName>testPersonnelHospitals</testName>
          <skipped>false</skipped>
          <failedSince>0</failedSince>
        </case>
        <case>
          <duration>0.024</duration>
          <className>edu.ncsu.csc.itrust.unit.dao.hospital.AssignHospitalDAOTest</className>
          <testName>testAssignNewHospital</testName>
          <skipped>false</skipped>
          <failedSince>0</failedSince>
        </case>
      </cases>
    </suite>
    <suite>
      <file>/var/lib/jenkins/workspace/itrust/iTrust/target/surefire-reports/TEST-edu.ncsu.csc.itrust.unit.dao.hospital.HospitalDAOExceptionTest.xml</file>
      <name>edu.ncsu.csc.itrust.unit.dao.hospital.HospitalDAOExceptionTest</name>
      <duration>0.004</duration>
      <time>0.004</time>
      <cases>
        <case>
          <duration>0.0</duration>
          <className>edu.ncsu.csc.itrust.unit.dao.hospital.HospitalDAOExceptionTest</className>
          <testName>testAssignHospitalException</testName>
          <skipped>false</skipped>
          <failedSince>0</failedSince>
        </case>
        <case>
          <duration>0.0</duration>
          <className>edu.ncsu.csc.itrust.unit.dao.hospital.HospitalDAOExceptionTest</className>
          <testName>testRemoveAllHospitalAssignmentsException</testName>
          <skipped>false</skipped>
          <failedSince>0</failedSince>
        </case>
        <case>
          <duration>0.0</duration>
          <className>edu.ncsu.csc.itrust.unit.dao.hospital.HospitalDAOExceptionTest</className>
          <testName>testAddHospitalException</testName>
          <skipped>false</skipped>
          <failedSince>0</failedSince>
        </case>
        <case>
          <duration>0.0</duration>
          <className>edu.ncsu.csc.itrust.unit.dao.hospital.HospitalDAOExceptionTest</className>
          <testName>testRemoveHospitalAssignmentException</testName>
          <skipped>false</skipped>
          <failedSince>0</failedSince>
        </case>
        <case>
          <duration>0.0</duration>
          <className>edu.ncsu.csc.itrust.unit.dao.hospital.HospitalDAOExceptionTest</className>
          <testName>testGetAllHospitalsException</testName>
          <skipped>false</skipped>
          <failedSince>0</failedSince>
        </case>
        <case>
          <duration>0.0</duration>
          <className>edu.ncsu.csc.itrust.unit.dao.hospital.HospitalDAOExceptionTest</className>
          <testName>testGetHospitalException</testName>
          <skipped>false</skipped>
          <failedSince>0</failedSince>
        </case>
        <case>
          <duration>0.001</duration>
          <className>edu.ncsu.csc.itrust.unit.dao.hospital.HospitalDAOExceptionTest</className>
          <testName>testUpdateHospitalException</testName>
          <skipped>false</skipped>
          <failedSince>0</failedSince>
        </case>
      </cases>
    </suite>
    <suite>
      <file>/var/lib/jenkins/workspace/itrust/iTrust/target/surefire-reports/TEST-edu.ncsu.csc.itrust.unit.dao.patient.AddPatientTest.xml</file>
      <name>edu.ncsu.csc.itrust.unit.dao.patient.AddPatientTest</name>
      <duration>0.092</duration>
      <time>0.092</time>
      <cases>
        <case>
          <duration>0.021</duration>
          <className>edu.ncsu.csc.itrust.unit.dao.patient.AddPatientTest</className>
          <testName>testEmergencyContactInfo</testName>
          <skipped>false</skipped>
          <failedSince>0</failedSince>
        </case>
        <case>
          <duration>0.029</duration>
          <className>edu.ncsu.csc.itrust.unit.dao.patient.AddPatientTest</className>
          <testName>testInsertDeath</testName>
          <skipped>false</skipped>
          <failedSince>0</failedSince>
        </case>
        <case>
          <duration>0.021</duration>
          <className>edu.ncsu.csc.itrust.unit.dao.patient.AddPatientTest</className>
          <testName>testGetEmptyPatient</testName>
          <skipped>false</skipped>
          <failedSince>0</failedSince>
        </case>
        <case>
          <duration>0.019</duration>
          <className>edu.ncsu.csc.itrust.unit.dao.patient.AddPatientTest</className>
          <testName>testAddEmptyPatient</testName>
          <skipped>false</skipped>
          <failedSince>0</failedSince>
        </case>
      </cases>
    </suite>
    <suite>
      <file>/var/lib/jenkins/workspace/itrust/iTrust/target/surefire-reports/TEST-edu.ncsu.csc.itrust.unit.dao.patient.DeclareHCPTest.xml</file>
      <name>edu.ncsu.csc.itrust.unit.dao.patient.DeclareHCPTest</name>
      <duration>0.135</duration>
      <time>0.135</time>
      <cases>
        <case>
          <duration>0.022</duration>
          <className>edu.ncsu.csc.itrust.unit.dao.patient.DeclareHCPTest</className>
          <testName>testGetDeclaredHCPs</testName>
          <skipped>false</skipped>
          <failedSince>0</failedSince>
        </case>
        <case>
          <duration>0.022</duration>
          <className>edu.ncsu.csc.itrust.unit.dao.patient.DeclareHCPTest</className>
          <testName>testDeclareDuplicateHCP</testName>
          <skipped>false</skipped>
          <failedSince>0</failedSince>
        </case>
        <case>
          <duration>0.02</duration>
          <className>edu.ncsu.csc.itrust.unit.dao.patient.DeclareHCPTest</className>
          <testName>testDeclareHCP</testName>
          <skipped>false</skipped>
          <failedSince>0</failedSince>
        </case>
        <case>
          <duration>0.031</duration>
          <className>edu.ncsu.csc.itrust.unit.dao.patient.DeclareHCPTest</className>
          <testName>testUnDeclareNotDeclaredHCP</testName>
          <skipped>false</skipped>
          <failedSince>0</failedSince>
        </case>
        <case>
          <duration>0.02</duration>
          <className>edu.ncsu.csc.itrust.unit.dao.patient.DeclareHCPTest</className>
          <testName>testCheckDeclared</testName>
          <skipped>false</skipped>
          <failedSince>0</failedSince>
        </case>
        <case>
          <duration>0.02</duration>
          <className>edu.ncsu.csc.itrust.unit.dao.patient.DeclareHCPTest</className>
          <testName>testUnDeclareHCP</testName>
          <skipped>false</skipped>
          <failedSince>0</failedSince>
        </case>
      </cases>
    </suite>
    <suite>
      <file>/var/lib/jenkins/workspace/itrust/iTrust/target/surefire-reports/TEST-edu.ncsu.csc.itrust.unit.dao.patient.EditPatientTest.xml</file>
      <name>edu.ncsu.csc.itrust.unit.dao.patient.EditPatientTest</name>
      <duration>0.091</duration>
      <time>0.091</time>
      <cases>
        <case>
          <duration>0.02</duration>
          <className>edu.ncsu.csc.itrust.unit.dao.patient.EditPatientTest</className>
          <testName>testGetPatient2</testName>
          <skipped>false</skipped>
          <failedSince>0</failedSince>
        </case>
        <case>
          <duration>0.022</duration>
          <className>edu.ncsu.csc.itrust.unit.dao.patient.EditPatientTest</className>
          <testName>testGetEmpty</testName>
          <skipped>false</skipped>
          <failedSince>0</failedSince>
        </case>
        <case>
          <duration>0.028</duration>
          <className>edu.ncsu.csc.itrust.unit.dao.patient.EditPatientTest</className>
          <testName>testRemoveAllRepresented</testName>
          <skipped>false</skipped>
          <failedSince>0</failedSince>
        </case>
        <case>
          <duration>0.02</duration>
          <className>edu.ncsu.csc.itrust.unit.dao.patient.EditPatientTest</className>
          <testName>testEditPatient2</testName>
          <skipped>false</skipped>
          <failedSince>0</failedSince>
        </case>
      </cases>
    </suite>
    <suite>
      <file>/var/lib/jenkins/workspace/itrust/iTrust/target/surefire-reports/TEST-edu.ncsu.csc.itrust.unit.dao.patient.PatientDAOExceptionTest.xml</file>
      <name>edu.ncsu.csc.itrust.unit.dao.patient.PatientDAOExceptionTest</name>
      <duration>0.012</duration>
      <time>0.012</time>
      <cases>
        <case>
          <duration>0.0</duration>
          <className>edu.ncsu.csc.itrust.unit.dao.patient.PatientDAOExceptionTest</className>
          <testName>testUndeclareHCPException</testName>
          <skipped>false</skipped>
          <failedSince>0</failedSince>
        </case>
        <case>
          <duration>0.0</duration>
          <className>edu.ncsu.csc.itrust.unit.dao.patient.PatientDAOExceptionTest</className>
          <testName>testCheckDeclaredHCPException</testName>
          <skipped>false</skipped>
          <failedSince>0</failedSince>
        </case>
        <case>
          <duration>0.0</duration>
          <className>edu.ncsu.csc.itrust.unit.dao.patient.PatientDAOExceptionTest</className>
          <testName>testGetDeclaredHCPsException</testName>
          <skipped>false</skipped>
          <failedSince>0</failedSince>
        </case>
        <case>
          <duration>0.0</duration>
          <className>edu.ncsu.csc.itrust.unit.dao.patient.PatientDAOExceptionTest</className>
          <testName>testGetPatientException</testName>
          <skipped>false</skipped>
          <failedSince>0</failedSince>
        </case>
        <case>
          <duration>0.001</duration>
          <className>edu.ncsu.csc.itrust.unit.dao.patient.PatientDAOExceptionTest</className>
          <testName>testCheckPatientExistsException</testName>
          <skipped>false</skipped>
          <failedSince>0</failedSince>
        </case>
        <case>
          <duration>0.0</duration>
          <className>edu.ncsu.csc.itrust.unit.dao.patient.PatientDAOExceptionTest</className>
          <testName>testEditPatientException</testName>
          <skipped>false</skipped>
          <failedSince>0</failedSince>
        </case>
        <case>
          <duration>0.0</duration>
          <className>edu.ncsu.csc.itrust.unit.dao.patient.PatientDAOExceptionTest</className>
          <testName>testRepresentsException</testName>
          <skipped>false</skipped>
          <failedSince>0</failedSince>
        </case>
        <case>
          <duration>0.0</duration>
          <className>edu.ncsu.csc.itrust.unit.dao.patient.PatientDAOExceptionTest</className>
          <testName>testDeclareHCPException</testName>
          <skipped>false</skipped>
          <failedSince>0</failedSince>
        </case>
        <case>
          <duration>0.0</duration>
          <className>edu.ncsu.csc.itrust.unit.dao.patient.PatientDAOExceptionTest</className>
          <testName>testRemoveRepresentativeException</testName>
          <skipped>false</skipped>
          <failedSince>0</failedSince>
        </case>
        <case>
          <duration>0.0</duration>
          <className>edu.ncsu.csc.itrust.unit.dao.patient.PatientDAOExceptionTest</className>
          <testName>testAddRepException</testName>
          <skipped>false</skipped>
          <failedSince>0</failedSince>
        </case>
        <case>
          <duration>0.0</duration>
          <className>edu.ncsu.csc.itrust.unit.dao.patient.PatientDAOExceptionTest</className>
          <testName>testGetRepresentedException</testName>
          <skipped>false</skipped>
          <failedSince>0</failedSince>
        </case>
        <case>
          <duration>0.0</duration>
          <className>edu.ncsu.csc.itrust.unit.dao.patient.PatientDAOExceptionTest</className>
          <testName>testAddEmptyPatientException</testName>
          <skipped>false</skipped>
          <failedSince>0</failedSince>
        </case>
        <case>
          <duration>0.0</duration>
          <className>edu.ncsu.csc.itrust.unit.dao.patient.PatientDAOExceptionTest</className>
          <testName>testGetNameException</testName>
          <skipped>false</skipped>
          <failedSince>0</failedSince>
        </case>
      </cases>
    </suite>
    <suite>
      <file>/var/lib/jenkins/workspace/itrust/iTrust/target/surefire-reports/TEST-edu.ncsu.csc.itrust.unit.dao.patient.PatientExistsTest.xml</file>
      <name>edu.ncsu.csc.itrust.unit.dao.patient.PatientExistsTest</name>
      <duration>0.068</duration>
      <time>0.068</time>
      <cases>
        <case>
          <duration>0.02</duration>
          <className>edu.ncsu.csc.itrust.unit.dao.patient.PatientExistsTest</className>
          <testName>testGetPatient2</testName>
          <skipped>false</skipped>
          <failedSince>0</failedSince>
        </case>
        <case>
          <duration>0.02</duration>
          <className>edu.ncsu.csc.itrust.unit.dao.patient.PatientExistsTest</className>
          <testName>testNotPatient200</testName>
          <skipped>false</skipped>
          <failedSince>0</failedSince>
        </case>
        <case>
          <duration>0.027</duration>
          <className>edu.ncsu.csc.itrust.unit.dao.patient.PatientExistsTest</className>
          <testName>testGetAllPatients</testName>
          <skipped>false</skipped>
          <failedSince>0</failedSince>
        </case>
      </cases>
    </suite>
    <suite>
      <file>/var/lib/jenkins/workspace/itrust/iTrust/target/surefire-reports/TEST-edu.ncsu.csc.itrust.unit.dao.patient.RepresentativeTest.xml</file>
      <name>edu.ncsu.csc.itrust.unit.dao.patient.RepresentativeTest</name>
      <duration>0.239</duration>
      <time>0.239</time>
      <cases>
        <case>
          <duration>0.028</duration>
          <className>edu.ncsu.csc.itrust.unit.dao.patient.RepresentativeTest</className>
          <testName>testRepresentsTrue</testName>
          <skipped>false</skipped>
          <failedSince>0</failedSince>
        </case>
        <case>
          <duration>0.027</duration>
          <className>edu.ncsu.csc.itrust.unit.dao.patient.RepresentativeTest</className>
          <testName>testRemoveRepresentative</testName>
          <skipped>false</skipped>
          <failedSince>0</failedSince>
        </case>
        <case>
          <duration>0.02</duration>
          <className>edu.ncsu.csc.itrust.unit.dao.patient.RepresentativeTest</className>
          <testName>testGetNonExistentRepresented</testName>
          <skipped>false</skipped>
          <failedSince>0</failedSince>
        </case>
        <case>
          <duration>0.027</duration>
          <className>edu.ncsu.csc.itrust.unit.dao.patient.RepresentativeTest</className>
          <testName>testAddExistingRepresentative</testName>
          <skipped>false</skipped>
          <failedSince>0</failedSince>
        </case>
        <case>
          <duration>0.027</duration>
          <className>edu.ncsu.csc.itrust.unit.dao.patient.RepresentativeTest</className>
          <testName>testAddRepresentative</testName>
          <skipped>false</skipped>
          <failedSince>0</failedSince>
        </case>
        <case>
          <duration>0.021</duration>
          <className>edu.ncsu.csc.itrust.unit.dao.patient.RepresentativeTest</className>
          <testName>testRemoveNonExistingRepresentative</testName>
          <skipped>false</skipped>
          <failedSince>0</failedSince>
        </case>
        <case>
          <duration>0.02</duration>
          <className>edu.ncsu.csc.itrust.unit.dao.patient.RepresentativeTest</className>
          <testName>testGetRepresented</testName>
          <skipped>false</skipped>
          <failedSince>0</failedSince>
        </case>
        <case>
          <duration>0.019</duration>
          <className>edu.ncsu.csc.itrust.unit.dao.patient.RepresentativeTest</className>
          <testName>testRepresentsFalse</testName>
          <skipped>false</skipped>
          <failedSince>0</failedSince>
        </case>
        <case>
          <duration>0.027</duration>
          <className>edu.ncsu.csc.itrust.unit.dao.patient.RepresentativeTest</className>
          <testName>testGetDependents</testName>
          <skipped>false</skipped>
          <failedSince>0</failedSince>
        </case>
        <case>
          <duration>0.021</duration>
          <className>edu.ncsu.csc.itrust.unit.dao.patient.RepresentativeTest</className>
          <testName>testGetNoneRepresented</testName>
          <skipped>false</skipped>
          <failedSince>0</failedSince>
        </case>
      </cases>
    </suite>
    <suite>
      <file>/var/lib/jenkins/workspace/itrust/iTrust/target/surefire-reports/TEST-edu.ncsu.csc.itrust.unit.dao.personnel.AddPersonnelTest.xml</file>
      <name>edu.ncsu.csc.itrust.unit.dao.personnel.AddPersonnelTest</name>
      <duration>0.126</duration>
      <time>0.126</time>
      <cases>
        <case>
          <duration>0.027</duration>
          <className>edu.ncsu.csc.itrust.unit.dao.personnel.AddPersonnelTest</className>
          <testName>testAddEmptyPersonnel</testName>
          <skipped>false</skipped>
          <failedSince>0</failedSince>
        </case>
        <case>
          <duration>0.029</duration>
          <className>edu.ncsu.csc.itrust.unit.dao.personnel.AddPersonnelTest</className>
          <testName>testAddEmptyER</testName>
          <skipped>false</skipped>
          <failedSince>0</failedSince>
        </case>
        <case>
          <duration>0.035</duration>
          <className>edu.ncsu.csc.itrust.unit.dao.personnel.AddPersonnelTest</className>
          <testName>testDoesNotExist</testName>
          <skipped>false</skipped>
          <failedSince>0</failedSince>
        </case>
        <case>
          <duration>0.034</duration>
          <className>edu.ncsu.csc.itrust.unit.dao.personnel.AddPersonnelTest</className>
          <testName>testGetNextID</testName>
          <skipped>false</skipped>
          <failedSince>0</failedSince>
        </case>
      </cases>
    </suite>
    <suite>
      <file>/var/lib/jenkins/workspace/itrust/iTrust/target/surefire-reports/TEST-edu.ncsu.csc.itrust.unit.dao.personnel.EditPersonnelTest.xml</file>
      <name>edu.ncsu.csc.itrust.unit.dao.personnel.EditPersonnelTest</name>
      <duration>0.189</duration>
      <time>0.189</time>
      <cases>
        <case>
          <duration>0.033</duration>
          <className>edu.ncsu.csc.itrust.unit.dao.personnel.EditPersonnelTest</className>
          <testName>testGetPersonnel2</testName>
          <skipped>false</skipped>
          <failedSince>0</failedSince>
        </case>
        <case>
          <duration>0.046</duration>
          <className>edu.ncsu.csc.itrust.unit.dao.personnel.EditPersonnelTest</className>
          <testName>testEditPersonnelSpecialty</testName>
          <skipped>false</skipped>
          <failedSince>0</failedSince>
        </case>
        <case>
          <duration>0.031</duration>
          <className>edu.ncsu.csc.itrust.unit.dao.personnel.EditPersonnelTest</className>
          <testName>testEditPersonnel</testName>
          <skipped>false</skipped>
          <failedSince>0</failedSince>
        </case>
        <case>
          <duration>0.029</duration>
          <className>edu.ncsu.csc.itrust.unit.dao.personnel.EditPersonnelTest</className>
          <testName>testGetNonExistentPersonnel</testName>
          <skipped>false</skipped>
          <failedSince>0</failedSince>
        </case>
        <case>
          <duration>0.028</duration>
          <className>edu.ncsu.csc.itrust.unit.dao.personnel.EditPersonnelTest</className>
          <testName>testEditPersonnelZipCode</testName>
          <skipped>false</skipped>
          <failedSince>0</failedSince>
        </case>
        <case>
          <duration>0.022</duration>
          <className>edu.ncsu.csc.itrust.unit.dao.personnel.EditPersonnelTest</className>
          <testName>testEditPersonnel2</testName>
          <skipped>false</skipped>
          <failedSince>0</failedSince>
        </case>
      </cases>
    </suite>
    <suite>
      <file>/var/lib/jenkins/workspace/itrust/iTrust/target/surefire-reports/TEST-edu.ncsu.csc.itrust.unit.dao.personnel.PersonnelDAOExceptionTest.xml</file>
      <name>edu.ncsu.csc.itrust.unit.dao.personnel.PersonnelDAOExceptionTest</name>
      <duration>0.007</duration>
      <time>0.007</time>
      <cases>
        <case>
          <duration>0.0</duration>
          <className>edu.ncsu.csc.itrust.unit.dao.personnel.PersonnelDAOExceptionTest</className>
          <testName>testPersonnelException</testName>
          <skipped>false</skipped>
          <failedSince>0</failedSince>
        </case>
        <case>
          <duration>0.0</duration>
          <className>edu.ncsu.csc.itrust.unit.dao.personnel.PersonnelDAOExceptionTest</className>
          <testName>testGetHospitalsException</testName>
          <skipped>false</skipped>
          <failedSince>0</failedSince>
        </case>
        <case>
          <duration>0.0</duration>
          <className>edu.ncsu.csc.itrust.unit.dao.personnel.PersonnelDAOExceptionTest</className>
          <testName>testEditPersonnelException</testName>
          <skipped>false</skipped>
          <failedSince>0</failedSince>
        </case>
        <case>
          <duration>0.0</duration>
          <className>edu.ncsu.csc.itrust.unit.dao.personnel.PersonnelDAOExceptionTest</className>
          <testName>testAddEmptyPersonnelException</testName>
          <skipped>false</skipped>
          <failedSince>0</failedSince>
        </case>
        <case>
          <duration>0.0</duration>
          <className>edu.ncsu.csc.itrust.unit.dao.personnel.PersonnelDAOExceptionTest</className>
          <testName>testGetUAPHospitalsException</testName>
          <skipped>false</skipped>
          <failedSince>0</failedSince>
        </case>
        <case>
          <duration>0.0</duration>
          <className>edu.ncsu.csc.itrust.unit.dao.personnel.PersonnelDAOExceptionTest</className>
          <testName>testCheckPersonnelExistsException</testName>
          <skipped>false</skipped>
          <failedSince>0</failedSince>
        </case>
        <case>
          <duration>0.0</duration>
          <className>edu.ncsu.csc.itrust.unit.dao.personnel.PersonnelDAOExceptionTest</className>
          <testName>testGetNameException</testName>
          <skipped>false</skipped>
          <failedSince>0</failedSince>
        </case>
      </cases>
    </suite>
    <suite>
      <file>/var/lib/jenkins/workspace/itrust/iTrust/target/surefire-reports/TEST-edu.ncsu.csc.itrust.unit.dao.personnel.PersonnelExistsTest.xml</file>
      <name>edu.ncsu.csc.itrust.unit.dao.personnel.PersonnelExistsTest</name>
      <duration>0.107</duration>
      <time>0.107</time>
      <cases>
        <case>
          <duration>0.03</duration>
          <className>edu.ncsu.csc.itrust.unit.dao.personnel.PersonnelExistsTest</className>
          <testName>testGetPersonnel2</testName>
          <skipped>false</skipped>
          <failedSince>0</failedSince>
        </case>
        <case>
          <duration>0.077</duration>
          <className>edu.ncsu.csc.itrust.unit.dao.personnel.PersonnelExistsTest</className>
          <testName>testFuzzySearch</testName>
          <skipped>false</skipped>
          <failedSince>0</failedSince>
        </case>
      </cases>
    </suite>
    <suite>
      <file>/var/lib/jenkins/workspace/itrust/iTrust/target/surefire-reports/TEST-edu.ncsu.csc.itrust.unit.dao.recordsrelease.RecordsReleaseDAOTest.xml</file>
      <name>edu.ncsu.csc.itrust.unit.dao.recordsrelease.RecordsReleaseDAOTest</name>
      <duration>0.153</duration>
      <time>0.153</time>
      <cases>
        <case>
          <duration>0.032</duration>
          <className>edu.ncsu.csc.itrust.unit.dao.recordsrelease.RecordsReleaseDAOTest</className>
          <testName>testGetAllHealthRecordsByHospital</testName>
          <skipped>false</skipped>
          <failedSince>0</failedSince>
        </case>
        <case>
          <duration>0.03</duration>
          <className>edu.ncsu.csc.itrust.unit.dao.recordsrelease.RecordsReleaseDAOTest</className>
          <testName>testGetAllHealthRecordsByPid</testName>
          <skipped>false</skipped>
          <failedSince>0</failedSince>
        </case>
        <case>
          <duration>0.02</duration>
          <className>edu.ncsu.csc.itrust.unit.dao.recordsrelease.RecordsReleaseDAOTest</className>
          <testName>testDBException</testName>
          <skipped>false</skipped>
          <failedSince>0</failedSince>
        </case>
        <case>
          <duration>0.019</duration>
          <className>edu.ncsu.csc.itrust.unit.dao.recordsrelease.RecordsReleaseDAOTest</className>
          <testName>testAddRecordsRelease</testName>
          <skipped>false</skipped>
          <failedSince>0</failedSince>
        </case>
        <case>
          <duration>0.021</duration>
          <className>edu.ncsu.csc.itrust.unit.dao.recordsrelease.RecordsReleaseDAOTest</className>
          <testName>testGetRecordsReleaseByID</testName>
          <skipped>false</skipped>
          <failedSince>0</failedSince>
        </case>
        <case>
          <duration>0.03</duration>
          <className>edu.ncsu.csc.itrust.unit.dao.recordsrelease.RecordsReleaseDAOTest</className>
          <testName>testUpdateRecordsRelease</testName>
          <skipped>false</skipped>
          <failedSince>0</failedSince>
        </case>
      </cases>
    </suite>
    <suite>
      <file>/var/lib/jenkins/workspace/itrust/iTrust/target/surefire-reports/TEST-edu.ncsu.csc.itrust.unit.dao.remotemonitoring.PatientDataTest.xml</file>
      <name>edu.ncsu.csc.itrust.unit.dao.remotemonitoring.PatientDataTest</name>
      <duration>0.214</duration>
      <time>0.214</time>
      <cases>
        <case>
          <duration>0.022</duration>
          <className>edu.ncsu.csc.itrust.unit.dao.remotemonitoring.PatientDataTest</className>
          <testName>testRemovePatientFromListBad</testName>
          <skipped>false</skipped>
          <failedSince>0</failedSince>
        </case>
        <case>
          <duration>0.02</duration>
          <className>edu.ncsu.csc.itrust.unit.dao.remotemonitoring.PatientDataTest</className>
          <testName>testValidatePRError</testName>
          <skipped>false</skipped>
          <failedSince>0</failedSince>
        </case>
        <case>
          <duration>0.023</duration>
          <className>edu.ncsu.csc.itrust.unit.dao.remotemonitoring.PatientDataTest</className>
          <testName>testValidatePR</testName>
          <skipped>false</skipped>
          <failedSince>0</failedSince>
        </case>
        <case>
          <duration>0.028</duration>
          <className>edu.ncsu.csc.itrust.unit.dao.remotemonitoring.PatientDataTest</className>
          <testName>testBadStoreRetrievePatientGlucoseOnlyDataBad</testName>
          <skipped>false</skipped>
          <failedSince>0</failedSince>
        </case>
        <case>
          <duration>0.023</duration>
          <className>edu.ncsu.csc.itrust.unit.dao.remotemonitoring.PatientDataTest</className>
          <testName>testStoreRetrievePatientNormalData</testName>
          <skipped>false</skipped>
          <failedSince>0</failedSince>
        </case>
        <case>
          <duration>0.021</duration>
          <className>edu.ncsu.csc.itrust.unit.dao.remotemonitoring.PatientDataTest</className>
          <testName>testBadStoreRetrievePatientNormalDataBad</testName>
          <skipped>false</skipped>
          <failedSince>0</failedSince>
        </case>
        <case>
          <duration>0.021</duration>
          <className>edu.ncsu.csc.itrust.unit.dao.remotemonitoring.PatientDataTest</className>
          <testName>testGetMonitoringHCPs</testName>
          <skipped>false</skipped>
          <failedSince>0</failedSince>
        </case>
        <case>
          <duration>0.03</duration>
          <className>edu.ncsu.csc.itrust.unit.dao.remotemonitoring.PatientDataTest</className>
          <testName>testBadStoreRetrievePatientBPOnlyDataBad</testName>
          <skipped>false</skipped>
          <failedSince>0</failedSince>
        </case>
        <case>
          <duration>0.02</duration>
          <className>edu.ncsu.csc.itrust.unit.dao.remotemonitoring.PatientDataTest</className>
          <testName>testGetTelemedicineBean</testName>
          <skipped>false</skipped>
          <failedSince>0</failedSince>
        </case>
      </cases>
    </suite>
    <suite>
      <file>/var/lib/jenkins/workspace/itrust/iTrust/target/surefire-reports/TEST-edu.ncsu.csc.itrust.unit.dao.remotemonitoring.PatientListTest.xml</file>
      <name>edu.ncsu.csc.itrust.unit.dao.remotemonitoring.PatientListTest</name>
      <duration>0.022</duration>
      <time>0.022</time>
      <cases>
        <case>
          <duration>0.022</duration>
          <className>edu.ncsu.csc.itrust.unit.dao.remotemonitoring.PatientListTest</className>
          <testName>testAddRemoveFromList</testName>
          <skipped>false</skipped>
          <failedSince>0</failedSince>
        </case>
      </cases>
    </suite>
    <suite>
      <file>/var/lib/jenkins/workspace/itrust/iTrust/target/surefire-reports/TEST-edu.ncsu.csc.itrust.unit.dao.reportrequest.ReportRequestDAOTest.xml</file>
      <name>edu.ncsu.csc.itrust.unit.dao.reportrequest.ReportRequestDAOTest</name>
      <duration>0.245</duration>
      <time>0.245</time>
      <cases>
        <case>
          <duration>0.029</duration>
          <className>edu.ncsu.csc.itrust.unit.dao.reportrequest.ReportRequestDAOTest</className>
          <testName>testGetReportsUnknownRequeter</testName>
          <skipped>false</skipped>
          <failedSince>0</failedSince>
        </case>
        <case>
          <duration>0.034</duration>
          <className>edu.ncsu.csc.itrust.unit.dao.reportrequest.ReportRequestDAOTest</className>
          <testName>testGetReportsCheckListPatient</testName>
          <skipped>false</skipped>
          <failedSince>0</failedSince>
        </case>
        <case>
          <duration>0.019</duration>
          <className>edu.ncsu.csc.itrust.unit.dao.reportrequest.ReportRequestDAOTest</className>
          <testName>testSetViewedFailure</testName>
          <skipped>false</skipped>
          <failedSince>0</failedSince>
        </case>
        <case>
          <duration>0.027</duration>
          <className>edu.ncsu.csc.itrust.unit.dao.reportrequest.ReportRequestDAOTest</className>
          <testName>testAddThenRetrieveReport</testName>
          <skipped>false</skipped>
          <failedSince>0</failedSince>
        </case>
        <case>
          <duration>0.024</duration>
          <className>edu.ncsu.csc.itrust.unit.dao.reportrequest.ReportRequestDAOTest</className>
          <testName>testGetReportsNullReportID</testName>
          <skipped>false</skipped>
          <failedSince>0</failedSince>
        </case>
        <case>
          <duration>0.019</duration>
          <className>edu.ncsu.csc.itrust.unit.dao.reportrequest.ReportRequestDAOTest</className>
          <testName>testGetSpecificReport4CheckDetails</testName>
          <skipped>false</skipped>
          <failedSince>0</failedSince>
        </case>
        <case>
          <duration>0.02</duration>
          <className>edu.ncsu.csc.itrust.unit.dao.reportrequest.ReportRequestDAOTest</className>
          <testName>testGetSpecificReport3CheckDetails</testName>
          <skipped>false</skipped>
          <failedSince>0</failedSince>
        </case>
        <case>
          <duration>0.019</duration>
          <className>edu.ncsu.csc.itrust.unit.dao.reportrequest.ReportRequestDAOTest</className>
          <testName>testInsertReportFailureNullMIDs</testName>
          <skipped>false</skipped>
          <failedSince>0</failedSince>
        </case>
        <case>
          <duration>0.027</duration>
          <className>edu.ncsu.csc.itrust.unit.dao.reportrequest.ReportRequestDAOTest</className>
          <testName>testGetReportsCheckListRequester</testName>
          <skipped>false</skipped>
          <failedSince>0</failedSince>
        </case>
        <case>
          <duration>0.021</duration>
          <className>edu.ncsu.csc.itrust.unit.dao.reportrequest.ReportRequestDAOTest</className>
          <testName>testAddThenSetViewed</testName>
          <skipped>false</skipped>
          <failedSince>0</failedSince>
        </case>
      </cases>
    </suite>
    <suite>
      <file>/var/lib/jenkins/workspace/itrust/iTrust/target/surefire-reports/TEST-edu.ncsu.csc.itrust.unit.dao.reviews.ReviewsDAOTest.xml</file>
      <name>edu.ncsu.csc.itrust.unit.dao.reviews.ReviewsDAOTest</name>
      <duration>0.694</duration>
      <time>0.694</time>
      <cases>
        <case>
          <duration>0.071</duration>
          <className>edu.ncsu.csc.itrust.unit.dao.reviews.ReviewsDAOTest</className>
          <testName>testGetAllReviewsEvilDAO</testName>
          <skipped>false</skipped>
          <failedSince>0</failedSince>
        </case>
        <case>
          <duration>0.077</duration>
          <className>edu.ncsu.csc.itrust.unit.dao.reviews.ReviewsDAOTest</className>
          <testName>testGetReviewsEvilDAO</testName>
          <skipped>false</skipped>
          <failedSince>0</failedSince>
        </case>
        <case>
          <duration>0.076</duration>
          <className>edu.ncsu.csc.itrust.unit.dao.reviews.ReviewsDAOTest</className>
          <testName>testGetTotalAverageRating</testName>
          <skipped>false</skipped>
          <failedSince>0</failedSince>
        </case>
        <case>
          <duration>0.076</duration>
          <className>edu.ncsu.csc.itrust.unit.dao.reviews.ReviewsDAOTest</className>
          <testName>testIsRateable</testName>
          <skipped>false</skipped>
          <failedSince>0</failedSince>
        </case>
        <case>
          <duration>0.07</duration>
          <className>edu.ncsu.csc.itrust.unit.dao.reviews.ReviewsDAOTest</className>
          <testName>testGetAllReviews</testName>
          <skipped>false</skipped>
          <failedSince>0</failedSince>
        </case>
        <case>
          <duration>0.089</duration>
          <className>edu.ncsu.csc.itrust.unit.dao.reviews.ReviewsDAOTest</className>
          <testName>testAverageRatingEvilDAO</testName>
          <skipped>false</skipped>
          <failedSince>0</failedSince>
        </case>
        <case>
          <duration>0.078</duration>
          <className>edu.ncsu.csc.itrust.unit.dao.reviews.ReviewsDAOTest</className>
          <testName>testAddReviewValid</testName>
          <skipped>false</skipped>
          <failedSince>0</failedSince>
        </case>
        <case>
          <duration>0.076</duration>
          <className>edu.ncsu.csc.itrust.unit.dao.reviews.ReviewsDAOTest</className>
          <testName>testGetReviews</testName>
          <skipped>false</skipped>
          <failedSince>0</failedSince>
        </case>
        <case>
          <duration>0.076</duration>
          <className>edu.ncsu.csc.itrust.unit.dao.reviews.ReviewsDAOTest</className>
          <testName>testAddInvalidReview</testName>
          <skipped>false</skipped>
          <failedSince>0</failedSince>
        </case>
      </cases>
    </suite>
    <suite>
      <file>/var/lib/jenkins/workspace/itrust/iTrust/target/surefire-reports/TEST-edu.ncsu.csc.itrust.unit.dao.standards.NDCodeTest.xml</file>
      <name>edu.ncsu.csc.itrust.unit.dao.standards.NDCodeTest</name>
      <duration>0.181</duration>
      <time>0.181</time>
      <cases>
        <case>
          <duration>0.028</duration>
          <className>edu.ncsu.csc.itrust.unit.dao.standards.NDCodeTest</className>
          <testName>testGetAllFromEmptyTable</testName>
          <skipped>false</skipped>
          <failedSince>0</failedSince>
        </case>
        <case>
          <duration>0.021</duration>
          <className>edu.ncsu.csc.itrust.unit.dao.standards.NDCodeTest</className>
          <testName>testAddDupe</testName>
          <skipped>false</skipped>
          <failedSince>0</failedSince>
        </case>
        <case>
          <duration>0.019</duration>
          <className>edu.ncsu.csc.itrust.unit.dao.standards.NDCodeTest</className>
          <testName>testGetNDCodeFromEmptyTable</testName>
          <skipped>false</skipped>
          <failedSince>0</failedSince>
        </case>
        <case>
          <duration>0.02</duration>
          <className>edu.ncsu.csc.itrust.unit.dao.standards.NDCodeTest</className>
          <testName>testUpdateDescription</testName>
          <skipped>false</skipped>
          <failedSince>0</failedSince>
        </case>
        <case>
          <duration>0.019</duration>
          <className>edu.ncsu.csc.itrust.unit.dao.standards.NDCodeTest</className>
          <testName>testGetAllNDCodes</testName>
          <skipped>false</skipped>
          <failedSince>0</failedSince>
        </case>
        <case>
          <duration>0.027</duration>
          <className>edu.ncsu.csc.itrust.unit.dao.standards.NDCodeTest</className>
          <testName>testAddNDCode</testName>
          <skipped>false</skipped>
          <failedSince>0</failedSince>
        </case>
        <case>
          <duration>0.021</duration>
          <className>edu.ncsu.csc.itrust.unit.dao.standards.NDCodeTest</className>
          <testName>testGetNDCode</testName>
          <skipped>false</skipped>
          <failedSince>0</failedSince>
        </case>
        <case>
          <duration>0.02</duration>
          <className>edu.ncsu.csc.itrust.unit.dao.standards.NDCodeTest</className>
          <testName>testUpdateNonExistent</testName>
          <skipped>false</skipped>
          <failedSince>0</failedSince>
        </case>
      </cases>
    </suite>
    <suite>
      <file>/var/lib/jenkins/workspace/itrust/iTrust/target/surefire-reports/TEST-edu.ncsu.csc.itrust.unit.dao.standards.NDDAOExceptionTest.xml</file>
      <name>edu.ncsu.csc.itrust.unit.dao.standards.NDDAOExceptionTest</name>
      <duration>0.001</duration>
      <time>0.001</time>
      <cases>
        <case>
          <duration>0.0</duration>
          <className>edu.ncsu.csc.itrust.unit.dao.standards.NDDAOExceptionTest</className>
          <testName>testUpdateCodeException</testName>
          <skipped>false</skipped>
          <failedSince>0</failedSince>
        </case>
        <case>
          <duration>0.0</duration>
          <className>edu.ncsu.csc.itrust.unit.dao.standards.NDDAOExceptionTest</className>
          <testName>testGetException</testName>
          <skipped>false</skipped>
          <failedSince>0</failedSince>
        </case>
        <case>
          <duration>0.0</duration>
          <className>edu.ncsu.csc.itrust.unit.dao.standards.NDDAOExceptionTest</className>
          <testName>testAddCodeException</testName>
          <skipped>false</skipped>
          <failedSince>0</failedSince>
        </case>
        <case>
          <duration>0.0</duration>
          <className>edu.ncsu.csc.itrust.unit.dao.standards.NDDAOExceptionTest</className>
          <testName>testGetAllCodesException</testName>
          <skipped>false</skipped>
          <failedSince>0</failedSince>
        </case>
      </cases>
    </suite>
    <suite>
      <file>/var/lib/jenkins/workspace/itrust/iTrust/target/surefire-reports/TEST-edu.ncsu.csc.itrust.unit.dao.transaction.AccessRecordTest.xml</file>
      <name>edu.ncsu.csc.itrust.unit.dao.transaction.AccessRecordTest</name>
      <duration>0.042</duration>
      <time>0.042</time>
      <cases>
        <case>
          <duration>0.021</duration>
          <className>edu.ncsu.csc.itrust.unit.dao.transaction.AccessRecordTest</className>
          <testName>testGetAllAccesses</testName>
          <skipped>false</skipped>
          <failedSince>0</failedSince>
        </case>
        <case>
          <duration>0.021</duration>
          <className>edu.ncsu.csc.itrust.unit.dao.transaction.AccessRecordTest</className>
          <testName>testGetSomeAccesses</testName>
          <skipped>false</skipped>
          <failedSince>0</failedSince>
        </case>
      </cases>
    </suite>
    <suite>
      <file>/var/lib/jenkins/workspace/itrust/iTrust/target/surefire-reports/TEST-edu.ncsu.csc.itrust.unit.dao.transaction.LogTransactionTest.xml</file>
      <name>edu.ncsu.csc.itrust.unit.dao.transaction.LogTransactionTest</name>
      <duration>0.109</duration>
      <time>0.109</time>
      <cases>
        <case>
          <duration>0.02</duration>
          <className>edu.ncsu.csc.itrust.unit.dao.transaction.LogTransactionTest</className>
          <testName>testGetAllTransactions</testName>
          <skipped>false</skipped>
          <failedSince>0</failedSince>
        </case>
        <case>
          <duration>0.028</duration>
          <className>edu.ncsu.csc.itrust.unit.dao.transaction.LogTransactionTest</className>
          <testName>testLogFull</testName>
          <skipped>false</skipped>
          <failedSince>0</failedSince>
        </case>
        <case>
          <duration>0.021</duration>
          <className>edu.ncsu.csc.itrust.unit.dao.transaction.LogTransactionTest</className>
          <testName>testSecondaryMIDPatient</testName>
          <skipped>false</skipped>
          <failedSince>0</failedSince>
        </case>
        <case>
          <duration>0.02</duration>
          <className>edu.ncsu.csc.itrust.unit.dao.transaction.LogTransactionTest</className>
          <testName>testSecondaryMIDHCP</testName>
          <skipped>false</skipped>
          <failedSince>0</failedSince>
        </case>
        <case>
          <duration>0.02</duration>
          <className>edu.ncsu.csc.itrust.unit.dao.transaction.LogTransactionTest</className>
          <testName>testSecondaryMIDUAP</testName>
          <skipped>false</skipped>
          <failedSince>0</failedSince>
        </case>
      </cases>
    </suite>
    <suite>
      <file>/var/lib/jenkins/workspace/itrust/iTrust/target/surefire-reports/TEST-edu.ncsu.csc.itrust.unit.dao.transaction.OperationalProfileTest.xml</file>
      <name>edu.ncsu.csc.itrust.unit.dao.transaction.OperationalProfileTest</name>
      <duration>0.06</duration>
      <time>0.06</time>
      <cases>
        <case>
          <duration>0.023</duration>
          <className>edu.ncsu.csc.itrust.unit.dao.transaction.OperationalProfileTest</className>
          <testName>testOperationProfileException</testName>
          <skipped>false</skipped>
          <failedSince>0</failedSince>
        </case>
        <case>
          <duration>0.034</duration>
          <className>edu.ncsu.csc.itrust.unit.dao.transaction.OperationalProfileTest</className>
          <testName>testGetOperationalProfile</testName>
          <skipped>false</skipped>
          <failedSince>0</failedSince>
        </case>
      </cases>
    </suite>
    <suite>
      <file>/var/lib/jenkins/workspace/itrust/iTrust/target/surefire-reports/TEST-edu.ncsu.csc.itrust.unit.dao.transaction.TransactionDAOExceptionTest.xml</file>
      <name>edu.ncsu.csc.itrust.unit.dao.transaction.TransactionDAOExceptionTest</name>
      <duration>0.002</duration>
      <time>0.002</time>
      <cases>
        <case>
          <duration>0.0</duration>
          <className>edu.ncsu.csc.itrust.unit.dao.transaction.TransactionDAOExceptionTest</className>
          <testName>testGetAllAccessException</testName>
          <skipped>false</skipped>
          <failedSince>0</failedSince>
        </case>
        <case>
          <duration>0.0</duration>
          <className>edu.ncsu.csc.itrust.unit.dao.transaction.TransactionDAOExceptionTest</className>
          <testName>testAllTransactionsException</testName>
          <skipped>false</skipped>
          <failedSince>0</failedSince>
        </case>
        <case>
          <duration>0.0</duration>
          <className>edu.ncsu.csc.itrust.unit.dao.transaction.TransactionDAOExceptionTest</className>
          <testName>testRecordAccessesException</testName>
          <skipped>false</skipped>
          <failedSince>0</failedSince>
        </case>
      </cases>
    </suite>
    <suite>
      <file>/var/lib/jenkins/workspace/itrust/iTrust/target/surefire-reports/TEST-edu.ncsu.csc.itrust.unit.db.DBBuilderTest.xml</file>
      <name>edu.ncsu.csc.itrust.unit.db.DBBuilderTest</name>
      <duration>0.058</duration>
      <time>0.058</time>
      <cases>
        <case>
          <duration>0.058</duration>
          <className>edu.ncsu.csc.itrust.unit.db.DBBuilderTest</className>
          <testName>testRebuildNoException</testName>
          <skipped>false</skipped>
          <failedSince>0</failedSince>
        </case>
      </cases>
    </suite>
    <suite>
      <file>/var/lib/jenkins/workspace/itrust/iTrust/target/surefire-reports/TEST-edu.ncsu.csc.itrust.unit.db.DBUtilTest.xml</file>
      <name>edu.ncsu.csc.itrust.unit.db.DBUtilTest</name>
      <duration>0.006</duration>
      <time>0.006</time>
      <cases>
        <case>
          <duration>0.0</duration>
          <className>edu.ncsu.csc.itrust.unit.db.DBUtilTest</className>
          <testName>testNoFailCloseConnection</testName>
          <skipped>false</skipped>
          <failedSince>0</failedSince>
        </case>
        <case>
          <duration>0.0</duration>
          <className>edu.ncsu.csc.itrust.unit.db.DBUtilTest</className>
          <testName>testCloseConnection</testName>
          <skipped>false</skipped>
          <failedSince>0</failedSince>
        </case>
      </cases>
    </suite>
    <suite>
      <file>/var/lib/jenkins/workspace/itrust/iTrust/target/surefire-reports/TEST-edu.ncsu.csc.itrust.unit.enums.BloodTypeTest.xml</file>
      <name>edu.ncsu.csc.itrust.unit.enums.BloodTypeTest</name>
      <duration>0.003</duration>
      <time>0.003</time>
      <cases>
        <case>
          <duration>0.001</duration>
          <className>edu.ncsu.csc.itrust.unit.enums.BloodTypeTest</className>
          <testName>testParse</testName>
          <skipped>false</skipped>
          <failedSince>0</failedSince>
        </case>
      </cases>
    </suite>
    <suite>
      <file>/var/lib/jenkins/workspace/itrust/iTrust/target/surefire-reports/TEST-edu.ncsu.csc.itrust.unit.enums.EthnicityTest.xml</file>
      <name>edu.ncsu.csc.itrust.unit.enums.EthnicityTest</name>
      <duration>0.001</duration>
      <time>0.001</time>
      <cases>
        <case>
          <duration>0.0</duration>
          <className>edu.ncsu.csc.itrust.unit.enums.EthnicityTest</className>
          <testName>testParse</testName>
          <skipped>false</skipped>
          <failedSince>0</failedSince>
        </case>
      </cases>
    </suite>
    <suite>
      <file>/var/lib/jenkins/workspace/itrust/iTrust/target/surefire-reports/TEST-edu.ncsu.csc.itrust.unit.enums.StateTest.xml</file>
      <name>edu.ncsu.csc.itrust.unit.enums.StateTest</name>
      <duration>0.003</duration>
      <time>0.003</time>
      <cases>
        <case>
          <duration>0.0</duration>
          <className>edu.ncsu.csc.itrust.unit.enums.StateTest</className>
          <testName>testParse</testName>
          <skipped>false</skipped>
          <failedSince>0</failedSince>
        </case>
      </cases>
    </suite>
    <suite>
      <file>/var/lib/jenkins/workspace/itrust/iTrust/target/surefire-reports/TEST-edu.ncsu.csc.itrust.unit.enums.TransactionTypeTest.xml</file>
      <name>edu.ncsu.csc.itrust.unit.enums.TransactionTypeTest</name>
      <duration>0.017</duration>
      <time>0.017</time>
      <cases>
        <case>
          <duration>0.01</duration>
          <className>edu.ncsu.csc.itrust.unit.enums.TransactionTypeTest</className>
          <testName>testBadParse</testName>
          <skipped>false</skipped>
          <failedSince>0</failedSince>
        </case>
        <case>
          <duration>0.002</duration>
          <className>edu.ncsu.csc.itrust.unit.enums.TransactionTypeTest</className>
          <testName>testParse</testName>
          <skipped>false</skipped>
          <failedSince>0</failedSince>
        </case>
      </cases>
    </suite>
    <suite>
      <file>/var/lib/jenkins/workspace/itrust/iTrust/target/surefire-reports/TEST-edu.ncsu.csc.itrust.unit.exception.AddPatientFileExceptionTest.xml</file>
      <name>edu.ncsu.csc.itrust.unit.exception.AddPatientFileExceptionTest</name>
      <duration>0.001</duration>
      <time>0.001</time>
      <cases>
        <case>
          <duration>0.0</duration>
          <className>edu.ncsu.csc.itrust.unit.exception.AddPatientFileExceptionTest</className>
          <testName>testMessage</testName>
          <skipped>false</skipped>
          <failedSince>0</failedSince>
        </case>
      </cases>
    </suite>
    <suite>
      <file>/var/lib/jenkins/workspace/itrust/iTrust/target/surefire-reports/TEST-edu.ncsu.csc.itrust.unit.exception.FormValidationExceptionTest.xml</file>
      <name>edu.ncsu.csc.itrust.unit.exception.FormValidationExceptionTest</name>
      <duration>0.008</duration>
      <time>0.008</time>
      <cases>
        <case>
          <duration>0.001</duration>
          <className>edu.ncsu.csc.itrust.unit.exception.FormValidationExceptionTest</className>
          <testName>testMessage</testName>
          <skipped>false</skipped>
          <failedSince>0</failedSince>
        </case>
      </cases>
    </suite>
    <suite>
      <file>/var/lib/jenkins/workspace/itrust/iTrust/target/surefire-reports/TEST-edu.ncsu.csc.itrust.unit.model.cptcode.CPTCodeMySQLTest.xml</file>
      <name>edu.ncsu.csc.itrust.unit.model.cptcode.CPTCodeMySQLTest</name>
      <duration>0.097</duration>
      <time>0.097</time>
      <cases>
        <case>
          <duration>0.043</duration>
          <className>edu.ncsu.csc.itrust.unit.model.cptcode.CPTCodeMySQLTest</className>
          <testName>testDiabolicals</testName>
          <skipped>false</skipped>
          <failedSince>0</failedSince>
        </case>
        <case>
          <duration>0.008</duration>
          <className>edu.ncsu.csc.itrust.unit.model.cptcode.CPTCodeMySQLTest</className>
          <testName>testNoDataSource</testName>
          <skipped>false</skipped>
          <failedSince>0</failedSince>
        </case>
        <case>
          <duration>0.045</duration>
          <className>edu.ncsu.csc.itrust.unit.model.cptcode.CPTCodeMySQLTest</className>
          <testName>testCPTCodeMySQL</testName>
          <skipped>false</skipped>
          <failedSince>0</failedSince>
        </case>
      </cases>
    </suite>
    <suite>
      <file>/var/lib/jenkins/workspace/itrust/iTrust/target/surefire-reports/TEST-edu.ncsu.csc.itrust.unit.model.cptcode.CPTCodeTest.xml</file>
      <name>edu.ncsu.csc.itrust.unit.model.cptcode.CPTCodeTest</name>
      <duration>0.001</duration>
      <time>0.001</time>
      <cases>
        <case>
          <duration>0.0</duration>
          <className>edu.ncsu.csc.itrust.unit.model.cptcode.CPTCodeTest</className>
          <testName>testCode</testName>
          <skipped>false</skipped>
          <failedSince>0</failedSince>
        </case>
        <case>
          <duration>0.0</duration>
          <className>edu.ncsu.csc.itrust.unit.model.cptcode.CPTCodeTest</className>
          <testName>testName</testName>
          <skipped>false</skipped>
          <failedSince>0</failedSince>
        </case>
      </cases>
    </suite>
    <suite>
      <file>/var/lib/jenkins/workspace/itrust/iTrust/target/surefire-reports/TEST-edu.ncsu.csc.itrust.unit.model.cptcode.CPTCodeValidatorTest.xml</file>
      <name>edu.ncsu.csc.itrust.unit.model.cptcode.CPTCodeValidatorTest</name>
      <duration>0.004</duration>
      <time>0.004</time>
      <cases>
        <case>
          <duration>0.0</duration>
          <className>edu.ncsu.csc.itrust.unit.model.cptcode.CPTCodeValidatorTest</className>
          <testName>testTooLong</testName>
          <skipped>false</skipped>
          <failedSince>0</failedSince>
        </case>
        <case>
          <duration>0.0</duration>
          <className>edu.ncsu.csc.itrust.unit.model.cptcode.CPTCodeValidatorTest</className>
          <testName>testGood</testName>
          <skipped>false</skipped>
          <failedSince>0</failedSince>
        </case>
        <case>
          <duration>0.0</duration>
          <className>edu.ncsu.csc.itrust.unit.model.cptcode.CPTCodeValidatorTest</className>
          <testName>testNotInt</testName>
          <skipped>false</skipped>
          <failedSince>0</failedSince>
        </case>
      </cases>
    </suite>
    <suite>
      <file>/var/lib/jenkins/workspace/itrust/iTrust/target/surefire-reports/TEST-edu.ncsu.csc.itrust.unit.model.diagnosis.DiagnosisControllerTest.xml</file>
      <name>edu.ncsu.csc.itrust.unit.model.diagnosis.DiagnosisControllerTest</name>
      <duration>0.09</duration>
      <time>0.09</time>
      <cases>
        <case>
          <duration>0.09</duration>
          <className>edu.ncsu.csc.itrust.unit.model.diagnosis.DiagnosisControllerTest</className>
          <testName>testController</testName>
          <skipped>false</skipped>
          <failedSince>0</failedSince>
        </case>
      </cases>
    </suite>
    <suite>
      <file>/var/lib/jenkins/workspace/itrust/iTrust/target/surefire-reports/TEST-edu.ncsu.csc.itrust.unit.model.diagnosis.DiagnosisFormTest.xml</file>
      <name>edu.ncsu.csc.itrust.unit.model.diagnosis.DiagnosisFormTest</name>
      <duration>0.071</duration>
      <time>0.071</time>
      <cases>
        <case>
          <duration>0.071</duration>
          <className>edu.ncsu.csc.itrust.unit.model.diagnosis.DiagnosisFormTest</className>
          <testName>testDiagnosisForm</testName>
          <skipped>false</skipped>
          <failedSince>0</failedSince>
        </case>
      </cases>
    </suite>
    <suite>
      <file>/var/lib/jenkins/workspace/itrust/iTrust/target/surefire-reports/TEST-edu.ncsu.csc.itrust.unit.model.diagnosis.DiagnosisMySQLTest.xml</file>
      <name>edu.ncsu.csc.itrust.unit.model.diagnosis.DiagnosisMySQLTest</name>
      <duration>0.304</duration>
      <time>0.304</time>
      <cases>
        <case>
          <duration>0.037</duration>
          <className>edu.ncsu.csc.itrust.unit.model.diagnosis.DiagnosisMySQLTest</className>
          <testName>testAdd</testName>
          <skipped>false</skipped>
          <failedSince>0</failedSince>
        </case>
        <case>
          <duration>0.041</duration>
          <className>edu.ncsu.csc.itrust.unit.model.diagnosis.DiagnosisMySQLTest</className>
          <testName>testGetAllEmergencyDiagnosis</testName>
          <skipped>false</skipped>
          <failedSince>0</failedSince>
        </case>
        <case>
          <duration>0.047</duration>
          <className>edu.ncsu.csc.itrust.unit.model.diagnosis.DiagnosisMySQLTest</className>
          <testName>testGetByID</testName>
          <skipped>false</skipped>
          <failedSince>0</failedSince>
        </case>
        <case>
          <duration>0.023</duration>
          <className>edu.ncsu.csc.itrust.unit.model.diagnosis.DiagnosisMySQLTest</className>
          <testName>testMockDataSource</testName>
          <skipped>false</skipped>
          <failedSince>0</failedSince>
        </case>
        <case>
          <duration>0.022</duration>
          <className>edu.ncsu.csc.itrust.unit.model.diagnosis.DiagnosisMySQLTest</className>
          <testName>testProdConstructor</testName>
          <skipped>false</skipped>
          <failedSince>0</failedSince>
        </case>
        <case>
          <duration>0.048</duration>
          <className>edu.ncsu.csc.itrust.unit.model.diagnosis.DiagnosisMySQLTest</className>
          <testName>testGetAll</testName>
          <skipped>false</skipped>
          <failedSince>0</failedSince>
        </case>
        <case>
          <duration>0.033</duration>
          <className>edu.ncsu.csc.itrust.unit.model.diagnosis.DiagnosisMySQLTest</className>
          <testName>testRemove</testName>
          <skipped>false</skipped>
          <failedSince>0</failedSince>
        </case>
        <case>
          <duration>0.05</duration>
          <className>edu.ncsu.csc.itrust.unit.model.diagnosis.DiagnosisMySQLTest</className>
          <testName>testUpdate</testName>
          <skipped>false</skipped>
          <failedSince>0</failedSince>
        </case>
      </cases>
    </suite>
    <suite>
      <file>/var/lib/jenkins/workspace/itrust/iTrust/target/surefire-reports/TEST-edu.ncsu.csc.itrust.unit.model.diagnosis.DiagnosisTest.xml</file>
      <name>edu.ncsu.csc.itrust.unit.model.diagnosis.DiagnosisTest</name>
      <duration>0.0</duration>
      <time>0</time>
      <cases>
        <case>
          <duration>0.0</duration>
          <className>edu.ncsu.csc.itrust.unit.model.diagnosis.DiagnosisTest</className>
          <testName>testGettersAndSetters</testName>
          <skipped>false</skipped>
          <failedSince>0</failedSince>
        </case>
      </cases>
    </suite>
    <suite>
      <file>/var/lib/jenkins/workspace/itrust/iTrust/target/surefire-reports/TEST-edu.ncsu.csc.itrust.unit.model.emergencyRecord.EmergencyRecordMySQLTest.xml</file>
      <name>edu.ncsu.csc.itrust.unit.model.emergencyRecord.EmergencyRecordMySQLTest</name>
      <duration>0.264</duration>
      <time>0.264</time>
      <cases>
        <case>
          <duration>0.044</duration>
          <className>edu.ncsu.csc.itrust.unit.model.emergencyRecord.EmergencyRecordMySQLTest</className>
          <testName>testLoadRecord</testName>
          <skipped>false</skipped>
          <failedSince>0</failedSince>
        </case>
        <case>
          <duration>0.061</duration>
          <className>edu.ncsu.csc.itrust.unit.model.emergencyRecord.EmergencyRecordMySQLTest</className>
          <testName>testNoDataSource</testName>
          <skipped>false</skipped>
          <failedSince>0</failedSince>
        </case>
        <case>
          <duration>0.067</duration>
          <className>edu.ncsu.csc.itrust.unit.model.emergencyRecord.EmergencyRecordMySQLTest</className>
          <testName>testMockGetEmergencyRecordForPatient</testName>
          <skipped>false</skipped>
          <failedSince>0</failedSince>
        </case>
        <case>
          <duration>0.038</duration>
          <className>edu.ncsu.csc.itrust.unit.model.emergencyRecord.EmergencyRecordMySQLTest</className>
          <testName>testMockDataSource</testName>
          <skipped>false</skipped>
          <failedSince>0</failedSince>
        </case>
        <case>
          <duration>0.054</duration>
          <className>edu.ncsu.csc.itrust.unit.model.emergencyRecord.EmergencyRecordMySQLTest</className>
          <testName>testInvalidPatient</testName>
          <skipped>false</skipped>
          <failedSince>0</failedSince>
        </case>
      </cases>
    </suite>
    <suite>
      <file>/var/lib/jenkins/workspace/itrust/iTrust/target/surefire-reports/TEST-edu.ncsu.csc.itrust.unit.model.emergencyRecord.EmergencyRecordTest.xml</file>
      <name>edu.ncsu.csc.itrust.unit.model.emergencyRecord.EmergencyRecordTest</name>
      <duration>0.004</duration>
      <time>0.004</time>
      <cases>
        <case>
          <duration>0.0</duration>
          <className>edu.ncsu.csc.itrust.unit.model.emergencyRecord.EmergencyRecordTest</className>
          <testName>testContactPhone</testName>
          <skipped>false</skipped>
          <failedSince>0</failedSince>
        </case>
        <case>
          <duration>0.001</duration>
          <className>edu.ncsu.csc.itrust.unit.model.emergencyRecord.EmergencyRecordTest</className>
          <testName>testAge</testName>
          <skipped>false</skipped>
          <failedSince>0</failedSince>
        </case>
        <case>
          <duration>0.0</duration>
          <className>edu.ncsu.csc.itrust.unit.model.emergencyRecord.EmergencyRecordTest</className>
          <testName>testName</testName>
          <skipped>false</skipped>
          <failedSince>0</failedSince>
        </case>
        <case>
          <duration>0.0</duration>
          <className>edu.ncsu.csc.itrust.unit.model.emergencyRecord.EmergencyRecordTest</className>
          <testName>testPrescriptions</testName>
          <skipped>false</skipped>
          <failedSince>0</failedSince>
        </case>
        <case>
          <duration>0.0</duration>
          <className>edu.ncsu.csc.itrust.unit.model.emergencyRecord.EmergencyRecordTest</className>
          <testName>testImmunizations</testName>
          <skipped>false</skipped>
          <failedSince>0</failedSince>
        </case>
        <case>
          <duration>0.0</duration>
          <className>edu.ncsu.csc.itrust.unit.model.emergencyRecord.EmergencyRecordTest</className>
          <testName>testContactName</testName>
          <skipped>false</skipped>
          <failedSince>0</failedSince>
        </case>
        <case>
          <duration>0.0</duration>
          <className>edu.ncsu.csc.itrust.unit.model.emergencyRecord.EmergencyRecordTest</className>
          <testName>testAllergies</testName>
          <skipped>false</skipped>
          <failedSince>0</failedSince>
        </case>
        <case>
          <duration>0.0</duration>
          <className>edu.ncsu.csc.itrust.unit.model.emergencyRecord.EmergencyRecordTest</className>
          <testName>testGender</testName>
          <skipped>false</skipped>
          <failedSince>0</failedSince>
        </case>
        <case>
          <duration>0.0</duration>
          <className>edu.ncsu.csc.itrust.unit.model.emergencyRecord.EmergencyRecordTest</className>
          <testName>testDiagnoses</testName>
          <skipped>false</skipped>
          <failedSince>0</failedSince>
        </case>
        <case>
          <duration>0.0</duration>
          <className>edu.ncsu.csc.itrust.unit.model.emergencyRecord.EmergencyRecordTest</className>
          <testName>testBloodType</testName>
          <skipped>false</skipped>
          <failedSince>0</failedSince>
        </case>
      </cases>
    </suite>
    <suite>
      <file>/var/lib/jenkins/workspace/itrust/iTrust/target/surefire-reports/TEST-edu.ncsu.csc.itrust.unit.model.icdcode.ICDCodeMySQLTest.xml</file>
      <name>edu.ncsu.csc.itrust.unit.model.icdcode.ICDCodeMySQLTest</name>
      <duration>0.106</duration>
      <time>0.106</time>
      <cases>
        <case>
          <duration>0.057</duration>
          <className>edu.ncsu.csc.itrust.unit.model.icdcode.ICDCodeMySQLTest</className>
          <testName>testDiabolicals</testName>
          <skipped>false</skipped>
          <failedSince>0</failedSince>
        </case>
        <case>
          <duration>0.011</duration>
          <className>edu.ncsu.csc.itrust.unit.model.icdcode.ICDCodeMySQLTest</className>
          <testName>testProdConstructor</testName>
          <skipped>false</skipped>
          <failedSince>0</failedSince>
        </case>
        <case>
          <duration>0.037</duration>
          <className>edu.ncsu.csc.itrust.unit.model.icdcode.ICDCodeMySQLTest</className>
          <testName>testICDCodeMySQL</testName>
          <skipped>false</skipped>
          <failedSince>0</failedSince>
        </case>
      </cases>
    </suite>
    <suite>
      <file>/var/lib/jenkins/workspace/itrust/iTrust/target/surefire-reports/TEST-edu.ncsu.csc.itrust.unit.model.icdcode.ICDCodeTest.xml</file>
      <name>edu.ncsu.csc.itrust.unit.model.icdcode.ICDCodeTest</name>
      <duration>0.001</duration>
      <time>0.001</time>
      <cases>
        <case>
          <duration>0.0</duration>
          <className>edu.ncsu.csc.itrust.unit.model.icdcode.ICDCodeTest</className>
          <testName>testICDCode</testName>
          <skipped>false</skipped>
          <failedSince>0</failedSince>
        </case>
      </cases>
    </suite>
    <suite>
      <file>/var/lib/jenkins/workspace/itrust/iTrust/target/surefire-reports/TEST-edu.ncsu.csc.itrust.unit.model.immunization.ImmunizationMySQLTest.xml</file>
      <name>edu.ncsu.csc.itrust.unit.model.immunization.ImmunizationMySQLTest</name>
      <duration>0.451</duration>
      <time>0.451</time>
      <cases>
        <case>
          <duration>0.048</duration>
          <className>edu.ncsu.csc.itrust.unit.model.immunization.ImmunizationMySQLTest</className>
          <testName>testAdd</testName>
          <skipped>false</skipped>
          <failedSince>0</failedSince>
        </case>
        <case>
          <duration>0.052</duration>
          <className>edu.ncsu.csc.itrust.unit.model.immunization.ImmunizationMySQLTest</className>
          <testName>testNoDataSource</testName>
          <skipped>false</skipped>
          <failedSince>0</failedSince>
        </case>
        <case>
          <duration>0.188</duration>
          <className>edu.ncsu.csc.itrust.unit.model.immunization.ImmunizationMySQLTest</className>
          <testName>testGetByID</testName>
          <skipped>false</skipped>
          <failedSince>0</failedSince>
        </case>
        <case>
          <duration>0.051</duration>
          <className>edu.ncsu.csc.itrust.unit.model.immunization.ImmunizationMySQLTest</className>
          <testName>testGetAll</testName>
          <skipped>false</skipped>
          <failedSince>0</failedSince>
        </case>
        <case>
          <duration>0.062</duration>
          <className>edu.ncsu.csc.itrust.unit.model.immunization.ImmunizationMySQLTest</className>
          <testName>testUpdate</testName>
          <skipped>false</skipped>
          <failedSince>0</failedSince>
        </case>
        <case>
          <duration>0.04</duration>
          <className>edu.ncsu.csc.itrust.unit.model.immunization.ImmunizationMySQLTest</className>
          <testName>testGetAllImmunizations</testName>
          <skipped>false</skipped>
          <failedSince>0</failedSince>
        </case>
      </cases>
    </suite>
    <suite>
      <file>/var/lib/jenkins/workspace/itrust/iTrust/target/surefire-reports/TEST-edu.ncsu.csc.itrust.unit.model.immunization.ImmunizationTest.xml</file>
      <name>edu.ncsu.csc.itrust.unit.model.immunization.ImmunizationTest</name>
      <duration>0.0</duration>
      <time>0</time>
      <cases>
        <case>
          <duration>0.0</duration>
          <className>edu.ncsu.csc.itrust.unit.model.immunization.ImmunizationTest</className>
          <testName>testId</testName>
          <skipped>false</skipped>
          <failedSince>0</failedSince>
        </case>
        <case>
          <duration>0.0</duration>
          <className>edu.ncsu.csc.itrust.unit.model.immunization.ImmunizationTest</className>
          <testName>testCPTCode</testName>
          <skipped>false</skipped>
          <failedSince>0</failedSince>
        </case>
        <case>
          <duration>0.0</duration>
          <className>edu.ncsu.csc.itrust.unit.model.immunization.ImmunizationTest</className>
          <testName>testVisitId</testName>
          <skipped>false</skipped>
          <failedSince>0</failedSince>
        </case>
      </cases>
    </suite>
    <suite>
      <file>/var/lib/jenkins/workspace/itrust/iTrust/target/surefire-reports/TEST-edu.ncsu.csc.itrust.unit.model.immunization.ImmunizationValidatorTest.xml</file>
      <name>edu.ncsu.csc.itrust.unit.model.immunization.ImmunizationValidatorTest</name>
      <duration>0.014</duration>
      <time>0.014</time>
      <cases>
        <case>
          <duration>0.008</duration>
          <className>edu.ncsu.csc.itrust.unit.model.immunization.ImmunizationValidatorTest</className>
          <testName>testValidationBadCodeZeroLength</testName>
          <skipped>false</skipped>
          <failedSince>0</failedSince>
        </case>
        <case>
          <duration>0.003</duration>
          <className>edu.ncsu.csc.itrust.unit.model.immunization.ImmunizationValidatorTest</className>
          <testName>testCorrectValidation</testName>
          <skipped>false</skipped>
          <failedSince>0</failedSince>
        </case>
        <case>
          <duration>0.003</duration>
          <className>edu.ncsu.csc.itrust.unit.model.immunization.ImmunizationValidatorTest</className>
          <testName>testValidationBadCodeLength</testName>
          <skipped>false</skipped>
          <failedSince>0</failedSince>
        </case>
      </cases>
    </suite>
    <suite>
      <file>/var/lib/jenkins/workspace/itrust/iTrust/target/surefire-reports/TEST-edu.ncsu.csc.itrust.unit.model.labProcedure.LabProcedureFormTest.xml</file>
      <name>edu.ncsu.csc.itrust.unit.model.labProcedure.LabProcedureFormTest</name>
      <duration>0.738</duration>
      <time>0.738</time>
      <cases>
        <case>
          <duration>0.081</duration>
          <className>edu.ncsu.csc.itrust.unit.model.labProcedure.LabProcedureFormTest</className>
          <testName>testGetLoincCodesEmpty</testName>
          <skipped>false</skipped>
          <failedSince>0</failedSince>
        </case>
        <case>
          <duration>0.032</duration>
          <className>edu.ncsu.csc.itrust.unit.model.labProcedure.LabProcedureFormTest</className>
          <testName>testSubmitReassignment</testName>
          <skipped>false</skipped>
          <failedSince>0</failedSince>
        </case>
        <case>
          <duration>0.038</duration>
          <className>edu.ncsu.csc.itrust.unit.model.labProcedure.LabProcedureFormTest</className>
          <testName>testLabProcedureFormLabProcedureControllerNullLabProcedure</testName>
          <skipped>false</skipped>
          <failedSince>0</failedSince>
        </case>
        <case>
          <duration>0.035</duration>
          <className>edu.ncsu.csc.itrust.unit.model.labProcedure.LabProcedureFormTest</className>
          <testName>testRemoveLabProcedure</testName>
          <skipped>false</skipped>
          <failedSince>0</failedSince>
        </case>
        <case>
          <duration>0.043</duration>
          <className>edu.ncsu.csc.itrust.unit.model.labProcedure.LabProcedureFormTest</className>
          <testName>testIsCommentable</testName>
          <skipped>false</skipped>
          <failedSince>0</failedSince>
        </case>
        <case>
          <duration>0.061</duration>
          <className>edu.ncsu.csc.itrust.unit.model.labProcedure.LabProcedureFormTest</className>
          <testName>testIsCommentableBadLong</testName>
          <skipped>false</skipped>
          <failedSince>0</failedSince>
        </case>
        <case>
          <duration>0.051</duration>
          <className>edu.ncsu.csc.itrust.unit.model.labProcedure.LabProcedureFormTest</className>
          <testName>testIsReassignableBadLong</testName>
          <skipped>false</skipped>
          <failedSince>0</failedSince>
        </case>
        <case>
          <duration>0.052</duration>
          <className>edu.ncsu.csc.itrust.unit.model.labProcedure.LabProcedureFormTest</className>
          <testName>testAddCommentary</testName>
          <skipped>false</skipped>
          <failedSince>0</failedSince>
        </case>
        <case>
          <duration>0.031</duration>
          <className>edu.ncsu.csc.itrust.unit.model.labProcedure.LabProcedureFormTest</className>
          <testName>testGetLoincCodes</testName>
          <skipped>false</skipped>
          <failedSince>0</failedSince>
        </case>
        <case>
          <duration>0.04</duration>
          <className>edu.ncsu.csc.itrust.unit.model.labProcedure.LabProcedureFormTest</className>
          <testName>testRecordResultsDBException</testName>
          <skipped>false</skipped>
          <failedSince>0</failedSince>
        </case>
        <case>
          <duration>0.026</duration>
          <className>edu.ncsu.csc.itrust.unit.model.labProcedure.LabProcedureFormTest</className>
          <testName>testIsLabProcedureCreated</testName>
          <skipped>false</skipped>
          <failedSince>0</failedSince>
        </case>
        <case>
          <duration>0.024</duration>
          <className>edu.ncsu.csc.itrust.unit.model.labProcedure.LabProcedureFormTest</className>
          <testName>testGetLoincCodesDBException</testName>
          <skipped>false</skipped>
          <failedSince>0</failedSince>
        </case>
        <case>
          <duration>0.039</duration>
          <className>edu.ncsu.csc.itrust.unit.model.labProcedure.LabProcedureFormTest</className>
          <testName>testIsReassignable</testName>
          <skipped>false</skipped>
          <failedSince>0</failedSince>
        </case>
        <case>
          <duration>0.03</duration>
          <className>edu.ncsu.csc.itrust.unit.model.labProcedure.LabProcedureFormTest</className>
          <testName>testIsRemovableBadLong</testName>
          <skipped>false</skipped>
          <failedSince>0</failedSince>
        </case>
        <case>
          <duration>0.035</duration>
          <className>edu.ncsu.csc.itrust.unit.model.labProcedure.LabProcedureFormTest</className>
          <testName>testLabProcedureFormLabProcedureController</testName>
          <skipped>false</skipped>
          <failedSince>0</failedSince>
        </case>
        <case>
          <duration>0.031</duration>
          <className>edu.ncsu.csc.itrust.unit.model.labProcedure.LabProcedureFormTest</className>
          <testName>testGetSelectedLabProcedure</testName>
          <skipped>false</skipped>
          <failedSince>0</failedSince>
        </case>
        <case>
          <duration>0.025</duration>
          <className>edu.ncsu.csc.itrust.unit.model.labProcedure.LabProcedureFormTest</className>
          <testName>testIsRemovable</testName>
          <skipped>false</skipped>
          <failedSince>0</failedSince>
        </case>
        <case>
          <duration>0.03</duration>
          <className>edu.ncsu.csc.itrust.unit.model.labProcedure.LabProcedureFormTest</className>
          <testName>testRecordResults</testName>
          <skipped>false</skipped>
          <failedSince>0</failedSince>
        </case>
        <case>
          <duration>0.022</duration>
          <className>edu.ncsu.csc.itrust.unit.model.labProcedure.LabProcedureFormTest</className>
          <testName>testLabProcedureForm</testName>
          <skipped>false</skipped>
          <failedSince>0</failedSince>
        </case>
      </cases>
    </suite>
    <suite>
      <file>/var/lib/jenkins/workspace/itrust/iTrust/target/surefire-reports/TEST-edu.ncsu.csc.itrust.unit.model.labProcedure.LabProcedureMySQLTest.xml</file>
      <name>edu.ncsu.csc.itrust.unit.model.labProcedure.LabProcedureMySQLTest</name>
      <duration>0.638</duration>
      <time>0.638</time>
      <cases>
        <case>
          <duration>0.108</duration>
          <className>edu.ncsu.csc.itrust.unit.model.labProcedure.LabProcedureMySQLTest</className>
          <testName>testUpdateInvalid</testName>
          <skipped>false</skipped>
          <failedSince>0</failedSince>
        </case>
        <case>
          <duration>0.08</duration>
          <className>edu.ncsu.csc.itrust.unit.model.labProcedure.LabProcedureMySQLTest</className>
          <testName>testRemoveLabProcedure</testName>
          <skipped>false</skipped>
          <failedSince>0</failedSince>
        </case>
        <case>
          <duration>0.059</duration>
          <className>edu.ncsu.csc.itrust.unit.model.labProcedure.LabProcedureMySQLTest</className>
          <testName>testAdd</testName>
          <skipped>false</skipped>
          <failedSince>0</failedSince>
        </case>
        <case>
          <duration>0.055</duration>
          <className>edu.ncsu.csc.itrust.unit.model.labProcedure.LabProcedureMySQLTest</className>
          <testName>testGetLabProceduresByOfficeVisitSQLException</testName>
          <skipped>false</skipped>
          <failedSince>0</failedSince>
        </case>
        <case>
          <duration>0.073</duration>
          <className>edu.ncsu.csc.itrust.unit.model.labProcedure.LabProcedureMySQLTest</className>
          <testName>testGetLabProcedure</testName>
          <skipped>false</skipped>
          <failedSince>0</failedSince>
        </case>
        <case>
          <duration>0.061</duration>
          <className>edu.ncsu.csc.itrust.unit.model.labProcedure.LabProcedureMySQLTest</className>
          <testName>testAddInvalid</testName>
          <skipped>false</skipped>
          <failedSince>0</failedSince>
        </case>
        <case>
          <duration>0.051</duration>
          <className>edu.ncsu.csc.itrust.unit.model.labProcedure.LabProcedureMySQLTest</className>
          <testName>testGetByID</testName>
          <skipped>false</skipped>
          <failedSince>0</failedSince>
        </case>
        <case>
          <duration>0.089</duration>
          <className>edu.ncsu.csc.itrust.unit.model.labProcedure.LabProcedureMySQLTest</className>
          <testName>testGetAll</testName>
          <skipped>false</skipped>
          <failedSince>0</failedSince>
        </case>
        <case>
          <duration>0.06</duration>
          <className>edu.ncsu.csc.itrust.unit.model.labProcedure.LabProcedureMySQLTest</className>
          <testName>testUpdate</testName>
          <skipped>false</skipped>
          <failedSince>0</failedSince>
        </case>
      </cases>
    </suite>
    <suite>
      <file>/var/lib/jenkins/workspace/itrust/iTrust/target/surefire-reports/TEST-edu.ncsu.csc.itrust.unit.model.labProcedure.LabProcedureTest.xml</file>
      <name>edu.ncsu.csc.itrust.unit.model.labProcedure.LabProcedureTest</name>
      <duration>0.007</duration>
      <time>0.007</time>
      <cases>
        <case>
          <duration>0.001</duration>
          <className>edu.ncsu.csc.itrust.unit.model.labProcedure.LabProcedureTest</className>
          <testName>testGetCommentary</testName>
          <skipped>false</skipped>
          <failedSince>0</failedSince>
        </case>
        <case>
          <duration>0.0</duration>
          <className>edu.ncsu.csc.itrust.unit.model.labProcedure.LabProcedureTest</className>
          <testName>testSetLabProcedureCode</testName>
          <skipped>false</skipped>
          <failedSince>0</failedSince>
        </case>
        <case>
          <duration>0.001</duration>
          <className>edu.ncsu.csc.itrust.unit.model.labProcedure.LabProcedureTest</className>
          <testName>testSetStatusLong</testName>
          <skipped>false</skipped>
          <failedSince>0</failedSince>
        </case>
        <case>
          <duration>0.0</duration>
          <className>edu.ncsu.csc.itrust.unit.model.labProcedure.LabProcedureTest</className>
          <testName>testGetConfidenceIntervalLower</testName>
          <skipped>false</skipped>
          <failedSince>0</failedSince>
        </case>
        <case>
          <duration>0.0</duration>
          <className>edu.ncsu.csc.itrust.unit.model.labProcedure.LabProcedureTest</className>
          <testName>testGetConfidenceIntervalUpper</testName>
          <skipped>false</skipped>
          <failedSince>0</failedSince>
        </case>
        <case>
          <duration>0.0</duration>
          <className>edu.ncsu.csc.itrust.unit.model.labProcedure.LabProcedureTest</className>
          <testName>testSetConfidenceIntervalLower</testName>
          <skipped>false</skipped>
          <failedSince>0</failedSince>
        </case>
        <case>
          <duration>0.0</duration>
          <className>edu.ncsu.csc.itrust.unit.model.labProcedure.LabProcedureTest</className>
          <testName>testSetConfidenceIntervalUpper</testName>
          <skipped>false</skipped>
          <failedSince>0</failedSince>
        </case>
        <case>
          <duration>0.0</duration>
          <className>edu.ncsu.csc.itrust.unit.model.labProcedure.LabProcedureTest</className>
          <testName>testSetIsRestricted</testName>
          <skipped>false</skipped>
          <failedSince>0</failedSince>
        </case>
        <case>
          <duration>0.0</duration>
          <className>edu.ncsu.csc.itrust.unit.model.labProcedure.LabProcedureTest</className>
          <testName>testSetCommentary</testName>
          <skipped>false</skipped>
          <failedSince>0</failedSince>
        </case>
        <case>
          <duration>0.0</duration>
          <className>edu.ncsu.csc.itrust.unit.model.labProcedure.LabProcedureTest</className>
          <testName>testSetResults</testName>
          <skipped>false</skipped>
          <failedSince>0</failedSince>
        </case>
        <case>
          <duration>0.0</duration>
          <className>edu.ncsu.csc.itrust.unit.model.labProcedure.LabProcedureTest</className>
          <testName>testSetOfficeVisitID</testName>
          <skipped>false</skipped>
          <failedSince>0</failedSince>
        </case>
        <case>
          <duration>0.0</duration>
          <className>edu.ncsu.csc.itrust.unit.model.labProcedure.LabProcedureTest</className>
          <testName>testGetLabProcedureCode</testName>
          <skipped>false</skipped>
          <failedSince>0</failedSince>
        </case>
        <case>
          <duration>0.0</duration>
          <className>edu.ncsu.csc.itrust.unit.model.labProcedure.LabProcedureTest</className>
          <testName>testSetUpdatedDate</testName>
          <skipped>false</skipped>
          <failedSince>0</failedSince>
        </case>
        <case>
          <duration>0.0</duration>
          <className>edu.ncsu.csc.itrust.unit.model.labProcedure.LabProcedureTest</className>
          <testName>testSetPriority</testName>
          <skipped>false</skipped>
          <failedSince>0</failedSince>
        </case>
        <case>
          <duration>0.001</duration>
          <className>edu.ncsu.csc.itrust.unit.model.labProcedure.LabProcedureTest</className>
          <testName>testSetStatusString</testName>
          <skipped>false</skipped>
          <failedSince>0</failedSince>
        </case>
        <case>
          <duration>0.0</duration>
          <className>edu.ncsu.csc.itrust.unit.model.labProcedure.LabProcedureTest</className>
          <testName>testGetPriority</testName>
          <skipped>false</skipped>
          <failedSince>0</failedSince>
        </case>
        <case>
          <duration>0.001</duration>
          <className>edu.ncsu.csc.itrust.unit.model.labProcedure.LabProcedureTest</className>
          <testName>testSetLabProcedureID</testName>
          <skipped>false</skipped>
          <failedSince>0</failedSince>
        </case>
        <case>
          <duration>0.0</duration>
          <className>edu.ncsu.csc.itrust.unit.model.labProcedure.LabProcedureTest</className>
          <testName>testGetLabTechnicianID</testName>
          <skipped>false</skipped>
          <failedSince>0</failedSince>
        </case>
        <case>
          <duration>0.0</duration>
          <className>edu.ncsu.csc.itrust.unit.model.labProcedure.LabProcedureTest</className>
          <testName>testGetOfficeVisitID</testName>
          <skipped>false</skipped>
          <failedSince>0</failedSince>
        </case>
        <case>
          <duration>0.0</duration>
          <className>edu.ncsu.csc.itrust.unit.model.labProcedure.LabProcedureTest</className>
          <testName>testGetResults</testName>
          <skipped>false</skipped>
          <failedSince>0</failedSince>
        </case>
        <case>
          <duration>0.0</duration>
          <className>edu.ncsu.csc.itrust.unit.model.labProcedure.LabProcedureTest</className>
          <testName>testGetStatus</testName>
          <skipped>false</skipped>
          <failedSince>0</failedSince>
        </case>
        <case>
          <duration>0.001</duration>
          <className>edu.ncsu.csc.itrust.unit.model.labProcedure.LabProcedureTest</className>
          <testName>testGetLabProcedureID</testName>
          <skipped>false</skipped>
          <failedSince>0</failedSince>
        </case>
        <case>
          <duration>0.0</duration>
          <className>edu.ncsu.csc.itrust.unit.model.labProcedure.LabProcedureTest</className>
          <testName>testGetUpdatedDate</testName>
          <skipped>false</skipped>
          <failedSince>0</failedSince>
        </case>
        <case>
          <duration>0.0</duration>
          <className>edu.ncsu.csc.itrust.unit.model.labProcedure.LabProcedureTest</className>
          <testName>testIsRestricted</testName>
          <skipped>false</skipped>
          <failedSince>0</failedSince>
        </case>
        <case>
          <duration>0.0</duration>
          <className>edu.ncsu.csc.itrust.unit.model.labProcedure.LabProcedureTest</className>
          <testName>testSetLabTechnicianID</testName>
          <skipped>false</skipped>
          <failedSince>0</failedSince>
        </case>
      </cases>
    </suite>
    <suite>
      <file>/var/lib/jenkins/workspace/itrust/iTrust/target/surefire-reports/TEST-edu.ncsu.csc.itrust.unit.model.labProcedure.LabProcedureValidatorTest.xml</file>
      <name>edu.ncsu.csc.itrust.unit.model.labProcedure.LabProcedureValidatorTest</name>
      <duration>0.032</duration>
      <time>0.032</time>
      <cases>
        <case>
          <duration>0.025</duration>
          <className>edu.ncsu.csc.itrust.unit.model.labProcedure.LabProcedureValidatorTest</className>
          <testName>testInvalidResults</testName>
          <skipped>false</skipped>
          <failedSince>0</failedSince>
        </case>
        <case>
          <duration>0.0</duration>
          <className>edu.ncsu.csc.itrust.unit.model.labProcedure.LabProcedureValidatorTest</className>
          <testName>testInvalidLabTechnicianID</testName>
          <skipped>false</skipped>
          <failedSince>0</failedSince>
        </case>
        <case>
          <duration>0.001</duration>
          <className>edu.ncsu.csc.itrust.unit.model.labProcedure.LabProcedureValidatorTest</className>
          <testName>testInvalidHcpMID</testName>
          <skipped>false</skipped>
          <failedSince>0</failedSince>
        </case>
        <case>
          <duration>0.0</duration>
          <className>edu.ncsu.csc.itrust.unit.model.labProcedure.LabProcedureValidatorTest</className>
          <testName>testInvalidCommentary</testName>
          <skipped>false</skipped>
          <failedSince>0</failedSince>
        </case>
        <case>
          <duration>0.0</duration>
          <className>edu.ncsu.csc.itrust.unit.model.labProcedure.LabProcedureValidatorTest</className>
          <testName>testInvalidConfidenceIntervalLower</testName>
          <skipped>false</skipped>
          <failedSince>0</failedSince>
        </case>
        <case>
          <duration>0.0</duration>
          <className>edu.ncsu.csc.itrust.unit.model.labProcedure.LabProcedureValidatorTest</className>
          <testName>testInvalidConfidenceIntervalUpper</testName>
          <skipped>false</skipped>
          <failedSince>0</failedSince>
        </case>
        <case>
          <duration>0.0</duration>
          <className>edu.ncsu.csc.itrust.unit.model.labProcedure.LabProcedureValidatorTest</className>
          <testName>testInvalidStatus</testName>
          <skipped>false</skipped>
          <failedSince>0</failedSince>
        </case>
        <case>
          <duration>0.001</duration>
          <className>edu.ncsu.csc.itrust.unit.model.labProcedure.LabProcedureValidatorTest</className>
          <testName>testInvalidLabProcedureCode</testName>
          <skipped>false</skipped>
          <failedSince>0</failedSince>
        </case>
        <case>
          <duration>0.001</duration>
          <className>edu.ncsu.csc.itrust.unit.model.labProcedure.LabProcedureValidatorTest</className>
          <testName>testValidLabProcedure</testName>
          <skipped>false</skipped>
          <failedSince>0</failedSince>
        </case>
        <case>
          <duration>0.0</duration>
          <className>edu.ncsu.csc.itrust.unit.model.labProcedure.LabProcedureValidatorTest</className>
          <testName>testInvalidUpdatedDate</testName>
          <skipped>false</skipped>
          <failedSince>0</failedSince>
        </case>
        <case>
          <duration>0.0</duration>
          <className>edu.ncsu.csc.itrust.unit.model.labProcedure.LabProcedureValidatorTest</className>
          <testName>testInvalidLabProcedureID</testName>
          <skipped>false</skipped>
          <failedSince>0</failedSince>
        </case>
        <case>
          <duration>0.0</duration>
          <className>edu.ncsu.csc.itrust.unit.model.labProcedure.LabProcedureValidatorTest</className>
          <testName>testInvalidPriority</testName>
          <skipped>false</skipped>
          <failedSince>0</failedSince>
        </case>
        <case>
          <duration>0.001</duration>
          <className>edu.ncsu.csc.itrust.unit.model.labProcedure.LabProcedureValidatorTest</className>
          <testName>testInvalidOfficeVisitID</testName>
          <skipped>false</skipped>
          <failedSince>0</failedSince>
        </case>
      </cases>
    </suite>
    <suite>
      <file>/var/lib/jenkins/workspace/itrust/iTrust/target/surefire-reports/TEST-edu.ncsu.csc.itrust.unit.model.loinccode.LOINCCodeMySQLTest.xml</file>
      <name>edu.ncsu.csc.itrust.unit.model.loinccode.LOINCCodeMySQLTest</name>
      <duration>0.316</duration>
      <time>0.316</time>
      <cases>
        <case>
          <duration>0.046</duration>
          <className>edu.ncsu.csc.itrust.unit.model.loinccode.LOINCCodeMySQLTest</className>
          <testName>testAdd</testName>
          <skipped>false</skipped>
          <failedSince>0</failedSince>
        </case>
        <case>
          <duration>0.041</duration>
          <className>edu.ncsu.csc.itrust.unit.model.loinccode.LOINCCodeMySQLTest</className>
          <testName>testEdit</testName>
          <skipped>false</skipped>
          <failedSince>0</failedSince>
        </case>
        <case>
          <duration>0.049</duration>
          <className>edu.ncsu.csc.itrust.unit.model.loinccode.LOINCCodeMySQLTest</className>
          <testName>testAddInvalid</testName>
          <skipped>false</skipped>
          <failedSince>0</failedSince>
        </case>
        <case>
          <duration>0.044</duration>
          <className>edu.ncsu.csc.itrust.unit.model.loinccode.LOINCCodeMySQLTest</className>
          <testName>testGetByID</testName>
          <skipped>false</skipped>
          <failedSince>0</failedSince>
        </case>
        <case>
          <duration>0.03</duration>
          <className>edu.ncsu.csc.itrust.unit.model.loinccode.LOINCCodeMySQLTest</className>
          <testName>testGetByCode</testName>
          <skipped>false</skipped>
          <failedSince>0</failedSince>
        </case>
        <case>
          <duration>0.035</duration>
          <className>edu.ncsu.csc.itrust.unit.model.loinccode.LOINCCodeMySQLTest</className>
          <testName>testDelete</testName>
          <skipped>false</skipped>
          <failedSince>0</failedSince>
        </case>
        <case>
          <duration>0.071</duration>
          <className>edu.ncsu.csc.itrust.unit.model.loinccode.LOINCCodeMySQLTest</className>
          <testName>testGetAll</testName>
          <skipped>false</skipped>
          <failedSince>0</failedSince>
        </case>
      </cases>
    </suite>
    <suite>
      <file>/var/lib/jenkins/workspace/itrust/iTrust/target/surefire-reports/TEST-edu.ncsu.csc.itrust.unit.model.loinccode.LOINCCodeTest.xml</file>
      <name>edu.ncsu.csc.itrust.unit.model.loinccode.LOINCCodeTest</name>
      <duration>0.009</duration>
      <time>0.009</time>
      <cases>
        <case>
          <duration>0.009</duration>
          <className>edu.ncsu.csc.itrust.unit.model.loinccode.LOINCCodeTest</className>
          <testName>testGettersAndSetters</testName>
          <skipped>false</skipped>
          <failedSince>0</failedSince>
        </case>
        <case>
          <duration>0.0</duration>
          <className>edu.ncsu.csc.itrust.unit.model.loinccode.LOINCCodeTest</className>
          <testName>testConstructors</testName>
          <skipped>false</skipped>
          <failedSince>0</failedSince>
        </case>
      </cases>
    </suite>
    <suite>
      <file>/var/lib/jenkins/workspace/itrust/iTrust/target/surefire-reports/TEST-edu.ncsu.csc.itrust.unit.model.medicalProcedure.MedicalProcedureMySQLTest.xml</file>
      <name>edu.ncsu.csc.itrust.unit.model.medicalProcedure.MedicalProcedureMySQLTest</name>
      <duration>0.053</duration>
      <time>0.053</time>
      <cases>
        <case>
          <duration>0.052</duration>
          <className>edu.ncsu.csc.itrust.unit.model.medicalProcedure.MedicalProcedureMySQLTest</className>
          <testName>testValids</testName>
          <skipped>false</skipped>
          <failedSince>0</failedSince>
        </case>
      </cases>
    </suite>
    <suite>
      <file>/var/lib/jenkins/workspace/itrust/iTrust/target/surefire-reports/TEST-edu.ncsu.csc.itrust.unit.model.medicalProcedure.MedicalProcedureTest.xml</file>
      <name>edu.ncsu.csc.itrust.unit.model.medicalProcedure.MedicalProcedureTest</name>
      <duration>0.001</duration>
      <time>0.001</time>
      <cases>
        <case>
          <duration>0.0</duration>
          <className>edu.ncsu.csc.itrust.unit.model.medicalProcedure.MedicalProcedureTest</className>
          <testName>testFields</testName>
          <skipped>false</skipped>
          <failedSince>0</failedSince>
        </case>
      </cases>
    </suite>
    <suite>
      <file>/var/lib/jenkins/workspace/itrust/iTrust/target/surefire-reports/TEST-edu.ncsu.csc.itrust.unit.model.ndcode.NDCCodeMySQLTest.xml</file>
      <name>edu.ncsu.csc.itrust.unit.model.ndcode.NDCCodeMySQLTest</name>
      <duration>0.04</duration>
      <time>0.04</time>
      <cases>
        <case>
          <duration>0.035</duration>
          <className>edu.ncsu.csc.itrust.unit.model.ndcode.NDCCodeMySQLTest</className>
          <testName>testNDCodeMySQL</testName>
          <skipped>false</skipped>
          <failedSince>0</failedSince>
        </case>
        <case>
          <duration>0.005</duration>
          <className>edu.ncsu.csc.itrust.unit.model.ndcode.NDCCodeMySQLTest</className>
          <testName>testProdConstructor</testName>
          <skipped>false</skipped>
          <failedSince>0</failedSince>
        </case>
      </cases>
    </suite>
    <suite>
      <file>/var/lib/jenkins/workspace/itrust/iTrust/target/surefire-reports/TEST-edu.ncsu.csc.itrust.unit.model.ndcode.NDCCodeTest.xml</file>
      <name>edu.ncsu.csc.itrust.unit.model.ndcode.NDCCodeTest</name>
      <duration>0.0</duration>
      <time>0</time>
      <cases>
        <case>
          <duration>0.0</duration>
          <className>edu.ncsu.csc.itrust.unit.model.ndcode.NDCCodeTest</className>
          <testName>testEverything</testName>
          <skipped>false</skipped>
          <failedSince>0</failedSince>
        </case>
      </cases>
    </suite>
    <suite>
      <file>/var/lib/jenkins/workspace/itrust/iTrust/target/surefire-reports/TEST-edu.ncsu.csc.itrust.unit.model.officeVisit.OfficeVisitMySQLTest.xml</file>
      <name>edu.ncsu.csc.itrust.unit.model.officeVisit.OfficeVisitMySQLTest</name>
      <duration>0.243</duration>
      <time>0.243</time>
      <cases>
        <case>
          <duration>0.147</duration>
          <className>edu.ncsu.csc.itrust.unit.model.officeVisit.OfficeVisitMySQLTest</className>
          <testName>testGetPatientDOB</testName>
          <skipped>false</skipped>
          <failedSince>0</failedSince>
        </case>
        <case>
          <duration>0.041</duration>
          <className>edu.ncsu.csc.itrust.unit.model.officeVisit.OfficeVisitMySQLTest</className>
          <testName>testGetPatientDOBWithInvalidDataSource</testName>
          <skipped>false</skipped>
          <failedSince>0</failedSince>
        </case>
        <case>
          <duration>0.047</duration>
          <className>edu.ncsu.csc.itrust.unit.model.officeVisit.OfficeVisitMySQLTest</className>
          <testName>testGetVisitsForPatient</testName>
          <skipped>false</skipped>
          <failedSince>0</failedSince>
        </case>
      </cases>
    </suite>
    <suite>
      <file>/var/lib/jenkins/workspace/itrust/iTrust/target/surefire-reports/TEST-edu.ncsu.csc.itrust.unit.model.officeVisit.OfficeVisitSQLLoaderTest.xml</file>
      <name>edu.ncsu.csc.itrust.unit.model.officeVisit.OfficeVisitSQLLoaderTest</name>
      <duration>0.044</duration>
      <time>0.044</time>
      <cases>
        <case>
          <duration>0.042</duration>
          <className>edu.ncsu.csc.itrust.unit.model.officeVisit.OfficeVisitSQLLoaderTest</className>
          <testName>testSetIntOrNull</testName>
          <skipped>false</skipped>
          <failedSince>0</failedSince>
        </case>
        <case>
          <duration>0.001</duration>
          <className>edu.ncsu.csc.itrust.unit.model.officeVisit.OfficeVisitSQLLoaderTest</className>
          <testName>testSetFloatOrNull</testName>
          <skipped>false</skipped>
          <failedSince>0</failedSince>
        </case>
        <case>
          <duration>0.0</duration>
          <className>edu.ncsu.csc.itrust.unit.model.officeVisit.OfficeVisitSQLLoaderTest</className>
          <testName>testGetFloatOrNull</testName>
          <skipped>false</skipped>
          <failedSince>0</failedSince>
        </case>
        <case>
          <duration>0.001</duration>
          <className>edu.ncsu.csc.itrust.unit.model.officeVisit.OfficeVisitSQLLoaderTest</className>
          <testName>testGetIntOrNull</testName>
          <skipped>false</skipped>
          <failedSince>0</failedSince>
        </case>
      </cases>
    </suite>
    <suite>
      <file>/var/lib/jenkins/workspace/itrust/iTrust/target/surefire-reports/TEST-edu.ncsu.csc.itrust.unit.model.officeVisit.OfficeVisitTest.xml</file>
      <name>edu.ncsu.csc.itrust.unit.model.officeVisit.OfficeVisitTest</name>
      <duration>0.168</duration>
      <time>0.168</time>
      <cases>
        <case>
          <duration>0.003</duration>
          <className>edu.ncsu.csc.itrust.unit.model.officeVisit.OfficeVisitTest</className>
          <testName>testPatientSmokingStatus</testName>
          <skipped>false</skipped>
          <failedSince>0</failedSince>
        </case>
        <case>
          <duration>0.003</duration>
          <className>edu.ncsu.csc.itrust.unit.model.officeVisit.OfficeVisitTest</className>
          <testName>testHeadCircumference</testName>
          <skipped>false</skipped>
          <failedSince>0</failedSince>
        </case>
        <case>
          <duration>0.005</duration>
          <className>edu.ncsu.csc.itrust.unit.model.officeVisit.OfficeVisitTest</className>
          <testName>testHDL</testName>
          <skipped>false</skipped>
          <failedSince>0</failedSince>
        </case>
        <case>
          <duration>0.003</duration>
          <className>edu.ncsu.csc.itrust.unit.model.officeVisit.OfficeVisitTest</className>
          <testName>testLDL</testName>
          <skipped>false</skipped>
          <failedSince>0</failedSince>
        </case>
        <case>
          <duration>0.007</duration>
          <className>edu.ncsu.csc.itrust.unit.model.officeVisit.OfficeVisitTest</className>
          <testName>testNotes</testName>
          <skipped>false</skipped>
          <failedSince>0</failedSince>
        </case>
        <case>
          <duration>0.01</duration>
          <className>edu.ncsu.csc.itrust.unit.model.officeVisit.OfficeVisitTest</className>
          <testName>testPatient</testName>
          <skipped>false</skipped>
          <failedSince>0</failedSince>
        </case>
        <case>
          <duration>0.003</duration>
          <className>edu.ncsu.csc.itrust.unit.model.officeVisit.OfficeVisitTest</className>
          <testName>testBill</testName>
          <skipped>false</skipped>
          <failedSince>0</failedSince>
        </case>
        <case>
          <duration>0.011</duration>
          <className>edu.ncsu.csc.itrust.unit.model.officeVisit.OfficeVisitTest</className>
          <testName>testDate</testName>
          <skipped>false</skipped>
          <failedSince>0</failedSince>
        </case>
        <case>
          <duration>0.006</duration>
          <className>edu.ncsu.csc.itrust.unit.model.officeVisit.OfficeVisitTest</className>
          <testName>testID</testName>
          <skipped>false</skipped>
          <failedSince>0</failedSince>
        </case>
        <case>
          <duration>0.008</duration>
          <className>edu.ncsu.csc.itrust.unit.model.officeVisit.OfficeVisitTest</className>
          <testName>testHouseholdSmokingStatusDescription</testName>
          <skipped>false</skipped>
          <failedSince>0</failedSince>
        </case>
        <case>
          <duration>0.008</duration>
          <className>edu.ncsu.csc.itrust.unit.model.officeVisit.OfficeVisitTest</className>
          <testName>testHouseholdSmokingStatusDescriptionInvalidID</testName>
          <skipped>false</skipped>
          <failedSince>0</failedSince>
        </case>
        <case>
          <duration>0.004</duration>
          <className>edu.ncsu.csc.itrust.unit.model.officeVisit.OfficeVisitTest</className>
          <testName>testPatientSmokingStatusDescription</testName>
          <skipped>false</skipped>
          <failedSince>0</failedSince>
        </case>
        <case>
          <duration>0.003</duration>
          <className>edu.ncsu.csc.itrust.unit.model.officeVisit.OfficeVisitTest</className>
          <testName>testBloodPressure</testName>
          <skipped>false</skipped>
          <failedSince>0</failedSince>
        </case>
        <case>
          <duration>0.013</duration>
          <className>edu.ncsu.csc.itrust.unit.model.officeVisit.OfficeVisitTest</className>
          <testName>testLocationID</testName>
          <skipped>false</skipped>
          <failedSince>0</failedSince>
        </case>
        <case>
          <duration>0.002</duration>
          <className>edu.ncsu.csc.itrust.unit.model.officeVisit.OfficeVisitTest</className>
          <testName>testHouseholdSmokingStatus</testName>
          <skipped>false</skipped>
          <failedSince>0</failedSince>
        </case>
        <case>
          <duration>0.021</duration>
          <className>edu.ncsu.csc.itrust.unit.model.officeVisit.OfficeVisitTest</className>
          <testName>testApptTypeID</testName>
          <skipped>false</skipped>
          <failedSince>0</failedSince>
        </case>
        <case>
          <duration>0.003</duration>
          <className>edu.ncsu.csc.itrust.unit.model.officeVisit.OfficeVisitTest</className>
          <testName>testHeight</testName>
          <skipped>false</skipped>
          <failedSince>0</failedSince>
        </case>
        <case>
          <duration>0.003</duration>
          <className>edu.ncsu.csc.itrust.unit.model.officeVisit.OfficeVisitTest</className>
          <testName>testLength</testName>
          <skipped>false</skipped>
          <failedSince>0</failedSince>
        </case>
        <case>
          <duration>0.008</duration>
          <className>edu.ncsu.csc.itrust.unit.model.officeVisit.OfficeVisitTest</className>
          <testName>testTriglyceride</testName>
          <skipped>false</skipped>
          <failedSince>0</failedSince>
        </case>
        <case>
          <duration>0.003</duration>
          <className>edu.ncsu.csc.itrust.unit.model.officeVisit.OfficeVisitTest</className>
          <testName>testWeight</testName>
          <skipped>false</skipped>
          <failedSince>0</failedSince>
        </case>
        <case>
          <duration>0.002</duration>
          <className>edu.ncsu.csc.itrust.unit.model.officeVisit.OfficeVisitTest</className>
          <testName>testPatientSmokingStatusDescriptionInvalidID</testName>
          <skipped>false</skipped>
          <failedSince>0</failedSince>
        </case>
      </cases>
    </suite>
    <suite>
      <file>/var/lib/jenkins/workspace/itrust/iTrust/target/surefire-reports/TEST-edu.ncsu.csc.itrust.unit.model.officeVisit.OfficeVisitValidatorTest.xml</file>
      <name>edu.ncsu.csc.itrust.unit.model.officeVisit.OfficeVisitValidatorTest</name>
      <duration>0.857</duration>
      <time>0.857</time>
      <cases>
        <case>
          <duration>0.053</duration>
          <className>edu.ncsu.csc.itrust.unit.model.officeVisit.OfficeVisitValidatorTest</className>
          <testName>testValidChild</testName>
          <skipped>false</skipped>
          <failedSince>0</failedSince>
        </case>
        <case>
          <duration>0.049</duration>
          <className>edu.ncsu.csc.itrust.unit.model.officeVisit.OfficeVisitValidatorTest</className>
          <testName>testInvalidHeadCircumference</testName>
          <skipped>false</skipped>
          <failedSince>0</failedSince>
        </case>
        <case>
          <duration>0.05</duration>
          <className>edu.ncsu.csc.itrust.unit.model.officeVisit.OfficeVisitValidatorTest</className>
          <testName>testInvalidTriglyceride</testName>
          <skipped>false</skipped>
          <failedSince>0</failedSince>
        </case>
        <case>
          <duration>0.051</duration>
          <className>edu.ncsu.csc.itrust.unit.model.officeVisit.OfficeVisitValidatorTest</className>
          <testName>testValidOfficeVisit</testName>
          <skipped>false</skipped>
          <failedSince>0</failedSince>
        </case>
        <case>
          <duration>0.059</duration>
          <className>edu.ncsu.csc.itrust.unit.model.officeVisit.OfficeVisitValidatorTest</className>
          <testName>testInvalidApptID</testName>
          <skipped>false</skipped>
          <failedSince>0</failedSince>
        </case>
        <case>
          <duration>0.067</duration>
          <className>edu.ncsu.csc.itrust.unit.model.officeVisit.OfficeVisitValidatorTest</className>
          <testName>testSetNullMID</testName>
          <skipped>false</skipped>
          <failedSince>0</failedSince>
        </case>
        <case>
          <duration>0.072</duration>
          <className>edu.ncsu.csc.itrust.unit.model.officeVisit.OfficeVisitValidatorTest</className>
          <testName>testInvalidHeight</testName>
          <skipped>false</skipped>
          <failedSince>0</failedSince>
        </case>
        <case>
          <duration>0.051</duration>
          <className>edu.ncsu.csc.itrust.unit.model.officeVisit.OfficeVisitValidatorTest</className>
          <testName>testInvalidLength</testName>
          <skipped>false</skipped>
          <failedSince>0</failedSince>
        </case>
        <case>
          <duration>0.058</duration>
          <className>edu.ncsu.csc.itrust.unit.model.officeVisit.OfficeVisitValidatorTest</className>
          <testName>testInvalidWeight</testName>
          <skipped>false</skipped>
          <failedSince>0</failedSince>
        </case>
        <case>
          <duration>0.08</duration>
          <className>edu.ncsu.csc.itrust.unit.model.officeVisit.OfficeVisitValidatorTest</className>
          <testName>testInvalidBloodPressure</testName>
          <skipped>false</skipped>
          <failedSince>0</failedSince>
        </case>
        <case>
          <duration>0.063</duration>
          <className>edu.ncsu.csc.itrust.unit.model.officeVisit.OfficeVisitValidatorTest</className>
          <testName>testSetInvalidHospital</testName>
          <skipped>false</skipped>
          <failedSince>0</failedSince>
        </case>
        <case>
          <duration>0.037</duration>
          <className>edu.ncsu.csc.itrust.unit.model.officeVisit.OfficeVisitValidatorTest</className>
          <testName>testInvalidHDL</testName>
          <skipped>false</skipped>
          <failedSince>0</failedSince>
        </case>
        <case>
          <duration>0.039</duration>
          <className>edu.ncsu.csc.itrust.unit.model.officeVisit.OfficeVisitValidatorTest</className>
          <testName>testInvalidHSS</testName>
          <skipped>false</skipped>
          <failedSince>0</failedSince>
        </case>
        <case>
          <duration>0.053</duration>
          <className>edu.ncsu.csc.itrust.unit.model.officeVisit.OfficeVisitValidatorTest</className>
          <testName>testInvalidLDL</testName>
          <skipped>false</skipped>
          <failedSince>0</failedSince>
        </case>
        <case>
          <duration>0.032</duration>
          <className>edu.ncsu.csc.itrust.unit.model.officeVisit.OfficeVisitValidatorTest</className>
          <testName>testInvalidMID</testName>
          <skipped>false</skipped>
          <failedSince>0</failedSince>
        </case>
        <case>
          <duration>0.041</duration>
          <className>edu.ncsu.csc.itrust.unit.model.officeVisit.OfficeVisitValidatorTest</className>
          <testName>testInvalidPSS</testName>
          <skipped>false</skipped>
          <failedSince>0</failedSince>
        </case>
      </cases>
    </suite>
    <suite>
      <file>/var/lib/jenkins/workspace/itrust/iTrust/target/surefire-reports/TEST-edu.ncsu.csc.itrust.unit.model.patient.PatientDataTest.xml</file>
      <name>edu.ncsu.csc.itrust.unit.model.patient.PatientDataTest</name>
      <duration>0.051</duration>
      <time>0.051</time>
      <cases>
        <case>
          <duration>0.026</duration>
          <className>edu.ncsu.csc.itrust.unit.model.patient.PatientDataTest</className>
          <testName>testGetPatient1</testName>
          <skipped>false</skipped>
          <failedSince>0</failedSince>
        </case>
        <case>
          <duration>0.022</duration>
          <className>edu.ncsu.csc.itrust.unit.model.patient.PatientDataTest</className>
          <testName>testGetHCPInstead</testName>
          <skipped>false</skipped>
          <failedSince>0</failedSince>
        </case>
      </cases>
    </suite>
    <suite>
      <file>/var/lib/jenkins/workspace/itrust/iTrust/target/surefire-reports/TEST-edu.ncsu.csc.itrust.unit.model.prescription.PrescriptionMySQLTest.xml</file>
      <name>edu.ncsu.csc.itrust.unit.model.prescription.PrescriptionMySQLTest</name>
      <duration>0.481</duration>
      <time>0.481</time>
      <cases>
        <case>
          <duration>0.061</duration>
          <className>edu.ncsu.csc.itrust.unit.model.prescription.PrescriptionMySQLTest</className>
          <testName>testGetPrescriptionsForOfficeVisit</testName>
          <skipped>false</skipped>
          <failedSince>0</failedSince>
        </case>
        <case>
          <duration>0.056</duration>
          <className>edu.ncsu.csc.itrust.unit.model.prescription.PrescriptionMySQLTest</className>
          <testName>testAddUpdateAndDelete</testName>
          <skipped>false</skipped>
          <failedSince>0</failedSince>
        </case>
        <case>
          <duration>0.062</duration>
          <className>edu.ncsu.csc.itrust.unit.model.prescription.PrescriptionMySQLTest</className>
          <testName>testMockGetPrescriptionsForPatientEndingAfter</testName>
          <skipped>false</skipped>
          <failedSince>0</failedSince>
        </case>
        <case>
          <duration>0.039</duration>
          <className>edu.ncsu.csc.itrust.unit.model.prescription.PrescriptionMySQLTest</className>
          <testName>testNoDataSource</testName>
          <skipped>false</skipped>
          <failedSince>0</failedSince>
        </case>
        <case>
          <duration>0.061</duration>
          <className>edu.ncsu.csc.itrust.unit.model.prescription.PrescriptionMySQLTest</className>
          <testName>testGetPrescriptionByID</testName>
          <skipped>false</skipped>
          <failedSince>0</failedSince>
        </case>
        <case>
          <duration>0.05</duration>
          <className>edu.ncsu.csc.itrust.unit.model.prescription.PrescriptionMySQLTest</className>
          <testName>testGetCodeName</testName>
          <skipped>false</skipped>
          <failedSince>0</failedSince>
        </case>
        <case>
          <duration>0.054</duration>
          <className>edu.ncsu.csc.itrust.unit.model.prescription.PrescriptionMySQLTest</className>
          <testName>testMockDataSource</testName>
          <skipped>false</skipped>
          <failedSince>0</failedSince>
        </case>
        <case>
          <duration>0.046</duration>
          <className>edu.ncsu.csc.itrust.unit.model.prescription.PrescriptionMySQLTest</className>
          <testName>testGetPrescriptionsForMID</testName>
          <skipped>false</skipped>
          <failedSince>0</failedSince>
        </case>
        <case>
          <duration>0.051</duration>
          <className>edu.ncsu.csc.itrust.unit.model.prescription.PrescriptionMySQLTest</className>
          <testName>testGetPrescriptionsForPatientEndingAfter</testName>
          <skipped>false</skipped>
          <failedSince>0</failedSince>
        </case>
      </cases>
    </suite>
    <suite>
      <file>/var/lib/jenkins/workspace/itrust/iTrust/target/surefire-reports/TEST-edu.ncsu.csc.itrust.unit.model.prescription.PrescriptionTest.xml</file>
      <name>edu.ncsu.csc.itrust.unit.model.prescription.PrescriptionTest</name>
      <duration>0.002</duration>
      <time>0.002</time>
      <cases>
        <case>
          <duration>0.001</duration>
          <className>edu.ncsu.csc.itrust.unit.model.prescription.PrescriptionTest</className>
          <testName>testEverything</testName>
          <skipped>false</skipped>
          <failedSince>0</failedSince>
        </case>
      </cases>
    </suite>
    <suite>
      <file>/var/lib/jenkins/workspace/itrust/iTrust/target/surefire-reports/TEST-edu.ncsu.csc.itrust.unit.model.user.UserDataTest.xml</file>
      <name>edu.ncsu.csc.itrust.unit.model.user.UserDataTest</name>
      <duration>0.047</duration>
      <time>0.047</time>
      <cases>
        <case>
          <duration>0.031</duration>
          <className>edu.ncsu.csc.itrust.unit.model.user.UserDataTest</className>
          <testName>testGetPatientUser</testName>
          <skipped>false</skipped>
          <failedSince>0</failedSince>
        </case>
        <case>
          <duration>0.015</duration>
          <className>edu.ncsu.csc.itrust.unit.model.user.UserDataTest</className>
          <testName>testGetHCPUser</testName>
          <skipped>false</skipped>
          <failedSince>0</failedSince>
        </case>
      </cases>
    </suite>
    <suite>
      <file>/var/lib/jenkins/workspace/itrust/iTrust/target/surefire-reports/TEST-edu.ncsu.csc.itrust.unit.model.user.UserTest.xml</file>
      <name>edu.ncsu.csc.itrust.unit.model.user.UserTest</name>
      <duration>0.003</duration>
      <time>0.003</time>
      <cases>
        <case>
          <duration>0.001</duration>
          <className>edu.ncsu.csc.itrust.unit.model.user.UserTest</className>
          <testName>testMID</testName>
          <skipped>false</skipped>
          <failedSince>0</failedSince>
        </case>
        <case>
          <duration>0.0</duration>
          <className>edu.ncsu.csc.itrust.unit.model.user.UserTest</className>
          <testName>testRole</testName>
          <skipped>false</skipped>
          <failedSince>0</failedSince>
        </case>
        <case>
          <duration>0.0</duration>
          <className>edu.ncsu.csc.itrust.unit.model.user.UserTest</className>
          <testName>testLastName</testName>
          <skipped>false</skipped>
          <failedSince>0</failedSince>
        </case>
        <case>
          <duration>0.0</duration>
          <className>edu.ncsu.csc.itrust.unit.model.user.UserTest</className>
          <testName>testSmallMID</testName>
          <skipped>false</skipped>
          <failedSince>0</failedSince>
        </case>
        <case>
          <duration>0.001</duration>
          <className>edu.ncsu.csc.itrust.unit.model.user.UserTest</className>
          <testName>testFirstName</testName>
          <skipped>false</skipped>
          <failedSince>0</failedSince>
        </case>
        <case>
          <duration>0.0</duration>
          <className>edu.ncsu.csc.itrust.unit.model.user.UserTest</className>
          <testName>testBigMID</testName>
          <skipped>false</skipped>
          <failedSince>0</failedSince>
        </case>
      </cases>
    </suite>
    <suite>
      <file>/var/lib/jenkins/workspace/itrust/iTrust/target/surefire-reports/TEST-edu.ncsu.csc.itrust.unit.report.DemographicReportFilterTest.xml</file>
      <name>edu.ncsu.csc.itrust.unit.report.DemographicReportFilterTest</name>
      <duration>5.534</duration>
      <time>5.534</time>
      <cases>
        <case>
          <duration>0.123</duration>
          <className>edu.ncsu.csc.itrust.unit.report.DemographicReportFilterTest</className>
          <testName>testFilterByGenderNoResult</testName>
          <skipped>false</skipped>
          <failedSince>0</failedSince>
        </case>
        <case>
          <duration>0.157</duration>
          <className>edu.ncsu.csc.itrust.unit.report.DemographicReportFilterTest</className>
          <testName>testFilterByParentLastName2</testName>
          <skipped>false</skipped>
          <failedSince>0</failedSince>
        </case>
        <case>
          <duration>0.158</duration>
          <className>edu.ncsu.csc.itrust.unit.report.DemographicReportFilterTest</className>
          <testName>testFilterByICID</testName>
          <skipped>false</skipped>
          <failedSince>0</failedSince>
        </case>
        <case>
          <duration>0.094</duration>
          <className>edu.ncsu.csc.itrust.unit.report.DemographicReportFilterTest</className>
          <testName>testFilterByZip2</testName>
          <skipped>false</skipped>
          <failedSince>0</failedSince>
        </case>
        <case>
          <duration>0.078</duration>
          <className>edu.ncsu.csc.itrust.unit.report.DemographicReportFilterTest</className>
          <testName>testFilterByMID</testName>
          <skipped>false</skipped>
          <failedSince>0</failedSince>
        </case>
        <case>
          <duration>0.077</duration>
          <className>edu.ncsu.csc.itrust.unit.report.DemographicReportFilterTest</className>
          <testName>testFilterByZip</testName>
          <skipped>false</skipped>
          <failedSince>0</failedSince>
        </case>
        <case>
          <duration>0.07</duration>
          <className>edu.ncsu.csc.itrust.unit.report.DemographicReportFilterTest</className>
          <testName>testFilterByStateNoResult</testName>
          <skipped>false</skipped>
          <failedSince>0</failedSince>
        </case>
        <case>
          <duration>0.097</duration>
          <className>edu.ncsu.csc.itrust.unit.report.DemographicReportFilterTest</className>
          <testName>testFilterByChildFirstName</testName>
          <skipped>false</skipped>
          <failedSince>0</failedSince>
        </case>
        <case>
          <duration>0.084</duration>
          <className>edu.ncsu.csc.itrust.unit.report.DemographicReportFilterTest</className>
          <testName>testFilterByFirstNameNoResult</testName>
          <skipped>false</skipped>
          <failedSince>0</failedSince>
        </case>
        <case>
          <duration>0.084</duration>
          <className>edu.ncsu.csc.itrust.unit.report.DemographicReportFilterTest</className>
          <testName>testFilterTypeFromString</testName>
          <skipped>false</skipped>
          <failedSince>0</failedSince>
        </case>
        <case>
          <duration>0.092</duration>
          <className>edu.ncsu.csc.itrust.unit.report.DemographicReportFilterTest</className>
          <testName>testFilterByParentLastName</testName>
          <skipped>false</skipped>
          <failedSince>0</failedSince>
        </case>
        <case>
          <duration>0.12</duration>
          <className>edu.ncsu.csc.itrust.unit.report.DemographicReportFilterTest</className>
          <testName>testToString</testName>
          <skipped>false</skipped>
          <failedSince>0</failedSince>
        </case>
        <case>
          <duration>0.1</duration>
          <className>edu.ncsu.csc.itrust.unit.report.DemographicReportFilterTest</className>
          <testName>testFilterByCityNoResult</testName>
          <skipped>false</skipped>
          <failedSince>0</failedSince>
        </case>
        <case>
          <duration>0.077</duration>
          <className>edu.ncsu.csc.itrust.unit.report.DemographicReportFilterTest</className>
          <testName>testFilterByICAddress1</testName>
          <skipped>false</skipped>
          <failedSince>0</failedSince>
        </case>
        <case>
          <duration>0.079</duration>
          <className>edu.ncsu.csc.itrust.unit.report.DemographicReportFilterTest</className>
          <testName>testFilterByICAddress2</testName>
          <skipped>false</skipped>
          <failedSince>0</failedSince>
        </case>
        <case>
          <duration>0.078</duration>
          <className>edu.ncsu.csc.itrust.unit.report.DemographicReportFilterTest</className>
          <testName>testFilterByICAddress3</testName>
          <skipped>false</skipped>
          <failedSince>0</failedSince>
        </case>
        <case>
          <duration>0.101</duration>
          <className>edu.ncsu.csc.itrust.unit.report.DemographicReportFilterTest</className>
          <testName>testFilterByChildFirstNameNoResult</testName>
          <skipped>false</skipped>
          <failedSince>0</failedSince>
        </case>
        <case>
          <duration>0.092</duration>
          <className>edu.ncsu.csc.itrust.unit.report.DemographicReportFilterTest</className>
          <testName>testFilterBySiblingLastName</testName>
          <skipped>false</skipped>
          <failedSince>0</failedSince>
        </case>
        <case>
          <duration>0.108</duration>
          <className>edu.ncsu.csc.itrust.unit.report.DemographicReportFilterTest</className>
          <testName>testFilterByChildLastNameNoResult</testName>
          <skipped>false</skipped>
          <failedSince>0</failedSince>
        </case>
        <case>
          <duration>0.08</duration>
          <className>edu.ncsu.csc.itrust.unit.report.DemographicReportFilterTest</className>
          <testName>testGetFilterTypeString</testName>
          <skipped>false</skipped>
          <failedSince>0</failedSince>
        </case>
        <case>
          <duration>0.087</duration>
          <className>edu.ncsu.csc.itrust.unit.report.DemographicReportFilterTest</className>
          <testName>testFilterByLowerAge</testName>
          <skipped>false</skipped>
          <failedSince>0</failedSince>
        </case>
        <case>
          <duration>0.081</duration>
          <className>edu.ncsu.csc.itrust.unit.report.DemographicReportFilterTest</className>
          <testName>testFilterByICPhone</testName>
          <skipped>false</skipped>
          <failedSince>0</failedSince>
        </case>
        <case>
          <duration>0.091</duration>
          <className>edu.ncsu.csc.itrust.unit.report.DemographicReportFilterTest</className>
          <testName>testFilterByICState</testName>
          <skipped>false</skipped>
          <failedSince>0</failedSince>
        </case>
        <case>
          <duration>0.119</duration>
          <className>edu.ncsu.csc.itrust.unit.report.DemographicReportFilterTest</className>
          <testName>testFilterByLastName</testName>
          <skipped>false</skipped>
          <failedSince>0</failedSince>
        </case>
        <case>
          <duration>0.077</duration>
          <className>edu.ncsu.csc.itrust.unit.report.DemographicReportFilterTest</className>
          <testName>testFilterByGender</testName>
          <skipped>false</skipped>
          <failedSince>0</failedSince>
        </case>
        <case>
          <duration>0.085</duration>
          <className>edu.ncsu.csc.itrust.unit.report.DemographicReportFilterTest</className>
          <testName>testFilterByPhoneNoResult</testName>
          <skipped>false</skipped>
          <failedSince>0</failedSince>
        </case>
        <case>
          <duration>0.09</duration>
          <className>edu.ncsu.csc.itrust.unit.report.DemographicReportFilterTest</className>
          <testName>testFilterByICCity</testName>
          <skipped>false</skipped>
          <failedSince>0</failedSince>
        </case>
        <case>
          <duration>0.08</duration>
          <className>edu.ncsu.csc.itrust.unit.report.DemographicReportFilterTest</className>
          <testName>testFilterByICName</testName>
          <skipped>false</skipped>
          <failedSince>0</failedSince>
        </case>
        <case>
          <duration>0.077</duration>
          <className>edu.ncsu.csc.itrust.unit.report.DemographicReportFilterTest</className>
          <testName>testFilterByInvalidUpperAge</testName>
          <skipped>false</skipped>
          <failedSince>0</failedSince>
        </case>
        <case>
          <duration>0.091</duration>
          <className>edu.ncsu.csc.itrust.unit.report.DemographicReportFilterTest</className>
          <testName>testFilterBySiblingFirstNameNoResult</testName>
          <skipped>false</skipped>
          <failedSince>0</failedSince>
        </case>
        <case>
          <duration>0.09</duration>
          <className>edu.ncsu.csc.itrust.unit.report.DemographicReportFilterTest</className>
          <testName>testGetFilterType</testName>
          <skipped>false</skipped>
          <failedSince>0</failedSince>
        </case>
        <case>
          <duration>0.09</duration>
          <className>edu.ncsu.csc.itrust.unit.report.DemographicReportFilterTest</className>
          <testName>testFilterByLastNameNoResult</testName>
          <skipped>false</skipped>
          <failedSince>0</failedSince>
        </case>
        <case>
          <duration>0.098</duration>
          <className>edu.ncsu.csc.itrust.unit.report.DemographicReportFilterTest</className>
          <testName>testFilterBySiblingFirstName</testName>
          <skipped>false</skipped>
          <failedSince>0</failedSince>
        </case>
        <case>
          <duration>0.079</duration>
          <className>edu.ncsu.csc.itrust.unit.report.DemographicReportFilterTest</className>
          <testName>testFilterByContactEmail</testName>
          <skipped>false</skipped>
          <failedSince>0</failedSince>
        </case>
        <case>
          <duration>0.078</duration>
          <className>edu.ncsu.csc.itrust.unit.report.DemographicReportFilterTest</className>
          <testName>testFilterByInsuranceZipNoResult</testName>
          <skipped>false</skipped>
          <failedSince>0</failedSince>
        </case>
        <case>
          <duration>0.076</duration>
          <className>edu.ncsu.csc.itrust.unit.report.DemographicReportFilterTest</className>
          <testName>testFilterByOnlyDeactivated</testName>
          <skipped>false</skipped>
          <failedSince>0</failedSince>
        </case>
        <case>
          <duration>0.093</duration>
          <className>edu.ncsu.csc.itrust.unit.report.DemographicReportFilterTest</className>
          <testName>testFilterByStreetAddrNoResult</testName>
          <skipped>false</skipped>
          <failedSince>0</failedSince>
        </case>
        <case>
          <duration>0.075</duration>
          <className>edu.ncsu.csc.itrust.unit.report.DemographicReportFilterTest</className>
          <testName>testFilterByZipNoResult</testName>
          <skipped>false</skipped>
          <failedSince>0</failedSince>
        </case>
        <case>
          <duration>0.076</duration>
          <className>edu.ncsu.csc.itrust.unit.report.DemographicReportFilterTest</className>
          <testName>testFilterByInvalidLowerAge</testName>
          <skipped>false</skipped>
          <failedSince>0</failedSince>
        </case>
        <case>
          <duration>0.092</duration>
          <className>edu.ncsu.csc.itrust.unit.report.DemographicReportFilterTest</className>
          <testName>testFilterBySiblingLastNameNoResult</testName>
          <skipped>false</skipped>
          <failedSince>0</failedSince>
        </case>
        <case>
          <duration>0.085</duration>
          <className>edu.ncsu.csc.itrust.unit.report.DemographicReportFilterTest</className>
          <testName>testFilterByParentFirstName</testName>
          <skipped>false</skipped>
          <failedSince>0</failedSince>
        </case>
        <case>
          <duration>0.076</duration>
          <className>edu.ncsu.csc.itrust.unit.report.DemographicReportFilterTest</className>
          <testName>testFilterByStreetAddr1</testName>
          <skipped>false</skipped>
          <failedSince>0</failedSince>
        </case>
        <case>
          <duration>0.088</duration>
          <className>edu.ncsu.csc.itrust.unit.report.DemographicReportFilterTest</className>
          <testName>testFilterByStreetAddr2</testName>
          <skipped>false</skipped>
          <failedSince>0</failedSince>
        </case>
        <case>
          <duration>0.076</duration>
          <className>edu.ncsu.csc.itrust.unit.report.DemographicReportFilterTest</className>
          <testName>testFilterByStreetAddr3</testName>
          <skipped>false</skipped>
          <failedSince>0</failedSince>
        </case>
        <case>
          <duration>0.075</duration>
          <className>edu.ncsu.csc.itrust.unit.report.DemographicReportFilterTest</className>
          <testName>testFilterByLowerAgeNoResult</testName>
          <skipped>false</skipped>
          <failedSince>0</failedSince>
        </case>
        <case>
          <duration>0.081</duration>
          <className>edu.ncsu.csc.itrust.unit.report.DemographicReportFilterTest</className>
          <testName>testFilterByFirstName</testName>
          <skipped>false</skipped>
          <failedSince>0</failedSince>
        </case>
        <case>
          <duration>0.086</duration>
          <className>edu.ncsu.csc.itrust.unit.report.DemographicReportFilterTest</className>
          <testName>testFilterByParentFirstNameNoResult</testName>
          <skipped>false</skipped>
          <failedSince>0</failedSince>
        </case>
        <case>
          <duration>0.095</duration>
          <className>edu.ncsu.csc.itrust.unit.report.DemographicReportFilterTest</className>
          <testName>testFilterByUpperAgeNoResult</testName>
          <skipped>false</skipped>
          <failedSince>0</failedSince>
        </case>
        <case>
          <duration>0.079</duration>
          <className>edu.ncsu.csc.itrust.unit.report.DemographicReportFilterTest</className>
          <testName>testFilterByContactPhoneNoResult</testName>
          <skipped>false</skipped>
          <failedSince>0</failedSince>
        </case>
        <case>
          <duration>0.085</duration>
          <className>edu.ncsu.csc.itrust.unit.report.DemographicReportFilterTest</className>
          <testName>testFilterByEmerContactNameNoResult</testName>
          <skipped>false</skipped>
          <failedSince>0</failedSince>
        </case>
        <case>
          <duration>0.074</duration>
          <className>edu.ncsu.csc.itrust.unit.report.DemographicReportFilterTest</className>
          <testName>testGetFilterValue</testName>
          <skipped>false</skipped>
          <failedSince>0</failedSince>
        </case>
        <case>
          <duration>0.077</duration>
          <className>edu.ncsu.csc.itrust.unit.report.DemographicReportFilterTest</className>
          <testName>testFilterByCity1</testName>
          <skipped>false</skipped>
          <failedSince>0</failedSince>
        </case>
        <case>
          <duration>0.074</duration>
          <className>edu.ncsu.csc.itrust.unit.report.DemographicReportFilterTest</className>
          <testName>testFilterByCity2</testName>
          <skipped>false</skipped>
          <failedSince>0</failedSince>
        </case>
        <case>
          <duration>0.078</duration>
          <className>edu.ncsu.csc.itrust.unit.report.DemographicReportFilterTest</className>
          <testName>testFilterByPhone</testName>
          <skipped>false</skipped>
          <failedSince>0</failedSince>
        </case>
        <case>
          <duration>0.076</duration>
          <className>edu.ncsu.csc.itrust.unit.report.DemographicReportFilterTest</className>
          <testName>testFilterByState</testName>
          <skipped>false</skipped>
          <failedSince>0</failedSince>
        </case>
        <case>
          <duration>0.1</duration>
          <className>edu.ncsu.csc.itrust.unit.report.DemographicReportFilterTest</className>
          <testName>testFilterByChildLastName</testName>
          <skipped>false</skipped>
          <failedSince>0</failedSince>
        </case>
        <case>
          <duration>0.082</duration>
          <className>edu.ncsu.csc.itrust.unit.report.DemographicReportFilterTest</className>
          <testName>testFilterByExcludeDeactivated</testName>
          <skipped>false</skipped>
          <failedSince>0</failedSince>
        </case>
        <case>
          <duration>0.099</duration>
          <className>edu.ncsu.csc.itrust.unit.report.DemographicReportFilterTest</className>
          <testName>testFilterByContactEmailNoResult</testName>
          <skipped>false</skipped>
          <failedSince>0</failedSince>
        </case>
        <case>
          <duration>0.076</duration>
          <className>edu.ncsu.csc.itrust.unit.report.DemographicReportFilterTest</className>
          <testName>testFilterByEmerContactName</testName>
          <skipped>false</skipped>
          <failedSince>0</failedSince>
        </case>
        <case>
          <duration>0.101</duration>
          <className>edu.ncsu.csc.itrust.unit.report.DemographicReportFilterTest</className>
          <testName>testFilterByParentLastNameNoResult</testName>
          <skipped>false</skipped>
          <failedSince>0</failedSince>
        </case>
        <case>
          <duration>0.09</duration>
          <className>edu.ncsu.csc.itrust.unit.report.DemographicReportFilterTest</className>
          <testName>testFilterByParentFirstName2</testName>
          <skipped>false</skipped>
          <failedSince>0</failedSince>
        </case>
        <case>
          <duration>0.075</duration>
          <className>edu.ncsu.csc.itrust.unit.report.DemographicReportFilterTest</className>
          <testName>testFilterByInsuranceZip</testName>
          <skipped>false</skipped>
          <failedSince>0</failedSince>
        </case>
      </cases>
    </suite>
    <suite>
      <file>/var/lib/jenkins/workspace/itrust/iTrust/target/surefire-reports/TEST-edu.ncsu.csc.itrust.unit.report.MedicalReportFilterTest.xml</file>
      <name>edu.ncsu.csc.itrust.unit.report.MedicalReportFilterTest</name>
      <duration>0.888</duration>
      <time>0.888</time>
      <cases>
        <case>
          <duration>0.148</duration>
          <className>edu.ncsu.csc.itrust.unit.report.MedicalReportFilterTest</className>
          <testName>testFilterByAllergy</testName>
          <skipped>false</skipped>
          <failedSince>0</failedSince>
        </case>
        <case>
          <duration>0.151</duration>
          <className>edu.ncsu.csc.itrust.unit.report.MedicalReportFilterTest</className>
          <testName>testFilterByAllergyNoResult</testName>
          <skipped>false</skipped>
          <failedSince>0</failedSince>
        </case>
        <case>
          <duration>0.126</duration>
          <className>edu.ncsu.csc.itrust.unit.report.MedicalReportFilterTest</className>
          <testName>testFilterTypeFromString</testName>
          <skipped>false</skipped>
          <failedSince>0</failedSince>
        </case>
        <case>
          <duration>0.13</duration>
          <className>edu.ncsu.csc.itrust.unit.report.MedicalReportFilterTest</className>
          <testName>testToString</testName>
          <skipped>false</skipped>
          <failedSince>0</failedSince>
        </case>
        <case>
          <duration>0.132</duration>
          <className>edu.ncsu.csc.itrust.unit.report.MedicalReportFilterTest</className>
          <testName>testGetFilterTypeString</testName>
          <skipped>false</skipped>
          <failedSince>0</failedSince>
        </case>
        <case>
          <duration>0.092</duration>
          <className>edu.ncsu.csc.itrust.unit.report.MedicalReportFilterTest</className>
          <testName>testGetFilterType</testName>
          <skipped>false</skipped>
          <failedSince>0</failedSince>
        </case>
        <case>
          <duration>0.109</duration>
          <className>edu.ncsu.csc.itrust.unit.report.MedicalReportFilterTest</className>
          <testName>testGetFilterValue</testName>
          <skipped>false</skipped>
          <failedSince>0</failedSince>
        </case>
      </cases>
    </suite>
    <suite>
      <file>/var/lib/jenkins/workspace/itrust/iTrust/target/surefire-reports/TEST-edu.ncsu.csc.itrust.unit.report.PersonnelReportFilterTest.xml</file>
      <name>edu.ncsu.csc.itrust.unit.report.PersonnelReportFilterTest</name>
      <duration>0.607</duration>
      <time>0.607</time>
      <cases>
        <case>
          <duration>0.124</duration>
          <className>edu.ncsu.csc.itrust.unit.report.PersonnelReportFilterTest</className>
          <testName>testFilterByProcedureNoResult</testName>
          <skipped>false</skipped>
          <failedSince>0</failedSince>
        </case>
        <case>
          <duration>0.101</duration>
          <className>edu.ncsu.csc.itrust.unit.report.PersonnelReportFilterTest</className>
          <testName>testFilterTypeFromString</testName>
          <skipped>false</skipped>
          <failedSince>0</failedSince>
        </case>
        <case>
          <duration>0.075</duration>
          <className>edu.ncsu.csc.itrust.unit.report.PersonnelReportFilterTest</className>
          <testName>testToString</testName>
          <skipped>false</skipped>
          <failedSince>0</failedSince>
        </case>
        <case>
          <duration>0.101</duration>
          <className>edu.ncsu.csc.itrust.unit.report.PersonnelReportFilterTest</className>
          <testName>testFilterByProcedure</testName>
          <skipped>false</skipped>
          <failedSince>0</failedSince>
        </case>
        <case>
          <duration>0.097</duration>
          <className>edu.ncsu.csc.itrust.unit.report.PersonnelReportFilterTest</className>
          <testName>testGetFilterType</testName>
          <skipped>false</skipped>
          <failedSince>0</failedSince>
        </case>
        <case>
          <duration>0.102</duration>
          <className>edu.ncsu.csc.itrust.unit.report.PersonnelReportFilterTest</className>
          <testName>testGetFilterValue</testName>
          <skipped>false</skipped>
          <failedSince>0</failedSince>
        </case>
      </cases>
    </suite>
    <suite>
      <file>/var/lib/jenkins/workspace/itrust/iTrust/target/surefire-reports/TEST-edu.ncsu.csc.itrust.unit.serverutils.CustomJSPTagsTest.xml</file>
      <name>edu.ncsu.csc.itrust.unit.serverutils.CustomJSPTagsTest</name>
      <duration>0.327</duration>
      <time>0.327</time>
      <cases>
        <case>
          <duration>0.309</duration>
          <className>edu.ncsu.csc.itrust.unit.serverutils.CustomJSPTagsTest</className>
          <testName>testPatientNavException</testName>
          <skipped>false</skipped>
          <failedSince>0</failedSince>
        </case>
        <case>
          <duration>0.005</duration>
          <className>edu.ncsu.csc.itrust.unit.serverutils.CustomJSPTagsTest</className>
          <testName>testStateSelectException</testName>
          <skipped>false</skipped>
          <failedSince>0</failedSince>
        </case>
        <case>
          <duration>0.005</duration>
          <className>edu.ncsu.csc.itrust.unit.serverutils.CustomJSPTagsTest</className>
          <testName>testStateSelect</testName>
          <skipped>false</skipped>
          <failedSince>0</failedSince>
        </case>
        <case>
          <duration>0.001</duration>
          <className>edu.ncsu.csc.itrust.unit.serverutils.CustomJSPTagsTest</className>
          <testName>testPatientNavHappy</testName>
          <skipped>false</skipped>
          <failedSince>0</failedSince>
        </case>
      </cases>
    </suite>
    <suite>
      <file>/var/lib/jenkins/workspace/itrust/iTrust/target/surefire-reports/TEST-edu.ncsu.csc.itrust.unit.serverutils.FindExpertServletTest.xml</file>
      <name>edu.ncsu.csc.itrust.unit.serverutils.FindExpertServletTest</name>
      <duration>0.256</duration>
      <time>0.256</time>
      <cases>
        <case>
          <duration>0.255</duration>
          <className>edu.ncsu.csc.itrust.unit.serverutils.FindExpertServletTest</className>
          <testName>testDoGetHttpServletRequestHttpServletResponse</testName>
          <skipped>false</skipped>
          <failedSince>0</failedSince>
        </case>
      </cases>
    </suite>
    <suite>
      <file>/var/lib/jenkins/workspace/itrust/iTrust/target/surefire-reports/TEST-edu.ncsu.csc.itrust.unit.serverutils.GroupReportGeneratorTest.xml</file>
      <name>edu.ncsu.csc.itrust.unit.serverutils.GroupReportGeneratorTest</name>
      <duration>0.654</duration>
      <time>0.654</time>
      <cases>
        <case>
          <duration>0.654</duration>
          <className>edu.ncsu.csc.itrust.unit.serverutils.GroupReportGeneratorTest</className>
          <testName>testGroupReportGeneratorServletPost</testName>
          <skipped>false</skipped>
          <failedSince>0</failedSince>
        </case>
      </cases>
    </suite>
    <suite>
      <file>/var/lib/jenkins/workspace/itrust/iTrust/target/surefire-reports/TEST-edu.ncsu.csc.itrust.unit.serverutils.PateintSearchServletTest.xml</file>
      <name>edu.ncsu.csc.itrust.unit.serverutils.PateintSearchServletTest</name>
      <duration>0.55</duration>
      <time>0.55</time>
      <cases>
        <case>
          <duration>0.203</duration>
          <className>edu.ncsu.csc.itrust.unit.serverutils.PateintSearchServletTest</className>
          <testName>testNonAuditSearch</testName>
          <skipped>false</skipped>
          <failedSince>0</failedSince>
        </case>
        <case>
          <duration>0.195</duration>
          <className>edu.ncsu.csc.itrust.unit.serverutils.PateintSearchServletTest</className>
          <testName>testEmptyAuditSearch</testName>
          <skipped>false</skipped>
          <failedSince>0</failedSince>
        </case>
        <case>
          <duration>0.151</duration>
          <className>edu.ncsu.csc.itrust.unit.serverutils.PateintSearchServletTest</className>
          <testName>testDoGetAuditHttpServletRequestHttpServletResponse</testName>
          <skipped>false</skipped>
          <failedSince>0</failedSince>
        </case>
      </cases>
    </suite>
    <suite>
      <file>/var/lib/jenkins/workspace/itrust/iTrust/target/surefire-reports/TEST-edu.ncsu.csc.itrust.unit.serverutils.ProductionConnectionDriverTest.xml</file>
      <name>edu.ncsu.csc.itrust.unit.serverutils.ProductionConnectionDriverTest</name>
      <duration>0.069</duration>
      <time>0.069</time>
      <cases>
        <case>
          <duration>0.051</duration>
          <className>edu.ncsu.csc.itrust.unit.serverutils.ProductionConnectionDriverTest</className>
          <testName>testProductionConnnectionDriver</testName>
          <skipped>false</skipped>
          <failedSince>0</failedSince>
        </case>
      </cases>
    </suite>
    <suite>
      <file>/var/lib/jenkins/workspace/itrust/iTrust/target/surefire-reports/TEST-edu.ncsu.csc.itrust.unit.serverutils.SessionTimeoutListenerTest.xml</file>
      <name>edu.ncsu.csc.itrust.unit.serverutils.SessionTimeoutListenerTest</name>
      <duration>0.076</duration>
      <time>0.076</time>
      <cases>
        <case>
          <duration>0.064</duration>
          <className>edu.ncsu.csc.itrust.unit.serverutils.SessionTimeoutListenerTest</className>
          <testName>testSessionDestroyed</testName>
          <skipped>false</skipped>
          <failedSince>0</failedSince>
        </case>
        <case>
          <duration>0.003</duration>
          <className>edu.ncsu.csc.itrust.unit.serverutils.SessionTimeoutListenerTest</className>
          <testName>testDBException</testName>
          <skipped>false</skipped>
          <failedSince>0</failedSince>
        </case>
        <case>
          <duration>0.001</duration>
          <className>edu.ncsu.csc.itrust.unit.serverutils.SessionTimeoutListenerTest</className>
          <testName>testListenerWorked</testName>
          <skipped>false</skipped>
          <failedSince>0</failedSince>
        </case>
      </cases>
    </suite>
    <suite>
      <file>/var/lib/jenkins/workspace/itrust/iTrust/target/surefire-reports/TEST-edu.ncsu.csc.itrust.unit.serverutils.WardCRUDServletTest.xml</file>
      <name>edu.ncsu.csc.itrust.unit.serverutils.WardCRUDServletTest</name>
      <duration>0.013</duration>
      <time>0.013</time>
      <cases>
        <case>
          <duration>0.001</duration>
          <className>edu.ncsu.csc.itrust.unit.serverutils.WardCRUDServletTest</className>
          <testName>testWardCRUDServletDeleteFail</testName>
          <skipped>false</skipped>
          <failedSince>0</failedSince>
        </case>
        <case>
          <duration>0.0</duration>
          <className>edu.ncsu.csc.itrust.unit.serverutils.WardCRUDServletTest</className>
          <testName>testWardCRUDServletPostFail</testName>
          <skipped>false</skipped>
          <failedSince>0</failedSince>
        </case>
        <case>
          <duration>0.001</duration>
          <className>edu.ncsu.csc.itrust.unit.serverutils.WardCRUDServletTest</className>
          <testName>testWardCRUDServletPut</testName>
          <skipped>false</skipped>
          <failedSince>0</failedSince>
        </case>
        <case>
          <duration>0.001</duration>
          <className>edu.ncsu.csc.itrust.unit.serverutils.WardCRUDServletTest</className>
          <testName>testWardCRUDServletPutFail</testName>
          <skipped>false</skipped>
          <failedSince>0</failedSince>
        </case>
        <case>
          <duration>0.002</duration>
          <className>edu.ncsu.csc.itrust.unit.serverutils.WardCRUDServletTest</className>
          <testName>testWardCRUDServletPost</testName>
          <skipped>false</skipped>
          <failedSince>0</failedSince>
        </case>
        <case>
          <duration>0.005</duration>
          <className>edu.ncsu.csc.itrust.unit.serverutils.WardCRUDServletTest</className>
          <testName>testWardCRUDServletDelete</testName>
          <skipped>false</skipped>
          <failedSince>0</failedSince>
        </case>
      </cases>
    </suite>
    <suite>
      <file>/var/lib/jenkins/workspace/itrust/iTrust/target/surefire-reports/TEST-edu.ncsu.csc.itrust.unit.serverutils.WardRoomCRUDServletTest.xml</file>
      <name>edu.ncsu.csc.itrust.unit.serverutils.WardRoomCRUDServletTest</name>
      <duration>0.043</duration>
      <time>0.043</time>
      <cases>
        <case>
          <duration>0.037</duration>
          <className>edu.ncsu.csc.itrust.unit.serverutils.WardRoomCRUDServletTest</className>
          <testName>testWardRoomCRUDServletPutFail</testName>
          <skipped>false</skipped>
          <failedSince>0</failedSince>
        </case>
        <case>
          <duration>0.001</duration>
          <className>edu.ncsu.csc.itrust.unit.serverutils.WardRoomCRUDServletTest</className>
          <testName>testWardRoomCRUDServletDelete</testName>
          <skipped>false</skipped>
          <failedSince>0</failedSince>
        </case>
        <case>
          <duration>0.0</duration>
          <className>edu.ncsu.csc.itrust.unit.serverutils.WardRoomCRUDServletTest</className>
          <testName>testWardRoomCRUDServletDeleteFail</testName>
          <skipped>false</skipped>
          <failedSince>0</failedSince>
        </case>
        <case>
          <duration>0.0</duration>
          <className>edu.ncsu.csc.itrust.unit.serverutils.WardRoomCRUDServletTest</className>
          <testName>testWardRoomCRUDServletFail</testName>
          <skipped>false</skipped>
          <failedSince>0</failedSince>
        </case>
        <case>
          <duration>0.003</duration>
          <className>edu.ncsu.csc.itrust.unit.serverutils.WardRoomCRUDServletTest</className>
          <testName>testWardRoomCRUDServletPost</testName>
          <skipped>false</skipped>
          <failedSince>0</failedSince>
        </case>
        <case>
          <duration>0.001</duration>
          <className>edu.ncsu.csc.itrust.unit.serverutils.WardRoomCRUDServletTest</className>
          <testName>testWardRoomCRUDServletPut</testName>
          <skipped>false</skipped>
          <failedSince>0</failedSince>
        </case>
      </cases>
    </suite>
    <suite>
      <file>/var/lib/jenkins/workspace/itrust/iTrust/target/surefire-reports/TEST-edu.ncsu.csc.itrust.unit.validate.BeanValidatorTest.xml</file>
      <name>edu.ncsu.csc.itrust.unit.validate.BeanValidatorTest</name>
      <duration>0.0</duration>
      <time>0</time>
      <cases>
        <case>
          <duration>0.0</duration>
          <className>edu.ncsu.csc.itrust.unit.validate.BeanValidatorTest</className>
          <testName>testCheckInt</testName>
          <skipped>false</skipped>
          <failedSince>0</failedSince>
        </case>
        <case>
          <duration>0.0</duration>
          <className>edu.ncsu.csc.itrust.unit.validate.BeanValidatorTest</className>
          <testName>testProxyIsOnlyProxy</testName>
          <skipped>false</skipped>
          <failedSince>0</failedSince>
        </case>
        <case>
          <duration>0.0</duration>
          <className>edu.ncsu.csc.itrust.unit.validate.BeanValidatorTest</className>
          <testName>testCheckIsNullable</testName>
          <skipped>false</skipped>
          <failedSince>0</failedSince>
        </case>
        <case>
          <duration>0.0</duration>
          <className>edu.ncsu.csc.itrust.unit.validate.BeanValidatorTest</className>
          <testName>testCheckFormatStringStringValidationFormatBoolean</testName>
          <skipped>false</skipped>
          <failedSince>0</failedSince>
        </case>
        <case>
          <duration>0.0</duration>
          <className>edu.ncsu.csc.itrust.unit.validate.BeanValidatorTest</className>
          <testName>testCheckIsNullableEmpty</testName>
          <skipped>false</skipped>
          <failedSince>0</failedSince>
        </case>
        <case>
          <duration>0.0</duration>
          <className>edu.ncsu.csc.itrust.unit.validate.BeanValidatorTest</className>
          <testName>testCheckDouble</testName>
          <skipped>false</skipped>
          <failedSince>0</failedSince>
        </case>
        <case>
          <duration>0.0</duration>
          <className>edu.ncsu.csc.itrust.unit.validate.BeanValidatorTest</className>
          <testName>testCheckGender</testName>
          <skipped>false</skipped>
          <failedSince>0</failedSince>
        </case>
        <case>
          <duration>0.0</duration>
          <className>edu.ncsu.csc.itrust.unit.validate.BeanValidatorTest</className>
          <testName>testCheckGenderNull</testName>
          <skipped>false</skipped>
          <failedSince>0</failedSince>
        </case>
        <case>
          <duration>0.0</duration>
          <className>edu.ncsu.csc.itrust.unit.validate.BeanValidatorTest</className>
          <testName>testCheckLongValues</testName>
          <skipped>false</skipped>
          <failedSince>0</failedSince>
        </case>
        <case>
          <duration>0.0</duration>
          <className>edu.ncsu.csc.itrust.unit.validate.BeanValidatorTest</className>
          <testName>testDoubleValues</testName>
          <skipped>false</skipped>
          <failedSince>0</failedSince>
        </case>
      </cases>
    </suite>
    <suite>
      <file>/var/lib/jenkins/workspace/itrust/iTrust/target/surefire-reports/TEST-edu.ncsu.csc.itrust.unit.validate.TestMailValidator.xml</file>
      <name>edu.ncsu.csc.itrust.unit.validate.TestMailValidator</name>
      <duration>0.032</duration>
      <time>0.032</time>
      <cases>
        <case>
          <duration>0.0</duration>
          <className>edu.ncsu.csc.itrust.unit.validate.TestMailValidator</className>
          <testName>testValidateEmail</testName>
          <skipped>false</skipped>
          <failedSince>0</failedSince>
        </case>
      </cases>
    </suite>
    <suite>
      <file>/var/lib/jenkins/workspace/itrust/iTrust/target/surefire-reports/TEST-edu.ncsu.csc.itrust.unit.validate.bean.AddPatientValidatorTest.xml</file>
      <name>edu.ncsu.csc.itrust.unit.validate.bean.AddPatientValidatorTest</name>
      <duration>0.004</duration>
      <time>0.004</time>
      <cases>
        <case>
          <duration>0.002</duration>
          <className>edu.ncsu.csc.itrust.unit.validate.bean.AddPatientValidatorTest</className>
          <testName>testPatientAllErrors</testName>
          <skipped>false</skipped>
          <failedSince>0</failedSince>
        </case>
        <case>
          <duration>0.0</duration>
          <className>edu.ncsu.csc.itrust.unit.validate.bean.AddPatientValidatorTest</className>
          <testName>testPatientAllCorrect</testName>
          <skipped>false</skipped>
          <failedSince>0</failedSince>
        </case>
      </cases>
    </suite>
    <suite>
      <file>/var/lib/jenkins/workspace/itrust/iTrust/target/surefire-reports/TEST-edu.ncsu.csc.itrust.unit.validate.bean.AddPersonnelValidatorTest.xml</file>
      <name>edu.ncsu.csc.itrust.unit.validate.bean.AddPersonnelValidatorTest</name>
      <duration>0.019</duration>
      <time>0.019</time>
      <cases>
        <case>
          <duration>0.016</duration>
          <className>edu.ncsu.csc.itrust.unit.validate.bean.AddPersonnelValidatorTest</className>
          <testName>testPatientAllErrors</testName>
          <skipped>false</skipped>
          <failedSince>0</failedSince>
        </case>
        <case>
          <duration>0.001</duration>
          <className>edu.ncsu.csc.itrust.unit.validate.bean.AddPersonnelValidatorTest</className>
          <testName>testPatientAllCorrect</testName>
          <skipped>false</skipped>
          <failedSince>0</failedSince>
        </case>
      </cases>
    </suite>
    <suite>
      <file>/var/lib/jenkins/workspace/itrust/iTrust/target/surefire-reports/TEST-edu.ncsu.csc.itrust.unit.validate.bean.AllergyBeanValidatorTest.xml</file>
      <name>edu.ncsu.csc.itrust.unit.validate.bean.AllergyBeanValidatorTest</name>
      <duration>0.001</duration>
      <time>0.001</time>
      <cases>
        <case>
          <duration>0.0</duration>
          <className>edu.ncsu.csc.itrust.unit.validate.bean.AllergyBeanValidatorTest</className>
          <testName>testWrongFormat</testName>
          <skipped>false</skipped>
          <failedSince>0</failedSince>
        </case>
        <case>
          <duration>0.0</duration>
          <className>edu.ncsu.csc.itrust.unit.validate.bean.AllergyBeanValidatorTest</className>
          <testName>testCorrectFormat</testName>
          <skipped>false</skipped>
          <failedSince>0</failedSince>
        </case>
      </cases>
    </suite>
    <suite>
      <file>/var/lib/jenkins/workspace/itrust/iTrust/target/surefire-reports/TEST-edu.ncsu.csc.itrust.unit.validate.bean.HospitalBeanValidatorTest.xml</file>
      <name>edu.ncsu.csc.itrust.unit.validate.bean.HospitalBeanValidatorTest</name>
      <duration>0.003</duration>
      <time>0.003</time>
      <cases>
        <case>
          <duration>0.0</duration>
          <className>edu.ncsu.csc.itrust.unit.validate.bean.HospitalBeanValidatorTest</className>
          <testName>testHospitalAllErrors</testName>
          <skipped>false</skipped>
          <failedSince>0</failedSince>
        </case>
        <case>
          <duration>0.0</duration>
          <className>edu.ncsu.csc.itrust.unit.validate.bean.HospitalBeanValidatorTest</className>
          <testName>testAllCorrect</testName>
          <skipped>false</skipped>
          <failedSince>0</failedSince>
        </case>
      </cases>
    </suite>
    <suite>
      <file>/var/lib/jenkins/workspace/itrust/iTrust/target/surefire-reports/TEST-edu.ncsu.csc.itrust.unit.validate.bean.MedicationBeanValidatorTest.xml</file>
      <name>edu.ncsu.csc.itrust.unit.validate.bean.MedicationBeanValidatorTest</name>
      <duration>0.018</duration>
      <time>0.018</time>
      <cases>
        <case>
          <duration>0.001</duration>
          <className>edu.ncsu.csc.itrust.unit.validate.bean.MedicationBeanValidatorTest</className>
          <testName>testPatientAllErrors</testName>
          <skipped>false</skipped>
          <failedSince>0</failedSince>
        </case>
        <case>
          <duration>0.008</duration>
          <className>edu.ncsu.csc.itrust.unit.validate.bean.MedicationBeanValidatorTest</className>
          <testName>testAllCorrect</testName>
          <skipped>false</skipped>
          <failedSince>0</failedSince>
        </case>
      </cases>
    </suite>
    <suite>
      <file>/var/lib/jenkins/workspace/itrust/iTrust/target/surefire-reports/TEST-edu.ncsu.csc.itrust.unit.validate.bean.PatientValidatorTest.xml</file>
      <name>edu.ncsu.csc.itrust.unit.validate.bean.PatientValidatorTest</name>
      <duration>0.128</duration>
      <time>0.128</time>
      <cases>
        <case>
          <duration>0.097</duration>
          <className>edu.ncsu.csc.itrust.unit.validate.bean.PatientValidatorTest</className>
          <testName>testPatientAllErrors</testName>
          <skipped>false</skipped>
          <failedSince>0</failedSince>
        </case>
        <case>
          <duration>0.006</duration>
          <className>edu.ncsu.csc.itrust.unit.validate.bean.PatientValidatorTest</className>
          <testName>testPatientWithBadCardNumbers</testName>
          <skipped>false</skipped>
          <failedSince>0</failedSince>
        </case>
        <case>
          <duration>0.0</duration>
          <className>edu.ncsu.csc.itrust.unit.validate.bean.PatientValidatorTest</className>
          <testName>testFutureBirthError</testName>
          <skipped>false</skipped>
          <failedSince>0</failedSince>
        </case>
        <case>
          <duration>0.002</duration>
          <className>edu.ncsu.csc.itrust.unit.validate.bean.PatientValidatorTest</className>
          <testName>testPatientWithValidCardNumbers</testName>
          <skipped>false</skipped>
          <failedSince>0</failedSince>
        </case>
        <case>
          <duration>0.001</duration>
          <className>edu.ncsu.csc.itrust.unit.validate.bean.PatientValidatorTest</className>
          <testName>testPatientTopicalNoteWithQuotationMark</testName>
          <skipped>false</skipped>
          <failedSince>0</failedSince>
        </case>
        <case>
          <duration>0.001</duration>
          <className>edu.ncsu.csc.itrust.unit.validate.bean.PatientValidatorTest</className>
          <testName>testCauseOfDeathValidation</testName>
          <skipped>false</skipped>
          <failedSince>0</failedSince>
        </case>
        <case>
          <duration>0.0</duration>
          <className>edu.ncsu.csc.itrust.unit.validate.bean.PatientValidatorTest</className>
          <testName>testMFWithPersonnelMID</testName>
          <skipped>false</skipped>
          <failedSince>0</failedSince>
        </case>
        <case>
          <duration>0.0</duration>
          <className>edu.ncsu.csc.itrust.unit.validate.bean.PatientValidatorTest</className>
          <testName>testPatientWithLongLastName</testName>
          <skipped>false</skipped>
          <failedSince>0</failedSince>
        </case>
        <case>
          <duration>0.0</duration>
          <className>edu.ncsu.csc.itrust.unit.validate.bean.PatientValidatorTest</className>
          <testName>testPatientAllCorrect</testName>
          <skipped>false</skipped>
          <failedSince>0</failedSince>
        </case>
      </cases>
    </suite>
    <suite>
      <file>/var/lib/jenkins/workspace/itrust/iTrust/target/surefire-reports/TEST-edu.ncsu.csc.itrust.unit.validate.bean.SecurityQuestionValidatorTest.xml</file>
      <name>edu.ncsu.csc.itrust.unit.validate.bean.SecurityQuestionValidatorTest</name>
      <duration>0.0</duration>
      <time>0</time>
      <cases>
        <case>
          <duration>0.0</duration>
          <className>edu.ncsu.csc.itrust.unit.validate.bean.SecurityQuestionValidatorTest</className>
          <testName>testMatchWrongFormat</testName>
          <skipped>false</skipped>
          <failedSince>0</failedSince>
        </case>
        <case>
          <duration>0.0</duration>
          <className>edu.ncsu.csc.itrust.unit.validate.bean.SecurityQuestionValidatorTest</className>
          <testName>testNullForm</testName>
          <skipped>false</skipped>
          <failedSince>0</failedSince>
        </case>
        <case>
          <duration>0.0</duration>
          <className>edu.ncsu.csc.itrust.unit.validate.bean.SecurityQuestionValidatorTest</className>
          <testName>testCorrectFormat</testName>
          <skipped>false</skipped>
          <failedSince>0</failedSince>
        </case>
        <case>
          <duration>0.0</duration>
          <className>edu.ncsu.csc.itrust.unit.validate.bean.SecurityQuestionValidatorTest</className>
          <testName>testNoMatch</testName>
          <skipped>false</skipped>
          <failedSince>0</failedSince>
        </case>
        <case>
          <duration>0.0</duration>
          <className>edu.ncsu.csc.itrust.unit.validate.bean.SecurityQuestionValidatorTest</className>
          <testName>testNullConfirm</testName>
          <skipped>false</skipped>
          <failedSince>0</failedSince>
        </case>
      </cases>
    </suite>
    <suite>
      <file>/var/lib/jenkins/workspace/itrust/iTrust/target/surefire-reports/TEST-edu.ncsu.csc.itrust.unit.validate.regex.AnswerValidatorTest.xml</file>
      <name>edu.ncsu.csc.itrust.unit.validate.regex.AnswerValidatorTest</name>
      <duration>0.0</duration>
      <time>0</time>
      <cases>
        <case>
          <duration>0.0</duration>
          <className>edu.ncsu.csc.itrust.unit.validate.regex.AnswerValidatorTest</className>
          <testName>testBadLetters</testName>
          <skipped>false</skipped>
          <failedSince>0</failedSince>
        </case>
        <case>
          <duration>0.0</duration>
          <className>edu.ncsu.csc.itrust.unit.validate.regex.AnswerValidatorTest</className>
          <testName>testGoodAnswer</testName>
          <skipped>false</skipped>
          <failedSince>0</failedSince>
        </case>
        <case>
          <duration>0.0</duration>
          <className>edu.ncsu.csc.itrust.unit.validate.regex.AnswerValidatorTest</className>
          <testName>testBadLength</testName>
          <skipped>false</skipped>
          <failedSince>0</failedSince>
        </case>
      </cases>
    </suite>
    <suite>
      <file>/var/lib/jenkins/workspace/itrust/iTrust/target/surefire-reports/TEST-edu.ncsu.csc.itrust.unit.validate.regex.BloodTypeValidatorTest.xml</file>
      <name>edu.ncsu.csc.itrust.unit.validate.regex.BloodTypeValidatorTest</name>
      <duration>0.004</duration>
      <time>0.004</time>
      <cases>
        <case>
          <duration>0.0</duration>
          <className>edu.ncsu.csc.itrust.unit.validate.regex.BloodTypeValidatorTest</className>
          <testName>testAB</testName>
          <skipped>false</skipped>
          <failedSince>0</failedSince>
        </case>
        <case>
          <duration>0.0</duration>
          <className>edu.ncsu.csc.itrust.unit.validate.regex.BloodTypeValidatorTest</className>
          <testName>testA</testName>
          <skipped>false</skipped>
          <failedSince>0</failedSince>
        </case>
        <case>
          <duration>0.0</duration>
          <className>edu.ncsu.csc.itrust.unit.validate.regex.BloodTypeValidatorTest</className>
          <testName>testB</testName>
          <skipped>false</skipped>
          <failedSince>0</failedSince>
        </case>
        <case>
          <duration>0.0</duration>
          <className>edu.ncsu.csc.itrust.unit.validate.regex.BloodTypeValidatorTest</className>
          <testName>testO</testName>
          <skipped>false</skipped>
          <failedSince>0</failedSince>
        </case>
        <case>
          <duration>0.0</duration>
          <className>edu.ncsu.csc.itrust.unit.validate.regex.BloodTypeValidatorTest</className>
          <testName>testNoNegative</testName>
          <skipped>false</skipped>
          <failedSince>0</failedSince>
        </case>
        <case>
          <duration>0.0</duration>
          <className>edu.ncsu.csc.itrust.unit.validate.regex.BloodTypeValidatorTest</className>
          <testName>testBadLetter</testName>
          <skipped>false</skipped>
          <failedSince>0</failedSince>
        </case>
      </cases>
    </suite>
    <suite>
      <file>/var/lib/jenkins/workspace/itrust/iTrust/target/surefire-reports/TEST-edu.ncsu.csc.itrust.unit.validate.regex.CPTCodeValidatorTest.xml</file>
      <name>edu.ncsu.csc.itrust.unit.validate.regex.CPTCodeValidatorTest</name>
      <duration>0.001</duration>
      <time>0.001</time>
      <cases>
        <case>
          <duration>0.0</duration>
          <className>edu.ncsu.csc.itrust.unit.validate.regex.CPTCodeValidatorTest</className>
          <testName>testTooLong</testName>
          <skipped>false</skipped>
          <failedSince>0</failedSince>
        </case>
        <case>
          <duration>0.0</duration>
          <className>edu.ncsu.csc.itrust.unit.validate.regex.CPTCodeValidatorTest</className>
          <testName>testGood</testName>
          <skipped>false</skipped>
          <failedSince>0</failedSince>
        </case>
        <case>
          <duration>0.0</duration>
          <className>edu.ncsu.csc.itrust.unit.validate.regex.CPTCodeValidatorTest</className>
          <testName>testNotInt</testName>
          <skipped>false</skipped>
          <failedSince>0</failedSince>
        </case>
      </cases>
    </suite>
    <suite>
      <file>/var/lib/jenkins/workspace/itrust/iTrust/target/surefire-reports/TEST-edu.ncsu.csc.itrust.unit.validate.regex.CityValidatorTest.xml</file>
      <name>edu.ncsu.csc.itrust.unit.validate.regex.CityValidatorTest</name>
      <duration>0.0</duration>
      <time>0</time>
      <cases>
        <case>
          <duration>0.0</duration>
          <className>edu.ncsu.csc.itrust.unit.validate.regex.CityValidatorTest</className>
          <testName>testBadLetters</testName>
          <skipped>false</skipped>
          <failedSince>0</failedSince>
        </case>
        <case>
          <duration>0.0</duration>
          <className>edu.ncsu.csc.itrust.unit.validate.regex.CityValidatorTest</className>
          <testName>testGoodAnswer</testName>
          <skipped>false</skipped>
          <failedSince>0</failedSince>
        </case>
        <case>
          <duration>0.0</duration>
          <className>edu.ncsu.csc.itrust.unit.validate.regex.CityValidatorTest</className>
          <testName>testBadLength</testName>
          <skipped>false</skipped>
          <failedSince>0</failedSince>
        </case>
      </cases>
    </suite>
    <suite>
      <file>/var/lib/jenkins/workspace/itrust/iTrust/target/surefire-reports/TEST-edu.ncsu.csc.itrust.unit.validate.regex.CodeDescriptionValidatorTest.xml</file>
      <name>edu.ncsu.csc.itrust.unit.validate.regex.CodeDescriptionValidatorTest</name>
      <duration>0.001</duration>
      <time>0.001</time>
      <cases>
        <case>
          <duration>0.001</duration>
          <className>edu.ncsu.csc.itrust.unit.validate.regex.CodeDescriptionValidatorTest</className>
          <testName>testNotesGood</testName>
          <skipped>false</skipped>
          <failedSince>0</failedSince>
        </case>
        <case>
          <duration>0.0</duration>
          <className>edu.ncsu.csc.itrust.unit.validate.regex.CodeDescriptionValidatorTest</className>
          <testName>testNotesTooLong</testName>
          <skipped>false</skipped>
          <failedSince>0</failedSince>
        </case>
      </cases>
    </suite>
    <suite>
      <file>/var/lib/jenkins/workspace/itrust/iTrust/target/surefire-reports/TEST-edu.ncsu.csc.itrust.unit.validate.regex.DateValidatorTest.xml</file>
      <name>edu.ncsu.csc.itrust.unit.validate.regex.DateValidatorTest</name>
      <duration>0.003</duration>
      <time>0.003</time>
      <cases>
        <case>
          <duration>0.002</duration>
          <className>edu.ncsu.csc.itrust.unit.validate.regex.DateValidatorTest</className>
          <testName>testDateGood</testName>
          <skipped>false</skipped>
          <failedSince>0</failedSince>
        </case>
        <case>
          <duration>0.0</duration>
          <className>edu.ncsu.csc.itrust.unit.validate.regex.DateValidatorTest</className>
          <testName>testDateWithSpace</testName>
          <skipped>false</skipped>
          <failedSince>0</failedSince>
        </case>
      </cases>
    </suite>
    <suite>
      <file>/var/lib/jenkins/workspace/itrust/iTrust/target/surefire-reports/TEST-edu.ncsu.csc.itrust.unit.validate.regex.EmailValidatorTest.xml</file>
      <name>edu.ncsu.csc.itrust.unit.validate.regex.EmailValidatorTest</name>
      <duration>0.0</duration>
      <time>0</time>
      <cases>
        <case>
          <duration>0.0</duration>
          <className>edu.ncsu.csc.itrust.unit.validate.regex.EmailValidatorTest</className>
          <testName>testBadLetters</testName>
          <skipped>false</skipped>
          <failedSince>0</failedSince>
        </case>
        <case>
          <duration>0.0</duration>
          <className>edu.ncsu.csc.itrust.unit.validate.regex.EmailValidatorTest</className>
          <testName>testGoodFormat</testName>
          <skipped>false</skipped>
          <failedSince>0</failedSince>
        </case>
        <case>
          <duration>0.0</duration>
          <className>edu.ncsu.csc.itrust.unit.validate.regex.EmailValidatorTest</className>
          <testName>testGoodFormatMultipleAtSymbol</testName>
          <skipped>false</skipped>
          <failedSince>0</failedSince>
        </case>
        <case>
          <duration>0.0</duration>
          <className>edu.ncsu.csc.itrust.unit.validate.regex.EmailValidatorTest</className>
          <testName>testGoodEmailWithPlus</testName>
          <skipped>false</skipped>
          <failedSince>0</failedSince>
        </case>
        <case>
          <duration>0.0</duration>
          <className>edu.ncsu.csc.itrust.unit.validate.regex.EmailValidatorTest</className>
          <testName>testBadLength</testName>
          <skipped>false</skipped>
          <failedSince>0</failedSince>
        </case>
        <case>
          <duration>0.0</duration>
          <className>edu.ncsu.csc.itrust.unit.validate.regex.EmailValidatorTest</className>
          <testName>testGoodEmail</testName>
          <skipped>false</skipped>
          <failedSince>0</failedSince>
        </case>
      </cases>
    </suite>
    <suite>
      <file>/var/lib/jenkins/workspace/itrust/iTrust/target/surefire-reports/TEST-edu.ncsu.csc.itrust.unit.validate.regex.GenderValidatorTest.xml</file>
      <name>edu.ncsu.csc.itrust.unit.validate.regex.GenderValidatorTest</name>
      <duration>0.0</duration>
      <time>0</time>
      <cases>
        <case>
          <duration>0.0</duration>
          <className>edu.ncsu.csc.itrust.unit.validate.regex.GenderValidatorTest</className>
          <testName>testBadLetters</testName>
          <skipped>false</skipped>
          <failedSince>0</failedSince>
        </case>
        <case>
          <duration>0.0</duration>
          <className>edu.ncsu.csc.itrust.unit.validate.regex.GenderValidatorTest</className>
          <testName>testGoodAnswer</testName>
          <skipped>false</skipped>
          <failedSince>0</failedSince>
        </case>
        <case>
          <duration>0.0</duration>
          <className>edu.ncsu.csc.itrust.unit.validate.regex.GenderValidatorTest</className>
          <testName>testBadLength</testName>
          <skipped>false</skipped>
          <failedSince>0</failedSince>
        </case>
      </cases>
    </suite>
    <suite>
      <file>/var/lib/jenkins/workspace/itrust/iTrust/target/surefire-reports/TEST-edu.ncsu.csc.itrust.unit.validate.regex.HospitalIDValidatorTest.xml</file>
      <name>edu.ncsu.csc.itrust.unit.validate.regex.HospitalIDValidatorTest</name>
      <duration>0.005</duration>
      <time>0.005</time>
      <cases>
        <case>
          <duration>0.0</duration>
          <className>edu.ncsu.csc.itrust.unit.validate.regex.HospitalIDValidatorTest</className>
          <testName>testHospitalIDNegative</testName>
          <skipped>false</skipped>
          <failedSince>0</failedSince>
        </case>
        <case>
          <duration>0.0</duration>
          <className>edu.ncsu.csc.itrust.unit.validate.regex.HospitalIDValidatorTest</className>
          <testName>testHospitalIDGood</testName>
          <skipped>false</skipped>
          <failedSince>0</failedSince>
        </case>
        <case>
          <duration>0.0</duration>
          <className>edu.ncsu.csc.itrust.unit.validate.regex.HospitalIDValidatorTest</className>
          <testName>testHospitalIDLength</testName>
          <skipped>false</skipped>
          <failedSince>0</failedSince>
        </case>
        <case>
          <duration>0.001</duration>
          <className>edu.ncsu.csc.itrust.unit.validate.regex.HospitalIDValidatorTest</className>
          <testName>testHospitalIDLetter</testName>
          <skipped>false</skipped>
          <failedSince>0</failedSince>
        </case>
        <case>
          <duration>0.0</duration>
          <className>edu.ncsu.csc.itrust.unit.validate.regex.HospitalIDValidatorTest</className>
          <testName>testHospitalIDPunct</testName>
          <skipped>false</skipped>
          <failedSince>0</failedSince>
        </case>
      </cases>
    </suite>
    <suite>
      <file>/var/lib/jenkins/workspace/itrust/iTrust/target/surefire-reports/TEST-edu.ncsu.csc.itrust.unit.validate.regex.HospitalNameValidatorTest.xml</file>
      <name>edu.ncsu.csc.itrust.unit.validate.regex.HospitalNameValidatorTest</name>
      <duration>0.0</duration>
      <time>0</time>
      <cases>
        <case>
          <duration>0.0</duration>
          <className>edu.ncsu.csc.itrust.unit.validate.regex.HospitalNameValidatorTest</className>
          <testName>testHospitalNameBadChars</testName>
          <skipped>false</skipped>
          <failedSince>0</failedSince>
        </case>
        <case>
          <duration>0.0</duration>
          <className>edu.ncsu.csc.itrust.unit.validate.regex.HospitalNameValidatorTest</className>
          <testName>testHospitalNameTooShort</testName>
          <skipped>false</skipped>
          <failedSince>0</failedSince>
        </case>
        <case>
          <duration>0.0</duration>
          <className>edu.ncsu.csc.itrust.unit.validate.regex.HospitalNameValidatorTest</className>
          <testName>testHospitalNameTooLong</testName>
          <skipped>false</skipped>
          <failedSince>0</failedSince>
        </case>
        <case>
          <duration>0.0</duration>
          <className>edu.ncsu.csc.itrust.unit.validate.regex.HospitalNameValidatorTest</className>
          <testName>testHospitalNameGood</testName>
          <skipped>false</skipped>
          <failedSince>0</failedSince>
        </case>
      </cases>
    </suite>
    <suite>
      <file>/var/lib/jenkins/workspace/itrust/iTrust/target/surefire-reports/TEST-edu.ncsu.csc.itrust.unit.validate.regex.ICD9CMValidatorTest.xml</file>
      <name>edu.ncsu.csc.itrust.unit.validate.regex.ICD9CMValidatorTest</name>
      <duration>0.001</duration>
      <time>0.001</time>
      <cases>
        <case>
          <duration>0.0</duration>
          <className>edu.ncsu.csc.itrust.unit.validate.regex.ICD9CMValidatorTest</className>
          <testName>testBadICDLengthFirst</testName>
          <skipped>false</skipped>
          <failedSince>0</failedSince>
        </case>
        <case>
          <duration>0.0</duration>
          <className>edu.ncsu.csc.itrust.unit.validate.regex.ICD9CMValidatorTest</className>
          <testName>testGoodICDInt</testName>
          <skipped>false</skipped>
          <failedSince>0</failedSince>
        </case>
        <case>
          <duration>0.0</duration>
          <className>edu.ncsu.csc.itrust.unit.validate.regex.ICD9CMValidatorTest</className>
          <testName>testGoodICD</testName>
          <skipped>false</skipped>
          <failedSince>0</failedSince>
        </case>
        <case>
          <duration>0.0</duration>
          <className>edu.ncsu.csc.itrust.unit.validate.regex.ICD9CMValidatorTest</className>
          <testName>testGoodICDAnotherInt</testName>
          <skipped>false</skipped>
          <failedSince>0</failedSince>
        </case>
        <case>
          <duration>0.0</duration>
          <className>edu.ncsu.csc.itrust.unit.validate.regex.ICD9CMValidatorTest</className>
          <testName>testGoodICDMore</testName>
          <skipped>false</skipped>
          <failedSince>0</failedSince>
        </case>
        <case>
          <duration>0.0</duration>
          <className>edu.ncsu.csc.itrust.unit.validate.regex.ICD9CMValidatorTest</className>
          <testName>testBadICDLetters</testName>
          <skipped>false</skipped>
          <failedSince>0</failedSince>
        </case>
        <case>
          <duration>0.0</duration>
          <className>edu.ncsu.csc.itrust.unit.validate.regex.ICD9CMValidatorTest</className>
          <testName>testBadICDLengthSecond</testName>
          <skipped>false</skipped>
          <failedSince>0</failedSince>
        </case>
      </cases>
    </suite>
    <suite>
      <file>/var/lib/jenkins/workspace/itrust/iTrust/target/surefire-reports/TEST-edu.ncsu.csc.itrust.unit.validate.regex.InsuranceIDValidatorTest.xml</file>
      <name>edu.ncsu.csc.itrust.unit.validate.regex.InsuranceIDValidatorTest</name>
      <duration>0.001</duration>
      <time>0.001</time>
      <cases>
        <case>
          <duration>0.0</duration>
          <className>edu.ncsu.csc.itrust.unit.validate.regex.InsuranceIDValidatorTest</className>
          <testName>testNameGood</testName>
          <skipped>false</skipped>
          <failedSince>0</failedSince>
        </case>
        <case>
          <duration>0.0</duration>
          <className>edu.ncsu.csc.itrust.unit.validate.regex.InsuranceIDValidatorTest</className>
          <testName>testNameCheckTooLong</testName>
          <skipped>false</skipped>
          <failedSince>0</failedSince>
        </case>
        <case>
          <duration>0.0</duration>
          <className>edu.ncsu.csc.itrust.unit.validate.regex.InsuranceIDValidatorTest</className>
          <testName>testIDWithNumber</testName>
          <skipped>false</skipped>
          <failedSince>0</failedSince>
        </case>
        <case>
          <duration>0.0</duration>
          <className>edu.ncsu.csc.itrust.unit.validate.regex.InsuranceIDValidatorTest</className>
          <testName>testNameLotsOfBadStuff</testName>
          <skipped>false</skipped>
          <failedSince>0</failedSince>
        </case>
      </cases>
    </suite>
    <suite>
      <file>/var/lib/jenkins/workspace/itrust/iTrust/target/surefire-reports/TEST-edu.ncsu.csc.itrust.unit.validate.regex.MIDValidatorTest.xml</file>
      <name>edu.ncsu.csc.itrust.unit.validate.regex.MIDValidatorTest</name>
      <duration>0.023</duration>
      <time>0.023</time>
      <cases>
        <case>
          <duration>0.014</duration>
          <className>edu.ncsu.csc.itrust.unit.validate.regex.MIDValidatorTest</className>
          <testName>testMIDNegative</testName>
          <skipped>false</skipped>
          <failedSince>0</failedSince>
        </case>
        <case>
          <duration>0.001</duration>
          <className>edu.ncsu.csc.itrust.unit.validate.regex.MIDValidatorTest</className>
          <testName>testMIDGood</testName>
          <skipped>false</skipped>
          <failedSince>0</failedSince>
        </case>
        <case>
          <duration>0.0</duration>
          <className>edu.ncsu.csc.itrust.unit.validate.regex.MIDValidatorTest</className>
          <testName>testMIDLength</testName>
          <skipped>false</skipped>
          <failedSince>0</failedSince>
        </case>
        <case>
          <duration>0.0</duration>
          <className>edu.ncsu.csc.itrust.unit.validate.regex.MIDValidatorTest</className>
          <testName>testMIDLetter</testName>
          <skipped>false</skipped>
          <failedSince>0</failedSince>
        </case>
      </cases>
    </suite>
    <suite>
      <file>/var/lib/jenkins/workspace/itrust/iTrust/target/surefire-reports/TEST-edu.ncsu.csc.itrust.unit.validate.regex.NDCodeValidatorTest.xml</file>
      <name>edu.ncsu.csc.itrust.unit.validate.regex.NDCodeValidatorTest</name>
      <duration>0.0</duration>
      <time>0</time>
      <cases>
        <case>
          <duration>0.0</duration>
          <className>edu.ncsu.csc.itrust.unit.validate.regex.NDCodeValidatorTest</className>
          <testName>testTooLong</testName>
          <skipped>false</skipped>
          <failedSince>0</failedSince>
        </case>
        <case>
          <duration>0.0</duration>
          <className>edu.ncsu.csc.itrust.unit.validate.regex.NDCodeValidatorTest</className>
          <testName>testGood</testName>
          <skipped>false</skipped>
          <failedSince>0</failedSince>
        </case>
        <case>
          <duration>0.0</duration>
          <className>edu.ncsu.csc.itrust.unit.validate.regex.NDCodeValidatorTest</className>
          <testName>testNotInt</testName>
          <skipped>false</skipped>
          <failedSince>0</failedSince>
        </case>
      </cases>
    </suite>
    <suite>
      <file>/var/lib/jenkins/workspace/itrust/iTrust/target/surefire-reports/TEST-edu.ncsu.csc.itrust.unit.validate.regex.NameValidatorTest.xml</file>
      <name>edu.ncsu.csc.itrust.unit.validate.regex.NameValidatorTest</name>
      <duration>0.001</duration>
      <time>0.001</time>
      <cases>
        <case>
          <duration>0.001</duration>
          <className>edu.ncsu.csc.itrust.unit.validate.regex.NameValidatorTest</className>
          <testName>testNameGood</testName>
          <skipped>false</skipped>
          <failedSince>0</failedSince>
        </case>
        <case>
          <duration>0.0</duration>
          <className>edu.ncsu.csc.itrust.unit.validate.regex.NameValidatorTest</className>
          <testName>testNameCheckTooLong</testName>
          <skipped>false</skipped>
          <failedSince>0</failedSince>
        </case>
        <case>
          <duration>0.0</duration>
          <className>edu.ncsu.csc.itrust.unit.validate.regex.NameValidatorTest</className>
          <testName>testNameLotsOfBadStuff</testName>
          <skipped>false</skipped>
          <failedSince>0</failedSince>
        </case>
        <case>
          <duration>0.0</duration>
          <className>edu.ncsu.csc.itrust.unit.validate.regex.NameValidatorTest</className>
          <testName>testNameNoLetters</testName>
          <skipped>false</skipped>
          <failedSince>0</failedSince>
        </case>
      </cases>
    </suite>
    <suite>
      <file>/var/lib/jenkins/workspace/itrust/iTrust/target/surefire-reports/TEST-edu.ncsu.csc.itrust.unit.validate.regex.NotesValidatorTest.xml</file>
      <name>edu.ncsu.csc.itrust.unit.validate.regex.NotesValidatorTest</name>
      <duration>0.003</duration>
      <time>0.003</time>
      <cases>
        <case>
          <duration>0.0</duration>
          <className>edu.ncsu.csc.itrust.unit.validate.regex.NotesValidatorTest</className>
          <testName>testNotesGood</testName>
          <skipped>false</skipped>
          <failedSince>0</failedSince>
        </case>
        <case>
          <duration>0.0</duration>
          <className>edu.ncsu.csc.itrust.unit.validate.regex.NotesValidatorTest</className>
          <testName>testNotesTooLong</testName>
          <skipped>false</skipped>
          <failedSince>0</failedSince>
        </case>
      </cases>
    </suite>
    <suite>
      <file>/var/lib/jenkins/workspace/itrust/iTrust/target/surefire-reports/TEST-edu.ncsu.csc.itrust.unit.validate.regex.PasswordValidatorTest.xml</file>
      <name>edu.ncsu.csc.itrust.unit.validate.regex.PasswordValidatorTest</name>
      <duration>0.0</duration>
      <time>0</time>
      <cases>
        <case>
          <duration>0.0</duration>
          <className>edu.ncsu.csc.itrust.unit.validate.regex.PasswordValidatorTest</className>
          <testName>testTooLong</testName>
          <skipped>false</skipped>
          <failedSince>0</failedSince>
        </case>
        <case>
          <duration>0.0</duration>
          <className>edu.ncsu.csc.itrust.unit.validate.regex.PasswordValidatorTest</className>
          <testName>testGood</testName>
          <skipped>false</skipped>
          <failedSince>0</failedSince>
        </case>
        <case>
          <duration>0.0</duration>
          <className>edu.ncsu.csc.itrust.unit.validate.regex.PasswordValidatorTest</className>
          <testName>testWithSpace</testName>
          <skipped>false</skipped>
          <failedSince>0</failedSince>
        </case>
      </cases>
    </suite>
    <suite>
      <file>/var/lib/jenkins/workspace/itrust/iTrust/target/surefire-reports/TEST-edu.ncsu.csc.itrust.unit.validate.regex.PhoneValidatorTest.xml</file>
      <name>edu.ncsu.csc.itrust.unit.validate.regex.PhoneValidatorTest</name>
      <duration>0.0</duration>
      <time>0</time>
      <cases>
        <case>
          <duration>0.0</duration>
          <className>edu.ncsu.csc.itrust.unit.validate.regex.PhoneValidatorTest</className>
          <testName>testPhoneBadLength</testName>
          <skipped>false</skipped>
          <failedSince>0</failedSince>
        </case>
        <case>
          <duration>0.0</duration>
          <className>edu.ncsu.csc.itrust.unit.validate.regex.PhoneValidatorTest</className>
          <testName>testPhoneGood</testName>
          <skipped>false</skipped>
          <failedSince>0</failedSince>
        </case>
        <case>
          <duration>0.0</duration>
          <className>edu.ncsu.csc.itrust.unit.validate.regex.PhoneValidatorTest</className>
          <testName>testPhoneWithLetter</testName>
          <skipped>false</skipped>
          <failedSince>0</failedSince>
        </case>
      </cases>
    </suite>
    <suite>
      <file>/var/lib/jenkins/workspace/itrust/iTrust/target/surefire-reports/TEST-edu.ncsu.csc.itrust.unit.validate.regex.QuestionValidatorTest.xml</file>
      <name>edu.ncsu.csc.itrust.unit.validate.regex.QuestionValidatorTest</name>
      <duration>0.006</duration>
      <time>0.006</time>
      <cases>
        <case>
          <duration>0.0</duration>
          <className>edu.ncsu.csc.itrust.unit.validate.regex.QuestionValidatorTest</className>
          <testName>testBadLetters</testName>
          <skipped>false</skipped>
          <failedSince>0</failedSince>
        </case>
        <case>
          <duration>0.0</duration>
          <className>edu.ncsu.csc.itrust.unit.validate.regex.QuestionValidatorTest</className>
          <testName>testBadLength</testName>
          <skipped>false</skipped>
          <failedSince>0</failedSince>
        </case>
        <case>
          <duration>0.0</duration>
          <className>edu.ncsu.csc.itrust.unit.validate.regex.QuestionValidatorTest</className>
          <testName>testGoodQuestion</testName>
          <skipped>false</skipped>
          <failedSince>0</failedSince>
        </case>
      </cases>
    </suite>
    <suite>
      <file>/var/lib/jenkins/workspace/itrust/iTrust/target/surefire-reports/TEST-edu.ncsu.csc.itrust.unit.validate.regex.StateValidatorTest.xml</file>
      <name>edu.ncsu.csc.itrust.unit.validate.regex.StateValidatorTest</name>
      <duration>0.001</duration>
      <time>0.001</time>
      <cases>
        <case>
          <duration>0.0</duration>
          <className>edu.ncsu.csc.itrust.unit.validate.regex.StateValidatorTest</className>
          <testName>testBadLetters</testName>
          <skipped>false</skipped>
          <failedSince>0</failedSince>
        </case>
        <case>
          <duration>0.0</duration>
          <className>edu.ncsu.csc.itrust.unit.validate.regex.StateValidatorTest</className>
          <testName>testGoodAnswer</testName>
          <skipped>false</skipped>
          <failedSince>0</failedSince>
        </case>
        <case>
          <duration>0.0</duration>
          <className>edu.ncsu.csc.itrust.unit.validate.regex.StateValidatorTest</className>
          <testName>testBadCapital</testName>
          <skipped>false</skipped>
          <failedSince>0</failedSince>
        </case>
        <case>
          <duration>0.0</duration>
          <className>edu.ncsu.csc.itrust.unit.validate.regex.StateValidatorTest</className>
          <testName>testBadLength</testName>
          <skipped>false</skipped>
          <failedSince>0</failedSince>
        </case>
      </cases>
    </suite>
    <suite>
      <file>/var/lib/jenkins/workspace/itrust/iTrust/target/surefire-reports/TEST-edu.ncsu.csc.itrust.unit.validate.regex.ZipcodeValidatorTest.xml</file>
      <name>edu.ncsu.csc.itrust.unit.validate.regex.ZipcodeValidatorTest</name>
      <duration>0.01</duration>
      <time>0.01</time>
      <cases>
        <case>
          <duration>0.001</duration>
          <className>edu.ncsu.csc.itrust.unit.validate.regex.ZipcodeValidatorTest</className>
          <testName>testBadLetters</testName>
          <skipped>false</skipped>
          <failedSince>0</failedSince>
        </case>
        <case>
          <duration>0.0</duration>
          <className>edu.ncsu.csc.itrust.unit.validate.regex.ZipcodeValidatorTest</className>
          <testName>testGoodAnswer</testName>
          <skipped>false</skipped>
          <failedSince>0</failedSince>
        </case>
        <case>
          <duration>0.0</duration>
          <className>edu.ncsu.csc.itrust.unit.validate.regex.ZipcodeValidatorTest</className>
          <testName>testGoodAnswerTwoParts</testName>
          <skipped>false</skipped>
          <failedSince>0</failedSince>
        </case>
        <case>
          <duration>0.0</duration>
          <className>edu.ncsu.csc.itrust.unit.validate.regex.ZipcodeValidatorTest</className>
          <testName>testBadLength</testName>
          <skipped>false</skipped>
          <failedSince>0</failedSince>
        </case>
      </cases>
    </suite>
    <suite>
      <file>/var/lib/jenkins/workspace/itrust/iTrust/target/surefire-reports/TEST-edu.ncsu.csc.itrust.unit.webutils.SessionUtilsTest.xml</file>
      <name>edu.ncsu.csc.itrust.unit.webutils.SessionUtilsTest</name>
      <duration>0.02</duration>
      <time>0.02</time>
      <cases>
        <case>
          <duration>0.001</duration>
          <className>edu.ncsu.csc.itrust.unit.webutils.SessionUtilsTest</className>
          <testName>testGetCurrentOfficeVisitId</testName>
          <skipped>false</skipped>
          <failedSince>0</failedSince>
        </case>
        <case>
          <duration>0.0</duration>
          <className>edu.ncsu.csc.itrust.unit.webutils.SessionUtilsTest</className>
          <testName>testGetRepresenteeList</testName>
          <skipped>false</skipped>
          <failedSince>0</failedSince>
        </case>
        <case>
          <duration>0.001</duration>
          <className>edu.ncsu.csc.itrust.unit.webutils.SessionUtilsTest</className>
          <testName>testParseString</testName>
          <skipped>false</skipped>
          <failedSince>0</failedSince>
        </case>
        <case>
          <duration>0.0</duration>
          <className>edu.ncsu.csc.itrust.unit.webutils.SessionUtilsTest</className>
          <testName>testGetCurrentPatientMID</testName>
          <skipped>false</skipped>
          <failedSince>0</failedSince>
        </case>
        <case>
          <duration>0.001</duration>
          <className>edu.ncsu.csc.itrust.unit.webutils.SessionUtilsTest</className>
          <testName>testParseLong</testName>
          <skipped>false</skipped>
          <failedSince>0</failedSince>
        </case>
        <case>
          <duration>0.0</duration>
          <className>edu.ncsu.csc.itrust.unit.webutils.SessionUtilsTest</className>
          <testName>testGetSessionLoggedInMIDLong</testName>
          <skipped>false</skipped>
          <failedSince>0</failedSince>
        </case>
        <case>
          <duration>0.0</duration>
          <className>edu.ncsu.csc.itrust.unit.webutils.SessionUtilsTest</className>
          <testName>testGetSessionPID</testName>
          <skipped>false</skipped>
          <failedSince>0</failedSince>
        </case>
        <case>
          <duration>0.001</duration>
          <className>edu.ncsu.csc.itrust.unit.webutils.SessionUtilsTest</className>
          <testName>testSetRepresenteeList</testName>
          <skipped>false</skipped>
          <failedSince>0</failedSince>
        </case>
        <case>
          <duration>0.001</duration>
          <className>edu.ncsu.csc.itrust.unit.webutils.SessionUtilsTest</className>
          <testName>testGetSessionUserRole</testName>
          <skipped>false</skipped>
          <failedSince>0</failedSince>
        </case>
        <case>
          <duration>0.001</duration>
          <className>edu.ncsu.csc.itrust.unit.webutils.SessionUtilsTest</className>
          <testName>testGetCurrentPatientMIDLong</testName>
          <skipped>false</skipped>
          <failedSince>0</failedSince>
        </case>
        <case>
          <duration>0.0</duration>
          <className>edu.ncsu.csc.itrust.unit.webutils.SessionUtilsTest</className>
          <testName>testGetSessionLoggedInMID</testName>
          <skipped>false</skipped>
          <failedSince>0</failedSince>
        </case>
        <case>
          <duration>0.001</duration>
          <className>edu.ncsu.csc.itrust.unit.webutils.SessionUtilsTest</className>
          <testName>testGetInstance</testName>
          <skipped>false</skipped>
          <failedSince>0</failedSince>
        </case>
      </cases>
    </suite>
  </suites>
  <duration>63.212967</duration>
  <keepLongStdio>false</keepLongStdio>
</result>